ARM GAS  C:\Users\kingi\AppData\Local\Temp\ccl4BkEk.s 			page 1


   1              		.syntax unified
   2              		.cpu cortex-m3
   3              		.fpu softvfp
   4              		.eabi_attribute 20, 1
   5              		.eabi_attribute 21, 1
   6              		.eabi_attribute 23, 3
   7              		.eabi_attribute 24, 1
   8              		.eabi_attribute 25, 1
   9              		.eabi_attribute 26, 1
  10              		.eabi_attribute 30, 6
  11              		.eabi_attribute 34, 1
  12              		.eabi_attribute 18, 4
  13              		.thumb
  14              		.file	"main.c"
  15              		.text
  16              	.Ltext0:
  17              		.cfi_sections	.debug_frame
  18              		.global _printf_float
  19              		.thumb
  20              		.global	dataReady_L
  21              		.bss
  22              		.type	dataReady_L, %object
  23              		.size	dataReady_L, 1
  24              	dataReady_L:
  25 0000 00       		.space	1
  26              		.global	result_L
  27 0001 000000   		.align	2
  28              		.type	result_L, %object
  29              		.size	result_L, 40
  30              	result_L:
  31 0004 00000000 		.space	40
  31      00000000 
  31      00000000 
  31      00000000 
  31      00000000 
  32              		.global	dataReady_R
  33              		.type	dataReady_R, %object
  34              		.size	dataReady_R, 1
  35              	dataReady_R:
  36 002c 00       		.space	1
  37              		.global	result_R
  38 002d 000000   		.align	2
  39              		.type	result_R, %object
  40              		.size	result_R, 40
  41              	result_R:
  42 0030 00000000 		.space	40
  42      00000000 
  42      00000000 
  42      00000000 
  42      00000000 
  43              		.section	.text.ADC_SAR_R_ISR_LOC,"ax",%progbits
  44              		.align	2
  45              		.global	ADC_SAR_R_ISR_LOC
  46              		.thumb
  47              		.thumb_func
  48              		.type	ADC_SAR_R_ISR_LOC, %function
  49              	ADC_SAR_R_ISR_LOC:
ARM GAS  C:\Users\kingi\AppData\Local\Temp\ccl4BkEk.s 			page 2


  50              	.LFB63:
  51              		.file 1 ".\\main.c"
   1:.\main.c      **** /*******************************************************************************
   2:.\main.c      **** * File Name: main.c
   3:.\main.c      **** *
   4:.\main.c      **** * Version: 2.0
   5:.\main.c      **** *
   6:.\main.c      **** * Description:
   7:.\main.c      **** *  The SAR ADC and PrISM datasheet example project.
   8:.\main.c      **** *  This example project demonstrates SAR ADC measurements and transferring
   9:.\main.c      **** *  results using ISR and DMA to the LCD and PrISM.
  10:.\main.c      **** *
  11:.\main.c      **** * Note:
  12:.\main.c      **** *  Pin_Vin pin (P1[4]) should be connected to the VR.
  13:.\main.c      **** *  Pin_LED pin (P1[6]) should be connected to the LED.
  14:.\main.c      **** *  Verify that VR_PWR(J11) is jumpered to ON.
  15:.\main.c      **** *
  16:.\main.c      **** * Hardware Dependency:
  17:.\main.c      **** *  CY8C55 Family Processor
  18:.\main.c      **** *
  19:.\main.c      **** ********************************************************************************
  20:.\main.c      **** * Copyright 2012, Cypress Semiconductor Corporation. All rights reserved.
  21:.\main.c      **** * This software is owned by Cypress Semiconductor Corporation and is protected
  22:.\main.c      **** * by and subject to worldwide patent and copyright laws and treaties.
  23:.\main.c      **** * Therefore, you may use this software only as provided in the license agreement
  24:.\main.c      **** * accompanying the software package from which you obtained this software.
  25:.\main.c      **** * CYPRESS AND ITS SUPPLIERS MAKE NO WARRANTY OF ANY KIND, EXPRESS OR IMPLIED,
  26:.\main.c      **** * WITH REGARD TO THIS SOFTWARE, INCLUDING, BUT NOT LIMITED TO, NONINFRINGEMENT,
  27:.\main.c      **** * IMPLIED WARRANTIES OF MERCHANTABILITY AND FITNESS FOR A PARTICULAR PURPOSE.
  28:.\main.c      **** *******************************************************************************/
  29:.\main.c      **** 
  30:.\main.c      **** #include <device.h>
  31:.\main.c      **** #include <stdio.h>
  32:.\main.c      **** #include "ServoMotor.h"
  33:.\main.c      **** #include "pid.h"
  34:.\main.c      **** #include "Bluetooth.h"
  35:.\main.c      **** 
  36:.\main.c      **** #if defined (__GNUC__)
  37:.\main.c      ****     /* Add an explicit reference to the floating point printf library */
  38:.\main.c      ****     /* to allow the usage of floating point conversion specifiers. */
  39:.\main.c      ****     /* This is not linked in by default with the newlib-nano library. */
  40:.\main.c      ****     asm (".global _printf_float");
  41:.\main.c      **** #endif
  42:.\main.c      **** 
  43:.\main.c      **** #define size 20
  44:.\main.c      **** 
  45:.\main.c      **** uint8 dataReady_L = 0u;
  46:.\main.c      **** uint16 result_L[size] = {0};
  47:.\main.c      **** uint8 dataReady_R = 0u;
  48:.\main.c      **** uint16 result_R[size] = {0};
  49:.\main.c      **** 
  50:.\main.c      **** //extern uint16 ADC_L;
  51:.\main.c      **** //extern uint16 ADC_R;
  52:.\main.c      **** 
  53:.\main.c      **** CY_ISR(ADC_SAR_R_ISR_LOC)
  54:.\main.c      **** {
  52              		.loc 1 54 0
ARM GAS  C:\Users\kingi\AppData\Local\Temp\ccl4BkEk.s 			page 3


  53              		.cfi_startproc
  54              		@ args = 0, pretend = 0, frame = 0
  55              		@ frame_needed = 1, uses_anonymous_args = 0
  56              		@ link register save eliminated.
  57 0000 80B4     		push	{r7}
  58              		.cfi_def_cfa_offset 4
  59              		.cfi_offset 7, -4
  60 0002 00AF     		add	r7, sp, #0
  61              		.cfi_def_cfa_register 7
  55:.\main.c      ****         ADC_R = CY_GET_REG16(ADC_SAR_R_SAR_WRK_PTR);
  62              		.loc 1 55 0
  63 0004 064B     		ldr	r3, .L2
  64 0006 1B88     		ldrh	r3, [r3]	@ movhi
  65 0008 9BB2     		uxth	r3, r3
  66 000a 9AB2     		uxth	r2, r3
  67 000c 054B     		ldr	r3, .L2+4
  68 000e 1A80     		strh	r2, [r3]	@ movhi
  56:.\main.c      ****         dataReady_R = 1u;
  69              		.loc 1 56 0
  70 0010 054B     		ldr	r3, .L2+8
  71 0012 0122     		movs	r2, #1
  72 0014 1A70     		strb	r2, [r3]
  57:.\main.c      **** }
  73              		.loc 1 57 0
  74 0016 BD46     		mov	sp, r7
  75              		.cfi_def_cfa_register 13
  76              		@ sp needed
  77 0018 5DF8047B 		ldr	r7, [sp], #4
  78              		.cfi_restore 7
  79              		.cfi_def_cfa_offset 0
  80 001c 7047     		bx	lr
  81              	.L3:
  82 001e 00BF     		.align	2
  83              	.L2:
  84 0020 A25B0040 		.word	1073765282
  85 0024 00000000 		.word	ADC_R
  86 0028 00000000 		.word	dataReady_R
  87              		.cfi_endproc
  88              	.LFE63:
  89              		.size	ADC_SAR_R_ISR_LOC, .-ADC_SAR_R_ISR_LOC
  90              		.section	.text.ADC_SAR_L_ISR_LOC,"ax",%progbits
  91              		.align	2
  92              		.global	ADC_SAR_L_ISR_LOC
  93              		.thumb
  94              		.thumb_func
  95              		.type	ADC_SAR_L_ISR_LOC, %function
  96              	ADC_SAR_L_ISR_LOC:
  97              	.LFB64:
  58:.\main.c      **** CY_ISR(ADC_SAR_L_ISR_LOC)
  59:.\main.c      **** {
  98              		.loc 1 59 0
  99              		.cfi_startproc
 100              		@ args = 0, pretend = 0, frame = 0
 101              		@ frame_needed = 1, uses_anonymous_args = 0
 102              		@ link register save eliminated.
 103 0000 80B4     		push	{r7}
 104              		.cfi_def_cfa_offset 4
ARM GAS  C:\Users\kingi\AppData\Local\Temp\ccl4BkEk.s 			page 4


 105              		.cfi_offset 7, -4
 106 0002 00AF     		add	r7, sp, #0
 107              		.cfi_def_cfa_register 7
  60:.\main.c      ****         ADC_L = CY_GET_REG16(ADC_SAR_L_SAR_WRK_PTR);
 108              		.loc 1 60 0
 109 0004 064B     		ldr	r3, .L5
 110 0006 1B88     		ldrh	r3, [r3]	@ movhi
 111 0008 9BB2     		uxth	r3, r3
 112 000a 9AB2     		uxth	r2, r3
 113 000c 054B     		ldr	r3, .L5+4
 114 000e 1A80     		strh	r2, [r3]	@ movhi
  61:.\main.c      ****         dataReady_L = 1u;
 115              		.loc 1 61 0
 116 0010 054B     		ldr	r3, .L5+8
 117 0012 0122     		movs	r2, #1
 118 0014 1A70     		strb	r2, [r3]
  62:.\main.c      **** }
 119              		.loc 1 62 0
 120 0016 BD46     		mov	sp, r7
 121              		.cfi_def_cfa_register 13
 122              		@ sp needed
 123 0018 5DF8047B 		ldr	r7, [sp], #4
 124              		.cfi_restore 7
 125              		.cfi_def_cfa_offset 0
 126 001c 7047     		bx	lr
 127              	.L6:
 128 001e 00BF     		.align	2
 129              	.L5:
 130 0020 A05B0040 		.word	1073765280
 131 0024 00000000 		.word	ADC_L
 132 0028 00000000 		.word	dataReady_L
 133              		.cfi_endproc
 134              	.LFE64:
 135              		.size	ADC_SAR_L_ISR_LOC, .-ADC_SAR_L_ISR_LOC
 136              		.section	.rodata
 137              		.align	2
 138              	.LC0:
 139 0000 41444331 		.ascii	"ADC1=      V\000"
 139      3D202020 
 139      20202056 
 139      00
 140 000d 000000   		.align	2
 141              	.LC1:
 142 0010 41444332 		.ascii	"ADC2=      V\000"
 142      3D202020 
 142      20202056 
 142      00
 143 001d 000000   		.align	2
 144              	.LC2:
 145 0020 256400   		.ascii	"%d\000"
 146              		.global	__aeabi_f2d
 147 0023 00       		.align	2
 148              	.LC3:
 149 0024 252B312E 		.ascii	"%+1.2f\000"
 149      326600
 150              		.global	__aeabi_i2f
 151              		.global	__aeabi_fadd
ARM GAS  C:\Users\kingi\AppData\Local\Temp\ccl4BkEk.s 			page 5


 152              		.global	__aeabi_fdiv
 153              		.global	__aeabi_f2uiz
 154 002b 00       		.align	2
 155              	.LC4:
 156 002c 20202020 		.ascii	"     \000"
 156      2000
 157 0032 0000     		.section	.text.main,"ax",%progbits
 158              		.align	2
 159              		.global	main
 160              		.thumb
 161              		.thumb_func
 162              		.type	main, %function
 163              	main:
 164              	.LFB65:
  63:.\main.c      **** 
  64:.\main.c      **** /*******************************************************************************
  65:.\main.c      **** * Function Name: main
  66:.\main.c      **** ********************************************************************************
  67:.\main.c      **** *
  68:.\main.c      **** * Summary:
  69:.\main.c      **** *  Main function performs following functions:
  70:.\main.c      **** *   1. Initialises the DMA to move data from ADC_SAR_1 work registers to the
  71:.\main.c      **** *      PrISM pulse density registers.
  72:.\main.c      **** *   2. Initialises the ISR connected to the DMA nrq terminal(DMA done).
  73:.\main.c      **** *   3. Initialises the LCD.
  74:.\main.c      **** *   4. Initialises the PrISM with 1Mhz clock.
  75:.\main.c      **** *   5. Initialises the two SAR ADCs.
  76:.\main.c      **** *   6. Displays the results of ADC_SAR_1 when DmaDone ISR rises.
  77:.\main.c      **** *      The results are read from PrISM pulse density register.
  78:.\main.c      **** *   7. Displays the results of ADC_SAR_2 when internal EOC ISR rises.
  79:.\main.c      **** *
  80:.\main.c      **** * Parameters:
  81:.\main.c      **** *  None.
  82:.\main.c      **** *
  83:.\main.c      **** * Return:
  84:.\main.c      **** *  None.
  85:.\main.c      **** *
  86:.\main.c      **** *******************************************************************************/
  87:.\main.c      **** int main()
  88:.\main.c      **** {
 165              		.loc 1 88 0
 166              		.cfi_startproc
 167              		@ args = 0, pretend = 0, frame = 40
 168              		@ frame_needed = 1, uses_anonymous_args = 0
 169 0000 B0B5     		push	{r4, r5, r7, lr}
 170              		.cfi_def_cfa_offset 16
 171              		.cfi_offset 4, -16
 172              		.cfi_offset 5, -12
 173              		.cfi_offset 7, -8
 174              		.cfi_offset 14, -4
 175 0002 8AB0     		sub	sp, sp, #40
 176              		.cfi_def_cfa_offset 56
 177 0004 00AF     		add	r7, sp, #0
 178              		.cfi_def_cfa_register 7
  89:.\main.c      ****     int temp;
  90:.\main.c      ****     char8 resultStr[16u];
  91:.\main.c      ****     float res;
ARM GAS  C:\Users\kingi\AppData\Local\Temp\ccl4BkEk.s 			page 6


  92:.\main.c      ****     float sum;
  93:.\main.c      ****     uint16 L,R;
  94:.\main.c      ****     /* Initializes the LCD. */
  95:.\main.c      ****     LCD_Start();
 179              		.loc 1 95 0
 180 0006 FFF7FEFF 		bl	LCD_Start
  96:.\main.c      ****     LCD_Position(0u,0u);
 181              		.loc 1 96 0
 182 000a 0020     		movs	r0, #0
 183 000c 0021     		movs	r1, #0
 184 000e FFF7FEFF 		bl	LCD_Position
  97:.\main.c      ****     LCD_PrintString("ADC1=      V");
 185              		.loc 1 97 0
 186 0012 9948     		ldr	r0, .L17
 187 0014 FFF7FEFF 		bl	LCD_PrintString
  98:.\main.c      ****     LCD_Position(1u,0u);
 188              		.loc 1 98 0
 189 0018 0120     		movs	r0, #1
 190 001a 0021     		movs	r1, #0
 191 001c FFF7FEFF 		bl	LCD_Position
  99:.\main.c      ****     LCD_PrintString("ADC2=      V");
 192              		.loc 1 99 0
 193 0020 9648     		ldr	r0, .L17+4
 194 0022 FFF7FEFF 		bl	LCD_PrintString
 100:.\main.c      **** 
 101:.\main.c      **** 
 102:.\main.c      **** 
 103:.\main.c      ****     ADC_SAR_L_Start();
 195              		.loc 1 103 0
 196 0026 FFF7FEFF 		bl	ADC_SAR_L_Start
 104:.\main.c      ****     ADC_SAR_L_IRQ_StartEx(ADC_SAR_L_ISR_LOC);
 197              		.loc 1 104 0
 198 002a 9548     		ldr	r0, .L17+8
 199 002c FFF7FEFF 		bl	ADC_SAR_L_IRQ_StartEx
 105:.\main.c      ****     ADC_SAR_L_StartConvert();
 200              		.loc 1 105 0
 201 0030 FFF7FEFF 		bl	ADC_SAR_L_StartConvert
 106:.\main.c      ****     ADC_SAR_R_Start();
 202              		.loc 1 106 0
 203 0034 FFF7FEFF 		bl	ADC_SAR_R_Start
 107:.\main.c      ****     ADC_SAR_R_IRQ_StartEx(ADC_SAR_R_ISR_LOC);
 204              		.loc 1 107 0
 205 0038 9248     		ldr	r0, .L17+12
 206 003a FFF7FEFF 		bl	ADC_SAR_R_IRQ_StartEx
 108:.\main.c      ****     ADC_SAR_R_StartConvert();
 207              		.loc 1 108 0
 208 003e FFF7FEFF 		bl	ADC_SAR_R_StartConvert
 109:.\main.c      ****     CyGlobalIntEnable;
 209              		.loc 1 109 0
 210              	@ 109 ".\main.c" 1
 211 0042 62B6     		CPSIE   i
 212              	@ 0 "" 2
 110:.\main.c      ****     
 111:.\main.c      ****     UART_1_Start();
 213              		.loc 1 111 0
 214              		.thumb
 215 0044 FFF7FEFF 		bl	UART_1_Start
ARM GAS  C:\Users\kingi\AppData\Local\Temp\ccl4BkEk.s 			page 7


 112:.\main.c      ****     UART_2_Start();
 216              		.loc 1 112 0
 217 0048 FFF7FEFF 		bl	UART_2_Start
 113:.\main.c      ****     UART_3_Start();
 218              		.loc 1 113 0
 219 004c FFF7FEFF 		bl	UART_3_Start
 114:.\main.c      ****     UART_6_Start();
 220              		.loc 1 114 0
 221 0050 FFF7FEFF 		bl	UART_6_Start
 115:.\main.c      ****     
 116:.\main.c      ****     SetServoMode(_TOP);
 222              		.loc 1 116 0
 223 0054 0020     		movs	r0, #0
 224 0056 FFF7FEFF 		bl	SetServoMode
 117:.\main.c      ****     SetMotorMode(_LEFT);
 225              		.loc 1 117 0
 226 005a 0120     		movs	r0, #1
 227 005c FFF7FEFF 		bl	SetMotorMode
 118:.\main.c      ****     SetMotorMode(_RIGHT);
 228              		.loc 1 118 0
 229 0060 0220     		movs	r0, #2
 230 0062 FFF7FEFF 		bl	SetMotorMode
 119:.\main.c      ****     CyDelay(100);
 231              		.loc 1 119 0
 232 0066 6420     		movs	r0, #100
 233 0068 FFF7FEFF 		bl	CyDelay
 234              	.L16:
 235              	.LBB2:
 120:.\main.c      **** 
 121:.\main.c      ****     for(;;)
 122:.\main.c      ****     {
 123:.\main.c      ****         
 124:.\main.c      ****         GetBluetoothString(buffer);
 236              		.loc 1 124 0
 237 006c 8648     		ldr	r0, .L17+16
 238 006e FFF7FEFF 		bl	GetBluetoothString
 125:.\main.c      ****         if (buffer[0] != '\0')
 239              		.loc 1 125 0
 240 0072 854B     		ldr	r3, .L17+16
 241 0074 1B78     		ldrb	r3, [r3]	@ zero_extendqisi2
 242 0076 002B     		cmp	r3, #0
 243 0078 18D0     		beq	.L8
 126:.\main.c      ****         {
 127:.\main.c      ****             
 128:.\main.c      ****             sscanf(buffer, "%d", &temp);
 244              		.loc 1 128 0
 245 007a 07F11403 		add	r3, r7, #20
 246 007e 8248     		ldr	r0, .L17+16
 247 0080 8249     		ldr	r1, .L17+20
 248 0082 1A46     		mov	r2, r3
 249 0084 FFF7FEFF 		bl	sscanf
 129:.\main.c      ****             
 130:.\main.c      ****             if (temp >= -70 && temp <= -10)
 250              		.loc 1 130 0
 251 0088 7B69     		ldr	r3, [r7, #20]
 252 008a 13F1460F 		cmn	r3, #70
 253 008e 07DB     		blt	.L9
ARM GAS  C:\Users\kingi\AppData\Local\Temp\ccl4BkEk.s 			page 8


 254              		.loc 1 130 0 is_stmt 0 discriminator 1
 255 0090 7B69     		ldr	r3, [r7, #20]
 256 0092 13F1090F 		cmn	r3, #9
 257 0096 03DA     		bge	.L9
 131:.\main.c      ****             {
 132:.\main.c      ****                 bias = temp;
 258              		.loc 1 132 0 is_stmt 1
 259 0098 7B69     		ldr	r3, [r7, #20]
 260 009a 9AB2     		uxth	r2, r3
 261 009c 7C4B     		ldr	r3, .L17+24
 262 009e 1A80     		strh	r2, [r3]	@ movhi
 263              	.L9:
 133:.\main.c      ****             }
 134:.\main.c      ****             LCD_ClearDisplay();
 264              		.loc 1 134 0
 265 00a0 0120     		movs	r0, #1
 266 00a2 FFF7FEFF 		bl	LCD_WriteControl
 135:.\main.c      ****             LCD_PrintString(buffer);
 267              		.loc 1 135 0
 268 00a6 7848     		ldr	r0, .L17+16
 269 00a8 FFF7FEFF 		bl	LCD_PrintString
 270              	.L8:
 136:.\main.c      ****         }
 137:.\main.c      ****         
 138:.\main.c      ****         
 139:.\main.c      ****         
 140:.\main.c      ****         uint8 i,j;
 141:.\main.c      ****         if(dataReady_L != 0u)
 271              		.loc 1 141 0
 272 00ac 794B     		ldr	r3, .L17+28
 273 00ae 1B78     		ldrb	r3, [r3]	@ zero_extendqisi2
 274 00b0 002B     		cmp	r3, #0
 275 00b2 6BD0     		beq	.L10
 142:.\main.c      ****         {
 143:.\main.c      ****             sum = 0;
 276              		.loc 1 143 0
 277 00b4 4FF00003 		mov	r3, #0
 278 00b8 7B62     		str	r3, [r7, #36]	@ float
 144:.\main.c      ****             res = ADC_SAR_L_CountsTo_Volts(ADC_L);
 279              		.loc 1 144 0
 280 00ba 774B     		ldr	r3, .L17+32
 281 00bc 1B88     		ldrh	r3, [r3]
 282 00be 1BB2     		sxth	r3, r3
 283 00c0 1846     		mov	r0, r3
 284 00c2 FFF7FEFF 		bl	ADC_SAR_L_CountsTo_Volts
 285 00c6 F861     		str	r0, [r7, #28]	@ float
 145:.\main.c      ****             sprintf((char *)resultStr,"%+1.2f",res);
 286              		.loc 1 145 0
 287 00c8 F869     		ldr	r0, [r7, #28]	@ float
 288 00ca FFF7FEFF 		bl	__aeabi_f2d
 289 00ce 0446     		mov	r4, r0
 290 00d0 0D46     		mov	r5, r1
 291 00d2 3B1D     		adds	r3, r7, #4
 292 00d4 1846     		mov	r0, r3
 293 00d6 7149     		ldr	r1, .L17+36
 294 00d8 2246     		mov	r2, r4
 295 00da 2B46     		mov	r3, r5
ARM GAS  C:\Users\kingi\AppData\Local\Temp\ccl4BkEk.s 			page 9


 296 00dc FFF7FEFF 		bl	sprintf
 146:.\main.c      ****             for(j=0;j<size-1;j++)
 297              		.loc 1 146 0
 298 00e0 0023     		movs	r3, #0
 299 00e2 87F82330 		strb	r3, [r7, #35]
 300 00e6 1FE0     		b	.L11
 301              	.L12:
 147:.\main.c      ****             {
 148:.\main.c      ****                 result_L[j] = result_L[j+1];
 302              		.loc 1 148 0 discriminator 3
 303 00e8 97F82330 		ldrb	r3, [r7, #35]	@ zero_extendqisi2
 304 00ec 97F82320 		ldrb	r2, [r7, #35]	@ zero_extendqisi2
 305 00f0 0132     		adds	r2, r2, #1
 306 00f2 6B49     		ldr	r1, .L17+40
 307 00f4 31F81210 		ldrh	r1, [r1, r2, lsl #1]
 308 00f8 694A     		ldr	r2, .L17+40
 309 00fa 22F81310 		strh	r1, [r2, r3, lsl #1]	@ movhi
 149:.\main.c      ****                 sum += result_L[j+1];
 310              		.loc 1 149 0 discriminator 3
 311 00fe 97F82330 		ldrb	r3, [r7, #35]	@ zero_extendqisi2
 312 0102 0133     		adds	r3, r3, #1
 313 0104 664A     		ldr	r2, .L17+40
 314 0106 32F81330 		ldrh	r3, [r2, r3, lsl #1]
 315 010a 1846     		mov	r0, r3
 316 010c FFF7FEFF 		bl	__aeabi_i2f
 317 0110 0346     		mov	r3, r0
 318 0112 786A     		ldr	r0, [r7, #36]	@ float
 319 0114 1946     		mov	r1, r3
 320 0116 FFF7FEFF 		bl	__aeabi_fadd
 321 011a 0346     		mov	r3, r0
 322 011c 7B62     		str	r3, [r7, #36]	@ float
 146:.\main.c      ****             for(j=0;j<size-1;j++)
 323              		.loc 1 146 0 discriminator 3
 324 011e 97F82330 		ldrb	r3, [r7, #35]	@ zero_extendqisi2
 325 0122 0133     		adds	r3, r3, #1
 326 0124 87F82330 		strb	r3, [r7, #35]
 327              	.L11:
 146:.\main.c      ****             for(j=0;j<size-1;j++)
 328              		.loc 1 146 0 is_stmt 0 discriminator 1
 329 0128 97F82330 		ldrb	r3, [r7, #35]	@ zero_extendqisi2
 330 012c 122B     		cmp	r3, #18
 331 012e DBD9     		bls	.L12
 150:.\main.c      ****             }
 151:.\main.c      ****             result_L[size - 1] = ADC_L;
 332              		.loc 1 151 0 is_stmt 1
 333 0130 594B     		ldr	r3, .L17+32
 334 0132 1B88     		ldrh	r3, [r3]
 335 0134 9AB2     		uxth	r2, r3
 336 0136 5A4B     		ldr	r3, .L17+40
 337 0138 DA84     		strh	r2, [r3, #38]	@ movhi
 152:.\main.c      ****             sum = (sum+ADC_L)/size;
 338              		.loc 1 152 0
 339 013a 574B     		ldr	r3, .L17+32
 340 013c 1B88     		ldrh	r3, [r3]
 341 013e 1BB2     		sxth	r3, r3
 342 0140 1846     		mov	r0, r3
 343 0142 FFF7FEFF 		bl	__aeabi_i2f
ARM GAS  C:\Users\kingi\AppData\Local\Temp\ccl4BkEk.s 			page 10


 344 0146 0346     		mov	r3, r0
 345 0148 1846     		mov	r0, r3
 346 014a 796A     		ldr	r1, [r7, #36]	@ float
 347 014c FFF7FEFF 		bl	__aeabi_fadd
 348 0150 0346     		mov	r3, r0
 349 0152 1846     		mov	r0, r3
 350 0154 5349     		ldr	r1, .L17+44
 351 0156 FFF7FEFF 		bl	__aeabi_fdiv
 352 015a 0346     		mov	r3, r0
 353 015c 7B62     		str	r3, [r7, #36]	@ float
 153:.\main.c      ****             L = sum;
 354              		.loc 1 153 0
 355 015e 786A     		ldr	r0, [r7, #36]	@ float
 356 0160 FFF7FEFF 		bl	__aeabi_f2uiz
 357 0164 0346     		mov	r3, r0
 358 0166 3B83     		strh	r3, [r7, #24]	@ movhi
 154:.\main.c      ****             LCD_Position(0u,5u);
 359              		.loc 1 154 0
 360 0168 0020     		movs	r0, #0
 361 016a 0521     		movs	r1, #5
 362 016c FFF7FEFF 		bl	LCD_Position
 155:.\main.c      ****             LCD_PrintString("     ");
 363              		.loc 1 155 0
 364 0170 4D48     		ldr	r0, .L17+48
 365 0172 FFF7FEFF 		bl	LCD_PrintString
 156:.\main.c      ****             //LCD_PrintString(resultStr);
 157:.\main.c      ****             LCD_Position(0u,5u);
 366              		.loc 1 157 0
 367 0176 0020     		movs	r0, #0
 368 0178 0521     		movs	r1, #5
 369 017a FFF7FEFF 		bl	LCD_Position
 158:.\main.c      ****             LCD_PrintNumber(L);
 370              		.loc 1 158 0
 371 017e 3B8B     		ldrh	r3, [r7, #24]
 372 0180 1846     		mov	r0, r3
 373 0182 FFF7FEFF 		bl	LCD_PrintU32Number
 159:.\main.c      ****             dataReady_L = 0u;
 374              		.loc 1 159 0
 375 0186 434B     		ldr	r3, .L17+28
 376 0188 0022     		movs	r2, #0
 377 018a 1A70     		strb	r2, [r3]
 378              	.L10:
 160:.\main.c      ****             //CyDelay(1);
 161:.\main.c      ****         }
 162:.\main.c      ****         if(dataReady_R != 0u)
 379              		.loc 1 162 0
 380 018c 474B     		ldr	r3, .L17+52
 381 018e 1B78     		ldrb	r3, [r3]	@ zero_extendqisi2
 382 0190 002B     		cmp	r3, #0
 383 0192 6BD0     		beq	.L13
 163:.\main.c      ****         {
 164:.\main.c      ****             sum = 0;
 384              		.loc 1 164 0
 385 0194 4FF00003 		mov	r3, #0
 386 0198 7B62     		str	r3, [r7, #36]	@ float
 165:.\main.c      ****             res = ADC_SAR_R_CountsTo_Volts(ADC_R);
 387              		.loc 1 165 0
ARM GAS  C:\Users\kingi\AppData\Local\Temp\ccl4BkEk.s 			page 11


 388 019a 454B     		ldr	r3, .L17+56
 389 019c 1B88     		ldrh	r3, [r3]
 390 019e 1BB2     		sxth	r3, r3
 391 01a0 1846     		mov	r0, r3
 392 01a2 FFF7FEFF 		bl	ADC_SAR_R_CountsTo_Volts
 393 01a6 F861     		str	r0, [r7, #28]	@ float
 166:.\main.c      ****             sprintf((char *)resultStr,"%+1.2f",res);
 394              		.loc 1 166 0
 395 01a8 F869     		ldr	r0, [r7, #28]	@ float
 396 01aa FFF7FEFF 		bl	__aeabi_f2d
 397 01ae 0446     		mov	r4, r0
 398 01b0 0D46     		mov	r5, r1
 399 01b2 3B1D     		adds	r3, r7, #4
 400 01b4 1846     		mov	r0, r3
 401 01b6 3949     		ldr	r1, .L17+36
 402 01b8 2246     		mov	r2, r4
 403 01ba 2B46     		mov	r3, r5
 404 01bc FFF7FEFF 		bl	sprintf
 167:.\main.c      ****             for(j=0;j<size-1;j++)
 405              		.loc 1 167 0
 406 01c0 0023     		movs	r3, #0
 407 01c2 87F82330 		strb	r3, [r7, #35]
 408 01c6 1FE0     		b	.L14
 409              	.L15:
 168:.\main.c      ****             {
 169:.\main.c      ****                 result_R[j] = result_R[j+1];
 410              		.loc 1 169 0 discriminator 3
 411 01c8 97F82330 		ldrb	r3, [r7, #35]	@ zero_extendqisi2
 412 01cc 97F82320 		ldrb	r2, [r7, #35]	@ zero_extendqisi2
 413 01d0 0132     		adds	r2, r2, #1
 414 01d2 3849     		ldr	r1, .L17+60
 415 01d4 31F81210 		ldrh	r1, [r1, r2, lsl #1]
 416 01d8 364A     		ldr	r2, .L17+60
 417 01da 22F81310 		strh	r1, [r2, r3, lsl #1]	@ movhi
 170:.\main.c      ****                 sum += result_R[j+1];
 418              		.loc 1 170 0 discriminator 3
 419 01de 97F82330 		ldrb	r3, [r7, #35]	@ zero_extendqisi2
 420 01e2 0133     		adds	r3, r3, #1
 421 01e4 334A     		ldr	r2, .L17+60
 422 01e6 32F81330 		ldrh	r3, [r2, r3, lsl #1]
 423 01ea 1846     		mov	r0, r3
 424 01ec FFF7FEFF 		bl	__aeabi_i2f
 425 01f0 0346     		mov	r3, r0
 426 01f2 786A     		ldr	r0, [r7, #36]	@ float
 427 01f4 1946     		mov	r1, r3
 428 01f6 FFF7FEFF 		bl	__aeabi_fadd
 429 01fa 0346     		mov	r3, r0
 430 01fc 7B62     		str	r3, [r7, #36]	@ float
 167:.\main.c      ****             for(j=0;j<size-1;j++)
 431              		.loc 1 167 0 discriminator 3
 432 01fe 97F82330 		ldrb	r3, [r7, #35]	@ zero_extendqisi2
 433 0202 0133     		adds	r3, r3, #1
 434 0204 87F82330 		strb	r3, [r7, #35]
 435              	.L14:
 167:.\main.c      ****             for(j=0;j<size-1;j++)
 436              		.loc 1 167 0 is_stmt 0 discriminator 1
 437 0208 97F82330 		ldrb	r3, [r7, #35]	@ zero_extendqisi2
ARM GAS  C:\Users\kingi\AppData\Local\Temp\ccl4BkEk.s 			page 12


 438 020c 122B     		cmp	r3, #18
 439 020e DBD9     		bls	.L15
 171:.\main.c      ****             }
 172:.\main.c      ****             result_R[size - 1] = ADC_R;
 440              		.loc 1 172 0 is_stmt 1
 441 0210 274B     		ldr	r3, .L17+56
 442 0212 1B88     		ldrh	r3, [r3]
 443 0214 9AB2     		uxth	r2, r3
 444 0216 274B     		ldr	r3, .L17+60
 445 0218 DA84     		strh	r2, [r3, #38]	@ movhi
 173:.\main.c      ****             sum = (sum+ADC_R)/size;
 446              		.loc 1 173 0
 447 021a 254B     		ldr	r3, .L17+56
 448 021c 1B88     		ldrh	r3, [r3]
 449 021e 1BB2     		sxth	r3, r3
 450 0220 1846     		mov	r0, r3
 451 0222 FFF7FEFF 		bl	__aeabi_i2f
 452 0226 0346     		mov	r3, r0
 453 0228 1846     		mov	r0, r3
 454 022a 796A     		ldr	r1, [r7, #36]	@ float
 455 022c FFF7FEFF 		bl	__aeabi_fadd
 456 0230 0346     		mov	r3, r0
 457 0232 1846     		mov	r0, r3
 458 0234 1B49     		ldr	r1, .L17+44
 459 0236 FFF7FEFF 		bl	__aeabi_fdiv
 460 023a 0346     		mov	r3, r0
 461 023c 7B62     		str	r3, [r7, #36]	@ float
 174:.\main.c      ****             R = sum;
 462              		.loc 1 174 0
 463 023e 786A     		ldr	r0, [r7, #36]	@ float
 464 0240 FFF7FEFF 		bl	__aeabi_f2uiz
 465 0244 0346     		mov	r3, r0
 466 0246 7B83     		strh	r3, [r7, #26]	@ movhi
 175:.\main.c      ****             LCD_Position(1u,5u);
 467              		.loc 1 175 0
 468 0248 0120     		movs	r0, #1
 469 024a 0521     		movs	r1, #5
 470 024c FFF7FEFF 		bl	LCD_Position
 176:.\main.c      ****             LCD_PrintString("     ");
 471              		.loc 1 176 0
 472 0250 1548     		ldr	r0, .L17+48
 473 0252 FFF7FEFF 		bl	LCD_PrintString
 177:.\main.c      ****             LCD_Position(1u,5u);
 474              		.loc 1 177 0
 475 0256 0120     		movs	r0, #1
 476 0258 0521     		movs	r1, #5
 477 025a FFF7FEFF 		bl	LCD_Position
 178:.\main.c      ****             //LCD_PrintString(resultStr);
 179:.\main.c      ****             LCD_PrintNumber(R);
 478              		.loc 1 179 0
 479 025e 7B8B     		ldrh	r3, [r7, #26]
 480 0260 1846     		mov	r0, r3
 481 0262 FFF7FEFF 		bl	LCD_PrintU32Number
 180:.\main.c      ****             dataReady_R = 0u;
 482              		.loc 1 180 0
 483 0266 114B     		ldr	r3, .L17+52
 484 0268 0022     		movs	r2, #0
ARM GAS  C:\Users\kingi\AppData\Local\Temp\ccl4BkEk.s 			page 13


 485 026a 1A70     		strb	r2, [r3]
 486              	.L13:
 181:.\main.c      ****             //CyDelay(1);
 182:.\main.c      ****         }
 183:.\main.c      ****         //SetServoPosition(_TOP, 512, 0x01ff);
 184:.\main.c      ****         PID();
 487              		.loc 1 184 0
 488 026c FFF7FEFF 		bl	PID
 185:.\main.c      ****         CyDelay(2);
 489              		.loc 1 185 0
 490 0270 0220     		movs	r0, #2
 491 0272 FFF7FEFF 		bl	CyDelay
 492              	.LBE2:
 186:.\main.c      ****     }
 493              		.loc 1 186 0
 494 0276 F9E6     		b	.L16
 495              	.L18:
 496              		.align	2
 497              	.L17:
 498 0278 00000000 		.word	.LC0
 499 027c 10000000 		.word	.LC1
 500 0280 00000000 		.word	ADC_SAR_L_ISR_LOC
 501 0284 00000000 		.word	ADC_SAR_R_ISR_LOC
 502 0288 00000000 		.word	buffer
 503 028c 20000000 		.word	.LC2
 504 0290 00000000 		.word	bias
 505 0294 00000000 		.word	dataReady_L
 506 0298 00000000 		.word	ADC_L
 507 029c 24000000 		.word	.LC3
 508 02a0 00000000 		.word	result_L
 509 02a4 0000A041 		.word	1101004800
 510 02a8 2C000000 		.word	.LC4
 511 02ac 00000000 		.word	dataReady_R
 512 02b0 00000000 		.word	ADC_R
 513 02b4 00000000 		.word	result_R
 514              		.cfi_endproc
 515              	.LFE65:
 516              		.size	main, .-main
 517              		.text
 518              	.Letext0:
 519              		.file 2 "c:\\program files (x86)\\cypress\\psoc creator\\3.3\\psoc creator\\import\\gnu\\arm\\4.9.
 520              		.file 3 "c:\\program files (x86)\\cypress\\psoc creator\\3.3\\psoc creator\\import\\gnu\\arm\\4.9.
 521              		.file 4 "Generated_Source\\PSoC5/cytypes.h"
 522              		.file 5 "Generated_Source\\PSoC5/core_cm3.h"
 523              		.file 6 ".\\pid.h"
 524              		.file 7 ".\\Bluetooth.h"
 525              		.section	.debug_info,"",%progbits
 526              	.Ldebug_info0:
 527 0000 37020000 		.4byte	0x237
 528 0004 0400     		.2byte	0x4
 529 0006 00000000 		.4byte	.Ldebug_abbrev0
 530 000a 04       		.byte	0x4
 531 000b 01       		.uleb128 0x1
 532 000c 16000000 		.4byte	.LASF33
 533 0010 01       		.byte	0x1
 534 0011 CE000000 		.4byte	.LASF34
 535 0015 A4000000 		.4byte	.LASF35
ARM GAS  C:\Users\kingi\AppData\Local\Temp\ccl4BkEk.s 			page 14


 536 0019 00000000 		.4byte	.Ldebug_ranges0+0
 537 001d 00000000 		.4byte	0
 538 0021 00000000 		.4byte	.Ldebug_line0
 539 0025 02       		.uleb128 0x2
 540 0026 01       		.byte	0x1
 541 0027 06       		.byte	0x6
 542 0028 D8010000 		.4byte	.LASF0
 543 002c 02       		.uleb128 0x2
 544 002d 01       		.byte	0x1
 545 002e 08       		.byte	0x8
 546 002f EF000000 		.4byte	.LASF1
 547 0033 02       		.uleb128 0x2
 548 0034 02       		.byte	0x2
 549 0035 05       		.byte	0x5
 550 0036 A9010000 		.4byte	.LASF2
 551 003a 02       		.uleb128 0x2
 552 003b 02       		.byte	0x2
 553 003c 07       		.byte	0x7
 554 003d E4010000 		.4byte	.LASF3
 555 0041 03       		.uleb128 0x3
 556 0042 06000000 		.4byte	.LASF9
 557 0046 02       		.byte	0x2
 558 0047 3F       		.byte	0x3f
 559 0048 4C000000 		.4byte	0x4c
 560 004c 02       		.uleb128 0x2
 561 004d 04       		.byte	0x4
 562 004e 05       		.byte	0x5
 563 004f CA010000 		.4byte	.LASF4
 564 0053 02       		.uleb128 0x2
 565 0054 04       		.byte	0x4
 566 0055 07       		.byte	0x7
 567 0056 15010000 		.4byte	.LASF5
 568 005a 02       		.uleb128 0x2
 569 005b 08       		.byte	0x8
 570 005c 05       		.byte	0x5
 571 005d 96010000 		.4byte	.LASF6
 572 0061 02       		.uleb128 0x2
 573 0062 08       		.byte	0x8
 574 0063 07       		.byte	0x7
 575 0064 65010000 		.4byte	.LASF7
 576 0068 04       		.uleb128 0x4
 577 0069 04       		.byte	0x4
 578 006a 05       		.byte	0x5
 579 006b 696E7400 		.ascii	"int\000"
 580 006f 02       		.uleb128 0x2
 581 0070 04       		.byte	0x4
 582 0071 07       		.byte	0x7
 583 0072 58010000 		.4byte	.LASF8
 584 0076 03       		.uleb128 0x3
 585 0077 85010000 		.4byte	.LASF10
 586 007b 03       		.byte	0x3
 587 007c 2C       		.byte	0x2c
 588 007d 41000000 		.4byte	0x41
 589 0081 05       		.uleb128 0x5
 590 0082 C4010000 		.4byte	.LASF11
 591 0086 04       		.byte	0x4
 592 0087 3801     		.2byte	0x138
ARM GAS  C:\Users\kingi\AppData\Local\Temp\ccl4BkEk.s 			page 15


 593 0089 2C000000 		.4byte	0x2c
 594 008d 05       		.uleb128 0x5
 595 008e 51010000 		.4byte	.LASF12
 596 0092 04       		.byte	0x4
 597 0093 3901     		.2byte	0x139
 598 0095 3A000000 		.4byte	0x3a
 599 0099 05       		.uleb128 0x5
 600 009a 0F010000 		.4byte	.LASF13
 601 009e 04       		.byte	0x4
 602 009f 3C01     		.2byte	0x13c
 603 00a1 33000000 		.4byte	0x33
 604 00a5 02       		.uleb128 0x2
 605 00a6 04       		.byte	0x4
 606 00a7 04       		.byte	0x4
 607 00a8 D7000000 		.4byte	.LASF14
 608 00ac 02       		.uleb128 0x2
 609 00ad 08       		.byte	0x8
 610 00ae 04       		.byte	0x4
 611 00af 45010000 		.4byte	.LASF15
 612 00b3 05       		.uleb128 0x5
 613 00b4 09010000 		.4byte	.LASF16
 614 00b8 04       		.byte	0x4
 615 00b9 4901     		.2byte	0x149
 616 00bb BF000000 		.4byte	0xbf
 617 00bf 02       		.uleb128 0x2
 618 00c0 01       		.byte	0x1
 619 00c1 08       		.byte	0x8
 620 00c2 D3010000 		.4byte	.LASF17
 621 00c6 05       		.uleb128 0x5
 622 00c7 00000000 		.4byte	.LASF18
 623 00cb 04       		.byte	0x4
 624 00cc E301     		.2byte	0x1e3
 625 00ce D2000000 		.4byte	0xd2
 626 00d2 06       		.uleb128 0x6
 627 00d3 8D000000 		.4byte	0x8d
 628 00d7 02       		.uleb128 0x2
 629 00d8 04       		.byte	0x4
 630 00d9 07       		.byte	0x7
 631 00da 8D010000 		.4byte	.LASF19
 632 00de 07       		.uleb128 0x7
 633 00df DD000000 		.4byte	.LASF20
 634 00e3 01       		.byte	0x1
 635 00e4 35       		.byte	0x35
 636 00e5 00000000 		.4byte	.LFB63
 637 00e9 2C000000 		.4byte	.LFE63-.LFB63
 638 00ed 01       		.uleb128 0x1
 639 00ee 9C       		.byte	0x9c
 640 00ef 07       		.uleb128 0x7
 641 00f0 00020000 		.4byte	.LASF21
 642 00f4 01       		.byte	0x1
 643 00f5 3A       		.byte	0x3a
 644 00f6 00000000 		.4byte	.LFB64
 645 00fa 2C000000 		.4byte	.LFE64-.LFB64
 646 00fe 01       		.uleb128 0x1
 647 00ff 9C       		.byte	0x9c
 648 0100 08       		.uleb128 0x8
 649 0101 4C010000 		.4byte	.LASF36
ARM GAS  C:\Users\kingi\AppData\Local\Temp\ccl4BkEk.s 			page 16


 650 0105 01       		.byte	0x1
 651 0106 57       		.byte	0x57
 652 0107 68000000 		.4byte	0x68
 653 010b 00000000 		.4byte	.LFB65
 654 010f B8020000 		.4byte	.LFE65-.LFB65
 655 0113 01       		.uleb128 0x1
 656 0114 9C       		.byte	0x9c
 657 0115 89010000 		.4byte	0x189
 658 0119 09       		.uleb128 0x9
 659 011a 27010000 		.4byte	.LASF22
 660 011e 01       		.byte	0x1
 661 011f 59       		.byte	0x59
 662 0120 68000000 		.4byte	0x68
 663 0124 02       		.uleb128 0x2
 664 0125 91       		.byte	0x91
 665 0126 5C       		.sleb128 -36
 666 0127 09       		.uleb128 0x9
 667 0128 B3010000 		.4byte	.LASF23
 668 012c 01       		.byte	0x1
 669 012d 5A       		.byte	0x5a
 670 012e 89010000 		.4byte	0x189
 671 0132 02       		.uleb128 0x2
 672 0133 91       		.byte	0x91
 673 0134 4C       		.sleb128 -52
 674 0135 0A       		.uleb128 0xa
 675 0136 72657300 		.ascii	"res\000"
 676 013a 01       		.byte	0x1
 677 013b 5B       		.byte	0x5b
 678 013c A5000000 		.4byte	0xa5
 679 0140 02       		.uleb128 0x2
 680 0141 91       		.byte	0x91
 681 0142 64       		.sleb128 -28
 682 0143 0A       		.uleb128 0xa
 683 0144 73756D00 		.ascii	"sum\000"
 684 0148 01       		.byte	0x1
 685 0149 5C       		.byte	0x5c
 686 014a A5000000 		.4byte	0xa5
 687 014e 02       		.uleb128 0x2
 688 014f 91       		.byte	0x91
 689 0150 6C       		.sleb128 -20
 690 0151 0A       		.uleb128 0xa
 691 0152 4C00     		.ascii	"L\000"
 692 0154 01       		.byte	0x1
 693 0155 5D       		.byte	0x5d
 694 0156 8D000000 		.4byte	0x8d
 695 015a 02       		.uleb128 0x2
 696 015b 91       		.byte	0x91
 697 015c 60       		.sleb128 -32
 698 015d 0A       		.uleb128 0xa
 699 015e 5200     		.ascii	"R\000"
 700 0160 01       		.byte	0x1
 701 0161 5D       		.byte	0x5d
 702 0162 8D000000 		.4byte	0x8d
 703 0166 02       		.uleb128 0x2
 704 0167 91       		.byte	0x91
 705 0168 62       		.sleb128 -30
 706 0169 0B       		.uleb128 0xb
ARM GAS  C:\Users\kingi\AppData\Local\Temp\ccl4BkEk.s 			page 17


 707 016a 6C000000 		.4byte	.LBB2
 708 016e 0A020000 		.4byte	.LBE2-.LBB2
 709 0172 0C       		.uleb128 0xc
 710 0173 6900     		.ascii	"i\000"
 711 0175 01       		.byte	0x1
 712 0176 8C       		.byte	0x8c
 713 0177 81000000 		.4byte	0x81
 714 017b 0A       		.uleb128 0xa
 715 017c 6A00     		.ascii	"j\000"
 716 017e 01       		.byte	0x1
 717 017f 8C       		.byte	0x8c
 718 0180 81000000 		.4byte	0x81
 719 0184 02       		.uleb128 0x2
 720 0185 91       		.byte	0x91
 721 0186 6B       		.sleb128 -21
 722 0187 00       		.byte	0
 723 0188 00       		.byte	0
 724 0189 0D       		.uleb128 0xd
 725 018a B3000000 		.4byte	0xb3
 726 018e 99010000 		.4byte	0x199
 727 0192 0E       		.uleb128 0xe
 728 0193 D7000000 		.4byte	0xd7
 729 0197 0F       		.byte	0xf
 730 0198 00       		.byte	0
 731 0199 0F       		.uleb128 0xf
 732 019a 38010000 		.4byte	.LASF24
 733 019e 05       		.byte	0x5
 734 019f 5506     		.2byte	0x655
 735 01a1 A5010000 		.4byte	0x1a5
 736 01a5 06       		.uleb128 0x6
 737 01a6 76000000 		.4byte	0x76
 738 01aa 10       		.uleb128 0x10
 739 01ab 10000000 		.4byte	.LASF25
 740 01af 06       		.byte	0x6
 741 01b0 14       		.byte	0x14
 742 01b1 99000000 		.4byte	0x99
 743 01b5 10       		.uleb128 0x10
 744 01b6 C8000000 		.4byte	.LASF26
 745 01ba 06       		.byte	0x6
 746 01bb 15       		.byte	0x15
 747 01bc 99000000 		.4byte	0x99
 748 01c0 10       		.uleb128 0x10
 749 01c1 A4010000 		.4byte	.LASF27
 750 01c5 06       		.byte	0x6
 751 01c6 1A       		.byte	0x1a
 752 01c7 99000000 		.4byte	0x99
 753 01cb 0D       		.uleb128 0xd
 754 01cc 81000000 		.4byte	0x81
 755 01d0 DB010000 		.4byte	0x1db
 756 01d4 0E       		.uleb128 0xe
 757 01d5 D7000000 		.4byte	0xd7
 758 01d9 63       		.byte	0x63
 759 01da 00       		.byte	0
 760 01db 10       		.uleb128 0x10
 761 01dc BD010000 		.4byte	.LASF28
 762 01e0 07       		.byte	0x7
 763 01e1 08       		.byte	0x8
ARM GAS  C:\Users\kingi\AppData\Local\Temp\ccl4BkEk.s 			page 18


 764 01e2 CB010000 		.4byte	0x1cb
 765 01e6 11       		.uleb128 0x11
 766 01e7 FD000000 		.4byte	.LASF29
 767 01eb 01       		.byte	0x1
 768 01ec 2D       		.byte	0x2d
 769 01ed 81000000 		.4byte	0x81
 770 01f1 05       		.uleb128 0x5
 771 01f2 03       		.byte	0x3
 772 01f3 00000000 		.4byte	dataReady_L
 773 01f7 0D       		.uleb128 0xd
 774 01f8 8D000000 		.4byte	0x8d
 775 01fc 07020000 		.4byte	0x207
 776 0200 0E       		.uleb128 0xe
 777 0201 D7000000 		.4byte	0xd7
 778 0205 13       		.byte	0x13
 779 0206 00       		.byte	0
 780 0207 11       		.uleb128 0x11
 781 0208 F7010000 		.4byte	.LASF30
 782 020c 01       		.byte	0x1
 783 020d 2E       		.byte	0x2e
 784 020e F7010000 		.4byte	0x1f7
 785 0212 05       		.uleb128 0x5
 786 0213 03       		.byte	0x3
 787 0214 00000000 		.4byte	result_L
 788 0218 11       		.uleb128 0x11
 789 0219 2C010000 		.4byte	.LASF31
 790 021d 01       		.byte	0x1
 791 021e 2F       		.byte	0x2f
 792 021f 81000000 		.4byte	0x81
 793 0223 05       		.uleb128 0x5
 794 0224 03       		.byte	0x3
 795 0225 00000000 		.4byte	dataReady_R
 796 0229 11       		.uleb128 0x11
 797 022a 7C010000 		.4byte	.LASF32
 798 022e 01       		.byte	0x1
 799 022f 30       		.byte	0x30
 800 0230 F7010000 		.4byte	0x1f7
 801 0234 05       		.uleb128 0x5
 802 0235 03       		.byte	0x3
 803 0236 00000000 		.4byte	result_R
 804 023a 00       		.byte	0
 805              		.section	.debug_abbrev,"",%progbits
 806              	.Ldebug_abbrev0:
 807 0000 01       		.uleb128 0x1
 808 0001 11       		.uleb128 0x11
 809 0002 01       		.byte	0x1
 810 0003 25       		.uleb128 0x25
 811 0004 0E       		.uleb128 0xe
 812 0005 13       		.uleb128 0x13
 813 0006 0B       		.uleb128 0xb
 814 0007 03       		.uleb128 0x3
 815 0008 0E       		.uleb128 0xe
 816 0009 1B       		.uleb128 0x1b
 817 000a 0E       		.uleb128 0xe
 818 000b 55       		.uleb128 0x55
 819 000c 17       		.uleb128 0x17
 820 000d 11       		.uleb128 0x11
ARM GAS  C:\Users\kingi\AppData\Local\Temp\ccl4BkEk.s 			page 19


 821 000e 01       		.uleb128 0x1
 822 000f 10       		.uleb128 0x10
 823 0010 17       		.uleb128 0x17
 824 0011 00       		.byte	0
 825 0012 00       		.byte	0
 826 0013 02       		.uleb128 0x2
 827 0014 24       		.uleb128 0x24
 828 0015 00       		.byte	0
 829 0016 0B       		.uleb128 0xb
 830 0017 0B       		.uleb128 0xb
 831 0018 3E       		.uleb128 0x3e
 832 0019 0B       		.uleb128 0xb
 833 001a 03       		.uleb128 0x3
 834 001b 0E       		.uleb128 0xe
 835 001c 00       		.byte	0
 836 001d 00       		.byte	0
 837 001e 03       		.uleb128 0x3
 838 001f 16       		.uleb128 0x16
 839 0020 00       		.byte	0
 840 0021 03       		.uleb128 0x3
 841 0022 0E       		.uleb128 0xe
 842 0023 3A       		.uleb128 0x3a
 843 0024 0B       		.uleb128 0xb
 844 0025 3B       		.uleb128 0x3b
 845 0026 0B       		.uleb128 0xb
 846 0027 49       		.uleb128 0x49
 847 0028 13       		.uleb128 0x13
 848 0029 00       		.byte	0
 849 002a 00       		.byte	0
 850 002b 04       		.uleb128 0x4
 851 002c 24       		.uleb128 0x24
 852 002d 00       		.byte	0
 853 002e 0B       		.uleb128 0xb
 854 002f 0B       		.uleb128 0xb
 855 0030 3E       		.uleb128 0x3e
 856 0031 0B       		.uleb128 0xb
 857 0032 03       		.uleb128 0x3
 858 0033 08       		.uleb128 0x8
 859 0034 00       		.byte	0
 860 0035 00       		.byte	0
 861 0036 05       		.uleb128 0x5
 862 0037 16       		.uleb128 0x16
 863 0038 00       		.byte	0
 864 0039 03       		.uleb128 0x3
 865 003a 0E       		.uleb128 0xe
 866 003b 3A       		.uleb128 0x3a
 867 003c 0B       		.uleb128 0xb
 868 003d 3B       		.uleb128 0x3b
 869 003e 05       		.uleb128 0x5
 870 003f 49       		.uleb128 0x49
 871 0040 13       		.uleb128 0x13
 872 0041 00       		.byte	0
 873 0042 00       		.byte	0
 874 0043 06       		.uleb128 0x6
 875 0044 35       		.uleb128 0x35
 876 0045 00       		.byte	0
 877 0046 49       		.uleb128 0x49
ARM GAS  C:\Users\kingi\AppData\Local\Temp\ccl4BkEk.s 			page 20


 878 0047 13       		.uleb128 0x13
 879 0048 00       		.byte	0
 880 0049 00       		.byte	0
 881 004a 07       		.uleb128 0x7
 882 004b 2E       		.uleb128 0x2e
 883 004c 00       		.byte	0
 884 004d 3F       		.uleb128 0x3f
 885 004e 19       		.uleb128 0x19
 886 004f 03       		.uleb128 0x3
 887 0050 0E       		.uleb128 0xe
 888 0051 3A       		.uleb128 0x3a
 889 0052 0B       		.uleb128 0xb
 890 0053 3B       		.uleb128 0x3b
 891 0054 0B       		.uleb128 0xb
 892 0055 27       		.uleb128 0x27
 893 0056 19       		.uleb128 0x19
 894 0057 11       		.uleb128 0x11
 895 0058 01       		.uleb128 0x1
 896 0059 12       		.uleb128 0x12
 897 005a 06       		.uleb128 0x6
 898 005b 40       		.uleb128 0x40
 899 005c 18       		.uleb128 0x18
 900 005d 9742     		.uleb128 0x2117
 901 005f 19       		.uleb128 0x19
 902 0060 00       		.byte	0
 903 0061 00       		.byte	0
 904 0062 08       		.uleb128 0x8
 905 0063 2E       		.uleb128 0x2e
 906 0064 01       		.byte	0x1
 907 0065 3F       		.uleb128 0x3f
 908 0066 19       		.uleb128 0x19
 909 0067 03       		.uleb128 0x3
 910 0068 0E       		.uleb128 0xe
 911 0069 3A       		.uleb128 0x3a
 912 006a 0B       		.uleb128 0xb
 913 006b 3B       		.uleb128 0x3b
 914 006c 0B       		.uleb128 0xb
 915 006d 49       		.uleb128 0x49
 916 006e 13       		.uleb128 0x13
 917 006f 11       		.uleb128 0x11
 918 0070 01       		.uleb128 0x1
 919 0071 12       		.uleb128 0x12
 920 0072 06       		.uleb128 0x6
 921 0073 40       		.uleb128 0x40
 922 0074 18       		.uleb128 0x18
 923 0075 9642     		.uleb128 0x2116
 924 0077 19       		.uleb128 0x19
 925 0078 01       		.uleb128 0x1
 926 0079 13       		.uleb128 0x13
 927 007a 00       		.byte	0
 928 007b 00       		.byte	0
 929 007c 09       		.uleb128 0x9
 930 007d 34       		.uleb128 0x34
 931 007e 00       		.byte	0
 932 007f 03       		.uleb128 0x3
 933 0080 0E       		.uleb128 0xe
 934 0081 3A       		.uleb128 0x3a
ARM GAS  C:\Users\kingi\AppData\Local\Temp\ccl4BkEk.s 			page 21


 935 0082 0B       		.uleb128 0xb
 936 0083 3B       		.uleb128 0x3b
 937 0084 0B       		.uleb128 0xb
 938 0085 49       		.uleb128 0x49
 939 0086 13       		.uleb128 0x13
 940 0087 02       		.uleb128 0x2
 941 0088 18       		.uleb128 0x18
 942 0089 00       		.byte	0
 943 008a 00       		.byte	0
 944 008b 0A       		.uleb128 0xa
 945 008c 34       		.uleb128 0x34
 946 008d 00       		.byte	0
 947 008e 03       		.uleb128 0x3
 948 008f 08       		.uleb128 0x8
 949 0090 3A       		.uleb128 0x3a
 950 0091 0B       		.uleb128 0xb
 951 0092 3B       		.uleb128 0x3b
 952 0093 0B       		.uleb128 0xb
 953 0094 49       		.uleb128 0x49
 954 0095 13       		.uleb128 0x13
 955 0096 02       		.uleb128 0x2
 956 0097 18       		.uleb128 0x18
 957 0098 00       		.byte	0
 958 0099 00       		.byte	0
 959 009a 0B       		.uleb128 0xb
 960 009b 0B       		.uleb128 0xb
 961 009c 01       		.byte	0x1
 962 009d 11       		.uleb128 0x11
 963 009e 01       		.uleb128 0x1
 964 009f 12       		.uleb128 0x12
 965 00a0 06       		.uleb128 0x6
 966 00a1 00       		.byte	0
 967 00a2 00       		.byte	0
 968 00a3 0C       		.uleb128 0xc
 969 00a4 34       		.uleb128 0x34
 970 00a5 00       		.byte	0
 971 00a6 03       		.uleb128 0x3
 972 00a7 08       		.uleb128 0x8
 973 00a8 3A       		.uleb128 0x3a
 974 00a9 0B       		.uleb128 0xb
 975 00aa 3B       		.uleb128 0x3b
 976 00ab 0B       		.uleb128 0xb
 977 00ac 49       		.uleb128 0x49
 978 00ad 13       		.uleb128 0x13
 979 00ae 00       		.byte	0
 980 00af 00       		.byte	0
 981 00b0 0D       		.uleb128 0xd
 982 00b1 01       		.uleb128 0x1
 983 00b2 01       		.byte	0x1
 984 00b3 49       		.uleb128 0x49
 985 00b4 13       		.uleb128 0x13
 986 00b5 01       		.uleb128 0x1
 987 00b6 13       		.uleb128 0x13
 988 00b7 00       		.byte	0
 989 00b8 00       		.byte	0
 990 00b9 0E       		.uleb128 0xe
 991 00ba 21       		.uleb128 0x21
ARM GAS  C:\Users\kingi\AppData\Local\Temp\ccl4BkEk.s 			page 22


 992 00bb 00       		.byte	0
 993 00bc 49       		.uleb128 0x49
 994 00bd 13       		.uleb128 0x13
 995 00be 2F       		.uleb128 0x2f
 996 00bf 0B       		.uleb128 0xb
 997 00c0 00       		.byte	0
 998 00c1 00       		.byte	0
 999 00c2 0F       		.uleb128 0xf
 1000 00c3 34       		.uleb128 0x34
 1001 00c4 00       		.byte	0
 1002 00c5 03       		.uleb128 0x3
 1003 00c6 0E       		.uleb128 0xe
 1004 00c7 3A       		.uleb128 0x3a
 1005 00c8 0B       		.uleb128 0xb
 1006 00c9 3B       		.uleb128 0x3b
 1007 00ca 05       		.uleb128 0x5
 1008 00cb 49       		.uleb128 0x49
 1009 00cc 13       		.uleb128 0x13
 1010 00cd 3F       		.uleb128 0x3f
 1011 00ce 19       		.uleb128 0x19
 1012 00cf 3C       		.uleb128 0x3c
 1013 00d0 19       		.uleb128 0x19
 1014 00d1 00       		.byte	0
 1015 00d2 00       		.byte	0
 1016 00d3 10       		.uleb128 0x10
 1017 00d4 34       		.uleb128 0x34
 1018 00d5 00       		.byte	0
 1019 00d6 03       		.uleb128 0x3
 1020 00d7 0E       		.uleb128 0xe
 1021 00d8 3A       		.uleb128 0x3a
 1022 00d9 0B       		.uleb128 0xb
 1023 00da 3B       		.uleb128 0x3b
 1024 00db 0B       		.uleb128 0xb
 1025 00dc 49       		.uleb128 0x49
 1026 00dd 13       		.uleb128 0x13
 1027 00de 3F       		.uleb128 0x3f
 1028 00df 19       		.uleb128 0x19
 1029 00e0 3C       		.uleb128 0x3c
 1030 00e1 19       		.uleb128 0x19
 1031 00e2 00       		.byte	0
 1032 00e3 00       		.byte	0
 1033 00e4 11       		.uleb128 0x11
 1034 00e5 34       		.uleb128 0x34
 1035 00e6 00       		.byte	0
 1036 00e7 03       		.uleb128 0x3
 1037 00e8 0E       		.uleb128 0xe
 1038 00e9 3A       		.uleb128 0x3a
 1039 00ea 0B       		.uleb128 0xb
 1040 00eb 3B       		.uleb128 0x3b
 1041 00ec 0B       		.uleb128 0xb
 1042 00ed 49       		.uleb128 0x49
 1043 00ee 13       		.uleb128 0x13
 1044 00ef 3F       		.uleb128 0x3f
 1045 00f0 19       		.uleb128 0x19
 1046 00f1 02       		.uleb128 0x2
 1047 00f2 18       		.uleb128 0x18
 1048 00f3 00       		.byte	0
ARM GAS  C:\Users\kingi\AppData\Local\Temp\ccl4BkEk.s 			page 23


 1049 00f4 00       		.byte	0
 1050 00f5 00       		.byte	0
 1051              		.section	.debug_aranges,"",%progbits
 1052 0000 2C000000 		.4byte	0x2c
 1053 0004 0200     		.2byte	0x2
 1054 0006 00000000 		.4byte	.Ldebug_info0
 1055 000a 04       		.byte	0x4
 1056 000b 00       		.byte	0
 1057 000c 0000     		.2byte	0
 1058 000e 0000     		.2byte	0
 1059 0010 00000000 		.4byte	.LFB63
 1060 0014 2C000000 		.4byte	.LFE63-.LFB63
 1061 0018 00000000 		.4byte	.LFB64
 1062 001c 2C000000 		.4byte	.LFE64-.LFB64
 1063 0020 00000000 		.4byte	.LFB65
 1064 0024 B8020000 		.4byte	.LFE65-.LFB65
 1065 0028 00000000 		.4byte	0
 1066 002c 00000000 		.4byte	0
 1067              		.section	.debug_ranges,"",%progbits
 1068              	.Ldebug_ranges0:
 1069 0000 00000000 		.4byte	.LFB63
 1070 0004 2C000000 		.4byte	.LFE63
 1071 0008 00000000 		.4byte	.LFB64
 1072 000c 2C000000 		.4byte	.LFE64
 1073 0010 00000000 		.4byte	.LFB65
 1074 0014 B8020000 		.4byte	.LFE65
 1075 0018 00000000 		.4byte	0
 1076 001c 00000000 		.4byte	0
 1077              		.section	.debug_line,"",%progbits
 1078              	.Ldebug_line0:
 1079 0000 0C020000 		.section	.debug_str,"MS",%progbits,1
 1079      02006501 
 1079      00000201 
 1079      FB0E0D00 
 1079      01010101 
 1080              	.LASF18:
 1081 0000 72656731 		.ascii	"reg16\000"
 1081      3600
 1082              	.LASF9:
 1083 0006 5F5F696E 		.ascii	"__int32_t\000"
 1083      7433325F 
 1083      7400
 1084              	.LASF25:
 1085 0010 4144435F 		.ascii	"ADC_L\000"
 1085      4C00
 1086              	.LASF33:
 1087 0016 474E5520 		.ascii	"GNU C 4.9.3 20150303 (release) [ARM/embedded-4_9-br"
 1087      4320342E 
 1087      392E3320 
 1087      32303135 
 1087      30333033 
 1088 0049 616E6368 		.ascii	"anch revision 221220] -mcpu=cortex-m3 -mthumb -g -O"
 1088      20726576 
 1088      6973696F 
 1088      6E203232 
 1088      31323230 
 1089 007c 30202D66 		.ascii	"0 -ffunction-sections -ffat-lto-objects\000"
ARM GAS  C:\Users\kingi\AppData\Local\Temp\ccl4BkEk.s 			page 24


 1089      66756E63 
 1089      74696F6E 
 1089      2D736563 
 1089      74696F6E 
 1090              	.LASF35:
 1091 00a4 433A5C55 		.ascii	"C:\\Users\\kingi\\Desktop\\972057.cydsn\000"
 1091      73657273 
 1091      5C6B696E 
 1091      67695C44 
 1091      65736B74 
 1092              	.LASF26:
 1093 00c8 4144435F 		.ascii	"ADC_R\000"
 1093      5200
 1094              	.LASF34:
 1095 00ce 2E5C6D61 		.ascii	".\\main.c\000"
 1095      696E2E63 
 1095      00
 1096              	.LASF14:
 1097 00d7 666C6F61 		.ascii	"float\000"
 1097      7400
 1098              	.LASF20:
 1099 00dd 4144435F 		.ascii	"ADC_SAR_R_ISR_LOC\000"
 1099      5341525F 
 1099      525F4953 
 1099      525F4C4F 
 1099      4300
 1100              	.LASF1:
 1101 00ef 756E7369 		.ascii	"unsigned char\000"
 1101      676E6564 
 1101      20636861 
 1101      7200
 1102              	.LASF29:
 1103 00fd 64617461 		.ascii	"dataReady_L\000"
 1103      52656164 
 1103      795F4C00 
 1104              	.LASF16:
 1105 0109 63686172 		.ascii	"char8\000"
 1105      3800
 1106              	.LASF13:
 1107 010f 696E7431 		.ascii	"int16\000"
 1107      3600
 1108              	.LASF5:
 1109 0115 6C6F6E67 		.ascii	"long unsigned int\000"
 1109      20756E73 
 1109      69676E65 
 1109      6420696E 
 1109      7400
 1110              	.LASF22:
 1111 0127 74656D70 		.ascii	"temp\000"
 1111      00
 1112              	.LASF31:
 1113 012c 64617461 		.ascii	"dataReady_R\000"
 1113      52656164 
 1113      795F5200 
 1114              	.LASF24:
 1115 0138 49544D5F 		.ascii	"ITM_RxBuffer\000"
 1115      52784275 
ARM GAS  C:\Users\kingi\AppData\Local\Temp\ccl4BkEk.s 			page 25


 1115      66666572 
 1115      00
 1116              	.LASF15:
 1117 0145 646F7562 		.ascii	"double\000"
 1117      6C6500
 1118              	.LASF36:
 1119 014c 6D61696E 		.ascii	"main\000"
 1119      00
 1120              	.LASF12:
 1121 0151 75696E74 		.ascii	"uint16\000"
 1121      313600
 1122              	.LASF8:
 1123 0158 756E7369 		.ascii	"unsigned int\000"
 1123      676E6564 
 1123      20696E74 
 1123      00
 1124              	.LASF7:
 1125 0165 6C6F6E67 		.ascii	"long long unsigned int\000"
 1125      206C6F6E 
 1125      6720756E 
 1125      7369676E 
 1125      65642069 
 1126              	.LASF32:
 1127 017c 72657375 		.ascii	"result_R\000"
 1127      6C745F52 
 1127      00
 1128              	.LASF10:
 1129 0185 696E7433 		.ascii	"int32_t\000"
 1129      325F7400 
 1130              	.LASF19:
 1131 018d 73697A65 		.ascii	"sizetype\000"
 1131      74797065 
 1131      00
 1132              	.LASF6:
 1133 0196 6C6F6E67 		.ascii	"long long int\000"
 1133      206C6F6E 
 1133      6720696E 
 1133      7400
 1134              	.LASF27:
 1135 01a4 62696173 		.ascii	"bias\000"
 1135      00
 1136              	.LASF2:
 1137 01a9 73686F72 		.ascii	"short int\000"
 1137      7420696E 
 1137      7400
 1138              	.LASF23:
 1139 01b3 72657375 		.ascii	"resultStr\000"
 1139      6C745374 
 1139      7200
 1140              	.LASF28:
 1141 01bd 62756666 		.ascii	"buffer\000"
 1141      657200
 1142              	.LASF11:
 1143 01c4 75696E74 		.ascii	"uint8\000"
 1143      3800
 1144              	.LASF4:
 1145 01ca 6C6F6E67 		.ascii	"long int\000"
ARM GAS  C:\Users\kingi\AppData\Local\Temp\ccl4BkEk.s 			page 26


 1145      20696E74 
 1145      00
 1146              	.LASF17:
 1147 01d3 63686172 		.ascii	"char\000"
 1147      00
 1148              	.LASF0:
 1149 01d8 7369676E 		.ascii	"signed char\000"
 1149      65642063 
 1149      68617200 
 1150              	.LASF3:
 1151 01e4 73686F72 		.ascii	"short unsigned int\000"
 1151      7420756E 
 1151      7369676E 
 1151      65642069 
 1151      6E7400
 1152              	.LASF30:
 1153 01f7 72657375 		.ascii	"result_L\000"
 1153      6C745F4C 
 1153      00
 1154              	.LASF21:
 1155 0200 4144435F 		.ascii	"ADC_SAR_L_ISR_LOC\000"
 1155      5341525F 
 1155      4C5F4953 
 1155      525F4C4F 
 1155      4300
 1156              		.ident	"GCC: (GNU Tools for ARM Embedded Processors) 4.9.3 20150303 (release) [ARM/embedded-4_9-br
