--------------- Rebuild Started: 09/07/2017 17:36:40 Project: 962158, Configuration: ARM GCC 4.9-2015-q1-update Debug ---------------
Deleting file ".\ARM_GCC_493\Debug\main.o"
Deleting file ".\ARM_GCC_493\Debug\pid.o"
Deleting file ".\ARM_GCC_493\Debug\ServoMotor.o"
Deleting file ".\ARM_GCC_493\Debug\Bluetooth.o"
Deleting file ".\ARM_GCC_493\Debug\cyfitter_cfg.o"
Deleting file ".\ARM_GCC_493\Debug\cymetadata.o"
Deleting file ".\ARM_GCC_493\Debug\ADC_SAR_L.o"
Deleting file ".\ARM_GCC_493\Debug\ADC_SAR_L_INT.o"
Deleting file ".\ARM_GCC_493\Debug\ADC_SAR_L_PM.o"
Deleting file ".\ARM_GCC_493\Debug\LCD.o"
Deleting file ".\ARM_GCC_493\Debug\LCD_PM.o"
Deleting file ".\ARM_GCC_493\Debug\ADC_SAR_R.o"
Deleting file ".\ARM_GCC_493\Debug\ADC_SAR_R_INT.o"
Deleting file ".\ARM_GCC_493\Debug\ADC_SAR_R_PM.o"
Deleting file ".\ARM_GCC_493\Debug\UART_1.o"
Deleting file ".\ARM_GCC_493\Debug\UART_1_PM.o"
Deleting file ".\ARM_GCC_493\Debug\UART_1_INT.o"
Deleting file ".\ARM_GCC_493\Debug\UART_1_BOOT.o"
Deleting file ".\ARM_GCC_493\Debug\UART_2.o"
Deleting file ".\ARM_GCC_493\Debug\UART_2_PM.o"
Deleting file ".\ARM_GCC_493\Debug\UART_2_INT.o"
Deleting file ".\ARM_GCC_493\Debug\UART_2_BOOT.o"
Deleting file ".\ARM_GCC_493\Debug\UART_3.o"
Deleting file ".\ARM_GCC_493\Debug\UART_3_PM.o"
Deleting file ".\ARM_GCC_493\Debug\UART_3_INT.o"
Deleting file ".\ARM_GCC_493\Debug\UART_3_BOOT.o"
Deleting file ".\ARM_GCC_493\Debug\ADC_SAR_L_IRQ.o"
Deleting file ".\ARM_GCC_493\Debug\ADC_SAR_L_theACLK.o"
Deleting file ".\ARM_GCC_493\Debug\ADC_SAR_L_Bypass.o"
Deleting file ".\ARM_GCC_493\Debug\LCD_LCDPort.o"
Deleting file ".\ARM_GCC_493\Debug\ADC_SAR_R_IRQ.o"
Deleting file ".\ARM_GCC_493\Debug\ADC_SAR_R_theACLK.o"
Deleting file ".\ARM_GCC_493\Debug\UART_1_IntClock.o"
Deleting file ".\ARM_GCC_493\Debug\UART_2_IntClock.o"
Deleting file ".\ARM_GCC_493\Debug\UART_3_IntClock.o"
Deleting file ".\ARM_GCC_493\Debug\Cm3Start.o"
Deleting file ".\ARM_GCC_493\Debug\CyBootAsmGnu.o"
Deleting file ".\ARM_GCC_493\Debug\CyDmac.o"
Deleting file ".\ARM_GCC_493\Debug\CyFlash.o"
Deleting file ".\ARM_GCC_493\Debug\CyLib.o"
Deleting file ".\ARM_GCC_493\Debug\cyPm.o"
Deleting file ".\ARM_GCC_493\Debug\CySpc.o"
Deleting file ".\ARM_GCC_493\Debug\cyutils.o"
Deleting file ".\ARM_GCC_493\Debug\UART_4.o"
Deleting file ".\ARM_GCC_493\Debug\UART_4_PM.o"
Deleting file ".\ARM_GCC_493\Debug\UART_4_INT.o"
Deleting file ".\ARM_GCC_493\Debug\UART_4_BOOT.o"
Deleting file ".\ARM_GCC_493\Debug\UART_4_IntClock.o"
Deleting file ".\ARM_GCC_493\Debug\UART_5.o"
Deleting file ".\ARM_GCC_493\Debug\UART_5_PM.o"
Deleting file ".\ARM_GCC_493\Debug\UART_5_INT.o"
Deleting file ".\ARM_GCC_493\Debug\UART_5_BOOT.o"
Deleting file ".\ARM_GCC_493\Debug\RX.o"
Deleting file ".\ARM_GCC_493\Debug\UART_5_IntClock.o"
Deleting file ".\ARM_GCC_493\Debug\UART_6.o"
Deleting file ".\ARM_GCC_493\Debug\UART_6_PM.o"
Deleting file ".\ARM_GCC_493\Debug\UART_6_INT.o"
Deleting file ".\ARM_GCC_493\Debug\UART_6_BOOT.o"
Deleting file ".\ARM_GCC_493\Debug\RX_1.o"
Deleting file ".\ARM_GCC_493\Debug\UART_6_IntClock.o"
Deleting file ".\ARM_GCC_493\Debug\962158.hex"
Deleting file ".\ARM_GCC_493\Debug\962158.elf"
Deleting file ".\ARM_GCC_493\Debug\962158.map"
Deleting file ".\962158.cycdx"
Deleting file ".\962158.svd"
Deleting file ".\962158.rpt"
Deleting file ".\962158_timing.html"
Deleting file ".\ARM_GCC_493\Debug\.deps\C_FILE.P"
Deleting file ".\ARM_GCC_493\Debug\.deps\ARM_C_FILE.P"
Deleting file ".\ARM_GCC_493\Debug\.deps\GNU_ARM_ASM_FILE.P"
cydsfit.exe -.appdatapath "C:\Users\kingi\AppData\Local\Cypress Semiconductor\PSoC Creator\3.3" -.fdsnotice -.fdswarpdepfile=warp_dependencies.txt -.fdselabdepfile=elab_dependencies.txt -.fdsbldfile=generated_files.txt -p C:\Users\kingi\Desktop\962158.cydsn\962158.cyprj -d CY8C5868AXI-LP035 -s C:\Users\kingi\Desktop\962158.cydsn\Generated_Source\PSoC5 -- -yv2 -q10 -ygs -o2 -v3 -.fftcfgtype=LE
Elaborating Design...
HDL Generation ...
Synthesis ...
Place and Route ...
Tech mapping ...
Analog Placement ...
Analog Routing ...
Analog Code Generation ...
Digital Placement ...
Digital Routing ...
Bitstream Generation ...
Static timing analysis ...
API Generation ...
Dependency Generation ...
Clean Temporary Files ...
arm-none-eabi-gcc.exe -mcpu=cortex-m3 -mthumb -Wno-main -I. -IGenerated_Source\PSoC5 -Wa,-alh=.\ARM_GCC_493\Debug/main.lst -g -ffunction-sections -O0 -ffat-lto-objects -c .\main.c -o .\ARM_GCC_493\Debug\main.o
arm-none-eabi-gcc.exe -mcpu=cortex-m3 -mthumb -Wno-main -I. -IGenerated_Source\PSoC5 -Wa,-alh=.\ARM_GCC_493\Debug/pid.lst -g -ffunction-sections -O0 -ffat-lto-objects -c .\pid.c -o .\ARM_GCC_493\Debug\pid.o
arm-none-eabi-gcc.exe -mcpu=cortex-m3 -mthumb -Wno-main -I. -IGenerated_Source\PSoC5 -Wa,-alh=.\ARM_GCC_493\Debug/ServoMotor.lst -g -ffunction-sections -O0 -ffat-lto-objects -c .\ServoMotor.c -o .\ARM_GCC_493\Debug\ServoMotor.o
In file included from .\ServoMotor.c:3:0:
.\ServoMotor.c: In function 'SetServoMode':
.\ServoMotor.h:9:12: warning: large integer implicitly truncated to unsigned type [-Woverflow]
 #define ID (254)
            ^
.\ServoMotor.c:38:16: note: in expansion of macro 'ID'
     checksum = ID + 0x07 + 0x03 + 0x06 + 0x00 + 0xff + 0x03 + 0x00;
                ^
.\ServoMotor.c: In function 'SetMotorMode':
.\ServoMotor.h:9:12: warning: large integer implicitly truncated to unsigned type [-Woverflow]
 #define ID (254)
            ^
.\ServoMotor.c:64:16: note: in expansion of macro 'ID'
     checksum = ID + 0x07 + 0x03 + 0x06 + 0x00 + 0x00 + 0x00 + 0x00;
                ^
arm-none-eabi-gcc.exe -mcpu=cortex-m3 -mthumb -Wno-main -I. -IGenerated_Source\PSoC5 -Wa,-alh=.\ARM_GCC_493\Debug/Bluetooth.lst -g -ffunction-sections -O0 -ffat-lto-objects -c .\Bluetooth.c -o .\ARM_GCC_493\Debug\Bluetooth.o
arm-none-eabi-gcc.exe -mcpu=cortex-m3 -mthumb -Wno-main -I. -IGenerated_Source\PSoC5 -Wa,-alh=.\ARM_GCC_493\Debug/cyfitter_cfg.lst -g -ffunction-sections -O0 -ffat-lto-objects -c .\Generated_Source\PSoC5\cyfitter_cfg.c -o .\ARM_GCC_493\Debug\cyfitter_cfg.o
arm-none-eabi-gcc.exe -mcpu=cortex-m3 -mthumb -Wno-main -I. -IGenerated_Source\PSoC5 -Wa,-alh=.\ARM_GCC_493\Debug/cymetadata.lst -g -ffunction-sections -O0 -ffat-lto-objects -c .\Generated_Source\PSoC5\cymetadata.c -o .\ARM_GCC_493\Debug\cymetadata.o
arm-none-eabi-gcc.exe -mcpu=cortex-m3 -mthumb -Wno-main -I. -IGenerated_Source\PSoC5 -Wa,-alh=.\ARM_GCC_493\Debug/ADC_SAR_L.lst -g -ffunction-sections -O0 -ffat-lto-objects -c .\Generated_Source\PSoC5\ADC_SAR_L.c -o .\ARM_GCC_493\Debug\ADC_SAR_L.o
arm-none-eabi-gcc.exe -mcpu=cortex-m3 -mthumb -Wno-main -I. -IGenerated_Source\PSoC5 -Wa,-alh=.\ARM_GCC_493\Debug/ADC_SAR_L_INT.lst -g -ffunction-sections -O0 -ffat-lto-objects -c .\Generated_Source\PSoC5\ADC_SAR_L_INT.c -o .\ARM_GCC_493\Debug\ADC_SAR_L_INT.o
arm-none-eabi-gcc.exe -mcpu=cortex-m3 -mthumb -Wno-main -I. -IGenerated_Source\PSoC5 -Wa,-alh=.\ARM_GCC_493\Debug/ADC_SAR_L_PM.lst -g -ffunction-sections -O0 -ffat-lto-objects -c .\Generated_Source\PSoC5\ADC_SAR_L_PM.c -o .\ARM_GCC_493\Debug\ADC_SAR_L_PM.o
arm-none-eabi-gcc.exe -mcpu=cortex-m3 -mthumb -Wno-main -I. -IGenerated_Source\PSoC5 -Wa,-alh=.\ARM_GCC_493\Debug/LCD.lst -g -ffunction-sections -O0 -ffat-lto-objects -c .\Generated_Source\PSoC5\LCD.c -o .\ARM_GCC_493\Debug\LCD.o
arm-none-eabi-gcc.exe -mcpu=cortex-m3 -mthumb -Wno-main -I. -IGenerated_Source\PSoC5 -Wa,-alh=.\ARM_GCC_493\Debug/LCD_PM.lst -g -ffunction-sections -O0 -ffat-lto-objects -c .\Generated_Source\PSoC5\LCD_PM.c -o .\ARM_GCC_493\Debug\LCD_PM.o
arm-none-eabi-gcc.exe -mcpu=cortex-m3 -mthumb -Wno-main -I. -IGenerated_Source\PSoC5 -Wa,-alh=.\ARM_GCC_493\Debug/ADC_SAR_R.lst -g -ffunction-sections -O0 -ffat-lto-objects -c .\Generated_Source\PSoC5\ADC_SAR_R.c -o .\ARM_GCC_493\Debug\ADC_SAR_R.o
arm-none-eabi-gcc.exe -mcpu=cortex-m3 -mthumb -Wno-main -I. -IGenerated_Source\PSoC5 -Wa,-alh=.\ARM_GCC_493\Debug/ADC_SAR_R_INT.lst -g -ffunction-sections -O0 -ffat-lto-objects -c .\Generated_Source\PSoC5\ADC_SAR_R_INT.c -o .\ARM_GCC_493\Debug\ADC_SAR_R_INT.o
arm-none-eabi-gcc.exe -mcpu=cortex-m3 -mthumb -Wno-main -I. -IGenerated_Source\PSoC5 -Wa,-alh=.\ARM_GCC_493\Debug/ADC_SAR_R_PM.lst -g -ffunction-sections -O0 -ffat-lto-objects -c .\Generated_Source\PSoC5\ADC_SAR_R_PM.c -o .\ARM_GCC_493\Debug\ADC_SAR_R_PM.o
arm-none-eabi-gcc.exe -mcpu=cortex-m3 -mthumb -Wno-main -I. -IGenerated_Source\PSoC5 -Wa,-alh=.\ARM_GCC_493\Debug/UART_1.lst -g -ffunction-sections -O0 -ffat-lto-objects -c .\Generated_Source\PSoC5\UART_1.c -o .\ARM_GCC_493\Debug\UART_1.o
arm-none-eabi-gcc.exe -mcpu=cortex-m3 -mthumb -Wno-main -I. -IGenerated_Source\PSoC5 -Wa,-alh=.\ARM_GCC_493\Debug/UART_1_PM.lst -g -ffunction-sections -O0 -ffat-lto-objects -c .\Generated_Source\PSoC5\UART_1_PM.c -o .\ARM_GCC_493\Debug\UART_1_PM.o
arm-none-eabi-gcc.exe -mcpu=cortex-m3 -mthumb -Wno-main -I. -IGenerated_Source\PSoC5 -Wa,-alh=.\ARM_GCC_493\Debug/UART_1_INT.lst -g -ffunction-sections -O0 -ffat-lto-objects -c .\Generated_Source\PSoC5\UART_1_INT.c -o .\ARM_GCC_493\Debug\UART_1_INT.o
arm-none-eabi-gcc.exe -mcpu=cortex-m3 -mthumb -Wno-main -I. -IGenerated_Source\PSoC5 -Wa,-alh=.\ARM_GCC_493\Debug/UART_1_BOOT.lst -g -ffunction-sections -O0 -ffat-lto-objects -c .\Generated_Source\PSoC5\UART_1_BOOT.c -o .\ARM_GCC_493\Debug\UART_1_BOOT.o
arm-none-eabi-gcc.exe -mcpu=cortex-m3 -mthumb -Wno-main -I. -IGenerated_Source\PSoC5 -Wa,-alh=.\ARM_GCC_493\Debug/UART_2.lst -g -ffunction-sections -O0 -ffat-lto-objects -c .\Generated_Source\PSoC5\UART_2.c -o .\ARM_GCC_493\Debug\UART_2.o
arm-none-eabi-gcc.exe -mcpu=cortex-m3 -mthumb -Wno-main -I. -IGenerated_Source\PSoC5 -Wa,-alh=.\ARM_GCC_493\Debug/UART_2_PM.lst -g -ffunction-sections -O0 -ffat-lto-objects -c .\Generated_Source\PSoC5\UART_2_PM.c -o .\ARM_GCC_493\Debug\UART_2_PM.o
arm-none-eabi-gcc.exe -mcpu=cortex-m3 -mthumb -Wno-main -I. -IGenerated_Source\PSoC5 -Wa,-alh=.\ARM_GCC_493\Debug/UART_2_INT.lst -g -ffunction-sections -O0 -ffat-lto-objects -c .\Generated_Source\PSoC5\UART_2_INT.c -o .\ARM_GCC_493\Debug\UART_2_INT.o
arm-none-eabi-gcc.exe -mcpu=cortex-m3 -mthumb -Wno-main -I. -IGenerated_Source\PSoC5 -Wa,-alh=.\ARM_GCC_493\Debug/UART_2_BOOT.lst -g -ffunction-sections -O0 -ffat-lto-objects -c .\Generated_Source\PSoC5\UART_2_BOOT.c -o .\ARM_GCC_493\Debug\UART_2_BOOT.o
arm-none-eabi-gcc.exe -mcpu=cortex-m3 -mthumb -Wno-main -I. -IGenerated_Source\PSoC5 -Wa,-alh=.\ARM_GCC_493\Debug/UART_3.lst -g -ffunction-sections -O0 -ffat-lto-objects -c .\Generated_Source\PSoC5\UART_3.c -o .\ARM_GCC_493\Debug\UART_3.o
arm-none-eabi-gcc.exe -mcpu=cortex-m3 -mthumb -Wno-main -I. -IGenerated_Source\PSoC5 -Wa,-alh=.\ARM_GCC_493\Debug/UART_3_PM.lst -g -ffunction-sections -O0 -ffat-lto-objects -c .\Generated_Source\PSoC5\UART_3_PM.c -o .\ARM_GCC_493\Debug\UART_3_PM.o
arm-none-eabi-gcc.exe -mcpu=cortex-m3 -mthumb -Wno-main -I. -IGenerated_Source\PSoC5 -Wa,-alh=.\ARM_GCC_493\Debug/UART_3_INT.lst -g -ffunction-sections -O0 -ffat-lto-objects -c .\Generated_Source\PSoC5\UART_3_INT.c -o .\ARM_GCC_493\Debug\UART_3_INT.o
arm-none-eabi-gcc.exe -mcpu=cortex-m3 -mthumb -Wno-main -I. -IGenerated_Source\PSoC5 -Wa,-alh=.\ARM_GCC_493\Debug/UART_3_BOOT.lst -g -ffunction-sections -O0 -ffat-lto-objects -c .\Generated_Source\PSoC5\UART_3_BOOT.c -o .\ARM_GCC_493\Debug\UART_3_BOOT.o
arm-none-eabi-gcc.exe -mcpu=cortex-m3 -mthumb -Wno-main -I. -IGenerated_Source\PSoC5 -Wa,-alh=.\ARM_GCC_493\Debug/ADC_SAR_L_IRQ.lst -g -ffunction-sections -O0 -ffat-lto-objects -c .\Generated_Source\PSoC5\ADC_SAR_L_IRQ.c -o .\ARM_GCC_493\Debug\ADC_SAR_L_IRQ.o
arm-none-eabi-gcc.exe -mcpu=cortex-m3 -mthumb -Wno-main -I. -IGenerated_Source\PSoC5 -Wa,-alh=.\ARM_GCC_493\Debug/ADC_SAR_L_theACLK.lst -g -ffunction-sections -O0 -ffat-lto-objects -c .\Generated_Source\PSoC5\ADC_SAR_L_theACLK.c -o .\ARM_GCC_493\Debug\ADC_SAR_L_theACLK.o
arm-none-eabi-gcc.exe -mcpu=cortex-m3 -mthumb -Wno-main -I. -IGenerated_Source\PSoC5 -Wa,-alh=.\ARM_GCC_493\Debug/ADC_SAR_L_Bypass.lst -g -ffunction-sections -O0 -ffat-lto-objects -c .\Generated_Source\PSoC5\ADC_SAR_L_Bypass.c -o .\ARM_GCC_493\Debug\ADC_SAR_L_Bypass.o
arm-none-eabi-gcc.exe -mcpu=cortex-m3 -mthumb -Wno-main -I. -IGenerated_Source\PSoC5 -Wa,-alh=.\ARM_GCC_493\Debug/LCD_LCDPort.lst -g -ffunction-sections -O0 -ffat-lto-objects -c .\Generated_Source\PSoC5\LCD_LCDPort.c -o .\ARM_GCC_493\Debug\LCD_LCDPort.o
arm-none-eabi-gcc.exe -mcpu=cortex-m3 -mthumb -Wno-main -I. -IGenerated_Source\PSoC5 -Wa,-alh=.\ARM_GCC_493\Debug/ADC_SAR_R_IRQ.lst -g -ffunction-sections -O0 -ffat-lto-objects -c .\Generated_Source\PSoC5\ADC_SAR_R_IRQ.c -o .\ARM_GCC_493\Debug\ADC_SAR_R_IRQ.o
arm-none-eabi-gcc.exe -mcpu=cortex-m3 -mthumb -Wno-main -I. -IGenerated_Source\PSoC5 -Wa,-alh=.\ARM_GCC_493\Debug/ADC_SAR_R_theACLK.lst -g -ffunction-sections -O0 -ffat-lto-objects -c .\Generated_Source\PSoC5\ADC_SAR_R_theACLK.c -o .\ARM_GCC_493\Debug\ADC_SAR_R_theACLK.o
arm-none-eabi-gcc.exe -mcpu=cortex-m3 -mthumb -Wno-main -I. -IGenerated_Source\PSoC5 -Wa,-alh=.\ARM_GCC_493\Debug/UART_1_IntClock.lst -g -ffunction-sections -O0 -ffat-lto-objects -c .\Generated_Source\PSoC5\UART_1_IntClock.c -o .\ARM_GCC_493\Debug\UART_1_IntClock.o
arm-none-eabi-gcc.exe -mcpu=cortex-m3 -mthumb -Wno-main -I. -IGenerated_Source\PSoC5 -Wa,-alh=.\ARM_GCC_493\Debug/UART_2_IntClock.lst -g -ffunction-sections -O0 -ffat-lto-objects -c .\Generated_Source\PSoC5\UART_2_IntClock.c -o .\ARM_GCC_493\Debug\UART_2_IntClock.o
arm-none-eabi-gcc.exe -mcpu=cortex-m3 -mthumb -Wno-main -I. -IGenerated_Source\PSoC5 -Wa,-alh=.\ARM_GCC_493\Debug/UART_3_IntClock.lst -g -ffunction-sections -O0 -ffat-lto-objects -c .\Generated_Source\PSoC5\UART_3_IntClock.c -o .\ARM_GCC_493\Debug\UART_3_IntClock.o
arm-none-eabi-gcc.exe -mcpu=cortex-m3 -mthumb -Wno-main -I. -IGenerated_Source\PSoC5 -Wa,-alh=.\ARM_GCC_493\Debug/Cm3Start.lst -g -ffunction-sections -O0 -ffat-lto-objects -c .\Generated_Source\PSoC5\Cm3Start.c -o .\ARM_GCC_493\Debug\Cm3Start.o
arm-none-eabi-as.exe -mcpu=cortex-m3 -mthumb -I. -IGenerated_Source\PSoC5 -alh=.\ARM_GCC_493\Debug/CyBootAsmGnu.lst -g -o .\ARM_GCC_493\Debug\CyBootAsmGnu.o .\Generated_Source\PSoC5\CyBootAsmGnu.s
arm-none-eabi-gcc.exe -mcpu=cortex-m3 -mthumb -Wno-main -I. -IGenerated_Source\PSoC5 -Wa,-alh=.\ARM_GCC_493\Debug/CyDmac.lst -g -ffunction-sections -O0 -ffat-lto-objects -c .\Generated_Source\PSoC5\CyDmac.c -o .\ARM_GCC_493\Debug\CyDmac.o
arm-none-eabi-gcc.exe -mcpu=cortex-m3 -mthumb -Wno-main -I. -IGenerated_Source\PSoC5 -Wa,-alh=.\ARM_GCC_493\Debug/CyFlash.lst -g -ffunction-sections -O0 -ffat-lto-objects -c .\Generated_Source\PSoC5\CyFlash.c -o .\ARM_GCC_493\Debug\CyFlash.o
arm-none-eabi-gcc.exe -mcpu=cortex-m3 -mthumb -Wno-main -I. -IGenerated_Source\PSoC5 -Wa,-alh=.\ARM_GCC_493\Debug/CyLib.lst -g -ffunction-sections -O0 -ffat-lto-objects -c .\Generated_Source\PSoC5\CyLib.c -o .\ARM_GCC_493\Debug\CyLib.o
arm-none-eabi-gcc.exe -mcpu=cortex-m3 -mthumb -Wno-main -I. -IGenerated_Source\PSoC5 -Wa,-alh=.\ARM_GCC_493\Debug/cyPm.lst -g -ffunction-sections -O0 -ffat-lto-objects -c .\Generated_Source\PSoC5\cyPm.c -o .\ARM_GCC_493\Debug\cyPm.o
arm-none-eabi-gcc.exe -mcpu=cortex-m3 -mthumb -Wno-main -I. -IGenerated_Source\PSoC5 -Wa,-alh=.\ARM_GCC_493\Debug/CySpc.lst -g -ffunction-sections -O0 -ffat-lto-objects -c .\Generated_Source\PSoC5\CySpc.c -o .\ARM_GCC_493\Debug\CySpc.o
arm-none-eabi-gcc.exe -mcpu=cortex-m3 -mthumb -Wno-main -I. -IGenerated_Source\PSoC5 -Wa,-alh=.\ARM_GCC_493\Debug/cyutils.lst -g -ffunction-sections -O0 -ffat-lto-objects -c .\Generated_Source\PSoC5\cyutils.c -o .\ARM_GCC_493\Debug\cyutils.o
arm-none-eabi-gcc.exe -mcpu=cortex-m3 -mthumb -Wno-main -I. -IGenerated_Source\PSoC5 -Wa,-alh=.\ARM_GCC_493\Debug/UART_4.lst -g -ffunction-sections -O0 -ffat-lto-objects -c .\Generated_Source\PSoC5\UART_4.c -o .\ARM_GCC_493\Debug\UART_4.o
arm-none-eabi-gcc.exe -mcpu=cortex-m3 -mthumb -Wno-main -I. -IGenerated_Source\PSoC5 -Wa,-alh=.\ARM_GCC_493\Debug/UART_4_PM.lst -g -ffunction-sections -O0 -ffat-lto-objects -c .\Generated_Source\PSoC5\UART_4_PM.c -o .\ARM_GCC_493\Debug\UART_4_PM.o
arm-none-eabi-gcc.exe -mcpu=cortex-m3 -mthumb -Wno-main -I. -IGenerated_Source\PSoC5 -Wa,-alh=.\ARM_GCC_493\Debug/UART_4_INT.lst -g -ffunction-sections -O0 -ffat-lto-objects -c .\Generated_Source\PSoC5\UART_4_INT.c -o .\ARM_GCC_493\Debug\UART_4_INT.o
arm-none-eabi-gcc.exe -mcpu=cortex-m3 -mthumb -Wno-main -I. -IGenerated_Source\PSoC5 -Wa,-alh=.\ARM_GCC_493\Debug/UART_4_BOOT.lst -g -ffunction-sections -O0 -ffat-lto-objects -c .\Generated_Source\PSoC5\UART_4_BOOT.c -o .\ARM_GCC_493\Debug\UART_4_BOOT.o
arm-none-eabi-gcc.exe -mcpu=cortex-m3 -mthumb -Wno-main -I. -IGenerated_Source\PSoC5 -Wa,-alh=.\ARM_GCC_493\Debug/UART_4_IntClock.lst -g -ffunction-sections -O0 -ffat-lto-objects -c .\Generated_Source\PSoC5\UART_4_IntClock.c -o .\ARM_GCC_493\Debug\UART_4_IntClock.o
arm-none-eabi-gcc.exe -mcpu=cortex-m3 -mthumb -Wno-main -I. -IGenerated_Source\PSoC5 -Wa,-alh=.\ARM_GCC_493\Debug/UART_5.lst -g -ffunction-sections -O0 -ffat-lto-objects -c .\Generated_Source\PSoC5\UART_5.c -o .\ARM_GCC_493\Debug\UART_5.o
arm-none-eabi-gcc.exe -mcpu=cortex-m3 -mthumb -Wno-main -I. -IGenerated_Source\PSoC5 -Wa,-alh=.\ARM_GCC_493\Debug/UART_5_PM.lst -g -ffunction-sections -O0 -ffat-lto-objects -c .\Generated_Source\PSoC5\UART_5_PM.c -o .\ARM_GCC_493\Debug\UART_5_PM.o
arm-none-eabi-gcc.exe -mcpu=cortex-m3 -mthumb -Wno-main -I. -IGenerated_Source\PSoC5 -Wa,-alh=.\ARM_GCC_493\Debug/UART_5_INT.lst -g -ffunction-sections -O0 -ffat-lto-objects -c .\Generated_Source\PSoC5\UART_5_INT.c -o .\ARM_GCC_493\Debug\UART_5_INT.o
arm-none-eabi-gcc.exe -mcpu=cortex-m3 -mthumb -Wno-main -I. -IGenerated_Source\PSoC5 -Wa,-alh=.\ARM_GCC_493\Debug/UART_5_BOOT.lst -g -ffunction-sections -O0 -ffat-lto-objects -c .\Generated_Source\PSoC5\UART_5_BOOT.c -o .\ARM_GCC_493\Debug\UART_5_BOOT.o
arm-none-eabi-gcc.exe -mcpu=cortex-m3 -mthumb -Wno-main -I. -IGenerated_Source\PSoC5 -Wa,-alh=.\ARM_GCC_493\Debug/RX.lst -g -ffunction-sections -O0 -ffat-lto-objects -c .\Generated_Source\PSoC5\RX.c -o .\ARM_GCC_493\Debug\RX.o
arm-none-eabi-gcc.exe -mcpu=cortex-m3 -mthumb -Wno-main -I. -IGenerated_Source\PSoC5 -Wa,-alh=.\ARM_GCC_493\Debug/UART_5_IntClock.lst -g -ffunction-sections -O0 -ffat-lto-objects -c .\Generated_Source\PSoC5\UART_5_IntClock.c -o .\ARM_GCC_493\Debug\UART_5_IntClock.o
arm-none-eabi-gcc.exe -mcpu=cortex-m3 -mthumb -Wno-main -I. -IGenerated_Source\PSoC5 -Wa,-alh=.\ARM_GCC_493\Debug/UART_6.lst -g -ffunction-sections -O0 -ffat-lto-objects -c .\Generated_Source\PSoC5\UART_6.c -o .\ARM_GCC_493\Debug\UART_6.o
arm-none-eabi-gcc.exe -mcpu=cortex-m3 -mthumb -Wno-main -I. -IGenerated_Source\PSoC5 -Wa,-alh=.\ARM_GCC_493\Debug/UART_6_PM.lst -g -ffunction-sections -O0 -ffat-lto-objects -c .\Generated_Source\PSoC5\UART_6_PM.c -o .\ARM_GCC_493\Debug\UART_6_PM.o
arm-none-eabi-gcc.exe -mcpu=cortex-m3 -mthumb -Wno-main -I. -IGenerated_Source\PSoC5 -Wa,-alh=.\ARM_GCC_493\Debug/UART_6_INT.lst -g -ffunction-sections -O0 -ffat-lto-objects -c .\Generated_Source\PSoC5\UART_6_INT.c -o .\ARM_GCC_493\Debug\UART_6_INT.o
arm-none-eabi-gcc.exe -mcpu=cortex-m3 -mthumb -Wno-main -I. -IGenerated_Source\PSoC5 -Wa,-alh=.\ARM_GCC_493\Debug/UART_6_BOOT.lst -g -ffunction-sections -O0 -ffat-lto-objects -c .\Generated_Source\PSoC5\UART_6_BOOT.c -o .\ARM_GCC_493\Debug\UART_6_BOOT.o
arm-none-eabi-gcc.exe -mcpu=cortex-m3 -mthumb -Wno-main -I. -IGenerated_Source\PSoC5 -Wa,-alh=.\ARM_GCC_493\Debug/RX_1.lst -g -ffunction-sections -O0 -ffat-lto-objects -c .\Generated_Source\PSoC5\RX_1.c -o .\ARM_GCC_493\Debug\RX_1.o
arm-none-eabi-gcc.exe -mcpu=cortex-m3 -mthumb -Wno-main -I. -IGenerated_Source\PSoC5 -Wa,-alh=.\ARM_GCC_493\Debug/UART_6_IntClock.lst -g -ffunction-sections -O0 -ffat-lto-objects -c .\Generated_Source\PSoC5\UART_6_IntClock.c -o .\ARM_GCC_493\Debug\UART_6_IntClock.o
arm-none-eabi-ar.exe -rs .\ARM_GCC_493\Debug\962158.a .\ARM_GCC_493\Debug\cyfitter_cfg.o .\ARM_GCC_493\Debug\ADC_SAR_L.o .\ARM_GCC_493\Debug\ADC_SAR_L_INT.o .\ARM_GCC_493\Debug\ADC_SAR_L_PM.o .\ARM_GCC_493\Debug\LCD.o .\ARM_GCC_493\Debug\LCD_PM.o .\ARM_GCC_493\Debug\ADC_SAR_R.o .\ARM_GCC_493\Debug\ADC_SAR_R_INT.o .\ARM_GCC_493\Debug\ADC_SAR_R_PM.o .\ARM_GCC_493\Debug\UART_1.o .\ARM_GCC_493\Debug\UART_1_PM.o .\ARM_GCC_493\Debug\UART_1_INT.o .\ARM_GCC_493\Debug\UART_1_BOOT.o .\ARM_GCC_493\Debug\UART_2.o .\ARM_GCC_493\Debug\UART_2_PM.o .\ARM_GCC_493\Debug\UART_2_INT.o .\ARM_GCC_493\Debug\UART_2_BOOT.o .\ARM_GCC_493\Debug\UART_3.o .\ARM_GCC_493\Debug\UART_3_PM.o .\ARM_GCC_493\Debug\UART_3_INT.o .\ARM_GCC_493\Debug\UART_3_BOOT.o .\ARM_GCC_493\Debug\ADC_SAR_L_IRQ.o .\ARM_GCC_493\Debug\ADC_SAR_L_theACLK.o .\ARM_GCC_493\Debug\ADC_SAR_L_Bypass.o .\ARM_GCC_493\Debug\LCD_LCDPort.o .\ARM_GCC_493\Debug\ADC_SAR_R_IRQ.o .\ARM_GCC_493\Debug\ADC_SAR_R_theACLK.o .\ARM_GCC_493\Debug\UART_1_IntClock.o .\ARM_GCC_493\Debug\UART_2_IntClock.o .\ARM_GCC_493\Debug\UART_3_IntClock.o .\ARM_GCC_493\Debug\CyBootAsmGnu.o .\ARM_GCC_493\Debug\CyDmac.o .\ARM_GCC_493\Debug\CyFlash.o .\ARM_GCC_493\Debug\CyLib.o .\ARM_GCC_493\Debug\cyPm.o .\ARM_GCC_493\Debug\CySpc.o .\ARM_GCC_493\Debug\cyutils.o .\ARM_GCC_493\Debug\UART_4.o .\ARM_GCC_493\Debug\UART_4_PM.o .\ARM_GCC_493\Debug\UART_4_INT.o .\ARM_GCC_493\Debug\UART_4_BOOT.o .\ARM_GCC_493\Debug\UART_4_IntClock.o .\ARM_GCC_493\Debug\UART_5.o .\ARM_GCC_493\Debug\UART_5_PM.o .\ARM_GCC_493\Debug\UART_5_INT.o .\ARM_GCC_493\Debug\UART_5_BOOT.o .\ARM_GCC_493\Debug\RX.o .\ARM_GCC_493\Debug\UART_5_IntClock.o .\ARM_GCC_493\Debug\UART_6.o .\ARM_GCC_493\Debug\UART_6_PM.o .\ARM_GCC_493\Debug\UART_6_INT.o .\ARM_GCC_493\Debug\UART_6_BOOT.o .\ARM_GCC_493\Debug\RX_1.o .\ARM_GCC_493\Debug\UART_6_IntClock.o
arm-none-eabi-ar.exe: creating .\ARM_GCC_493\Debug\962158.a
arm-none-eabi-gcc.exe -Wl,--start-group -o .\ARM_GCC_493\Debug\962158.elf .\ARM_GCC_493\Debug\main.o .\ARM_GCC_493\Debug\pid.o .\ARM_GCC_493\Debug\ServoMotor.o .\ARM_GCC_493\Debug\Bluetooth.o .\ARM_GCC_493\Debug\cymetadata.o .\ARM_GCC_493\Debug\Cm3Start.o .\ARM_GCC_493\Debug\962158.a "C:\Program Files (x86)\Cypress\PSoC Creator\3.3\PSoC Creator\psoc\content\cycomponentlibrary\CyComponentLibrary.cylib\CortexM3\ARM_GCC_493\Debug\CyComponentLibrary.a" -mcpu=cortex-m3 -mthumb -g -ffunction-sections -O0 -L Generated_Source\PSoC5 -Wl,-Map,.\ARM_GCC_493\Debug/962158.map -T Generated_Source\PSoC5\cm3gcc.ld -specs=nano.specs -Wl,--gc-sections -Wl,--end-group
cyelftool.exe -C C:\Users\kingi\Desktop\962158.cydsn\ARM_GCC_493\Debug\962158.elf --flash_row_size 256 --flash_size 262144
cyelftool.exe -S C:\Users\kingi\Desktop\962158.cydsn\ARM_GCC_493\Debug\962158.elf
Flash used: 26624 of 262144 bytes (10.2%).
SRAM used: 3469 of 65536 bytes (5.3%). Stack: 2048 bytes. Heap: 512 bytes.
--------------- Rebuild Succeeded: 09/07/2017 17:37:06 ---------------
