ARM GAS  C:\Users\kingi\AppData\Local\Temp\cc1P2O1v.s 			page 1


   1              		.syntax unified
   2              		.cpu cortex-m3
   3              		.fpu softvfp
   4              		.eabi_attribute 20, 1
   5              		.eabi_attribute 21, 1
   6              		.eabi_attribute 23, 3
   7              		.eabi_attribute 24, 1
   8              		.eabi_attribute 25, 1
   9              		.eabi_attribute 26, 1
  10              		.eabi_attribute 30, 6
  11              		.eabi_attribute 34, 1
  12              		.eabi_attribute 18, 4
  13              		.thumb
  14              		.file	"UART_3_INT.c"
  15              		.text
  16              	.Ltext0:
  17              		.cfi_sections	.debug_frame
  18              		.section	.text.UART_3_TXISR,"ax",%progbits
  19              		.align	2
  20              		.global	UART_3_TXISR
  21              		.thumb
  22              		.thumb_func
  23              		.type	UART_3_TXISR, %function
  24              	UART_3_TXISR:
  25              	.LFB0:
  26              		.file 1 ".\\Generated_Source\\PSoC5\\UART_3_INT.c"
   1:.\Generated_Source\PSoC5/UART_3_INT.c **** /*******************************************************************************
   2:.\Generated_Source\PSoC5/UART_3_INT.c **** * File Name: UART_3INT.c
   3:.\Generated_Source\PSoC5/UART_3_INT.c **** * Version 2.50
   4:.\Generated_Source\PSoC5/UART_3_INT.c **** *
   5:.\Generated_Source\PSoC5/UART_3_INT.c **** * Description:
   6:.\Generated_Source\PSoC5/UART_3_INT.c **** *  This file provides all Interrupt Service functionality of the UART component
   7:.\Generated_Source\PSoC5/UART_3_INT.c **** *
   8:.\Generated_Source\PSoC5/UART_3_INT.c **** ********************************************************************************
   9:.\Generated_Source\PSoC5/UART_3_INT.c **** * Copyright 2008-2015, Cypress Semiconductor Corporation.  All rights reserved.
  10:.\Generated_Source\PSoC5/UART_3_INT.c **** * You may use this file only in accordance with the license, terms, conditions,
  11:.\Generated_Source\PSoC5/UART_3_INT.c **** * disclaimers, and limitations in the end user license agreement accompanying
  12:.\Generated_Source\PSoC5/UART_3_INT.c **** * the software package with which this file was provided.
  13:.\Generated_Source\PSoC5/UART_3_INT.c **** *******************************************************************************/
  14:.\Generated_Source\PSoC5/UART_3_INT.c **** 
  15:.\Generated_Source\PSoC5/UART_3_INT.c **** #include "UART_3.h"
  16:.\Generated_Source\PSoC5/UART_3_INT.c **** #include "cyapicallbacks.h"
  17:.\Generated_Source\PSoC5/UART_3_INT.c **** 
  18:.\Generated_Source\PSoC5/UART_3_INT.c **** 
  19:.\Generated_Source\PSoC5/UART_3_INT.c **** /***************************************
  20:.\Generated_Source\PSoC5/UART_3_INT.c **** * Custom Declarations
  21:.\Generated_Source\PSoC5/UART_3_INT.c **** ***************************************/
  22:.\Generated_Source\PSoC5/UART_3_INT.c **** /* `#START CUSTOM_DECLARATIONS` Place your declaration here */
  23:.\Generated_Source\PSoC5/UART_3_INT.c **** 
  24:.\Generated_Source\PSoC5/UART_3_INT.c **** /* `#END` */
  25:.\Generated_Source\PSoC5/UART_3_INT.c **** 
  26:.\Generated_Source\PSoC5/UART_3_INT.c **** #if (UART_3_RX_INTERRUPT_ENABLED && (UART_3_RX_ENABLED || UART_3_HD_ENABLED))
  27:.\Generated_Source\PSoC5/UART_3_INT.c ****     /*******************************************************************************
  28:.\Generated_Source\PSoC5/UART_3_INT.c ****     * Function Name: UART_3_RXISR
  29:.\Generated_Source\PSoC5/UART_3_INT.c ****     ********************************************************************************
  30:.\Generated_Source\PSoC5/UART_3_INT.c ****     *
  31:.\Generated_Source\PSoC5/UART_3_INT.c ****     * Summary:
ARM GAS  C:\Users\kingi\AppData\Local\Temp\cc1P2O1v.s 			page 2


  32:.\Generated_Source\PSoC5/UART_3_INT.c ****     *  Interrupt Service Routine for RX portion of the UART
  33:.\Generated_Source\PSoC5/UART_3_INT.c ****     *
  34:.\Generated_Source\PSoC5/UART_3_INT.c ****     * Parameters:
  35:.\Generated_Source\PSoC5/UART_3_INT.c ****     *  None.
  36:.\Generated_Source\PSoC5/UART_3_INT.c ****     *
  37:.\Generated_Source\PSoC5/UART_3_INT.c ****     * Return:
  38:.\Generated_Source\PSoC5/UART_3_INT.c ****     *  None.
  39:.\Generated_Source\PSoC5/UART_3_INT.c ****     *
  40:.\Generated_Source\PSoC5/UART_3_INT.c ****     * Global Variables:
  41:.\Generated_Source\PSoC5/UART_3_INT.c ****     *  UART_3_rxBuffer - RAM buffer pointer for save received data.
  42:.\Generated_Source\PSoC5/UART_3_INT.c ****     *  UART_3_rxBufferWrite - cyclic index for write to rxBuffer,
  43:.\Generated_Source\PSoC5/UART_3_INT.c ****     *     increments after each byte saved to buffer.
  44:.\Generated_Source\PSoC5/UART_3_INT.c ****     *  UART_3_rxBufferRead - cyclic index for read from rxBuffer,
  45:.\Generated_Source\PSoC5/UART_3_INT.c ****     *     checked to detect overflow condition.
  46:.\Generated_Source\PSoC5/UART_3_INT.c ****     *  UART_3_rxBufferOverflow - software overflow flag. Set to one
  47:.\Generated_Source\PSoC5/UART_3_INT.c ****     *     when UART_3_rxBufferWrite index overtakes
  48:.\Generated_Source\PSoC5/UART_3_INT.c ****     *     UART_3_rxBufferRead index.
  49:.\Generated_Source\PSoC5/UART_3_INT.c ****     *  UART_3_rxBufferLoopDetect - additional variable to detect overflow.
  50:.\Generated_Source\PSoC5/UART_3_INT.c ****     *     Set to one when UART_3_rxBufferWrite is equal to
  51:.\Generated_Source\PSoC5/UART_3_INT.c ****     *    UART_3_rxBufferRead
  52:.\Generated_Source\PSoC5/UART_3_INT.c ****     *  UART_3_rxAddressMode - this variable contains the Address mode,
  53:.\Generated_Source\PSoC5/UART_3_INT.c ****     *     selected in customizer or set by UART_SetRxAddressMode() API.
  54:.\Generated_Source\PSoC5/UART_3_INT.c ****     *  UART_3_rxAddressDetected - set to 1 when correct address received,
  55:.\Generated_Source\PSoC5/UART_3_INT.c ****     *     and analysed to store following addressed data bytes to the buffer.
  56:.\Generated_Source\PSoC5/UART_3_INT.c ****     *     When not correct address received, set to 0 to skip following data bytes.
  57:.\Generated_Source\PSoC5/UART_3_INT.c ****     *
  58:.\Generated_Source\PSoC5/UART_3_INT.c ****     *******************************************************************************/
  59:.\Generated_Source\PSoC5/UART_3_INT.c ****     CY_ISR(UART_3_RXISR)
  60:.\Generated_Source\PSoC5/UART_3_INT.c ****     {
  61:.\Generated_Source\PSoC5/UART_3_INT.c ****         uint8 readData;
  62:.\Generated_Source\PSoC5/UART_3_INT.c ****         uint8 readStatus;
  63:.\Generated_Source\PSoC5/UART_3_INT.c ****         uint8 increment_pointer = 0u;
  64:.\Generated_Source\PSoC5/UART_3_INT.c **** 
  65:.\Generated_Source\PSoC5/UART_3_INT.c ****     #if(CY_PSOC3)
  66:.\Generated_Source\PSoC5/UART_3_INT.c ****         uint8 int_en;
  67:.\Generated_Source\PSoC5/UART_3_INT.c ****     #endif /* (CY_PSOC3) */
  68:.\Generated_Source\PSoC5/UART_3_INT.c **** 
  69:.\Generated_Source\PSoC5/UART_3_INT.c ****     #ifdef UART_3_RXISR_ENTRY_CALLBACK
  70:.\Generated_Source\PSoC5/UART_3_INT.c ****         UART_3_RXISR_EntryCallback();
  71:.\Generated_Source\PSoC5/UART_3_INT.c ****     #endif /* UART_3_RXISR_ENTRY_CALLBACK */
  72:.\Generated_Source\PSoC5/UART_3_INT.c **** 
  73:.\Generated_Source\PSoC5/UART_3_INT.c ****         /* User code required at start of ISR */
  74:.\Generated_Source\PSoC5/UART_3_INT.c ****         /* `#START UART_3_RXISR_START` */
  75:.\Generated_Source\PSoC5/UART_3_INT.c **** 
  76:.\Generated_Source\PSoC5/UART_3_INT.c ****         /* `#END` */
  77:.\Generated_Source\PSoC5/UART_3_INT.c **** 
  78:.\Generated_Source\PSoC5/UART_3_INT.c ****     #if(CY_PSOC3)   /* Make sure nested interrupt is enabled */
  79:.\Generated_Source\PSoC5/UART_3_INT.c ****         int_en = EA;
  80:.\Generated_Source\PSoC5/UART_3_INT.c ****         CyGlobalIntEnable;
  81:.\Generated_Source\PSoC5/UART_3_INT.c ****     #endif /* (CY_PSOC3) */
  82:.\Generated_Source\PSoC5/UART_3_INT.c **** 
  83:.\Generated_Source\PSoC5/UART_3_INT.c ****         do
  84:.\Generated_Source\PSoC5/UART_3_INT.c ****         {
  85:.\Generated_Source\PSoC5/UART_3_INT.c ****             /* Read receiver status register */
  86:.\Generated_Source\PSoC5/UART_3_INT.c ****             readStatus = UART_3_RXSTATUS_REG;
  87:.\Generated_Source\PSoC5/UART_3_INT.c ****             /* Copy the same status to readData variable for backward compatibility support 
  88:.\Generated_Source\PSoC5/UART_3_INT.c ****             *  of the user code in UART_3_RXISR_ERROR` section. 
ARM GAS  C:\Users\kingi\AppData\Local\Temp\cc1P2O1v.s 			page 3


  89:.\Generated_Source\PSoC5/UART_3_INT.c ****             */
  90:.\Generated_Source\PSoC5/UART_3_INT.c ****             readData = readStatus;
  91:.\Generated_Source\PSoC5/UART_3_INT.c **** 
  92:.\Generated_Source\PSoC5/UART_3_INT.c ****             if((readStatus & (UART_3_RX_STS_BREAK | 
  93:.\Generated_Source\PSoC5/UART_3_INT.c ****                             UART_3_RX_STS_PAR_ERROR |
  94:.\Generated_Source\PSoC5/UART_3_INT.c ****                             UART_3_RX_STS_STOP_ERROR | 
  95:.\Generated_Source\PSoC5/UART_3_INT.c ****                             UART_3_RX_STS_OVERRUN)) != 0u)
  96:.\Generated_Source\PSoC5/UART_3_INT.c ****             {
  97:.\Generated_Source\PSoC5/UART_3_INT.c ****                 /* ERROR handling. */
  98:.\Generated_Source\PSoC5/UART_3_INT.c ****                 UART_3_errorStatus |= readStatus & ( UART_3_RX_STS_BREAK | 
  99:.\Generated_Source\PSoC5/UART_3_INT.c ****                                                             UART_3_RX_STS_PAR_ERROR | 
 100:.\Generated_Source\PSoC5/UART_3_INT.c ****                                                             UART_3_RX_STS_STOP_ERROR | 
 101:.\Generated_Source\PSoC5/UART_3_INT.c ****                                                             UART_3_RX_STS_OVERRUN);
 102:.\Generated_Source\PSoC5/UART_3_INT.c ****                 /* `#START UART_3_RXISR_ERROR` */
 103:.\Generated_Source\PSoC5/UART_3_INT.c **** 
 104:.\Generated_Source\PSoC5/UART_3_INT.c ****                 /* `#END` */
 105:.\Generated_Source\PSoC5/UART_3_INT.c ****                 
 106:.\Generated_Source\PSoC5/UART_3_INT.c ****             #ifdef UART_3_RXISR_ERROR_CALLBACK
 107:.\Generated_Source\PSoC5/UART_3_INT.c ****                 UART_3_RXISR_ERROR_Callback();
 108:.\Generated_Source\PSoC5/UART_3_INT.c ****             #endif /* UART_3_RXISR_ERROR_CALLBACK */
 109:.\Generated_Source\PSoC5/UART_3_INT.c ****             }
 110:.\Generated_Source\PSoC5/UART_3_INT.c ****             
 111:.\Generated_Source\PSoC5/UART_3_INT.c ****             if((readStatus & UART_3_RX_STS_FIFO_NOTEMPTY) != 0u)
 112:.\Generated_Source\PSoC5/UART_3_INT.c ****             {
 113:.\Generated_Source\PSoC5/UART_3_INT.c ****                 /* Read data from the RX data register */
 114:.\Generated_Source\PSoC5/UART_3_INT.c ****                 readData = UART_3_RXDATA_REG;
 115:.\Generated_Source\PSoC5/UART_3_INT.c ****             #if (UART_3_RXHW_ADDRESS_ENABLED)
 116:.\Generated_Source\PSoC5/UART_3_INT.c ****                 if(UART_3_rxAddressMode == (uint8)UART_3__B_UART__AM_SW_DETECT_TO_BUFFER)
 117:.\Generated_Source\PSoC5/UART_3_INT.c ****                 {
 118:.\Generated_Source\PSoC5/UART_3_INT.c ****                     if((readStatus & UART_3_RX_STS_MRKSPC) != 0u)
 119:.\Generated_Source\PSoC5/UART_3_INT.c ****                     {
 120:.\Generated_Source\PSoC5/UART_3_INT.c ****                         if ((readStatus & UART_3_RX_STS_ADDR_MATCH) != 0u)
 121:.\Generated_Source\PSoC5/UART_3_INT.c ****                         {
 122:.\Generated_Source\PSoC5/UART_3_INT.c ****                             UART_3_rxAddressDetected = 1u;
 123:.\Generated_Source\PSoC5/UART_3_INT.c ****                         }
 124:.\Generated_Source\PSoC5/UART_3_INT.c ****                         else
 125:.\Generated_Source\PSoC5/UART_3_INT.c ****                         {
 126:.\Generated_Source\PSoC5/UART_3_INT.c ****                             UART_3_rxAddressDetected = 0u;
 127:.\Generated_Source\PSoC5/UART_3_INT.c ****                         }
 128:.\Generated_Source\PSoC5/UART_3_INT.c ****                     }
 129:.\Generated_Source\PSoC5/UART_3_INT.c ****                     if(UART_3_rxAddressDetected != 0u)
 130:.\Generated_Source\PSoC5/UART_3_INT.c ****                     {   /* Store only addressed data */
 131:.\Generated_Source\PSoC5/UART_3_INT.c ****                         UART_3_rxBuffer[UART_3_rxBufferWrite] = readData;
 132:.\Generated_Source\PSoC5/UART_3_INT.c ****                         increment_pointer = 1u;
 133:.\Generated_Source\PSoC5/UART_3_INT.c ****                     }
 134:.\Generated_Source\PSoC5/UART_3_INT.c ****                 }
 135:.\Generated_Source\PSoC5/UART_3_INT.c ****                 else /* Without software addressing */
 136:.\Generated_Source\PSoC5/UART_3_INT.c ****                 {
 137:.\Generated_Source\PSoC5/UART_3_INT.c ****                     UART_3_rxBuffer[UART_3_rxBufferWrite] = readData;
 138:.\Generated_Source\PSoC5/UART_3_INT.c ****                     increment_pointer = 1u;
 139:.\Generated_Source\PSoC5/UART_3_INT.c ****                 }
 140:.\Generated_Source\PSoC5/UART_3_INT.c ****             #else  /* Without addressing */
 141:.\Generated_Source\PSoC5/UART_3_INT.c ****                 UART_3_rxBuffer[UART_3_rxBufferWrite] = readData;
 142:.\Generated_Source\PSoC5/UART_3_INT.c ****                 increment_pointer = 1u;
 143:.\Generated_Source\PSoC5/UART_3_INT.c ****             #endif /* (UART_3_RXHW_ADDRESS_ENABLED) */
 144:.\Generated_Source\PSoC5/UART_3_INT.c **** 
 145:.\Generated_Source\PSoC5/UART_3_INT.c ****                 /* Do not increment buffer pointer when skip not addressed data */
ARM GAS  C:\Users\kingi\AppData\Local\Temp\cc1P2O1v.s 			page 4


 146:.\Generated_Source\PSoC5/UART_3_INT.c ****                 if(increment_pointer != 0u)
 147:.\Generated_Source\PSoC5/UART_3_INT.c ****                 {
 148:.\Generated_Source\PSoC5/UART_3_INT.c ****                     if(UART_3_rxBufferLoopDetect != 0u)
 149:.\Generated_Source\PSoC5/UART_3_INT.c ****                     {   /* Set Software Buffer status Overflow */
 150:.\Generated_Source\PSoC5/UART_3_INT.c ****                         UART_3_rxBufferOverflow = 1u;
 151:.\Generated_Source\PSoC5/UART_3_INT.c ****                     }
 152:.\Generated_Source\PSoC5/UART_3_INT.c ****                     /* Set next pointer. */
 153:.\Generated_Source\PSoC5/UART_3_INT.c ****                     UART_3_rxBufferWrite++;
 154:.\Generated_Source\PSoC5/UART_3_INT.c **** 
 155:.\Generated_Source\PSoC5/UART_3_INT.c ****                     /* Check pointer for a loop condition */
 156:.\Generated_Source\PSoC5/UART_3_INT.c ****                     if(UART_3_rxBufferWrite >= UART_3_RX_BUFFER_SIZE)
 157:.\Generated_Source\PSoC5/UART_3_INT.c ****                     {
 158:.\Generated_Source\PSoC5/UART_3_INT.c ****                         UART_3_rxBufferWrite = 0u;
 159:.\Generated_Source\PSoC5/UART_3_INT.c ****                     }
 160:.\Generated_Source\PSoC5/UART_3_INT.c **** 
 161:.\Generated_Source\PSoC5/UART_3_INT.c ****                     /* Detect pre-overload condition and set flag */
 162:.\Generated_Source\PSoC5/UART_3_INT.c ****                     if(UART_3_rxBufferWrite == UART_3_rxBufferRead)
 163:.\Generated_Source\PSoC5/UART_3_INT.c ****                     {
 164:.\Generated_Source\PSoC5/UART_3_INT.c ****                         UART_3_rxBufferLoopDetect = 1u;
 165:.\Generated_Source\PSoC5/UART_3_INT.c ****                         /* When Hardware Flow Control selected */
 166:.\Generated_Source\PSoC5/UART_3_INT.c ****                         #if (UART_3_FLOW_CONTROL != 0u)
 167:.\Generated_Source\PSoC5/UART_3_INT.c ****                             /* Disable RX interrupt mask, it is enabled when user read data from th
 168:.\Generated_Source\PSoC5/UART_3_INT.c ****                             UART_3_RXSTATUS_MASK_REG  &= (uint8)~UART_3_RX_STS_FIFO_NOTEMPTY;
 169:.\Generated_Source\PSoC5/UART_3_INT.c ****                             CyIntClearPending(UART_3_RX_VECT_NUM);
 170:.\Generated_Source\PSoC5/UART_3_INT.c ****                             break; /* Break the reading of the FIFO loop, leave the data there for 
 171:.\Generated_Source\PSoC5/UART_3_INT.c ****                         #endif /* (UART_3_FLOW_CONTROL != 0u) */
 172:.\Generated_Source\PSoC5/UART_3_INT.c ****                     }
 173:.\Generated_Source\PSoC5/UART_3_INT.c ****                 }
 174:.\Generated_Source\PSoC5/UART_3_INT.c ****             }
 175:.\Generated_Source\PSoC5/UART_3_INT.c ****         }while((readStatus & UART_3_RX_STS_FIFO_NOTEMPTY) != 0u);
 176:.\Generated_Source\PSoC5/UART_3_INT.c **** 
 177:.\Generated_Source\PSoC5/UART_3_INT.c ****         /* User code required at end of ISR (Optional) */
 178:.\Generated_Source\PSoC5/UART_3_INT.c ****         /* `#START UART_3_RXISR_END` */
 179:.\Generated_Source\PSoC5/UART_3_INT.c **** 
 180:.\Generated_Source\PSoC5/UART_3_INT.c ****         /* `#END` */
 181:.\Generated_Source\PSoC5/UART_3_INT.c **** 
 182:.\Generated_Source\PSoC5/UART_3_INT.c ****     #ifdef UART_3_RXISR_EXIT_CALLBACK
 183:.\Generated_Source\PSoC5/UART_3_INT.c ****         UART_3_RXISR_ExitCallback();
 184:.\Generated_Source\PSoC5/UART_3_INT.c ****     #endif /* UART_3_RXISR_EXIT_CALLBACK */
 185:.\Generated_Source\PSoC5/UART_3_INT.c **** 
 186:.\Generated_Source\PSoC5/UART_3_INT.c ****     #if(CY_PSOC3)
 187:.\Generated_Source\PSoC5/UART_3_INT.c ****         EA = int_en;
 188:.\Generated_Source\PSoC5/UART_3_INT.c ****     #endif /* (CY_PSOC3) */
 189:.\Generated_Source\PSoC5/UART_3_INT.c ****     }
 190:.\Generated_Source\PSoC5/UART_3_INT.c ****     
 191:.\Generated_Source\PSoC5/UART_3_INT.c **** #endif /* (UART_3_RX_INTERRUPT_ENABLED && (UART_3_RX_ENABLED || UART_3_HD_ENABLED)) */
 192:.\Generated_Source\PSoC5/UART_3_INT.c **** 
 193:.\Generated_Source\PSoC5/UART_3_INT.c **** 
 194:.\Generated_Source\PSoC5/UART_3_INT.c **** #if (UART_3_TX_INTERRUPT_ENABLED && UART_3_TX_ENABLED)
 195:.\Generated_Source\PSoC5/UART_3_INT.c ****     /*******************************************************************************
 196:.\Generated_Source\PSoC5/UART_3_INT.c ****     * Function Name: UART_3_TXISR
 197:.\Generated_Source\PSoC5/UART_3_INT.c ****     ********************************************************************************
 198:.\Generated_Source\PSoC5/UART_3_INT.c ****     *
 199:.\Generated_Source\PSoC5/UART_3_INT.c ****     * Summary:
 200:.\Generated_Source\PSoC5/UART_3_INT.c ****     * Interrupt Service Routine for the TX portion of the UART
 201:.\Generated_Source\PSoC5/UART_3_INT.c ****     *
 202:.\Generated_Source\PSoC5/UART_3_INT.c ****     * Parameters:
ARM GAS  C:\Users\kingi\AppData\Local\Temp\cc1P2O1v.s 			page 5


 203:.\Generated_Source\PSoC5/UART_3_INT.c ****     *  None.
 204:.\Generated_Source\PSoC5/UART_3_INT.c ****     *
 205:.\Generated_Source\PSoC5/UART_3_INT.c ****     * Return:
 206:.\Generated_Source\PSoC5/UART_3_INT.c ****     *  None.
 207:.\Generated_Source\PSoC5/UART_3_INT.c ****     *
 208:.\Generated_Source\PSoC5/UART_3_INT.c ****     * Global Variables:
 209:.\Generated_Source\PSoC5/UART_3_INT.c ****     *  UART_3_txBuffer - RAM buffer pointer for transmit data from.
 210:.\Generated_Source\PSoC5/UART_3_INT.c ****     *  UART_3_txBufferRead - cyclic index for read and transmit data
 211:.\Generated_Source\PSoC5/UART_3_INT.c ****     *     from txBuffer, increments after each transmitted byte.
 212:.\Generated_Source\PSoC5/UART_3_INT.c ****     *  UART_3_rxBufferWrite - cyclic index for write to txBuffer,
 213:.\Generated_Source\PSoC5/UART_3_INT.c ****     *     checked to detect available for transmission bytes.
 214:.\Generated_Source\PSoC5/UART_3_INT.c ****     *
 215:.\Generated_Source\PSoC5/UART_3_INT.c ****     *******************************************************************************/
 216:.\Generated_Source\PSoC5/UART_3_INT.c ****     CY_ISR(UART_3_TXISR)
 217:.\Generated_Source\PSoC5/UART_3_INT.c ****     {
  27              		.loc 1 217 0
  28              		.cfi_startproc
  29              		@ args = 0, pretend = 0, frame = 0
  30              		@ frame_needed = 1, uses_anonymous_args = 0
  31              		@ link register save eliminated.
  32 0000 80B4     		push	{r7}
  33              		.cfi_def_cfa_offset 4
  34              		.cfi_offset 7, -4
  35 0002 00AF     		add	r7, sp, #0
  36              		.cfi_def_cfa_register 7
 218:.\Generated_Source\PSoC5/UART_3_INT.c ****     #if(CY_PSOC3)
 219:.\Generated_Source\PSoC5/UART_3_INT.c ****         uint8 int_en;
 220:.\Generated_Source\PSoC5/UART_3_INT.c ****     #endif /* (CY_PSOC3) */
 221:.\Generated_Source\PSoC5/UART_3_INT.c **** 
 222:.\Generated_Source\PSoC5/UART_3_INT.c ****     #ifdef UART_3_TXISR_ENTRY_CALLBACK
 223:.\Generated_Source\PSoC5/UART_3_INT.c ****         UART_3_TXISR_EntryCallback();
 224:.\Generated_Source\PSoC5/UART_3_INT.c ****     #endif /* UART_3_TXISR_ENTRY_CALLBACK */
 225:.\Generated_Source\PSoC5/UART_3_INT.c **** 
 226:.\Generated_Source\PSoC5/UART_3_INT.c ****         /* User code required at start of ISR */
 227:.\Generated_Source\PSoC5/UART_3_INT.c ****         /* `#START UART_3_TXISR_START` */
 228:.\Generated_Source\PSoC5/UART_3_INT.c **** 
 229:.\Generated_Source\PSoC5/UART_3_INT.c ****         /* `#END` */
 230:.\Generated_Source\PSoC5/UART_3_INT.c **** 
 231:.\Generated_Source\PSoC5/UART_3_INT.c ****     #if(CY_PSOC3)   /* Make sure nested interrupt is enabled */
 232:.\Generated_Source\PSoC5/UART_3_INT.c ****         int_en = EA;
 233:.\Generated_Source\PSoC5/UART_3_INT.c ****         CyGlobalIntEnable;
 234:.\Generated_Source\PSoC5/UART_3_INT.c ****     #endif /* (CY_PSOC3) */
 235:.\Generated_Source\PSoC5/UART_3_INT.c **** 
 236:.\Generated_Source\PSoC5/UART_3_INT.c ****         while((UART_3_txBufferRead != UART_3_txBufferWrite) &&
  37              		.loc 1 236 0
  38 0004 17E0     		b	.L2
  39              	.L5:
 237:.\Generated_Source\PSoC5/UART_3_INT.c ****              ((UART_3_TXSTATUS_REG & UART_3_TX_STS_FIFO_FULL) == 0u))
 238:.\Generated_Source\PSoC5/UART_3_INT.c ****         {
 239:.\Generated_Source\PSoC5/UART_3_INT.c ****             /* Check pointer wrap around */
 240:.\Generated_Source\PSoC5/UART_3_INT.c ****             if(UART_3_txBufferRead >= UART_3_TX_BUFFER_SIZE)
  40              		.loc 1 240 0
  41 0006 154B     		ldr	r3, .L6
  42 0008 1B78     		ldrb	r3, [r3]
  43 000a DBB2     		uxtb	r3, r3
  44 000c 1A2B     		cmp	r3, #26
  45 000e 02D9     		bls	.L3
ARM GAS  C:\Users\kingi\AppData\Local\Temp\cc1P2O1v.s 			page 6


 241:.\Generated_Source\PSoC5/UART_3_INT.c ****             {
 242:.\Generated_Source\PSoC5/UART_3_INT.c ****                 UART_3_txBufferRead = 0u;
  46              		.loc 1 242 0
  47 0010 124B     		ldr	r3, .L6
  48 0012 0022     		movs	r2, #0
  49 0014 1A70     		strb	r2, [r3]
  50              	.L3:
 243:.\Generated_Source\PSoC5/UART_3_INT.c ****             }
 244:.\Generated_Source\PSoC5/UART_3_INT.c **** 
 245:.\Generated_Source\PSoC5/UART_3_INT.c ****             UART_3_TXDATA_REG = UART_3_txBuffer[UART_3_txBufferRead];
  51              		.loc 1 245 0
  52 0016 124B     		ldr	r3, .L6+4
  53 0018 104A     		ldr	r2, .L6
  54 001a 1278     		ldrb	r2, [r2]
  55 001c D2B2     		uxtb	r2, r2
  56 001e 1146     		mov	r1, r2
  57 0020 104A     		ldr	r2, .L6+8
  58 0022 525C     		ldrb	r2, [r2, r1]
  59 0024 D2B2     		uxtb	r2, r2
  60 0026 1A70     		strb	r2, [r3]
 246:.\Generated_Source\PSoC5/UART_3_INT.c **** 
 247:.\Generated_Source\PSoC5/UART_3_INT.c ****             /* Set next pointer */
 248:.\Generated_Source\PSoC5/UART_3_INT.c ****             UART_3_txBufferRead++;
  61              		.loc 1 248 0
  62 0028 0C4B     		ldr	r3, .L6
  63 002a 1B78     		ldrb	r3, [r3]
  64 002c DBB2     		uxtb	r3, r3
  65 002e 0133     		adds	r3, r3, #1
  66 0030 DAB2     		uxtb	r2, r3
  67 0032 0A4B     		ldr	r3, .L6
  68 0034 1A70     		strb	r2, [r3]
  69              	.L2:
 236:.\Generated_Source\PSoC5/UART_3_INT.c ****              ((UART_3_TXSTATUS_REG & UART_3_TX_STS_FIFO_FULL) == 0u))
  70              		.loc 1 236 0
  71 0036 094B     		ldr	r3, .L6
  72 0038 1B78     		ldrb	r3, [r3]
  73 003a DAB2     		uxtb	r2, r3
  74 003c 0A4B     		ldr	r3, .L6+12
  75 003e 1B78     		ldrb	r3, [r3]	@ zero_extendqisi2
  76 0040 9A42     		cmp	r2, r3
  77 0042 06D0     		beq	.L1
 237:.\Generated_Source\PSoC5/UART_3_INT.c ****         {
  78              		.loc 1 237 0 discriminator 1
  79 0044 094B     		ldr	r3, .L6+16
  80 0046 1B78     		ldrb	r3, [r3]
  81 0048 DBB2     		uxtb	r3, r3
  82 004a 03F00403 		and	r3, r3, #4
 236:.\Generated_Source\PSoC5/UART_3_INT.c ****              ((UART_3_TXSTATUS_REG & UART_3_TX_STS_FIFO_FULL) == 0u))
  83              		.loc 1 236 0 discriminator 1
  84 004e 002B     		cmp	r3, #0
  85 0050 D9D0     		beq	.L5
  86              	.L1:
 249:.\Generated_Source\PSoC5/UART_3_INT.c ****         }
 250:.\Generated_Source\PSoC5/UART_3_INT.c **** 
 251:.\Generated_Source\PSoC5/UART_3_INT.c ****         /* User code required at end of ISR (Optional) */
 252:.\Generated_Source\PSoC5/UART_3_INT.c ****         /* `#START UART_3_TXISR_END` */
 253:.\Generated_Source\PSoC5/UART_3_INT.c **** 
ARM GAS  C:\Users\kingi\AppData\Local\Temp\cc1P2O1v.s 			page 7


 254:.\Generated_Source\PSoC5/UART_3_INT.c ****         /* `#END` */
 255:.\Generated_Source\PSoC5/UART_3_INT.c **** 
 256:.\Generated_Source\PSoC5/UART_3_INT.c ****     #ifdef UART_3_TXISR_EXIT_CALLBACK
 257:.\Generated_Source\PSoC5/UART_3_INT.c ****         UART_3_TXISR_ExitCallback();
 258:.\Generated_Source\PSoC5/UART_3_INT.c ****     #endif /* UART_3_TXISR_EXIT_CALLBACK */
 259:.\Generated_Source\PSoC5/UART_3_INT.c **** 
 260:.\Generated_Source\PSoC5/UART_3_INT.c ****     #if(CY_PSOC3)
 261:.\Generated_Source\PSoC5/UART_3_INT.c ****         EA = int_en;
 262:.\Generated_Source\PSoC5/UART_3_INT.c ****     #endif /* (CY_PSOC3) */
 263:.\Generated_Source\PSoC5/UART_3_INT.c ****    }
  87              		.loc 1 263 0
  88 0052 BD46     		mov	sp, r7
  89              		.cfi_def_cfa_register 13
  90              		@ sp needed
  91 0054 5DF8047B 		ldr	r7, [sp], #4
  92              		.cfi_restore 7
  93              		.cfi_def_cfa_offset 0
  94 0058 7047     		bx	lr
  95              	.L7:
  96 005a 00BF     		.align	2
  97              	.L6:
  98 005c 00000000 		.word	UART_3_txBufferRead
  99 0060 46650040 		.word	1073767750
 100 0064 00000000 		.word	UART_3_txBuffer
 101 0068 00000000 		.word	UART_3_txBufferWrite
 102 006c 66650040 		.word	1073767782
 103              		.cfi_endproc
 104              	.LFE0:
 105              		.size	UART_3_TXISR, .-UART_3_TXISR
 106              		.text
 107              	.Letext0:
 108              		.file 2 ".\\Generated_Source\\PSoC5\\cytypes.h"
 109              		.file 3 ".\\Generated_Source\\PSoC5\\UART_3.h"
 110              		.section	.debug_info,"",%progbits
 111              	.Ldebug_info0:
 112 0000 EB000000 		.4byte	0xeb
 113 0004 0400     		.2byte	0x4
 114 0006 00000000 		.4byte	.Ldebug_abbrev0
 115 000a 04       		.byte	0x4
 116 000b 01       		.uleb128 0x1
 117 000c C2000000 		.4byte	.LASF18
 118 0010 01       		.byte	0x1
 119 0011 8E000000 		.4byte	.LASF19
 120 0015 76010000 		.4byte	.LASF20
 121 0019 00000000 		.4byte	.Ldebug_ranges0+0
 122 001d 00000000 		.4byte	0
 123 0021 00000000 		.4byte	.Ldebug_line0
 124 0025 02       		.uleb128 0x2
 125 0026 01       		.byte	0x1
 126 0027 06       		.byte	0x6
 127 0028 6A010000 		.4byte	.LASF0
 128 002c 02       		.uleb128 0x2
 129 002d 01       		.byte	0x1
 130 002e 08       		.byte	0x8
 131 002f 80000000 		.4byte	.LASF1
 132 0033 02       		.uleb128 0x2
 133 0034 02       		.byte	0x2
ARM GAS  C:\Users\kingi\AppData\Local\Temp\cc1P2O1v.s 			page 8


 134 0035 05       		.byte	0x5
 135 0036 B0010000 		.4byte	.LASF2
 136 003a 02       		.uleb128 0x2
 137 003b 02       		.byte	0x2
 138 003c 07       		.byte	0x7
 139 003d 57010000 		.4byte	.LASF3
 140 0041 02       		.uleb128 0x2
 141 0042 04       		.byte	0x4
 142 0043 05       		.byte	0x5
 143 0044 B9000000 		.4byte	.LASF4
 144 0048 02       		.uleb128 0x2
 145 0049 04       		.byte	0x4
 146 004a 07       		.byte	0x7
 147 004b 57000000 		.4byte	.LASF5
 148 004f 02       		.uleb128 0x2
 149 0050 08       		.byte	0x8
 150 0051 05       		.byte	0x5
 151 0052 00000000 		.4byte	.LASF6
 152 0056 02       		.uleb128 0x2
 153 0057 08       		.byte	0x8
 154 0058 07       		.byte	0x7
 155 0059 69000000 		.4byte	.LASF7
 156 005d 03       		.uleb128 0x3
 157 005e 04       		.byte	0x4
 158 005f 05       		.byte	0x5
 159 0060 696E7400 		.ascii	"int\000"
 160 0064 02       		.uleb128 0x2
 161 0065 04       		.byte	0x4
 162 0066 07       		.byte	0x7
 163 0067 23000000 		.4byte	.LASF8
 164 006b 04       		.uleb128 0x4
 165 006c 51000000 		.4byte	.LASF12
 166 0070 02       		.byte	0x2
 167 0071 3801     		.2byte	0x138
 168 0073 2C000000 		.4byte	0x2c
 169 0077 02       		.uleb128 0x2
 170 0078 04       		.byte	0x4
 171 0079 04       		.byte	0x4
 172 007a 9A010000 		.4byte	.LASF9
 173 007e 02       		.uleb128 0x2
 174 007f 08       		.byte	0x8
 175 0080 04       		.byte	0x4
 176 0081 50010000 		.4byte	.LASF10
 177 0085 02       		.uleb128 0x2
 178 0086 01       		.byte	0x1
 179 0087 08       		.byte	0x8
 180 0088 B4000000 		.4byte	.LASF11
 181 008c 04       		.uleb128 0x4
 182 008d BA010000 		.4byte	.LASF13
 183 0091 02       		.byte	0x2
 184 0092 E201     		.2byte	0x1e2
 185 0094 98000000 		.4byte	0x98
 186 0098 05       		.uleb128 0x5
 187 0099 6B000000 		.4byte	0x6b
 188 009d 02       		.uleb128 0x2
 189 009e 04       		.byte	0x4
 190 009f 07       		.byte	0x7
ARM GAS  C:\Users\kingi\AppData\Local\Temp\cc1P2O1v.s 			page 9


 191 00a0 BF010000 		.4byte	.LASF14
 192 00a4 06       		.uleb128 0x6
 193 00a5 44000000 		.4byte	.LASF21
 194 00a9 01       		.byte	0x1
 195 00aa D8       		.byte	0xd8
 196 00ab 00000000 		.4byte	.LFB0
 197 00af 70000000 		.4byte	.LFE0-.LFB0
 198 00b3 01       		.uleb128 0x1
 199 00b4 9C       		.byte	0x9c
 200 00b5 07       		.uleb128 0x7
 201 00b6 6B000000 		.4byte	0x6b
 202 00ba C5000000 		.4byte	0xc5
 203 00be 08       		.uleb128 0x8
 204 00bf 9D000000 		.4byte	0x9d
 205 00c3 1A       		.byte	0x1a
 206 00c4 00       		.byte	0
 207 00c5 09       		.uleb128 0x9
 208 00c6 A0010000 		.4byte	.LASF15
 209 00ca 03       		.byte	0x3
 210 00cb 3801     		.2byte	0x138
 211 00cd D1000000 		.4byte	0xd1
 212 00d1 05       		.uleb128 0x5
 213 00d2 B5000000 		.4byte	0xb5
 214 00d6 09       		.uleb128 0x9
 215 00d7 30000000 		.4byte	.LASF16
 216 00db 03       		.byte	0x3
 217 00dc 3901     		.2byte	0x139
 218 00de 98000000 		.4byte	0x98
 219 00e2 09       		.uleb128 0x9
 220 00e3 0E000000 		.4byte	.LASF17
 221 00e7 03       		.byte	0x3
 222 00e8 3A01     		.2byte	0x13a
 223 00ea 6B000000 		.4byte	0x6b
 224 00ee 00       		.byte	0
 225              		.section	.debug_abbrev,"",%progbits
 226              	.Ldebug_abbrev0:
 227 0000 01       		.uleb128 0x1
 228 0001 11       		.uleb128 0x11
 229 0002 01       		.byte	0x1
 230 0003 25       		.uleb128 0x25
 231 0004 0E       		.uleb128 0xe
 232 0005 13       		.uleb128 0x13
 233 0006 0B       		.uleb128 0xb
 234 0007 03       		.uleb128 0x3
 235 0008 0E       		.uleb128 0xe
 236 0009 1B       		.uleb128 0x1b
 237 000a 0E       		.uleb128 0xe
 238 000b 55       		.uleb128 0x55
 239 000c 17       		.uleb128 0x17
 240 000d 11       		.uleb128 0x11
 241 000e 01       		.uleb128 0x1
 242 000f 10       		.uleb128 0x10
 243 0010 17       		.uleb128 0x17
 244 0011 00       		.byte	0
 245 0012 00       		.byte	0
 246 0013 02       		.uleb128 0x2
 247 0014 24       		.uleb128 0x24
ARM GAS  C:\Users\kingi\AppData\Local\Temp\cc1P2O1v.s 			page 10


 248 0015 00       		.byte	0
 249 0016 0B       		.uleb128 0xb
 250 0017 0B       		.uleb128 0xb
 251 0018 3E       		.uleb128 0x3e
 252 0019 0B       		.uleb128 0xb
 253 001a 03       		.uleb128 0x3
 254 001b 0E       		.uleb128 0xe
 255 001c 00       		.byte	0
 256 001d 00       		.byte	0
 257 001e 03       		.uleb128 0x3
 258 001f 24       		.uleb128 0x24
 259 0020 00       		.byte	0
 260 0021 0B       		.uleb128 0xb
 261 0022 0B       		.uleb128 0xb
 262 0023 3E       		.uleb128 0x3e
 263 0024 0B       		.uleb128 0xb
 264 0025 03       		.uleb128 0x3
 265 0026 08       		.uleb128 0x8
 266 0027 00       		.byte	0
 267 0028 00       		.byte	0
 268 0029 04       		.uleb128 0x4
 269 002a 16       		.uleb128 0x16
 270 002b 00       		.byte	0
 271 002c 03       		.uleb128 0x3
 272 002d 0E       		.uleb128 0xe
 273 002e 3A       		.uleb128 0x3a
 274 002f 0B       		.uleb128 0xb
 275 0030 3B       		.uleb128 0x3b
 276 0031 05       		.uleb128 0x5
 277 0032 49       		.uleb128 0x49
 278 0033 13       		.uleb128 0x13
 279 0034 00       		.byte	0
 280 0035 00       		.byte	0
 281 0036 05       		.uleb128 0x5
 282 0037 35       		.uleb128 0x35
 283 0038 00       		.byte	0
 284 0039 49       		.uleb128 0x49
 285 003a 13       		.uleb128 0x13
 286 003b 00       		.byte	0
 287 003c 00       		.byte	0
 288 003d 06       		.uleb128 0x6
 289 003e 2E       		.uleb128 0x2e
 290 003f 00       		.byte	0
 291 0040 3F       		.uleb128 0x3f
 292 0041 19       		.uleb128 0x19
 293 0042 03       		.uleb128 0x3
 294 0043 0E       		.uleb128 0xe
 295 0044 3A       		.uleb128 0x3a
 296 0045 0B       		.uleb128 0xb
 297 0046 3B       		.uleb128 0x3b
 298 0047 0B       		.uleb128 0xb
 299 0048 27       		.uleb128 0x27
 300 0049 19       		.uleb128 0x19
 301 004a 11       		.uleb128 0x11
 302 004b 01       		.uleb128 0x1
 303 004c 12       		.uleb128 0x12
 304 004d 06       		.uleb128 0x6
ARM GAS  C:\Users\kingi\AppData\Local\Temp\cc1P2O1v.s 			page 11


 305 004e 40       		.uleb128 0x40
 306 004f 18       		.uleb128 0x18
 307 0050 9742     		.uleb128 0x2117
 308 0052 19       		.uleb128 0x19
 309 0053 00       		.byte	0
 310 0054 00       		.byte	0
 311 0055 07       		.uleb128 0x7
 312 0056 01       		.uleb128 0x1
 313 0057 01       		.byte	0x1
 314 0058 49       		.uleb128 0x49
 315 0059 13       		.uleb128 0x13
 316 005a 01       		.uleb128 0x1
 317 005b 13       		.uleb128 0x13
 318 005c 00       		.byte	0
 319 005d 00       		.byte	0
 320 005e 08       		.uleb128 0x8
 321 005f 21       		.uleb128 0x21
 322 0060 00       		.byte	0
 323 0061 49       		.uleb128 0x49
 324 0062 13       		.uleb128 0x13
 325 0063 2F       		.uleb128 0x2f
 326 0064 0B       		.uleb128 0xb
 327 0065 00       		.byte	0
 328 0066 00       		.byte	0
 329 0067 09       		.uleb128 0x9
 330 0068 34       		.uleb128 0x34
 331 0069 00       		.byte	0
 332 006a 03       		.uleb128 0x3
 333 006b 0E       		.uleb128 0xe
 334 006c 3A       		.uleb128 0x3a
 335 006d 0B       		.uleb128 0xb
 336 006e 3B       		.uleb128 0x3b
 337 006f 05       		.uleb128 0x5
 338 0070 49       		.uleb128 0x49
 339 0071 13       		.uleb128 0x13
 340 0072 3F       		.uleb128 0x3f
 341 0073 19       		.uleb128 0x19
 342 0074 3C       		.uleb128 0x3c
 343 0075 19       		.uleb128 0x19
 344 0076 00       		.byte	0
 345 0077 00       		.byte	0
 346 0078 00       		.byte	0
 347              		.section	.debug_aranges,"",%progbits
 348 0000 1C000000 		.4byte	0x1c
 349 0004 0200     		.2byte	0x2
 350 0006 00000000 		.4byte	.Ldebug_info0
 351 000a 04       		.byte	0x4
 352 000b 00       		.byte	0
 353 000c 0000     		.2byte	0
 354 000e 0000     		.2byte	0
 355 0010 00000000 		.4byte	.LFB0
 356 0014 70000000 		.4byte	.LFE0-.LFB0
 357 0018 00000000 		.4byte	0
 358 001c 00000000 		.4byte	0
 359              		.section	.debug_ranges,"",%progbits
 360              	.Ldebug_ranges0:
 361 0000 00000000 		.4byte	.LFB0
ARM GAS  C:\Users\kingi\AppData\Local\Temp\cc1P2O1v.s 			page 12


 362 0004 70000000 		.4byte	.LFE0
 363 0008 00000000 		.4byte	0
 364 000c 00000000 		.4byte	0
 365              		.section	.debug_line,"",%progbits
 366              	.Ldebug_line0:
 367 0000 82000000 		.section	.debug_str,"MS",%progbits,1
 367      02005500 
 367      00000201 
 367      FB0E0D00 
 367      01010101 
 368              	.LASF6:
 369 0000 6C6F6E67 		.ascii	"long long int\000"
 369      206C6F6E 
 369      6720696E 
 369      7400
 370              	.LASF17:
 371 000e 55415254 		.ascii	"UART_3_txBufferWrite\000"
 371      5F335F74 
 371      78427566 
 371      66657257 
 371      72697465 
 372              	.LASF8:
 373 0023 756E7369 		.ascii	"unsigned int\000"
 373      676E6564 
 373      20696E74 
 373      00
 374              	.LASF16:
 375 0030 55415254 		.ascii	"UART_3_txBufferRead\000"
 375      5F335F74 
 375      78427566 
 375      66657252 
 375      65616400 
 376              	.LASF21:
 377 0044 55415254 		.ascii	"UART_3_TXISR\000"
 377      5F335F54 
 377      58495352 
 377      00
 378              	.LASF12:
 379 0051 75696E74 		.ascii	"uint8\000"
 379      3800
 380              	.LASF5:
 381 0057 6C6F6E67 		.ascii	"long unsigned int\000"
 381      20756E73 
 381      69676E65 
 381      6420696E 
 381      7400
 382              	.LASF7:
 383 0069 6C6F6E67 		.ascii	"long long unsigned int\000"
 383      206C6F6E 
 383      6720756E 
 383      7369676E 
 383      65642069 
 384              	.LASF1:
 385 0080 756E7369 		.ascii	"unsigned char\000"
 385      676E6564 
 385      20636861 
 385      7200
ARM GAS  C:\Users\kingi\AppData\Local\Temp\cc1P2O1v.s 			page 13


 386              	.LASF19:
 387 008e 2E5C4765 		.ascii	".\\Generated_Source\\PSoC5\\UART_3_INT.c\000"
 387      6E657261 
 387      7465645F 
 387      536F7572 
 387      63655C50 
 388              	.LASF11:
 389 00b4 63686172 		.ascii	"char\000"
 389      00
 390              	.LASF4:
 391 00b9 6C6F6E67 		.ascii	"long int\000"
 391      20696E74 
 391      00
 392              	.LASF18:
 393 00c2 474E5520 		.ascii	"GNU C 4.9.3 20150303 (release) [ARM/embedded-4_9-br"
 393      4320342E 
 393      392E3320 
 393      32303135 
 393      30333033 
 394 00f5 616E6368 		.ascii	"anch revision 221220] -mcpu=cortex-m3 -mthumb -g -O"
 394      20726576 
 394      6973696F 
 394      6E203232 
 394      31323230 
 395 0128 30202D66 		.ascii	"0 -ffunction-sections -ffat-lto-objects\000"
 395      66756E63 
 395      74696F6E 
 395      2D736563 
 395      74696F6E 
 396              	.LASF10:
 397 0150 646F7562 		.ascii	"double\000"
 397      6C6500
 398              	.LASF3:
 399 0157 73686F72 		.ascii	"short unsigned int\000"
 399      7420756E 
 399      7369676E 
 399      65642069 
 399      6E7400
 400              	.LASF0:
 401 016a 7369676E 		.ascii	"signed char\000"
 401      65642063 
 401      68617200 
 402              	.LASF20:
 403 0176 433A5C55 		.ascii	"C:\\Users\\kingi\\Desktop\\972057.cydsn\000"
 403      73657273 
 403      5C6B696E 
 403      67695C44 
 403      65736B74 
 404              	.LASF9:
 405 019a 666C6F61 		.ascii	"float\000"
 405      7400
 406              	.LASF15:
 407 01a0 55415254 		.ascii	"UART_3_txBuffer\000"
 407      5F335F74 
 407      78427566 
 407      66657200 
 408              	.LASF2:
ARM GAS  C:\Users\kingi\AppData\Local\Temp\cc1P2O1v.s 			page 14


 409 01b0 73686F72 		.ascii	"short int\000"
 409      7420696E 
 409      7400
 410              	.LASF13:
 411 01ba 72656738 		.ascii	"reg8\000"
 411      00
 412              	.LASF14:
 413 01bf 73697A65 		.ascii	"sizetype\000"
 413      74797065 
 413      00
 414              		.ident	"GCC: (GNU Tools for ARM Embedded Processors) 4.9.3 20150303 (release) [ARM/embedded-4_9-br
