ARM GAS  C:\Users\kingi\AppData\Local\Temp\cc8znlua.s 			page 1


   1              		.syntax unified
   2              		.cpu cortex-m3
   3              		.fpu softvfp
   4              		.eabi_attribute 20, 1
   5              		.eabi_attribute 21, 1
   6              		.eabi_attribute 23, 3
   7              		.eabi_attribute 24, 1
   8              		.eabi_attribute 25, 1
   9              		.eabi_attribute 26, 1
  10              		.eabi_attribute 30, 6
  11              		.eabi_attribute 34, 1
  12              		.eabi_attribute 18, 4
  13              		.thumb
  14              		.file	"pid.c"
  15              		.text
  16              	.Ltext0:
  17              		.cfi_sections	.debug_frame
  18              		.global	Ek
  19              		.bss
  20              		.align	2
  21              		.type	Ek, %object
  22              		.size	Ek, 4
  23              	Ek:
  24 0000 00000000 		.space	4
  25              		.global	Ek_1
  26              		.align	2
  27              		.type	Ek_1, %object
  28              		.size	Ek_1, 4
  29              	Ek_1:
  30 0004 00000000 		.space	4
  31              		.global	Ek_2
  32              		.align	2
  33              		.type	Ek_2, %object
  34              		.size	Ek_2, 4
  35              	Ek_2:
  36 0008 00000000 		.space	4
  37              		.global	Uk
  38              		.align	2
  39              		.type	Uk, %object
  40              		.size	Uk, 4
  41              	Uk:
  42 000c 00000000 		.space	4
  43              		.global	Ukk
  44              		.align	2
  45              		.type	Ukk, %object
  46              		.size	Ukk, 4
  47              	Ukk:
  48 0010 00000000 		.space	4
  49              		.global	Kp
  50              		.data
  51              		.align	2
  52              		.type	Kp, %object
  53              		.size	Kp, 4
  54              	Kp:
  55 0000 00002841 		.word	1093140480
  56              		.global	Ki
  57              		.align	2
ARM GAS  C:\Users\kingi\AppData\Local\Temp\cc8znlua.s 			page 2


  58              		.type	Ki, %object
  59              		.size	Ki, 4
  60              	Ki:
  61 0004 EC51B83D 		.word	1035489772
  62              		.global	Kd
  63              		.align	2
  64              		.type	Kd, %object
  65              		.size	Kd, 4
  66              	Kd:
  67 0008 8FC2F53E 		.word	1056293519
  68              		.global	TopMotorAngleCoeff
  69              		.align	2
  70              		.type	TopMotorAngleCoeff, %object
  71              		.size	TopMotorAngleCoeff, 4
  72              	TopMotorAngleCoeff:
  73 000c 00008040 		.word	1082130432
  74              		.global	ADC_L_balance
  75              		.align	1
  76              		.type	ADC_L_balance, %object
  77              		.size	ADC_L_balance, 2
  78              	ADC_L_balance:
  79 0010 B202     		.short	690
  80              		.global	ADC_R_balance
  81              		.align	1
  82              		.type	ADC_R_balance, %object
  83              		.size	ADC_R_balance, 2
  84              	ADC_R_balance:
  85 0012 D002     		.short	720
  86              		.global	bias
  87              		.align	1
  88              		.type	bias, %object
  89              		.size	bias, 2
  90              	bias:
  91 0014 ECFF     		.short	-20
  92              		.comm	ADC_L,2,2
  93              		.comm	ADC_R,2,2
  94              		.global	range
  95 0016 0000     		.align	2
  96              		.type	range, %object
  97              		.size	range, 4
  98              	range:
  99 0018 00002041 		.word	1092616192
 100              		.global	speed1
 101              		.bss
 102              		.align	1
 103              		.type	speed1, %object
 104              		.size	speed1, 2
 105              	speed1:
 106 0014 0000     		.space	2
 107              		.global	speed2
 108              		.align	1
 109              		.type	speed2, %object
 110              		.size	speed2, 2
 111              	speed2:
 112 0016 0000     		.space	2
 113              		.global	angle3
 114              		.align	1
ARM GAS  C:\Users\kingi\AppData\Local\Temp\cc8znlua.s 			page 3


 115              		.type	angle3, %object
 116              		.size	angle3, 2
 117              	angle3:
 118 0018 0000     		.space	2
 119              		.global	__aeabi_i2f
 120              		.global	__aeabi_fsub
 121              		.global	__aeabi_fmul
 122              		.global	__aeabi_fadd
 123              		.global	__aeabi_f2d
 124              		.global	__aeabi_dmul
 125              		.global	__aeabi_dadd
 126              		.global	__aeabi_d2f
 127              		.global	__aeabi_fcmple
 128              		.global	__aeabi_fcmpgt
 129              		.global	__aeabi_fcmplt
 130              		.global	__aeabi_f2iz
 131              		.global	__aeabi_d2iz
 132              		.global	__aeabi_ddiv
 133              		.global	__aeabi_d2uiz
 134 001a 0000     		.section	.text.PID,"ax",%progbits
 135              		.align	2
 136              		.global	PID
 137              		.thumb
 138              		.thumb_func
 139              		.type	PID, %function
 140              	PID:
 141              	.LFB63:
 142              		.file 1 ".\\pid.c"
   1:.\pid.c       **** // author: Jiang LIU
   2:.\pid.c       **** 
   3:.\pid.c       **** #include "pid.h"
   4:.\pid.c       **** 
   5:.\pid.c       **** float32 Ek = 0;
   6:.\pid.c       **** float32 Ek_1 = 0;
   7:.\pid.c       **** float32 Ek_2 = 0;
   8:.\pid.c       **** float32 Uk = 0;
   9:.\pid.c       **** float32 Ukk = 0;
  10:.\pid.c       **** float32 Kp = 10.5;
  11:.\pid.c       **** float32 Ki = 0.09;
  12:.\pid.c       **** float32 Kd = 0.48;//0,2
  13:.\pid.c       **** float32 TopMotorAngleCoeff = 4;
  14:.\pid.c       **** int16 ADC_L_balance = 690; 
  15:.\pid.c       **** int16 ADC_R_balance = 720; 
  16:.\pid.c       **** //int16 bias = ADC_L_balance - ADC_R_balance;
  17:.\pid.c       **** int16 bias = -20;
  18:.\pid.c       **** 
  19:.\pid.c       **** int16 ADC_L;
  20:.\pid.c       **** int16 ADC_R;
  21:.\pid.c       **** float32 range = 10;
  22:.\pid.c       **** int16 speed1 = 0; // -0x03ff ~ 0x03ff
  23:.\pid.c       **** int16 speed2 = 0;
  24:.\pid.c       **** uint16 angle3 = 0; // 0 - 300 degrees
  25:.\pid.c       **** 
  26:.\pid.c       **** #define CompensateCoeff (1.0)
  27:.\pid.c       **** 
  28:.\pid.c       **** void PID()
  29:.\pid.c       **** {
ARM GAS  C:\Users\kingi\AppData\Local\Temp\cc8znlua.s 			page 4


 143              		.loc 1 29 0
 144              		.cfi_startproc
 145              		@ args = 0, pretend = 0, frame = 0
 146              		@ frame_needed = 1, uses_anonymous_args = 0
 147 0000 2DE9F843 		push	{r3, r4, r5, r6, r7, r8, r9, lr}
 148              		.cfi_def_cfa_offset 32
 149              		.cfi_offset 3, -32
 150              		.cfi_offset 4, -28
 151              		.cfi_offset 5, -24
 152              		.cfi_offset 6, -20
 153              		.cfi_offset 7, -16
 154              		.cfi_offset 8, -12
 155              		.cfi_offset 9, -8
 156              		.cfi_offset 14, -4
 157 0004 00AF     		add	r7, sp, #0
 158              		.cfi_def_cfa_register 7
  30:.\pid.c       ****     Ek = (ADC_L - ADC_R) - bias;
 159              		.loc 1 30 0
 160 0006 904B     		ldr	r3, .L14+8
 161 0008 1B88     		ldrh	r3, [r3]
 162 000a 1AB2     		sxth	r2, r3
 163 000c 8F4B     		ldr	r3, .L14+12
 164 000e 1B88     		ldrh	r3, [r3]
 165 0010 1BB2     		sxth	r3, r3
 166 0012 D21A     		subs	r2, r2, r3
 167 0014 8E4B     		ldr	r3, .L14+16
 168 0016 1B88     		ldrh	r3, [r3]
 169 0018 1BB2     		sxth	r3, r3
 170 001a D31A     		subs	r3, r2, r3
 171 001c 1846     		mov	r0, r3
 172 001e FFF7FEFF 		bl	__aeabi_i2f
 173 0022 0246     		mov	r2, r0
 174 0024 8B4B     		ldr	r3, .L14+20
 175 0026 1A60     		str	r2, [r3]	@ float
  31:.\pid.c       ****     Uk = Kp * (Ek - Ek_1 + Ki*Ek + Kd*(Ek - 2*Ek_1 + Ek_2)) + 0.95 * Ukk;
 176              		.loc 1 31 0
 177 0028 8A4B     		ldr	r3, .L14+20
 178 002a 1A68     		ldr	r2, [r3]	@ float
 179 002c 8A4B     		ldr	r3, .L14+24
 180 002e 1B68     		ldr	r3, [r3]	@ float
 181 0030 1046     		mov	r0, r2
 182 0032 1946     		mov	r1, r3
 183 0034 FFF7FEFF 		bl	__aeabi_fsub
 184 0038 0346     		mov	r3, r0
 185 003a 1E46     		mov	r6, r3
 186 003c 874B     		ldr	r3, .L14+28
 187 003e 1A68     		ldr	r2, [r3]	@ float
 188 0040 844B     		ldr	r3, .L14+20
 189 0042 1B68     		ldr	r3, [r3]	@ float
 190 0044 1046     		mov	r0, r2
 191 0046 1946     		mov	r1, r3
 192 0048 FFF7FEFF 		bl	__aeabi_fmul
 193 004c 0346     		mov	r3, r0
 194 004e 3046     		mov	r0, r6
 195 0050 1946     		mov	r1, r3
 196 0052 FFF7FEFF 		bl	__aeabi_fadd
 197 0056 0346     		mov	r3, r0
ARM GAS  C:\Users\kingi\AppData\Local\Temp\cc8znlua.s 			page 5


 198 0058 9846     		mov	r8, r3
 199 005a 7E4B     		ldr	r3, .L14+20
 200 005c 1E68     		ldr	r6, [r3]	@ float
 201 005e 7E4B     		ldr	r3, .L14+24
 202 0060 1B68     		ldr	r3, [r3]	@ float
 203 0062 1846     		mov	r0, r3
 204 0064 1946     		mov	r1, r3
 205 0066 FFF7FEFF 		bl	__aeabi_fadd
 206 006a 0346     		mov	r3, r0
 207 006c 3046     		mov	r0, r6
 208 006e 1946     		mov	r1, r3
 209 0070 FFF7FEFF 		bl	__aeabi_fsub
 210 0074 0346     		mov	r3, r0
 211 0076 1A46     		mov	r2, r3
 212 0078 794B     		ldr	r3, .L14+32
 213 007a 1B68     		ldr	r3, [r3]	@ float
 214 007c 1046     		mov	r0, r2
 215 007e 1946     		mov	r1, r3
 216 0080 FFF7FEFF 		bl	__aeabi_fadd
 217 0084 0346     		mov	r3, r0
 218 0086 1A46     		mov	r2, r3
 219 0088 764B     		ldr	r3, .L14+36
 220 008a 1B68     		ldr	r3, [r3]	@ float
 221 008c 1046     		mov	r0, r2
 222 008e 1946     		mov	r1, r3
 223 0090 FFF7FEFF 		bl	__aeabi_fmul
 224 0094 0346     		mov	r3, r0
 225 0096 4046     		mov	r0, r8
 226 0098 1946     		mov	r1, r3
 227 009a FFF7FEFF 		bl	__aeabi_fadd
 228 009e 0346     		mov	r3, r0
 229 00a0 1A46     		mov	r2, r3
 230 00a2 714B     		ldr	r3, .L14+40
 231 00a4 1B68     		ldr	r3, [r3]	@ float
 232 00a6 1046     		mov	r0, r2
 233 00a8 1946     		mov	r1, r3
 234 00aa FFF7FEFF 		bl	__aeabi_fmul
 235 00ae 0346     		mov	r3, r0
 236 00b0 1846     		mov	r0, r3
 237 00b2 FFF7FEFF 		bl	__aeabi_f2d
 238 00b6 8046     		mov	r8, r0
 239 00b8 8946     		mov	r9, r1
 240 00ba 6C4B     		ldr	r3, .L14+44
 241 00bc 1B68     		ldr	r3, [r3]	@ float
 242 00be 1846     		mov	r0, r3
 243 00c0 FFF7FEFF 		bl	__aeabi_f2d
 244 00c4 0246     		mov	r2, r0
 245 00c6 0B46     		mov	r3, r1
 246 00c8 1046     		mov	r0, r2
 247 00ca 1946     		mov	r1, r3
 248 00cc 5CA3     		adr	r3, .L14
 249 00ce D3E90023 		ldrd	r2, [r3]
 250 00d2 FFF7FEFF 		bl	__aeabi_dmul
 251 00d6 0246     		mov	r2, r0
 252 00d8 0B46     		mov	r3, r1
 253 00da 4046     		mov	r0, r8
 254 00dc 4946     		mov	r1, r9
ARM GAS  C:\Users\kingi\AppData\Local\Temp\cc8znlua.s 			page 6


 255 00de FFF7FEFF 		bl	__aeabi_dadd
 256 00e2 0246     		mov	r2, r0
 257 00e4 0B46     		mov	r3, r1
 258 00e6 1046     		mov	r0, r2
 259 00e8 1946     		mov	r1, r3
 260 00ea FFF7FEFF 		bl	__aeabi_d2f
 261 00ee 0246     		mov	r2, r0
 262 00f0 5F4B     		ldr	r3, .L14+48
 263 00f2 1A60     		str	r2, [r3]	@ float
  32:.\pid.c       ****     Ukk = Uk;
 264              		.loc 1 32 0
 265 00f4 5E4B     		ldr	r3, .L14+48
 266 00f6 1B68     		ldr	r3, [r3]	@ float
 267 00f8 5C4A     		ldr	r2, .L14+44
 268 00fa 1360     		str	r3, [r2]	@ float
  33:.\pid.c       ****     Ek_2 = Ek_1;
 269              		.loc 1 33 0
 270 00fc 564B     		ldr	r3, .L14+24
 271 00fe 1B68     		ldr	r3, [r3]	@ float
 272 0100 574A     		ldr	r2, .L14+32
 273 0102 1360     		str	r3, [r2]	@ float
  34:.\pid.c       ****     Ek_1 = Ek;
 274              		.loc 1 34 0
 275 0104 534B     		ldr	r3, .L14+20
 276 0106 1B68     		ldr	r3, [r3]	@ float
 277 0108 534A     		ldr	r2, .L14+24
 278 010a 1360     		str	r3, [r2]	@ float
  35:.\pid.c       ****     if(Uk>=-range && Ukk <=range)
 279              		.loc 1 35 0
 280 010c 594B     		ldr	r3, .L14+52
 281 010e 1B68     		ldr	r3, [r3]	@ float
 282 0110 83F00042 		eor	r2, r3, #-2147483648
 283 0114 564B     		ldr	r3, .L14+48
 284 0116 1B68     		ldr	r3, [r3]	@ float
 285 0118 1046     		mov	r0, r2
 286 011a 1946     		mov	r1, r3
 287 011c FFF7FEFF 		bl	__aeabi_fcmple
 288 0120 0346     		mov	r3, r0
 289 0122 002B     		cmp	r3, #0
 290 0124 16D0     		beq	.L2
 291              		.loc 1 35 0 is_stmt 0 discriminator 1
 292 0126 514B     		ldr	r3, .L14+44
 293 0128 1A68     		ldr	r2, [r3]	@ float
 294 012a 524B     		ldr	r3, .L14+52
 295 012c 1B68     		ldr	r3, [r3]	@ float
 296 012e 1046     		mov	r0, r2
 297 0130 1946     		mov	r1, r3
 298 0132 FFF7FEFF 		bl	__aeabi_fcmple
 299 0136 0346     		mov	r3, r0
 300 0138 002B     		cmp	r3, #0
 301 013a 0BD0     		beq	.L2
  36:.\pid.c       ****     {
  37:.\pid.c       ****         speed1 = speed2 = 0;
 302              		.loc 1 37 0 is_stmt 1
 303 013c 4E4B     		ldr	r3, .L14+56
 304 013e 0022     		movs	r2, #0
 305 0140 1A80     		strh	r2, [r3]	@ movhi
ARM GAS  C:\Users\kingi\AppData\Local\Temp\cc8znlua.s 			page 7


 306 0142 4D4B     		ldr	r3, .L14+56
 307 0144 1A88     		ldrh	r2, [r3]
 308 0146 4D4B     		ldr	r3, .L14+60
 309 0148 1A80     		strh	r2, [r3]	@ movhi
  38:.\pid.c       ****         angle3 = 512;
 310              		.loc 1 38 0
 311 014a 4D4B     		ldr	r3, .L14+64
 312 014c 4FF40072 		mov	r2, #512
 313 0150 1A80     		strh	r2, [r3]	@ movhi
 314 0152 58E0     		b	.L5
 315              	.L2:
  39:.\pid.c       ****     }
  40:.\pid.c       ****     else
  41:.\pid.c       ****     {
  42:.\pid.c       ****         if(Uk > 1023) Uk = 1023;
 316              		.loc 1 42 0
 317 0154 464B     		ldr	r3, .L14+48
 318 0156 1B68     		ldr	r3, [r3]	@ float
 319 0158 1846     		mov	r0, r3
 320 015a 4A49     		ldr	r1, .L14+68
 321 015c FFF7FEFF 		bl	__aeabi_fcmpgt
 322 0160 0346     		mov	r3, r0
 323 0162 002B     		cmp	r3, #0
 324 0164 02D0     		beq	.L6
 325              		.loc 1 42 0 is_stmt 0 discriminator 1
 326 0166 424B     		ldr	r3, .L14+48
 327 0168 464A     		ldr	r2, .L14+68
 328 016a 1A60     		str	r2, [r3]	@ float
 329              	.L6:
  43:.\pid.c       ****         if(Uk < -1023) Uk = -1023;
 330              		.loc 1 43 0 is_stmt 1
 331 016c 404B     		ldr	r3, .L14+48
 332 016e 1B68     		ldr	r3, [r3]	@ float
 333 0170 1846     		mov	r0, r3
 334 0172 4549     		ldr	r1, .L14+72
 335 0174 FFF7FEFF 		bl	__aeabi_fcmplt
 336 0178 0346     		mov	r3, r0
 337 017a 002B     		cmp	r3, #0
 338 017c 02D0     		beq	.L8
 339              		.loc 1 43 0 is_stmt 0 discriminator 1
 340 017e 3C4B     		ldr	r3, .L14+48
 341 0180 414A     		ldr	r2, .L14+72
 342 0182 1A60     		str	r2, [r3]	@ float
 343              	.L8:
  44:.\pid.c       ****         speed1 = CompensateCoeff * Uk;
 344              		.loc 1 44 0 is_stmt 1
 345 0184 3A4B     		ldr	r3, .L14+48
 346 0186 1B68     		ldr	r3, [r3]	@ float
 347 0188 1846     		mov	r0, r3
 348 018a FFF7FEFF 		bl	__aeabi_f2iz
 349 018e 0346     		mov	r3, r0
 350 0190 9AB2     		uxth	r2, r3
 351 0192 3A4B     		ldr	r3, .L14+60
 352 0194 1A80     		strh	r2, [r3]	@ movhi
  45:.\pid.c       ****         speed2 = -CompensateCoeff * Uk;
 353              		.loc 1 45 0
 354 0196 364B     		ldr	r3, .L14+48
ARM GAS  C:\Users\kingi\AppData\Local\Temp\cc8znlua.s 			page 8


 355 0198 1B68     		ldr	r3, [r3]	@ float
 356 019a 1846     		mov	r0, r3
 357 019c FFF7FEFF 		bl	__aeabi_f2d
 358 01a0 0246     		mov	r2, r0
 359 01a2 0B46     		mov	r3, r1
 360 01a4 1446     		mov	r4, r2
 361 01a6 83F00045 		eor	r5, r3, #-2147483648
 362 01aa 2046     		mov	r0, r4
 363 01ac 2946     		mov	r1, r5
 364 01ae FFF7FEFF 		bl	__aeabi_d2iz
 365 01b2 0346     		mov	r3, r0
 366 01b4 9AB2     		uxth	r2, r3
 367 01b6 304B     		ldr	r3, .L14+56
 368 01b8 1A80     		strh	r2, [r3]	@ movhi
  46:.\pid.c       ****         angle3 = 512 + (CompensateCoeff * Uk / TopMotorAngleCoeff);
 369              		.loc 1 46 0
 370 01ba 2D4B     		ldr	r3, .L14+48
 371 01bc 1B68     		ldr	r3, [r3]	@ float
 372 01be 1846     		mov	r0, r3
 373 01c0 FFF7FEFF 		bl	__aeabi_f2d
 374 01c4 0446     		mov	r4, r0
 375 01c6 0D46     		mov	r5, r1
 376 01c8 304B     		ldr	r3, .L14+76
 377 01ca 1B68     		ldr	r3, [r3]	@ float
 378 01cc 1846     		mov	r0, r3
 379 01ce FFF7FEFF 		bl	__aeabi_f2d
 380 01d2 0246     		mov	r2, r0
 381 01d4 0B46     		mov	r3, r1
 382 01d6 2046     		mov	r0, r4
 383 01d8 2946     		mov	r1, r5
 384 01da FFF7FEFF 		bl	__aeabi_ddiv
 385 01de 0246     		mov	r2, r0
 386 01e0 0B46     		mov	r3, r1
 387 01e2 1046     		mov	r0, r2
 388 01e4 1946     		mov	r1, r3
 389 01e6 4FF00002 		mov	r2, #0
 390 01ea 4FF08143 		mov	r3, #1082130432
 391 01ee FFF7FEFF 		bl	__aeabi_dadd
 392 01f2 0246     		mov	r2, r0
 393 01f4 0B46     		mov	r3, r1
 394 01f6 1046     		mov	r0, r2
 395 01f8 1946     		mov	r1, r3
 396 01fa FFF7FEFF 		bl	__aeabi_d2uiz
 397 01fe 0346     		mov	r3, r0
 398 0200 9AB2     		uxth	r2, r3
 399 0202 1F4B     		ldr	r3, .L14+64
 400 0204 1A80     		strh	r2, [r3]	@ movhi
 401              	.L5:
  47:.\pid.c       ****     }
  48:.\pid.c       ****     SetMotorSpeed(_LEFT, speed1, 255);
 402              		.loc 1 48 0
 403 0206 1D4B     		ldr	r3, .L14+60
 404 0208 1B88     		ldrh	r3, [r3]
 405 020a 1BB2     		sxth	r3, r3
 406 020c 0120     		movs	r0, #1
 407 020e 1946     		mov	r1, r3
 408 0210 FF22     		movs	r2, #255
ARM GAS  C:\Users\kingi\AppData\Local\Temp\cc8znlua.s 			page 9


 409 0212 FFF7FEFF 		bl	SetMotorSpeed
  49:.\pid.c       ****     SetMotorSpeed(_RIGHT, speed2, 255);
 410              		.loc 1 49 0
 411 0216 184B     		ldr	r3, .L14+56
 412 0218 1B88     		ldrh	r3, [r3]
 413 021a 1BB2     		sxth	r3, r3
 414 021c 0220     		movs	r0, #2
 415 021e 1946     		mov	r1, r3
 416 0220 FF22     		movs	r2, #255
 417 0222 FFF7FEFF 		bl	SetMotorSpeed
  50:.\pid.c       ****     SetServoPosition(_TOP, angle3, 0x03ff);
 418              		.loc 1 50 0
 419 0226 164B     		ldr	r3, .L14+64
 420 0228 1B88     		ldrh	r3, [r3]
 421 022a 0020     		movs	r0, #0
 422 022c 1946     		mov	r1, r3
 423 022e 40F2FF32 		movw	r2, #1023
 424 0232 FFF7FEFF 		bl	SetServoPosition
  51:.\pid.c       **** }...
 425              		.loc 1 51 0
 426 0236 BDE8F883 		pop	{r3, r4, r5, r6, r7, r8, r9, pc}
 427              	.L15:
 428 023a 00BFAFF3 		.align	3
 428      0080
 429              	.L14:
 430 0240 66666666 		.word	1717986918
 431 0244 6666EE3F 		.word	1072588390
 432 0248 00000000 		.word	ADC_L
 433 024c 00000000 		.word	ADC_R
 434 0250 00000000 		.word	bias
 435 0254 00000000 		.word	Ek
 436 0258 00000000 		.word	Ek_1
 437 025c 00000000 		.word	Ki
 438 0260 00000000 		.word	Ek_2
 439 0264 00000000 		.word	Kd
 440 0268 00000000 		.word	Kp
 441 026c 00000000 		.word	Ukk
 442 0270 00000000 		.word	Uk
 443 0274 00000000 		.word	range
 444 0278 00000000 		.word	speed2
 445 027c 00000000 		.word	speed1
 446 0280 00000000 		.word	angle3
 447 0284 00C07F44 		.word	1149222912
 448 0288 00C07FC4 		.word	-998260736
 449 028c 00000000 		.word	TopMotorAngleCoeff
 450              		.cfi_endproc
 451              	.LFE63:
 452              		.size	PID, .-PID
 453              		.text
 454              	.Letext0:
 455              		.file 2 "c:\\program files (x86)\\cypress\\psoc creator\\3.3\\psoc creator\\import\\gnu\\arm\\4.9.
 456              		.file 3 "c:\\program files (x86)\\cypress\\psoc creator\\3.3\\psoc creator\\import\\gnu\\arm\\4.9.
 457              		.file 4 "Generated_Source\\PSoC5/cytypes.h"
 458              		.file 5 "Generated_Source\\PSoC5/core_cm3.h"
 459              		.section	.debug_info,"",%progbits
 460              	.Ldebug_info0:
 461 0000 0D020000 		.4byte	0x20d
ARM GAS  C:\Users\kingi\AppData\Local\Temp\cc8znlua.s 			page 10


 462 0004 0400     		.2byte	0x4
 463 0006 00000000 		.4byte	.Ldebug_abbrev0
 464 000a 04       		.byte	0x4
 465 000b 01       		.uleb128 0x1
 466 000c 27000000 		.4byte	.LASF31
 467 0010 01       		.byte	0x1
 468 0011 9D010000 		.4byte	.LASF32
 469 0015 B5000000 		.4byte	.LASF33
 470 0019 00000000 		.4byte	.Ldebug_ranges0+0
 471 001d 00000000 		.4byte	0
 472 0021 00000000 		.4byte	.Ldebug_line0
 473 0025 02       		.uleb128 0x2
 474 0026 01       		.byte	0x1
 475 0027 06       		.byte	0x6
 476 0028 E6010000 		.4byte	.LASF0
 477 002c 02       		.uleb128 0x2
 478 002d 01       		.byte	0x1
 479 002e 08       		.byte	0x8
 480 002f 52010000 		.4byte	.LASF1
 481 0033 02       		.uleb128 0x2
 482 0034 02       		.byte	0x2
 483 0035 05       		.byte	0x5
 484 0036 CF010000 		.4byte	.LASF2
 485 003a 02       		.uleb128 0x2
 486 003b 02       		.byte	0x2
 487 003c 07       		.byte	0x7
 488 003d 10010000 		.4byte	.LASF3
 489 0041 03       		.uleb128 0x3
 490 0042 0E000000 		.4byte	.LASF9
 491 0046 02       		.byte	0x2
 492 0047 3F       		.byte	0x3f
 493 0048 4C000000 		.4byte	0x4c
 494 004c 02       		.uleb128 0x2
 495 004d 04       		.byte	0x4
 496 004e 05       		.byte	0x5
 497 004f 1E000000 		.4byte	.LASF4
 498 0053 02       		.uleb128 0x2
 499 0054 04       		.byte	0x4
 500 0055 07       		.byte	0x7
 501 0056 FE000000 		.4byte	.LASF5
 502 005a 02       		.uleb128 0x2
 503 005b 08       		.byte	0x8
 504 005c 05       		.byte	0x5
 505 005d A5010000 		.4byte	.LASF6
 506 0061 02       		.uleb128 0x2
 507 0062 08       		.byte	0x8
 508 0063 07       		.byte	0x7
 509 0064 6D010000 		.4byte	.LASF7
 510 0068 04       		.uleb128 0x4
 511 0069 04       		.byte	0x4
 512 006a 05       		.byte	0x5
 513 006b 696E7400 		.ascii	"int\000"
 514 006f 02       		.uleb128 0x2
 515 0070 04       		.byte	0x4
 516 0071 07       		.byte	0x7
 517 0072 60010000 		.4byte	.LASF8
 518 0076 03       		.uleb128 0x3
ARM GAS  C:\Users\kingi\AppData\Local\Temp\cc8znlua.s 			page 11


 519 0077 8B010000 		.4byte	.LASF10
 520 007b 03       		.byte	0x3
 521 007c 2C       		.byte	0x2c
 522 007d 41000000 		.4byte	0x41
 523 0081 05       		.uleb128 0x5
 524 0082 4B010000 		.4byte	.LASF11
 525 0086 04       		.byte	0x4
 526 0087 3901     		.2byte	0x139
 527 0089 3A000000 		.4byte	0x3a
 528 008d 05       		.uleb128 0x5
 529 008e F8000000 		.4byte	.LASF12
 530 0092 04       		.byte	0x4
 531 0093 3C01     		.2byte	0x13c
 532 0095 33000000 		.4byte	0x33
 533 0099 05       		.uleb128 0x5
 534 009a D9010000 		.4byte	.LASF13
 535 009e 04       		.byte	0x4
 536 009f 3E01     		.2byte	0x13e
 537 00a1 A5000000 		.4byte	0xa5
 538 00a5 02       		.uleb128 0x2
 539 00a6 04       		.byte	0x4
 540 00a7 04       		.byte	0x4
 541 00a8 F2000000 		.4byte	.LASF14
 542 00ac 02       		.uleb128 0x2
 543 00ad 08       		.byte	0x8
 544 00ae 04       		.byte	0x4
 545 00af 44010000 		.4byte	.LASF15
 546 00b3 02       		.uleb128 0x2
 547 00b4 01       		.byte	0x1
 548 00b5 08       		.byte	0x8
 549 00b6 E1010000 		.4byte	.LASF16
 550 00ba 02       		.uleb128 0x2
 551 00bb 04       		.byte	0x4
 552 00bc 07       		.byte	0x7
 553 00bd C6010000 		.4byte	.LASF17
 554 00c1 06       		.uleb128 0x6
 555 00c2 50494400 		.ascii	"PID\000"
 556 00c6 01       		.byte	0x1
 557 00c7 1C       		.byte	0x1c
 558 00c8 00000000 		.4byte	.LFB63
 559 00cc 90020000 		.4byte	.LFE63-.LFB63
 560 00d0 01       		.uleb128 0x1
 561 00d1 9C       		.byte	0x9c
 562 00d2 07       		.uleb128 0x7
 563 00d3 31010000 		.4byte	.LASF18
 564 00d7 05       		.byte	0x5
 565 00d8 5506     		.2byte	0x655
 566 00da DE000000 		.4byte	0xde
 567 00de 08       		.uleb128 0x8
 568 00df 76000000 		.4byte	0x76
 569 00e3 09       		.uleb128 0x9
 570 00e4 456B00   		.ascii	"Ek\000"
 571 00e7 01       		.byte	0x1
 572 00e8 05       		.byte	0x5
 573 00e9 99000000 		.4byte	0x99
 574 00ed 05       		.uleb128 0x5
 575 00ee 03       		.byte	0x3
ARM GAS  C:\Users\kingi\AppData\Local\Temp\cc8znlua.s 			page 12


 576 00ef 00000000 		.4byte	Ek
 577 00f3 0A       		.uleb128 0xa
 578 00f4 93010000 		.4byte	.LASF19
 579 00f8 01       		.byte	0x1
 580 00f9 06       		.byte	0x6
 581 00fa 99000000 		.4byte	0x99
 582 00fe 05       		.uleb128 0x5
 583 00ff 03       		.byte	0x3
 584 0100 00000000 		.4byte	Ek_1
 585 0104 0A       		.uleb128 0xa
 586 0105 98010000 		.4byte	.LASF20
 587 0109 01       		.byte	0x1
 588 010a 07       		.byte	0x7
 589 010b 99000000 		.4byte	0x99
 590 010f 05       		.uleb128 0x5
 591 0110 03       		.byte	0x3
 592 0111 00000000 		.4byte	Ek_2
 593 0115 09       		.uleb128 0x9
 594 0116 556B00   		.ascii	"Uk\000"
 595 0119 01       		.byte	0x1
 596 011a 08       		.byte	0x8
 597 011b 99000000 		.4byte	0x99
 598 011f 05       		.uleb128 0x5
 599 0120 03       		.byte	0x3
 600 0121 00000000 		.4byte	Uk
 601 0125 09       		.uleb128 0x9
 602 0126 556B6B00 		.ascii	"Ukk\000"
 603 012a 01       		.byte	0x1
 604 012b 09       		.byte	0x9
 605 012c 99000000 		.4byte	0x99
 606 0130 05       		.uleb128 0x5
 607 0131 03       		.byte	0x3
 608 0132 00000000 		.4byte	Ukk
 609 0136 09       		.uleb128 0x9
 610 0137 4B7000   		.ascii	"Kp\000"
 611 013a 01       		.byte	0x1
 612 013b 0A       		.byte	0xa
 613 013c 99000000 		.4byte	0x99
 614 0140 05       		.uleb128 0x5
 615 0141 03       		.byte	0x3
 616 0142 00000000 		.4byte	Kp
 617 0146 09       		.uleb128 0x9
 618 0147 4B6900   		.ascii	"Ki\000"
 619 014a 01       		.byte	0x1
 620 014b 0B       		.byte	0xb
 621 014c 99000000 		.4byte	0x99
 622 0150 05       		.uleb128 0x5
 623 0151 03       		.byte	0x3
 624 0152 00000000 		.4byte	Ki
 625 0156 09       		.uleb128 0x9
 626 0157 4B6400   		.ascii	"Kd\000"
 627 015a 01       		.byte	0x1
 628 015b 0C       		.byte	0xc
 629 015c 99000000 		.4byte	0x99
 630 0160 05       		.uleb128 0x5
 631 0161 03       		.byte	0x3
 632 0162 00000000 		.4byte	Kd
ARM GAS  C:\Users\kingi\AppData\Local\Temp\cc8znlua.s 			page 13


 633 0166 0A       		.uleb128 0xa
 634 0167 DF000000 		.4byte	.LASF21
 635 016b 01       		.byte	0x1
 636 016c 0D       		.byte	0xd
 637 016d 99000000 		.4byte	0x99
 638 0171 05       		.uleb128 0x5
 639 0172 03       		.byte	0x3
 640 0173 00000000 		.4byte	TopMotorAngleCoeff
 641 0177 0A       		.uleb128 0xa
 642 0178 B3010000 		.4byte	.LASF22
 643 017c 01       		.byte	0x1
 644 017d 0E       		.byte	0xe
 645 017e 8D000000 		.4byte	0x8d
 646 0182 05       		.uleb128 0x5
 647 0183 03       		.byte	0x3
 648 0184 00000000 		.4byte	ADC_L_balance
 649 0188 0A       		.uleb128 0xa
 650 0189 00000000 		.4byte	.LASF23
 651 018d 01       		.byte	0x1
 652 018e 0F       		.byte	0xf
 653 018f 8D000000 		.4byte	0x8d
 654 0193 05       		.uleb128 0x5
 655 0194 03       		.byte	0x3
 656 0195 00000000 		.4byte	ADC_R_balance
 657 0199 0A       		.uleb128 0xa
 658 019a 18000000 		.4byte	.LASF24
 659 019e 01       		.byte	0x1
 660 019f 13       		.byte	0x13
 661 01a0 8D000000 		.4byte	0x8d
 662 01a4 05       		.uleb128 0x5
 663 01a5 03       		.byte	0x3
 664 01a6 00000000 		.4byte	ADC_L
 665 01aa 0A       		.uleb128 0xa
 666 01ab D9000000 		.4byte	.LASF25
 667 01af 01       		.byte	0x1
 668 01b0 14       		.byte	0x14
 669 01b1 8D000000 		.4byte	0x8d
 670 01b5 05       		.uleb128 0x5
 671 01b6 03       		.byte	0x3
 672 01b7 00000000 		.4byte	ADC_R
 673 01bb 0A       		.uleb128 0xa
 674 01bc 3E010000 		.4byte	.LASF26
 675 01c0 01       		.byte	0x1
 676 01c1 15       		.byte	0x15
 677 01c2 99000000 		.4byte	0x99
 678 01c6 05       		.uleb128 0x5
 679 01c7 03       		.byte	0x3
 680 01c8 00000000 		.4byte	range
 681 01cc 0A       		.uleb128 0xa
 682 01cd 23010000 		.4byte	.LASF27
 683 01d1 01       		.byte	0x1
 684 01d2 16       		.byte	0x16
 685 01d3 8D000000 		.4byte	0x8d
 686 01d7 05       		.uleb128 0x5
 687 01d8 03       		.byte	0x3
 688 01d9 00000000 		.4byte	speed1
 689 01dd 0A       		.uleb128 0xa
ARM GAS  C:\Users\kingi\AppData\Local\Temp\cc8znlua.s 			page 14


 690 01de 2A010000 		.4byte	.LASF28
 691 01e2 01       		.byte	0x1
 692 01e3 17       		.byte	0x17
 693 01e4 8D000000 		.4byte	0x8d
 694 01e8 05       		.uleb128 0x5
 695 01e9 03       		.byte	0x3
 696 01ea 00000000 		.4byte	speed2
 697 01ee 0A       		.uleb128 0xa
 698 01ef 84010000 		.4byte	.LASF29
 699 01f3 01       		.byte	0x1
 700 01f4 18       		.byte	0x18
 701 01f5 81000000 		.4byte	0x81
 702 01f9 05       		.uleb128 0x5
 703 01fa 03       		.byte	0x3
 704 01fb 00000000 		.4byte	angle3
 705 01ff 0A       		.uleb128 0xa
 706 0200 C1010000 		.4byte	.LASF30
 707 0204 01       		.byte	0x1
 708 0205 11       		.byte	0x11
 709 0206 8D000000 		.4byte	0x8d
 710 020a 05       		.uleb128 0x5
 711 020b 03       		.byte	0x3
 712 020c 00000000 		.4byte	bias
 713 0210 00       		.byte	0
 714              		.section	.debug_abbrev,"",%progbits
 715              	.Ldebug_abbrev0:
 716 0000 01       		.uleb128 0x1
 717 0001 11       		.uleb128 0x11
 718 0002 01       		.byte	0x1
 719 0003 25       		.uleb128 0x25
 720 0004 0E       		.uleb128 0xe
 721 0005 13       		.uleb128 0x13
 722 0006 0B       		.uleb128 0xb
 723 0007 03       		.uleb128 0x3
 724 0008 0E       		.uleb128 0xe
 725 0009 1B       		.uleb128 0x1b
 726 000a 0E       		.uleb128 0xe
 727 000b 55       		.uleb128 0x55
 728 000c 17       		.uleb128 0x17
 729 000d 11       		.uleb128 0x11
 730 000e 01       		.uleb128 0x1
 731 000f 10       		.uleb128 0x10
 732 0010 17       		.uleb128 0x17
 733 0011 00       		.byte	0
 734 0012 00       		.byte	0
 735 0013 02       		.uleb128 0x2
 736 0014 24       		.uleb128 0x24
 737 0015 00       		.byte	0
 738 0016 0B       		.uleb128 0xb
 739 0017 0B       		.uleb128 0xb
 740 0018 3E       		.uleb128 0x3e
 741 0019 0B       		.uleb128 0xb
 742 001a 03       		.uleb128 0x3
 743 001b 0E       		.uleb128 0xe
 744 001c 00       		.byte	0
 745 001d 00       		.byte	0
 746 001e 03       		.uleb128 0x3
ARM GAS  C:\Users\kingi\AppData\Local\Temp\cc8znlua.s 			page 15


 747 001f 16       		.uleb128 0x16
 748 0020 00       		.byte	0
 749 0021 03       		.uleb128 0x3
 750 0022 0E       		.uleb128 0xe
 751 0023 3A       		.uleb128 0x3a
 752 0024 0B       		.uleb128 0xb
 753 0025 3B       		.uleb128 0x3b
 754 0026 0B       		.uleb128 0xb
 755 0027 49       		.uleb128 0x49
 756 0028 13       		.uleb128 0x13
 757 0029 00       		.byte	0
 758 002a 00       		.byte	0
 759 002b 04       		.uleb128 0x4
 760 002c 24       		.uleb128 0x24
 761 002d 00       		.byte	0
 762 002e 0B       		.uleb128 0xb
 763 002f 0B       		.uleb128 0xb
 764 0030 3E       		.uleb128 0x3e
 765 0031 0B       		.uleb128 0xb
 766 0032 03       		.uleb128 0x3
 767 0033 08       		.uleb128 0x8
 768 0034 00       		.byte	0
 769 0035 00       		.byte	0
 770 0036 05       		.uleb128 0x5
 771 0037 16       		.uleb128 0x16
 772 0038 00       		.byte	0
 773 0039 03       		.uleb128 0x3
 774 003a 0E       		.uleb128 0xe
 775 003b 3A       		.uleb128 0x3a
 776 003c 0B       		.uleb128 0xb
 777 003d 3B       		.uleb128 0x3b
 778 003e 05       		.uleb128 0x5
 779 003f 49       		.uleb128 0x49
 780 0040 13       		.uleb128 0x13
 781 0041 00       		.byte	0
 782 0042 00       		.byte	0
 783 0043 06       		.uleb128 0x6
 784 0044 2E       		.uleb128 0x2e
 785 0045 00       		.byte	0
 786 0046 3F       		.uleb128 0x3f
 787 0047 19       		.uleb128 0x19
 788 0048 03       		.uleb128 0x3
 789 0049 08       		.uleb128 0x8
 790 004a 3A       		.uleb128 0x3a
 791 004b 0B       		.uleb128 0xb
 792 004c 3B       		.uleb128 0x3b
 793 004d 0B       		.uleb128 0xb
 794 004e 11       		.uleb128 0x11
 795 004f 01       		.uleb128 0x1
 796 0050 12       		.uleb128 0x12
 797 0051 06       		.uleb128 0x6
 798 0052 40       		.uleb128 0x40
 799 0053 18       		.uleb128 0x18
 800 0054 9642     		.uleb128 0x2116
 801 0056 19       		.uleb128 0x19
 802 0057 00       		.byte	0
 803 0058 00       		.byte	0
ARM GAS  C:\Users\kingi\AppData\Local\Temp\cc8znlua.s 			page 16


 804 0059 07       		.uleb128 0x7
 805 005a 34       		.uleb128 0x34
 806 005b 00       		.byte	0
 807 005c 03       		.uleb128 0x3
 808 005d 0E       		.uleb128 0xe
 809 005e 3A       		.uleb128 0x3a
 810 005f 0B       		.uleb128 0xb
 811 0060 3B       		.uleb128 0x3b
 812 0061 05       		.uleb128 0x5
 813 0062 49       		.uleb128 0x49
 814 0063 13       		.uleb128 0x13
 815 0064 3F       		.uleb128 0x3f
 816 0065 19       		.uleb128 0x19
 817 0066 3C       		.uleb128 0x3c
 818 0067 19       		.uleb128 0x19
 819 0068 00       		.byte	0
 820 0069 00       		.byte	0
 821 006a 08       		.uleb128 0x8
 822 006b 35       		.uleb128 0x35
 823 006c 00       		.byte	0
 824 006d 49       		.uleb128 0x49
 825 006e 13       		.uleb128 0x13
 826 006f 00       		.byte	0
 827 0070 00       		.byte	0
 828 0071 09       		.uleb128 0x9
 829 0072 34       		.uleb128 0x34
 830 0073 00       		.byte	0
 831 0074 03       		.uleb128 0x3
 832 0075 08       		.uleb128 0x8
 833 0076 3A       		.uleb128 0x3a
 834 0077 0B       		.uleb128 0xb
 835 0078 3B       		.uleb128 0x3b
 836 0079 0B       		.uleb128 0xb
 837 007a 49       		.uleb128 0x49
 838 007b 13       		.uleb128 0x13
 839 007c 3F       		.uleb128 0x3f
 840 007d 19       		.uleb128 0x19
 841 007e 02       		.uleb128 0x2
 842 007f 18       		.uleb128 0x18
 843 0080 00       		.byte	0
 844 0081 00       		.byte	0
 845 0082 0A       		.uleb128 0xa
 846 0083 34       		.uleb128 0x34
 847 0084 00       		.byte	0
 848 0085 03       		.uleb128 0x3
 849 0086 0E       		.uleb128 0xe
 850 0087 3A       		.uleb128 0x3a
 851 0088 0B       		.uleb128 0xb
 852 0089 3B       		.uleb128 0x3b
 853 008a 0B       		.uleb128 0xb
 854 008b 49       		.uleb128 0x49
 855 008c 13       		.uleb128 0x13
 856 008d 3F       		.uleb128 0x3f
 857 008e 19       		.uleb128 0x19
 858 008f 02       		.uleb128 0x2
 859 0090 18       		.uleb128 0x18
 860 0091 00       		.byte	0
ARM GAS  C:\Users\kingi\AppData\Local\Temp\cc8znlua.s 			page 17


 861 0092 00       		.byte	0
 862 0093 00       		.byte	0
 863              		.section	.debug_aranges,"",%progbits
 864 0000 1C000000 		.4byte	0x1c
 865 0004 0200     		.2byte	0x2
 866 0006 00000000 		.4byte	.Ldebug_info0
 867 000a 04       		.byte	0x4
 868 000b 00       		.byte	0
 869 000c 0000     		.2byte	0
 870 000e 0000     		.2byte	0
 871 0010 00000000 		.4byte	.LFB63
 872 0014 90020000 		.4byte	.LFE63-.LFB63
 873 0018 00000000 		.4byte	0
 874 001c 00000000 		.4byte	0
 875              		.section	.debug_ranges,"",%progbits
 876              	.Ldebug_ranges0:
 877 0000 00000000 		.4byte	.LFB63
 878 0004 90020000 		.4byte	.LFE63
 879 0008 00000000 		.4byte	0
 880 000c 00000000 		.4byte	0
 881              		.section	.debug_line,"",%progbits
 882              	.Ldebug_line0:
 883 0000 89010000 		.section	.debug_str,"MS",%progbits,1
 883      02004801 
 883      00000201 
 883      FB0E0D00 
 883      01010101 
 884              	.LASF23:
 885 0000 4144435F 		.ascii	"ADC_R_balance\000"
 885      525F6261 
 885      6C616E63 
 885      6500
 886              	.LASF9:
 887 000e 5F5F696E 		.ascii	"__int32_t\000"
 887      7433325F 
 887      7400
 888              	.LASF24:
 889 0018 4144435F 		.ascii	"ADC_L\000"
 889      4C00
 890              	.LASF4:
 891 001e 6C6F6E67 		.ascii	"long int\000"
 891      20696E74 
 891      00
 892              	.LASF31:
 893 0027 474E5520 		.ascii	"GNU C 4.9.3 20150303 (release) [ARM/embedded-4_9-br"
 893      4320342E 
 893      392E3320 
 893      32303135 
 893      30333033 
 894 005a 616E6368 		.ascii	"anch revision 221220] -mcpu=cortex-m3 -mthumb -g -O"
 894      20726576 
 894      6973696F 
 894      6E203232 
 894      31323230 
 895 008d 30202D66 		.ascii	"0 -ffunction-sections -ffat-lto-objects\000"
 895      66756E63 
 895      74696F6E 
ARM GAS  C:\Users\kingi\AppData\Local\Temp\cc8znlua.s 			page 18


 895      2D736563 
 895      74696F6E 
 896              	.LASF33:
 897 00b5 433A5C55 		.ascii	"C:\\Users\\kingi\\Desktop\\972057.cydsn\000"
 897      73657273 
 897      5C6B696E 
 897      67695C44 
 897      65736B74 
 898              	.LASF25:
 899 00d9 4144435F 		.ascii	"ADC_R\000"
 899      5200
 900              	.LASF21:
 901 00df 546F704D 		.ascii	"TopMotorAngleCoeff\000"
 901      6F746F72 
 901      416E676C 
 901      65436F65 
 901      666600
 902              	.LASF14:
 903 00f2 666C6F61 		.ascii	"float\000"
 903      7400
 904              	.LASF12:
 905 00f8 696E7431 		.ascii	"int16\000"
 905      3600
 906              	.LASF5:
 907 00fe 6C6F6E67 		.ascii	"long unsigned int\000"
 907      20756E73 
 907      69676E65 
 907      6420696E 
 907      7400
 908              	.LASF3:
 909 0110 73686F72 		.ascii	"short unsigned int\000"
 909      7420756E 
 909      7369676E 
 909      65642069 
 909      6E7400
 910              	.LASF27:
 911 0123 73706565 		.ascii	"speed1\000"
 911      643100
 912              	.LASF28:
 913 012a 73706565 		.ascii	"speed2\000"
 913      643200
 914              	.LASF18:
 915 0131 49544D5F 		.ascii	"ITM_RxBuffer\000"
 915      52784275 
 915      66666572 
 915      00
 916              	.LASF26:
 917 013e 72616E67 		.ascii	"range\000"
 917      6500
 918              	.LASF15:
 919 0144 646F7562 		.ascii	"double\000"
 919      6C6500
 920              	.LASF11:
 921 014b 75696E74 		.ascii	"uint16\000"
 921      313600
 922              	.LASF1:
 923 0152 756E7369 		.ascii	"unsigned char\000"
ARM GAS  C:\Users\kingi\AppData\Local\Temp\cc8znlua.s 			page 19


 923      676E6564 
 923      20636861 
 923      7200
 924              	.LASF8:
 925 0160 756E7369 		.ascii	"unsigned int\000"
 925      676E6564 
 925      20696E74 
 925      00
 926              	.LASF7:
 927 016d 6C6F6E67 		.ascii	"long long unsigned int\000"
 927      206C6F6E 
 927      6720756E 
 927      7369676E 
 927      65642069 
 928              	.LASF29:
 929 0184 616E676C 		.ascii	"angle3\000"
 929      653300
 930              	.LASF10:
 931 018b 696E7433 		.ascii	"int32_t\000"
 931      325F7400 
 932              	.LASF19:
 933 0193 456B5F31 		.ascii	"Ek_1\000"
 933      00
 934              	.LASF20:
 935 0198 456B5F32 		.ascii	"Ek_2\000"
 935      00
 936              	.LASF32:
 937 019d 2E5C7069 		.ascii	".\\pid.c\000"
 937      642E6300 
 938              	.LASF6:
 939 01a5 6C6F6E67 		.ascii	"long long int\000"
 939      206C6F6E 
 939      6720696E 
 939      7400
 940              	.LASF22:
 941 01b3 4144435F 		.ascii	"ADC_L_balance\000"
 941      4C5F6261 
 941      6C616E63 
 941      6500
 942              	.LASF30:
 943 01c1 62696173 		.ascii	"bias\000"
 943      00
 944              	.LASF17:
 945 01c6 73697A65 		.ascii	"sizetype\000"
 945      74797065 
 945      00
 946              	.LASF2:
 947 01cf 73686F72 		.ascii	"short int\000"
 947      7420696E 
 947      7400
 948              	.LASF13:
 949 01d9 666C6F61 		.ascii	"float32\000"
 949      74333200 
 950              	.LASF16:
 951 01e1 63686172 		.ascii	"char\000"
 951      00
 952              	.LASF0:
ARM GAS  C:\Users\kingi\AppData\Local\Temp\cc8znlua.s 			page 20


 953 01e6 7369676E 		.ascii	"signed char\000"
 953      65642063 
 953      68617200 
 954              		.ident	"GCC: (GNU Tools for ARM Embedded Processors) 4.9.3 20150303 (release) [ARM/embedded-4_9-br
