ARM GAS  C:\Users\JIANGL~1\AppData\Local\Temp\cceVP8fL.s 			page 1


   1              		.syntax unified
   2              		.cpu cortex-m3
   3              		.fpu softvfp
   4              		.eabi_attribute 20, 1
   5              		.eabi_attribute 21, 1
   6              		.eabi_attribute 23, 3
   7              		.eabi_attribute 24, 1
   8              		.eabi_attribute 25, 1
   9              		.eabi_attribute 26, 1
  10              		.eabi_attribute 30, 6
  11              		.eabi_attribute 34, 1
  12              		.eabi_attribute 18, 4
  13              		.thumb
  14              		.file	"Bluetooth.c"
  15              		.text
  16              	.Ltext0:
  17              		.cfi_sections	.debug_frame
  18              		.comm	buffer,100,4
  19              		.section	.text.GetBluetoothString,"ax",%progbits
  20              		.align	2
  21              		.global	GetBluetoothString
  22              		.thumb
  23              		.thumb_func
  24              		.type	GetBluetoothString, %function
  25              	GetBluetoothString:
  26              	.LFB63:
  27              		.file 1 ".\\Bluetooth.c"
   1:.\Bluetooth.c **** #include "Bluetooth.h"
   2:.\Bluetooth.c **** 
   3:.\Bluetooth.c **** uint8 buffer[BufferSize];
   4:.\Bluetooth.c **** 
   5:.\Bluetooth.c **** void GetBluetoothString(uint8 *buffer)
   6:.\Bluetooth.c **** {
  28              		.loc 1 6 0
  29              		.cfi_startproc
  30              		@ args = 0, pretend = 0, frame = 16
  31              		@ frame_needed = 1, uses_anonymous_args = 0
  32 0000 90B5     		push	{r4, r7, lr}
  33              		.cfi_def_cfa_offset 12
  34              		.cfi_offset 4, -12
  35              		.cfi_offset 7, -8
  36              		.cfi_offset 14, -4
  37 0002 85B0     		sub	sp, sp, #20
  38              		.cfi_def_cfa_offset 32
  39 0004 00AF     		add	r7, sp, #0
  40              		.cfi_def_cfa_register 7
  41 0006 7860     		str	r0, [r7, #4]
   7:.\Bluetooth.c ****     int i;
   8:.\Bluetooth.c ****     uint8 ch;
   9:.\Bluetooth.c ****     for (i = 0; i < BufferSize; i++)
  42              		.loc 1 9 0
  43 0008 0023     		movs	r3, #0
  44 000a FB60     		str	r3, [r7, #12]
  45 000c 1AE0     		b	.L2
  46              	.L6:
  10:.\Bluetooth.c ****         {
  11:.\Bluetooth.c ****             ch = buffer[i] = UART_5_GetChar();
ARM GAS  C:\Users\JIANGL~1\AppData\Local\Temp\cceVP8fL.s 			page 2


  47              		.loc 1 11 0
  48 000e FB68     		ldr	r3, [r7, #12]
  49 0010 7A68     		ldr	r2, [r7, #4]
  50 0012 D418     		adds	r4, r2, r3
  51 0014 FFF7FEFF 		bl	UART_5_GetChar
  52 0018 0346     		mov	r3, r0
  53 001a 2370     		strb	r3, [r4]
  54 001c 2378     		ldrb	r3, [r4]
  55 001e FB72     		strb	r3, [r7, #11]
  12:.\Bluetooth.c ****             if (ch == '\r' || ch == '\n' || ch == '\0')
  56              		.loc 1 12 0
  57 0020 FB7A     		ldrb	r3, [r7, #11]	@ zero_extendqisi2
  58 0022 0D2B     		cmp	r3, #13
  59 0024 05D0     		beq	.L3
  60              		.loc 1 12 0 is_stmt 0 discriminator 1
  61 0026 FB7A     		ldrb	r3, [r7, #11]	@ zero_extendqisi2
  62 0028 0A2B     		cmp	r3, #10
  63 002a 02D0     		beq	.L3
  64              		.loc 1 12 0 discriminator 2
  65 002c FB7A     		ldrb	r3, [r7, #11]	@ zero_extendqisi2
  66 002e 002B     		cmp	r3, #0
  67 0030 05D1     		bne	.L4
  68              	.L3:
  13:.\Bluetooth.c ****             {
  14:.\Bluetooth.c ****                 buffer[i] = '\0';
  69              		.loc 1 14 0 is_stmt 1
  70 0032 FB68     		ldr	r3, [r7, #12]
  71 0034 7A68     		ldr	r2, [r7, #4]
  72 0036 1344     		add	r3, r3, r2
  73 0038 0022     		movs	r2, #0
  74 003a 1A70     		strb	r2, [r3]
  15:.\Bluetooth.c ****                 break;
  75              		.loc 1 15 0
  76 003c 05E0     		b	.L1
  77              	.L4:
   9:.\Bluetooth.c ****         {
  78              		.loc 1 9 0 discriminator 2
  79 003e FB68     		ldr	r3, [r7, #12]
  80 0040 0133     		adds	r3, r3, #1
  81 0042 FB60     		str	r3, [r7, #12]
  82              	.L2:
   9:.\Bluetooth.c ****         {
  83              		.loc 1 9 0 is_stmt 0 discriminator 1
  84 0044 FB68     		ldr	r3, [r7, #12]
  85 0046 632B     		cmp	r3, #99
  86 0048 E1DD     		ble	.L6
  87              	.L1:
  16:.\Bluetooth.c ****             }
  17:.\Bluetooth.c ****         }
  18:.\Bluetooth.c **** }...
  88              		.loc 1 18 0 is_stmt 1
  89 004a 1437     		adds	r7, r7, #20
  90              		.cfi_def_cfa_offset 12
  91 004c BD46     		mov	sp, r7
  92              		.cfi_def_cfa_register 13
  93              		@ sp needed
  94 004e 90BD     		pop	{r4, r7, pc}
ARM GAS  C:\Users\JIANGL~1\AppData\Local\Temp\cceVP8fL.s 			page 3


  95              		.cfi_endproc
  96              	.LFE63:
  97              		.size	GetBluetoothString, .-GetBluetoothString
  98              		.text
  99              	.Letext0:
 100              		.file 2 "d:\\program files (x86)\\cypress\\psoc creator\\3.3\\psoc creator\\import\\gnu\\arm\\4.9.
 101              		.file 3 "d:\\program files (x86)\\cypress\\psoc creator\\3.3\\psoc creator\\import\\gnu\\arm\\4.9.
 102              		.file 4 "Generated_Source\\PSoC5/cytypes.h"
 103              		.file 5 "Generated_Source\\PSoC5/core_cm3.h"
 104              		.section	.debug_info,"",%progbits
 105              	.Ldebug_info0:
 106 0000 1B010000 		.4byte	0x11b
 107 0004 0400     		.2byte	0x4
 108 0006 00000000 		.4byte	.Ldebug_abbrev0
 109 000a 04       		.byte	0x4
 110 000b 01       		.uleb128 0x1
 111 000c C5000000 		.4byte	.LASF18
 112 0010 01       		.byte	0x1
 113 0011 59000000 		.4byte	.LASF19
 114 0015 2E000000 		.4byte	.LASF20
 115 0019 00000000 		.4byte	.Ldebug_ranges0+0
 116 001d 00000000 		.4byte	0
 117 0021 00000000 		.4byte	.Ldebug_line0
 118 0025 02       		.uleb128 0x2
 119 0026 01       		.byte	0x1
 120 0027 06       		.byte	0x6
 121 0028 67010000 		.4byte	.LASF0
 122 002c 02       		.uleb128 0x2
 123 002d 01       		.byte	0x1
 124 002e 08       		.byte	0x8
 125 002f A9000000 		.4byte	.LASF1
 126 0033 02       		.uleb128 0x2
 127 0034 02       		.byte	0x2
 128 0035 05       		.byte	0x5
 129 0036 83010000 		.4byte	.LASF2
 130 003a 02       		.uleb128 0x2
 131 003b 02       		.byte	0x2
 132 003c 07       		.byte	0x7
 133 003d 0E000000 		.4byte	.LASF3
 134 0041 03       		.uleb128 0x3
 135 0042 73010000 		.4byte	.LASF9
 136 0046 02       		.byte	0x2
 137 0047 3F       		.byte	0x3f
 138 0048 4C000000 		.4byte	0x4c
 139 004c 02       		.uleb128 0x2
 140 004d 04       		.byte	0x4
 141 004e 05       		.byte	0x5
 142 004f BC000000 		.4byte	.LASF4
 143 0053 02       		.uleb128 0x2
 144 0054 04       		.byte	0x4
 145 0055 07       		.byte	0x7
 146 0056 6D000000 		.4byte	.LASF5
 147 005a 02       		.uleb128 0x2
 148 005b 08       		.byte	0x8
 149 005c 05       		.byte	0x5
 150 005d 00000000 		.4byte	.LASF6
 151 0061 02       		.uleb128 0x2
ARM GAS  C:\Users\JIANGL~1\AppData\Local\Temp\cceVP8fL.s 			page 4


 152 0062 08       		.byte	0x8
 153 0063 07       		.byte	0x7
 154 0064 7F000000 		.4byte	.LASF7
 155 0068 04       		.uleb128 0x4
 156 0069 04       		.byte	0x4
 157 006a 05       		.byte	0x5
 158 006b 696E7400 		.ascii	"int\000"
 159 006f 02       		.uleb128 0x2
 160 0070 04       		.byte	0x4
 161 0071 07       		.byte	0x7
 162 0072 21000000 		.4byte	.LASF8
 163 0076 03       		.uleb128 0x3
 164 0077 8D010000 		.4byte	.LASF10
 165 007b 03       		.byte	0x3
 166 007c 2C       		.byte	0x2c
 167 007d 41000000 		.4byte	0x41
 168 0081 05       		.uleb128 0x5
 169 0082 67000000 		.4byte	.LASF11
 170 0086 04       		.byte	0x4
 171 0087 3801     		.2byte	0x138
 172 0089 2C000000 		.4byte	0x2c
 173 008d 02       		.uleb128 0x2
 174 008e 04       		.byte	0x4
 175 008f 04       		.byte	0x4
 176 0090 7D010000 		.4byte	.LASF12
 177 0094 02       		.uleb128 0x2
 178 0095 08       		.byte	0x8
 179 0096 04       		.byte	0x4
 180 0097 53010000 		.4byte	.LASF13
 181 009b 02       		.uleb128 0x2
 182 009c 01       		.byte	0x1
 183 009d 08       		.byte	0x8
 184 009e B7000000 		.4byte	.LASF14
 185 00a2 02       		.uleb128 0x2
 186 00a3 04       		.byte	0x4
 187 00a4 07       		.byte	0x7
 188 00a5 9C010000 		.4byte	.LASF15
 189 00a9 06       		.uleb128 0x6
 190 00aa 96000000 		.4byte	.LASF21
 191 00ae 01       		.byte	0x1
 192 00af 05       		.byte	0x5
 193 00b0 00000000 		.4byte	.LFB63
 194 00b4 50000000 		.4byte	.LFE63-.LFB63
 195 00b8 01       		.uleb128 0x1
 196 00b9 9C       		.byte	0x9c
 197 00ba E6000000 		.4byte	0xe6
 198 00be 07       		.uleb128 0x7
 199 00bf 95010000 		.4byte	.LASF17
 200 00c3 01       		.byte	0x1
 201 00c4 05       		.byte	0x5
 202 00c5 E6000000 		.4byte	0xe6
 203 00c9 02       		.uleb128 0x2
 204 00ca 91       		.byte	0x91
 205 00cb 64       		.sleb128 -28
 206 00cc 08       		.uleb128 0x8
 207 00cd 6900     		.ascii	"i\000"
 208 00cf 01       		.byte	0x1
ARM GAS  C:\Users\JIANGL~1\AppData\Local\Temp\cceVP8fL.s 			page 5


 209 00d0 07       		.byte	0x7
 210 00d1 68000000 		.4byte	0x68
 211 00d5 02       		.uleb128 0x2
 212 00d6 91       		.byte	0x91
 213 00d7 6C       		.sleb128 -20
 214 00d8 08       		.uleb128 0x8
 215 00d9 636800   		.ascii	"ch\000"
 216 00dc 01       		.byte	0x1
 217 00dd 08       		.byte	0x8
 218 00de 81000000 		.4byte	0x81
 219 00e2 02       		.uleb128 0x2
 220 00e3 91       		.byte	0x91
 221 00e4 6B       		.sleb128 -21
 222 00e5 00       		.byte	0
 223 00e6 09       		.uleb128 0x9
 224 00e7 04       		.byte	0x4
 225 00e8 81000000 		.4byte	0x81
 226 00ec 0A       		.uleb128 0xa
 227 00ed 5A010000 		.4byte	.LASF16
 228 00f1 05       		.byte	0x5
 229 00f2 5506     		.2byte	0x655
 230 00f4 F8000000 		.4byte	0xf8
 231 00f8 0B       		.uleb128 0xb
 232 00f9 76000000 		.4byte	0x76
 233 00fd 0C       		.uleb128 0xc
 234 00fe 81000000 		.4byte	0x81
 235 0102 0D010000 		.4byte	0x10d
 236 0106 0D       		.uleb128 0xd
 237 0107 A2000000 		.4byte	0xa2
 238 010b 63       		.byte	0x63
 239 010c 00       		.byte	0
 240 010d 0E       		.uleb128 0xe
 241 010e 95010000 		.4byte	.LASF17
 242 0112 01       		.byte	0x1
 243 0113 03       		.byte	0x3
 244 0114 FD000000 		.4byte	0xfd
 245 0118 05       		.uleb128 0x5
 246 0119 03       		.byte	0x3
 247 011a 00000000 		.4byte	buffer
 248 011e 00       		.byte	0
 249              		.section	.debug_abbrev,"",%progbits
 250              	.Ldebug_abbrev0:
 251 0000 01       		.uleb128 0x1
 252 0001 11       		.uleb128 0x11
 253 0002 01       		.byte	0x1
 254 0003 25       		.uleb128 0x25
 255 0004 0E       		.uleb128 0xe
 256 0005 13       		.uleb128 0x13
 257 0006 0B       		.uleb128 0xb
 258 0007 03       		.uleb128 0x3
 259 0008 0E       		.uleb128 0xe
 260 0009 1B       		.uleb128 0x1b
 261 000a 0E       		.uleb128 0xe
 262 000b 55       		.uleb128 0x55
 263 000c 17       		.uleb128 0x17
 264 000d 11       		.uleb128 0x11
 265 000e 01       		.uleb128 0x1
ARM GAS  C:\Users\JIANGL~1\AppData\Local\Temp\cceVP8fL.s 			page 6


 266 000f 10       		.uleb128 0x10
 267 0010 17       		.uleb128 0x17
 268 0011 00       		.byte	0
 269 0012 00       		.byte	0
 270 0013 02       		.uleb128 0x2
 271 0014 24       		.uleb128 0x24
 272 0015 00       		.byte	0
 273 0016 0B       		.uleb128 0xb
 274 0017 0B       		.uleb128 0xb
 275 0018 3E       		.uleb128 0x3e
 276 0019 0B       		.uleb128 0xb
 277 001a 03       		.uleb128 0x3
 278 001b 0E       		.uleb128 0xe
 279 001c 00       		.byte	0
 280 001d 00       		.byte	0
 281 001e 03       		.uleb128 0x3
 282 001f 16       		.uleb128 0x16
 283 0020 00       		.byte	0
 284 0021 03       		.uleb128 0x3
 285 0022 0E       		.uleb128 0xe
 286 0023 3A       		.uleb128 0x3a
 287 0024 0B       		.uleb128 0xb
 288 0025 3B       		.uleb128 0x3b
 289 0026 0B       		.uleb128 0xb
 290 0027 49       		.uleb128 0x49
 291 0028 13       		.uleb128 0x13
 292 0029 00       		.byte	0
 293 002a 00       		.byte	0
 294 002b 04       		.uleb128 0x4
 295 002c 24       		.uleb128 0x24
 296 002d 00       		.byte	0
 297 002e 0B       		.uleb128 0xb
 298 002f 0B       		.uleb128 0xb
 299 0030 3E       		.uleb128 0x3e
 300 0031 0B       		.uleb128 0xb
 301 0032 03       		.uleb128 0x3
 302 0033 08       		.uleb128 0x8
 303 0034 00       		.byte	0
 304 0035 00       		.byte	0
 305 0036 05       		.uleb128 0x5
 306 0037 16       		.uleb128 0x16
 307 0038 00       		.byte	0
 308 0039 03       		.uleb128 0x3
 309 003a 0E       		.uleb128 0xe
 310 003b 3A       		.uleb128 0x3a
 311 003c 0B       		.uleb128 0xb
 312 003d 3B       		.uleb128 0x3b
 313 003e 05       		.uleb128 0x5
 314 003f 49       		.uleb128 0x49
 315 0040 13       		.uleb128 0x13
 316 0041 00       		.byte	0
 317 0042 00       		.byte	0
 318 0043 06       		.uleb128 0x6
 319 0044 2E       		.uleb128 0x2e
 320 0045 01       		.byte	0x1
 321 0046 3F       		.uleb128 0x3f
 322 0047 19       		.uleb128 0x19
ARM GAS  C:\Users\JIANGL~1\AppData\Local\Temp\cceVP8fL.s 			page 7


 323 0048 03       		.uleb128 0x3
 324 0049 0E       		.uleb128 0xe
 325 004a 3A       		.uleb128 0x3a
 326 004b 0B       		.uleb128 0xb
 327 004c 3B       		.uleb128 0x3b
 328 004d 0B       		.uleb128 0xb
 329 004e 27       		.uleb128 0x27
 330 004f 19       		.uleb128 0x19
 331 0050 11       		.uleb128 0x11
 332 0051 01       		.uleb128 0x1
 333 0052 12       		.uleb128 0x12
 334 0053 06       		.uleb128 0x6
 335 0054 40       		.uleb128 0x40
 336 0055 18       		.uleb128 0x18
 337 0056 9642     		.uleb128 0x2116
 338 0058 19       		.uleb128 0x19
 339 0059 01       		.uleb128 0x1
 340 005a 13       		.uleb128 0x13
 341 005b 00       		.byte	0
 342 005c 00       		.byte	0
 343 005d 07       		.uleb128 0x7
 344 005e 05       		.uleb128 0x5
 345 005f 00       		.byte	0
 346 0060 03       		.uleb128 0x3
 347 0061 0E       		.uleb128 0xe
 348 0062 3A       		.uleb128 0x3a
 349 0063 0B       		.uleb128 0xb
 350 0064 3B       		.uleb128 0x3b
 351 0065 0B       		.uleb128 0xb
 352 0066 49       		.uleb128 0x49
 353 0067 13       		.uleb128 0x13
 354 0068 02       		.uleb128 0x2
 355 0069 18       		.uleb128 0x18
 356 006a 00       		.byte	0
 357 006b 00       		.byte	0
 358 006c 08       		.uleb128 0x8
 359 006d 34       		.uleb128 0x34
 360 006e 00       		.byte	0
 361 006f 03       		.uleb128 0x3
 362 0070 08       		.uleb128 0x8
 363 0071 3A       		.uleb128 0x3a
 364 0072 0B       		.uleb128 0xb
 365 0073 3B       		.uleb128 0x3b
 366 0074 0B       		.uleb128 0xb
 367 0075 49       		.uleb128 0x49
 368 0076 13       		.uleb128 0x13
 369 0077 02       		.uleb128 0x2
 370 0078 18       		.uleb128 0x18
 371 0079 00       		.byte	0
 372 007a 00       		.byte	0
 373 007b 09       		.uleb128 0x9
 374 007c 0F       		.uleb128 0xf
 375 007d 00       		.byte	0
 376 007e 0B       		.uleb128 0xb
 377 007f 0B       		.uleb128 0xb
 378 0080 49       		.uleb128 0x49
 379 0081 13       		.uleb128 0x13
ARM GAS  C:\Users\JIANGL~1\AppData\Local\Temp\cceVP8fL.s 			page 8


 380 0082 00       		.byte	0
 381 0083 00       		.byte	0
 382 0084 0A       		.uleb128 0xa
 383 0085 34       		.uleb128 0x34
 384 0086 00       		.byte	0
 385 0087 03       		.uleb128 0x3
 386 0088 0E       		.uleb128 0xe
 387 0089 3A       		.uleb128 0x3a
 388 008a 0B       		.uleb128 0xb
 389 008b 3B       		.uleb128 0x3b
 390 008c 05       		.uleb128 0x5
 391 008d 49       		.uleb128 0x49
 392 008e 13       		.uleb128 0x13
 393 008f 3F       		.uleb128 0x3f
 394 0090 19       		.uleb128 0x19
 395 0091 3C       		.uleb128 0x3c
 396 0092 19       		.uleb128 0x19
 397 0093 00       		.byte	0
 398 0094 00       		.byte	0
 399 0095 0B       		.uleb128 0xb
 400 0096 35       		.uleb128 0x35
 401 0097 00       		.byte	0
 402 0098 49       		.uleb128 0x49
 403 0099 13       		.uleb128 0x13
 404 009a 00       		.byte	0
 405 009b 00       		.byte	0
 406 009c 0C       		.uleb128 0xc
 407 009d 01       		.uleb128 0x1
 408 009e 01       		.byte	0x1
 409 009f 49       		.uleb128 0x49
 410 00a0 13       		.uleb128 0x13
 411 00a1 01       		.uleb128 0x1
 412 00a2 13       		.uleb128 0x13
 413 00a3 00       		.byte	0
 414 00a4 00       		.byte	0
 415 00a5 0D       		.uleb128 0xd
 416 00a6 21       		.uleb128 0x21
 417 00a7 00       		.byte	0
 418 00a8 49       		.uleb128 0x49
 419 00a9 13       		.uleb128 0x13
 420 00aa 2F       		.uleb128 0x2f
 421 00ab 0B       		.uleb128 0xb
 422 00ac 00       		.byte	0
 423 00ad 00       		.byte	0
 424 00ae 0E       		.uleb128 0xe
 425 00af 34       		.uleb128 0x34
 426 00b0 00       		.byte	0
 427 00b1 03       		.uleb128 0x3
 428 00b2 0E       		.uleb128 0xe
 429 00b3 3A       		.uleb128 0x3a
 430 00b4 0B       		.uleb128 0xb
 431 00b5 3B       		.uleb128 0x3b
 432 00b6 0B       		.uleb128 0xb
 433 00b7 49       		.uleb128 0x49
 434 00b8 13       		.uleb128 0x13
 435 00b9 3F       		.uleb128 0x3f
 436 00ba 19       		.uleb128 0x19
ARM GAS  C:\Users\JIANGL~1\AppData\Local\Temp\cceVP8fL.s 			page 9


 437 00bb 02       		.uleb128 0x2
 438 00bc 18       		.uleb128 0x18
 439 00bd 00       		.byte	0
 440 00be 00       		.byte	0
 441 00bf 00       		.byte	0
 442              		.section	.debug_aranges,"",%progbits
 443 0000 1C000000 		.4byte	0x1c
 444 0004 0200     		.2byte	0x2
 445 0006 00000000 		.4byte	.Ldebug_info0
 446 000a 04       		.byte	0x4
 447 000b 00       		.byte	0
 448 000c 0000     		.2byte	0
 449 000e 0000     		.2byte	0
 450 0010 00000000 		.4byte	.LFB63
 451 0014 50000000 		.4byte	.LFE63-.LFB63
 452 0018 00000000 		.4byte	0
 453 001c 00000000 		.4byte	0
 454              		.section	.debug_ranges,"",%progbits
 455              	.Ldebug_ranges0:
 456 0000 00000000 		.4byte	.LFB63
 457 0004 50000000 		.4byte	.LFE63
 458 0008 00000000 		.4byte	0
 459 000c 00000000 		.4byte	0
 460              		.section	.debug_line,"",%progbits
 461              	.Ldebug_line0:
 462 0000 83010000 		.section	.debug_str,"MS",%progbits,1
 462      02004E01 
 462      00000201 
 462      FB0E0D00 
 462      01010101 
 463              	.LASF6:
 464 0000 6C6F6E67 		.ascii	"long long int\000"
 464      206C6F6E 
 464      6720696E 
 464      7400
 465              	.LASF3:
 466 000e 73686F72 		.ascii	"short unsigned int\000"
 466      7420756E 
 466      7369676E 
 466      65642069 
 466      6E7400
 467              	.LASF8:
 468 0021 756E7369 		.ascii	"unsigned int\000"
 468      676E6564 
 468      20696E74 
 468      00
 469              	.LASF20:
 470 002e 433A5C55 		.ascii	"C:\\Users\\Jiang Liu\\Desktop\\ee\\961901.cydsn\000"
 470      73657273 
 470      5C4A6961 
 470      6E67204C 
 470      69755C44 
 471              	.LASF19:
 472 0059 2E5C426C 		.ascii	".\\Bluetooth.c\000"
 472      7565746F 
 472      6F74682E 
 472      6300
ARM GAS  C:\Users\JIANGL~1\AppData\Local\Temp\cceVP8fL.s 			page 10


 473              	.LASF11:
 474 0067 75696E74 		.ascii	"uint8\000"
 474      3800
 475              	.LASF5:
 476 006d 6C6F6E67 		.ascii	"long unsigned int\000"
 476      20756E73 
 476      69676E65 
 476      6420696E 
 476      7400
 477              	.LASF7:
 478 007f 6C6F6E67 		.ascii	"long long unsigned int\000"
 478      206C6F6E 
 478      6720756E 
 478      7369676E 
 478      65642069 
 479              	.LASF21:
 480 0096 47657442 		.ascii	"GetBluetoothString\000"
 480      6C756574 
 480      6F6F7468 
 480      53747269 
 480      6E6700
 481              	.LASF1:
 482 00a9 756E7369 		.ascii	"unsigned char\000"
 482      676E6564 
 482      20636861 
 482      7200
 483              	.LASF14:
 484 00b7 63686172 		.ascii	"char\000"
 484      00
 485              	.LASF4:
 486 00bc 6C6F6E67 		.ascii	"long int\000"
 486      20696E74 
 486      00
 487              	.LASF18:
 488 00c5 474E5520 		.ascii	"GNU C 4.9.3 20150303 (release) [ARM/embedded-4_9-br"
 488      4320342E 
 488      392E3320 
 488      32303135 
 488      30333033 
 489 00f8 616E6368 		.ascii	"anch revision 221220] -mcpu=cortex-m3 -mthumb -g -O"
 489      20726576 
 489      6973696F 
 489      6E203232 
 489      31323230 
 490 012b 30202D66 		.ascii	"0 -ffunction-sections -ffat-lto-objects\000"
 490      66756E63 
 490      74696F6E 
 490      2D736563 
 490      74696F6E 
 491              	.LASF13:
 492 0153 646F7562 		.ascii	"double\000"
 492      6C6500
 493              	.LASF16:
 494 015a 49544D5F 		.ascii	"ITM_RxBuffer\000"
 494      52784275 
 494      66666572 
 494      00
ARM GAS  C:\Users\JIANGL~1\AppData\Local\Temp\cceVP8fL.s 			page 11


 495              	.LASF0:
 496 0167 7369676E 		.ascii	"signed char\000"
 496      65642063 
 496      68617200 
 497              	.LASF9:
 498 0173 5F5F696E 		.ascii	"__int32_t\000"
 498      7433325F 
 498      7400
 499              	.LASF12:
 500 017d 666C6F61 		.ascii	"float\000"
 500      7400
 501              	.LASF2:
 502 0183 73686F72 		.ascii	"short int\000"
 502      7420696E 
 502      7400
 503              	.LASF10:
 504 018d 696E7433 		.ascii	"int32_t\000"
 504      325F7400 
 505              	.LASF17:
 506 0195 62756666 		.ascii	"buffer\000"
 506      657200
 507              	.LASF15:
 508 019c 73697A65 		.ascii	"sizetype\000"
 508      74797065 
 508      00
 509              		.ident	"GCC: (GNU Tools for ARM Embedded Processors) 4.9.3 20150303 (release) [ARM/embedded-4_9-br
