--------------- Clean Started: 09/05/2017 17:20:40 Project: ADC_SAR_PrISM01, Configuration: ARM GCC 4.9-2015-q1-update Debug ---------------
Deleting file ".\ARM_GCC_493\Debug\main.o"
Deleting file ".\ARM_GCC_493\Debug\cyfitter_cfg.o"
Deleting file ".\ARM_GCC_493\Debug\cymetadata.o"
Deleting file ".\ARM_GCC_493\Debug\ADC_SAR_1.o"
Deleting file ".\ARM_GCC_493\Debug\ADC_SAR_1_INT.o"
Deleting file ".\ARM_GCC_493\Debug\ADC_SAR_1_PM.o"
Deleting file ".\ARM_GCC_493\Debug\LCD.o"
Deleting file ".\ARM_GCC_493\Debug\LCD_PM.o"
Deleting file ".\ARM_GCC_493\Debug\ADC_SAR_2.o"
Deleting file ".\ARM_GCC_493\Debug\ADC_SAR_2_INT.o"
Deleting file ".\ARM_GCC_493\Debug\ADC_SAR_2_PM.o"
Deleting file ".\ARM_GCC_493\Debug\ADC_SAR_1_IRQ.o"
Deleting file ".\ARM_GCC_493\Debug\ADC_SAR_1_theACLK.o"
Deleting file ".\ARM_GCC_493\Debug\ADC_SAR_1_Bypass.o"
Deleting file ".\ARM_GCC_493\Debug\LCD_LCDPort.o"
Deleting file ".\ARM_GCC_493\Debug\ADC_SAR_2_IRQ.o"
Deleting file ".\ARM_GCC_493\Debug\ADC_SAR_2_theACLK.o"
Deleting file ".\ARM_GCC_493\Debug\Cm3Start.o"
Deleting file ".\ARM_GCC_493\Debug\CyBootAsmGnu.o"
Deleting file ".\ARM_GCC_493\Debug\CyDmac.o"
Deleting file ".\ARM_GCC_493\Debug\CyFlash.o"
Deleting file ".\ARM_GCC_493\Debug\CyLib.o"
Deleting file ".\ARM_GCC_493\Debug\cyPm.o"
Deleting file ".\ARM_GCC_493\Debug\CySpc.o"
Deleting file ".\ARM_GCC_493\Debug\cyutils.o"
Deleting file ".\ARM_GCC_493\Debug\Timer_1.o"
Deleting file ".\ARM_GCC_493\Debug\Timer_1_PM.o"
Deleting file ".\ARM_GCC_493\Debug\clock_1.o"
Deleting file ".\ARM_GCC_493\Debug\clock_2.o"
Deleting file ".\ARM_GCC_493\Debug\P0_0.o"
Deleting file ".\ARM_GCC_493\Debug\P0_1.o"
Deleting file ".\ARM_GCC_493\Debug\TimerISR.o"
Deleting file ".\ARM_GCC_493\Debug\ADC_SAR_PrISM01.hex"
Deleting file ".\ARM_GCC_493\Debug\ADC_SAR_PrISM01.elf"
Deleting file ".\ARM_GCC_493\Debug\ADC_SAR_PrISM01.map"
Deleting file ".\ADC_SAR_PrISM01.cycdx"
Deleting file ".\ADC_SAR_PrISM01.svd"
Deleting file ".\ADC_SAR_PrISM01.rpt"
Deleting file ".\ADC_SAR_PrISM01_timing.html"
Deleting file ".\ARM_GCC_493\Debug\.deps\C_FILE.P"
Deleting file ".\ARM_GCC_493\Debug\.deps\ARM_C_FILE.P"
Deleting file ".\ARM_GCC_493\Debug\.deps\GNU_ARM_ASM_FILE.P"
--------------- Clean Succeeded: 09/05/2017 17:20:40 ---------------
