ARM GAS  C:\Users\JIANGL~1\AppData\Local\Temp\cc2L3u8D.s 			page 1


   1              		.syntax unified
   2              		.cpu cortex-m3
   3              		.fpu softvfp
   4              		.eabi_attribute 20, 1
   5              		.eabi_attribute 21, 1
   6              		.eabi_attribute 23, 3
   7              		.eabi_attribute 24, 1
   8              		.eabi_attribute 25, 1
   9              		.eabi_attribute 26, 1
  10              		.eabi_attribute 30, 6
  11              		.eabi_attribute 34, 1
  12              		.eabi_attribute 18, 4
  13              		.thumb
  14              		.file	"pid.c"
  15              		.text
  16              	.Ltext0:
  17              		.cfi_sections	.debug_frame
  18              		.global	Ek
  19              		.bss
  20              		.align	2
  21              		.type	Ek, %object
  22              		.size	Ek, 4
  23              	Ek:
  24 0000 00000000 		.space	4
  25              		.global	Ek_1
  26              		.align	2
  27              		.type	Ek_1, %object
  28              		.size	Ek_1, 4
  29              	Ek_1:
  30 0004 00000000 		.space	4
  31              		.global	Ek_2
  32              		.align	2
  33              		.type	Ek_2, %object
  34              		.size	Ek_2, 4
  35              	Ek_2:
  36 0008 00000000 		.space	4
  37              		.global	Uk
  38              		.align	2
  39              		.type	Uk, %object
  40              		.size	Uk, 4
  41              	Uk:
  42 000c 00000000 		.space	4
  43              		.global	Ukk
  44              		.align	2
  45              		.type	Ukk, %object
  46              		.size	Ukk, 4
  47              	Ukk:
  48 0010 00000000 		.space	4
  49              		.global	Kp
  50              		.data
  51              		.align	2
  52              		.type	Kp, %object
  53              		.size	Kp, 4
  54              	Kp:
  55 0000 00000041 		.word	1090519040
  56              		.global	Ki
  57              		.align	2
ARM GAS  C:\Users\JIANGL~1\AppData\Local\Temp\cc2L3u8D.s 			page 2


  58              		.type	Ki, %object
  59              		.size	Ki, 4
  60              	Ki:
  61 0004 0AD7233C 		.word	1008981770
  62              		.global	Kd
  63              		.align	2
  64              		.type	Kd, %object
  65              		.size	Kd, 4
  66              	Kd:
  67 0008 CDCCCC3D 		.word	1036831949
  68              		.global	TopMotorAngleCoeff
  69              		.align	2
  70              		.type	TopMotorAngleCoeff, %object
  71              		.size	TopMotorAngleCoeff, 4
  72              	TopMotorAngleCoeff:
  73 000c 00008040 		.word	1082130432
  74              		.global	ADC_L_balance
  75              		.align	1
  76              		.type	ADC_L_balance, %object
  77              		.size	ADC_L_balance, 2
  78              	ADC_L_balance:
  79 0010 FD02     		.short	765
  80              		.global	ADC_R_balance
  81              		.align	1
  82              		.type	ADC_R_balance, %object
  83              		.size	ADC_R_balance, 2
  84              	ADC_R_balance:
  85 0012 FD02     		.short	765
  86              		.comm	ADC_L,2,2
  87              		.comm	ADC_R,2,2
  88              		.global	range
  89              		.align	2
  90              		.type	range, %object
  91              		.size	range, 4
  92              	range:
  93 0014 0000C842 		.word	1120403456
  94              		.global	speed1
  95              		.bss
  96              		.align	1
  97              		.type	speed1, %object
  98              		.size	speed1, 2
  99              	speed1:
 100 0014 0000     		.space	2
 101              		.global	speed2
 102              		.align	1
 103              		.type	speed2, %object
 104              		.size	speed2, 2
 105              	speed2:
 106 0016 0000     		.space	2
 107              		.global	angle3
 108              		.align	1
 109              		.type	angle3, %object
 110              		.size	angle3, 2
 111              	angle3:
 112 0018 0000     		.space	2
 113              		.global	__aeabi_i2f
 114              		.global	__aeabi_fsub
ARM GAS  C:\Users\JIANGL~1\AppData\Local\Temp\cc2L3u8D.s 			page 3


 115              		.global	__aeabi_fmul
 116              		.global	__aeabi_fadd
 117              		.global	__aeabi_f2d
 118              		.global	__aeabi_dmul
 119              		.global	__aeabi_dadd
 120              		.global	__aeabi_d2f
 121              		.global	__aeabi_fcmple
 122              		.global	__aeabi_fcmpgt
 123              		.global	__aeabi_fcmplt
 124              		.global	__aeabi_f2iz
 125              		.global	__aeabi_fdiv
 126              		.global	__aeabi_f2uiz
 127 001a 0000     		.section	.text.PID,"ax",%progbits
 128              		.align	2
 129              		.global	PID
 130              		.thumb
 131              		.thumb_func
 132              		.type	PID, %function
 133              	PID:
 134              	.LFB63:
 135              		.file 1 ".\\pid.c"
   1:.\pid.c       **** #include "pid.h"
   2:.\pid.c       **** 
   3:.\pid.c       **** 
   4:.\pid.c       **** float32 Ek = 0;
   5:.\pid.c       **** float32 Ek_1 = 0;
   6:.\pid.c       **** float32 Ek_2 = 0;
   7:.\pid.c       **** float32 Uk = 0;
   8:.\pid.c       **** float32 Ukk = 0;
   9:.\pid.c       **** float32 Kp = 8;
  10:.\pid.c       **** float32 Ki = 0.01;
  11:.\pid.c       **** float32 Kd = 0.1;
  12:.\pid.c       **** float32 TopMotorAngleCoeff = 4;
  13:.\pid.c       **** int16 ADC_L_balance = 765;
  14:.\pid.c       **** int16 ADC_R_balance = 765;
  15:.\pid.c       **** int16 ADC_L;
  16:.\pid.c       **** int16 ADC_R;
  17:.\pid.c       **** float32 range = 100;
  18:.\pid.c       **** int16 speed1 = 0; // -0x03ff ~ 0x03ff
  19:.\pid.c       **** int16 speed2 = 0;
  20:.\pid.c       **** uint16 angle3 = 0; // 0 - 300 degrees
  21:.\pid.c       **** 
  22:.\pid.c       **** void PID()
  23:.\pid.c       **** {
 136              		.loc 1 23 0
 137              		.cfi_startproc
 138              		@ args = 0, pretend = 0, frame = 0
 139              		@ frame_needed = 1, uses_anonymous_args = 0
 140 0000 B0B5     		push	{r4, r5, r7, lr}
 141              		.cfi_def_cfa_offset 16
 142              		.cfi_offset 4, -16
 143              		.cfi_offset 5, -12
 144              		.cfi_offset 7, -8
 145              		.cfi_offset 14, -4
 146 0002 00AF     		add	r7, sp, #0
 147              		.cfi_def_cfa_register 7
  24:.\pid.c       ****     Ek = (ADC_L - ADC_R) - (ADC_L_balance - ADC_R_balance);
ARM GAS  C:\Users\JIANGL~1\AppData\Local\Temp\cc2L3u8D.s 			page 4


 148              		.loc 1 24 0
 149 0004 784B     		ldr	r3, .L14+8
 150 0006 1B88     		ldrh	r3, [r3]
 151 0008 1AB2     		sxth	r2, r3
 152 000a 784B     		ldr	r3, .L14+12
 153 000c 1B88     		ldrh	r3, [r3]
 154 000e 1BB2     		sxth	r3, r3
 155 0010 D21A     		subs	r2, r2, r3
 156 0012 774B     		ldr	r3, .L14+16
 157 0014 1B88     		ldrh	r3, [r3]
 158 0016 19B2     		sxth	r1, r3
 159 0018 764B     		ldr	r3, .L14+20
 160 001a 1B88     		ldrh	r3, [r3]
 161 001c 1BB2     		sxth	r3, r3
 162 001e CB1A     		subs	r3, r1, r3
 163 0020 1344     		add	r3, r3, r2
 164 0022 1846     		mov	r0, r3
 165 0024 FFF7FEFF 		bl	__aeabi_i2f
 166 0028 0246     		mov	r2, r0
 167 002a 734B     		ldr	r3, .L14+24
 168 002c 1A60     		str	r2, [r3]	@ float
  25:.\pid.c       ****     Uk = Kp * (Ek - Ek_1 + Ki*Ek + Kd*(Ek - 2*Ek_1 + Ek_2)) + 0.95 * Ukk;
 169              		.loc 1 25 0
 170 002e 724B     		ldr	r3, .L14+24
 171 0030 1A68     		ldr	r2, [r3]	@ float
 172 0032 724B     		ldr	r3, .L14+28
 173 0034 1B68     		ldr	r3, [r3]	@ float
 174 0036 1046     		mov	r0, r2
 175 0038 1946     		mov	r1, r3
 176 003a FFF7FEFF 		bl	__aeabi_fsub
 177 003e 0346     		mov	r3, r0
 178 0040 1C46     		mov	r4, r3
 179 0042 6F4B     		ldr	r3, .L14+32
 180 0044 1A68     		ldr	r2, [r3]	@ float
 181 0046 6C4B     		ldr	r3, .L14+24
 182 0048 1B68     		ldr	r3, [r3]	@ float
 183 004a 1046     		mov	r0, r2
 184 004c 1946     		mov	r1, r3
 185 004e FFF7FEFF 		bl	__aeabi_fmul
 186 0052 0346     		mov	r3, r0
 187 0054 2046     		mov	r0, r4
 188 0056 1946     		mov	r1, r3
 189 0058 FFF7FEFF 		bl	__aeabi_fadd
 190 005c 0346     		mov	r3, r0
 191 005e 1D46     		mov	r5, r3
 192 0060 654B     		ldr	r3, .L14+24
 193 0062 1C68     		ldr	r4, [r3]	@ float
 194 0064 654B     		ldr	r3, .L14+28
 195 0066 1B68     		ldr	r3, [r3]	@ float
 196 0068 1846     		mov	r0, r3
 197 006a 1946     		mov	r1, r3
 198 006c FFF7FEFF 		bl	__aeabi_fadd
 199 0070 0346     		mov	r3, r0
 200 0072 2046     		mov	r0, r4
 201 0074 1946     		mov	r1, r3
 202 0076 FFF7FEFF 		bl	__aeabi_fsub
 203 007a 0346     		mov	r3, r0
ARM GAS  C:\Users\JIANGL~1\AppData\Local\Temp\cc2L3u8D.s 			page 5


 204 007c 1A46     		mov	r2, r3
 205 007e 614B     		ldr	r3, .L14+36
 206 0080 1B68     		ldr	r3, [r3]	@ float
 207 0082 1046     		mov	r0, r2
 208 0084 1946     		mov	r1, r3
 209 0086 FFF7FEFF 		bl	__aeabi_fadd
 210 008a 0346     		mov	r3, r0
 211 008c 1A46     		mov	r2, r3
 212 008e 5E4B     		ldr	r3, .L14+40
 213 0090 1B68     		ldr	r3, [r3]	@ float
 214 0092 1046     		mov	r0, r2
 215 0094 1946     		mov	r1, r3
 216 0096 FFF7FEFF 		bl	__aeabi_fmul
 217 009a 0346     		mov	r3, r0
 218 009c 2846     		mov	r0, r5
 219 009e 1946     		mov	r1, r3
 220 00a0 FFF7FEFF 		bl	__aeabi_fadd
 221 00a4 0346     		mov	r3, r0
 222 00a6 1A46     		mov	r2, r3
 223 00a8 584B     		ldr	r3, .L14+44
 224 00aa 1B68     		ldr	r3, [r3]	@ float
 225 00ac 1046     		mov	r0, r2
 226 00ae 1946     		mov	r1, r3
 227 00b0 FFF7FEFF 		bl	__aeabi_fmul
 228 00b4 0346     		mov	r3, r0
 229 00b6 1846     		mov	r0, r3
 230 00b8 FFF7FEFF 		bl	__aeabi_f2d
 231 00bc 0446     		mov	r4, r0
 232 00be 0D46     		mov	r5, r1
 233 00c0 534B     		ldr	r3, .L14+48
 234 00c2 1B68     		ldr	r3, [r3]	@ float
 235 00c4 1846     		mov	r0, r3
 236 00c6 FFF7FEFF 		bl	__aeabi_f2d
 237 00ca 0246     		mov	r2, r0
 238 00cc 0B46     		mov	r3, r1
 239 00ce 1046     		mov	r0, r2
 240 00d0 1946     		mov	r1, r3
 241 00d2 43A3     		adr	r3, .L14
 242 00d4 D3E90023 		ldrd	r2, [r3]
 243 00d8 FFF7FEFF 		bl	__aeabi_dmul
 244 00dc 0246     		mov	r2, r0
 245 00de 0B46     		mov	r3, r1
 246 00e0 2046     		mov	r0, r4
 247 00e2 2946     		mov	r1, r5
 248 00e4 FFF7FEFF 		bl	__aeabi_dadd
 249 00e8 0246     		mov	r2, r0
 250 00ea 0B46     		mov	r3, r1
 251 00ec 1046     		mov	r0, r2
 252 00ee 1946     		mov	r1, r3
 253 00f0 FFF7FEFF 		bl	__aeabi_d2f
 254 00f4 0246     		mov	r2, r0
 255 00f6 474B     		ldr	r3, .L14+52
 256 00f8 1A60     		str	r2, [r3]	@ float
  26:.\pid.c       ****     Ukk = Uk;
 257              		.loc 1 26 0
 258 00fa 464B     		ldr	r3, .L14+52
 259 00fc 1B68     		ldr	r3, [r3]	@ float
ARM GAS  C:\Users\JIANGL~1\AppData\Local\Temp\cc2L3u8D.s 			page 6


 260 00fe 444A     		ldr	r2, .L14+48
 261 0100 1360     		str	r3, [r2]	@ float
  27:.\pid.c       ****     Ek_2 = Ek_1;
 262              		.loc 1 27 0
 263 0102 3E4B     		ldr	r3, .L14+28
 264 0104 1B68     		ldr	r3, [r3]	@ float
 265 0106 3F4A     		ldr	r2, .L14+36
 266 0108 1360     		str	r3, [r2]	@ float
  28:.\pid.c       ****     Ek_1 = Ek;
 267              		.loc 1 28 0
 268 010a 3B4B     		ldr	r3, .L14+24
 269 010c 1B68     		ldr	r3, [r3]	@ float
 270 010e 3B4A     		ldr	r2, .L14+28
 271 0110 1360     		str	r3, [r2]	@ float
  29:.\pid.c       ****     if(Uk>=-range && Ukk <=range)
 272              		.loc 1 29 0
 273 0112 414B     		ldr	r3, .L14+56
 274 0114 1B68     		ldr	r3, [r3]	@ float
 275 0116 83F00042 		eor	r2, r3, #-2147483648
 276 011a 3E4B     		ldr	r3, .L14+52
 277 011c 1B68     		ldr	r3, [r3]	@ float
 278 011e 1046     		mov	r0, r2
 279 0120 1946     		mov	r1, r3
 280 0122 FFF7FEFF 		bl	__aeabi_fcmple
 281 0126 0346     		mov	r3, r0
 282 0128 002B     		cmp	r3, #0
 283 012a 16D0     		beq	.L2
 284              		.loc 1 29 0 is_stmt 0 discriminator 1
 285 012c 384B     		ldr	r3, .L14+48
 286 012e 1A68     		ldr	r2, [r3]	@ float
 287 0130 394B     		ldr	r3, .L14+56
 288 0132 1B68     		ldr	r3, [r3]	@ float
 289 0134 1046     		mov	r0, r2
 290 0136 1946     		mov	r1, r3
 291 0138 FFF7FEFF 		bl	__aeabi_fcmple
 292 013c 0346     		mov	r3, r0
 293 013e 002B     		cmp	r3, #0
 294 0140 0BD0     		beq	.L2
  30:.\pid.c       ****     {
  31:.\pid.c       ****         speed1 = speed2 = 0;
 295              		.loc 1 31 0 is_stmt 1
 296 0142 364B     		ldr	r3, .L14+60
 297 0144 0022     		movs	r2, #0
 298 0146 1A80     		strh	r2, [r3]	@ movhi
 299 0148 344B     		ldr	r3, .L14+60
 300 014a 1A88     		ldrh	r2, [r3]
 301 014c 344B     		ldr	r3, .L14+64
 302 014e 1A80     		strh	r2, [r3]	@ movhi
  32:.\pid.c       ****         angle3 = 512;
 303              		.loc 1 32 0
 304 0150 344B     		ldr	r3, .L14+68
 305 0152 4FF40072 		mov	r2, #512
 306 0156 1A80     		strh	r2, [r3]	@ movhi
 307 0158 41E0     		b	.L1
 308              	.L2:
  33:.\pid.c       ****     }
  34:.\pid.c       ****     else
ARM GAS  C:\Users\JIANGL~1\AppData\Local\Temp\cc2L3u8D.s 			page 7


  35:.\pid.c       ****     {
  36:.\pid.c       ****         if(Uk > 1023) Uk = 1023;
 309              		.loc 1 36 0
 310 015a 2E4B     		ldr	r3, .L14+52
 311 015c 1B68     		ldr	r3, [r3]	@ float
 312 015e 1846     		mov	r0, r3
 313 0160 3149     		ldr	r1, .L14+72
 314 0162 FFF7FEFF 		bl	__aeabi_fcmpgt
 315 0166 0346     		mov	r3, r0
 316 0168 002B     		cmp	r3, #0
 317 016a 02D0     		beq	.L6
 318              		.loc 1 36 0 is_stmt 0 discriminator 1
 319 016c 294B     		ldr	r3, .L14+52
 320 016e 2E4A     		ldr	r2, .L14+72
 321 0170 1A60     		str	r2, [r3]	@ float
 322              	.L6:
  37:.\pid.c       ****         if(Uk < -1023) Uk = -1023;
 323              		.loc 1 37 0 is_stmt 1
 324 0172 284B     		ldr	r3, .L14+52
 325 0174 1B68     		ldr	r3, [r3]	@ float
 326 0176 1846     		mov	r0, r3
 327 0178 2C49     		ldr	r1, .L14+76
 328 017a FFF7FEFF 		bl	__aeabi_fcmplt
 329 017e 0346     		mov	r3, r0
 330 0180 002B     		cmp	r3, #0
 331 0182 02D0     		beq	.L8
 332              		.loc 1 37 0 is_stmt 0 discriminator 1
 333 0184 234B     		ldr	r3, .L14+52
 334 0186 294A     		ldr	r2, .L14+76
 335 0188 1A60     		str	r2, [r3]	@ float
 336              	.L8:
  38:.\pid.c       ****         
  39:.\pid.c       ****         speed1 = Uk;
 337              		.loc 1 39 0 is_stmt 1
 338 018a 224B     		ldr	r3, .L14+52
 339 018c 1B68     		ldr	r3, [r3]	@ float
 340 018e 1846     		mov	r0, r3
 341 0190 FFF7FEFF 		bl	__aeabi_f2iz
 342 0194 0346     		mov	r3, r0
 343 0196 9AB2     		uxth	r2, r3
 344 0198 214B     		ldr	r3, .L14+64
 345 019a 1A80     		strh	r2, [r3]	@ movhi
  40:.\pid.c       ****         speed2 = -Uk;
 346              		.loc 1 40 0
 347 019c 1D4B     		ldr	r3, .L14+52
 348 019e 1B68     		ldr	r3, [r3]	@ float
 349 01a0 83F00043 		eor	r3, r3, #-2147483648
 350 01a4 1846     		mov	r0, r3
 351 01a6 FFF7FEFF 		bl	__aeabi_f2iz
 352 01aa 0346     		mov	r3, r0
 353 01ac 9AB2     		uxth	r2, r3
 354 01ae 1B4B     		ldr	r3, .L14+60
 355 01b0 1A80     		strh	r2, [r3]	@ movhi
  41:.\pid.c       ****         angle3 = 512 + (Uk / TopMotorAngleCoeff);
 356              		.loc 1 41 0
 357 01b2 184B     		ldr	r3, .L14+52
 358 01b4 1A68     		ldr	r2, [r3]	@ float
ARM GAS  C:\Users\JIANGL~1\AppData\Local\Temp\cc2L3u8D.s 			page 8


 359 01b6 1E4B     		ldr	r3, .L14+80
 360 01b8 1B68     		ldr	r3, [r3]	@ float
 361 01ba 1046     		mov	r0, r2
 362 01bc 1946     		mov	r1, r3
 363 01be FFF7FEFF 		bl	__aeabi_fdiv
 364 01c2 0346     		mov	r3, r0
 365 01c4 1846     		mov	r0, r3
 366 01c6 4FF08841 		mov	r1, #1140850688
 367 01ca FFF7FEFF 		bl	__aeabi_fadd
 368 01ce 0346     		mov	r3, r0
 369 01d0 1846     		mov	r0, r3
 370 01d2 FFF7FEFF 		bl	__aeabi_f2uiz
 371 01d6 0346     		mov	r3, r0
 372 01d8 9AB2     		uxth	r2, r3
 373 01da 124B     		ldr	r3, .L14+68
 374 01dc 1A80     		strh	r2, [r3]	@ movhi
 375              	.L1:
  42:.\pid.c       ****     }
  43:.\pid.c       ****     
  44:.\pid.c       ****     /*
  45:.\pid.c       ****     SetServoPosition(_TOP, angle3, 0x03ff);
  46:.\pid.c       ****     CyDelay(2);
  47:.\pid.c       ****     SetMotorSpeed(_LEFT,speed1,0x20);
  48:.\pid.c       ****     SetMotorSpeed(_RIGHT,speed2,0x20);
  49:.\pid.c       ****     CyDelay(2);
  50:.\pid.c       ****     */
  51:.\pid.c       ****     
  52:.\pid.c       ****     //
  53:.\pid.c       ****     /*
  54:.\pid.c       ****     LCD_Position(0,10);
  55:.\pid.c       ****     LCD_PrintString("      ");
  56:.\pid.c       ****     CyDelay(1);
  57:.\pid.c       ****     LCD_Position(0, 10);
  58:.\pid.c       ****     LCD_PrintInt16(speed1);
  59:.\pid.c       ****     CyDelay(1);
  60:.\pid.c       ****     */
  61:.\pid.c       **** }...
 376              		.loc 1 61 0
 377 01de B0BD     		pop	{r4, r5, r7, pc}
 378              	.L15:
 379              		.align	3
 380              	.L14:
 381 01e0 66666666 		.word	1717986918
 382 01e4 6666EE3F 		.word	1072588390
 383 01e8 00000000 		.word	ADC_L
 384 01ec 00000000 		.word	ADC_R
 385 01f0 00000000 		.word	ADC_R_balance
 386 01f4 00000000 		.word	ADC_L_balance
 387 01f8 00000000 		.word	Ek
 388 01fc 00000000 		.word	Ek_1
 389 0200 00000000 		.word	Ki
 390 0204 00000000 		.word	Ek_2
 391 0208 00000000 		.word	Kd
 392 020c 00000000 		.word	Kp
 393 0210 00000000 		.word	Ukk
 394 0214 00000000 		.word	Uk
 395 0218 00000000 		.word	range
ARM GAS  C:\Users\JIANGL~1\AppData\Local\Temp\cc2L3u8D.s 			page 9


 396 021c 00000000 		.word	speed2
 397 0220 00000000 		.word	speed1
 398 0224 00000000 		.word	angle3
 399 0228 00C07F44 		.word	1149222912
 400 022c 00C07FC4 		.word	-998260736
 401 0230 00000000 		.word	TopMotorAngleCoeff
 402              		.cfi_endproc
 403              	.LFE63:
 404              		.size	PID, .-PID
 405 0234 AFF30080 		.text
 406              	.Letext0:
 407              		.file 2 "d:\\program files (x86)\\cypress\\psoc creator\\3.3\\psoc creator\\import\\gnu\\arm\\4.9.
 408              		.file 3 "d:\\program files (x86)\\cypress\\psoc creator\\3.3\\psoc creator\\import\\gnu\\arm\\4.9.
 409              		.file 4 "Generated_Source\\PSoC5/cytypes.h"
 410              		.file 5 "Generated_Source\\PSoC5/core_cm3.h"
 411              		.section	.debug_info,"",%progbits
 412              	.Ldebug_info0:
 413 0000 FC010000 		.4byte	0x1fc
 414 0004 0400     		.2byte	0x4
 415 0006 00000000 		.4byte	.Ldebug_abbrev0
 416 000a 04       		.byte	0x4
 417 000b 01       		.uleb128 0x1
 418 000c 27000000 		.4byte	.LASF30
 419 0010 01       		.byte	0x1
 420 0011 79010000 		.4byte	.LASF31
 421 0015 BD010000 		.4byte	.LASF32
 422 0019 00000000 		.4byte	.Ldebug_ranges0+0
 423 001d 00000000 		.4byte	0
 424 0021 00000000 		.4byte	.Ldebug_line0
 425 0025 02       		.uleb128 0x2
 426 0026 01       		.byte	0x1
 427 0027 06       		.byte	0x6
 428 0028 FC010000 		.4byte	.LASF0
 429 002c 02       		.uleb128 0x2
 430 002d 01       		.byte	0x1
 431 002e 08       		.byte	0x8
 432 002f 2E010000 		.4byte	.LASF1
 433 0033 02       		.uleb128 0x2
 434 0034 02       		.byte	0x2
 435 0035 05       		.byte	0x5
 436 0036 AB010000 		.4byte	.LASF2
 437 003a 02       		.uleb128 0x2
 438 003b 02       		.byte	0x2
 439 003c 07       		.byte	0x7
 440 003d EC000000 		.4byte	.LASF3
 441 0041 03       		.uleb128 0x3
 442 0042 0E000000 		.4byte	.LASF9
 443 0046 02       		.byte	0x2
 444 0047 3F       		.byte	0x3f
 445 0048 4C000000 		.4byte	0x4c
 446 004c 02       		.uleb128 0x2
 447 004d 04       		.byte	0x4
 448 004e 05       		.byte	0x5
 449 004f 1E000000 		.4byte	.LASF4
 450 0053 02       		.uleb128 0x2
 451 0054 04       		.byte	0x4
 452 0055 07       		.byte	0x7
ARM GAS  C:\Users\JIANGL~1\AppData\Local\Temp\cc2L3u8D.s 			page 10


 453 0056 DA000000 		.4byte	.LASF5
 454 005a 02       		.uleb128 0x2
 455 005b 08       		.byte	0x8
 456 005c 05       		.byte	0x5
 457 005d 81010000 		.4byte	.LASF6
 458 0061 02       		.uleb128 0x2
 459 0062 08       		.byte	0x8
 460 0063 07       		.byte	0x7
 461 0064 49010000 		.4byte	.LASF7
 462 0068 04       		.uleb128 0x4
 463 0069 04       		.byte	0x4
 464 006a 05       		.byte	0x5
 465 006b 696E7400 		.ascii	"int\000"
 466 006f 02       		.uleb128 0x2
 467 0070 04       		.byte	0x4
 468 0071 07       		.byte	0x7
 469 0072 3C010000 		.4byte	.LASF8
 470 0076 03       		.uleb128 0x3
 471 0077 67010000 		.4byte	.LASF10
 472 007b 03       		.byte	0x3
 473 007c 2C       		.byte	0x2c
 474 007d 41000000 		.4byte	0x41
 475 0081 05       		.uleb128 0x5
 476 0082 27010000 		.4byte	.LASF11
 477 0086 04       		.byte	0x4
 478 0087 3901     		.2byte	0x139
 479 0089 3A000000 		.4byte	0x3a
 480 008d 05       		.uleb128 0x5
 481 008e D4000000 		.4byte	.LASF12
 482 0092 04       		.byte	0x4
 483 0093 3C01     		.2byte	0x13c
 484 0095 33000000 		.4byte	0x33
 485 0099 05       		.uleb128 0x5
 486 009a B5010000 		.4byte	.LASF13
 487 009e 04       		.byte	0x4
 488 009f 3E01     		.2byte	0x13e
 489 00a1 A5000000 		.4byte	0xa5
 490 00a5 02       		.uleb128 0x2
 491 00a6 04       		.byte	0x4
 492 00a7 04       		.byte	0x4
 493 00a8 CE000000 		.4byte	.LASF14
 494 00ac 02       		.uleb128 0x2
 495 00ad 08       		.byte	0x8
 496 00ae 04       		.byte	0x4
 497 00af 20010000 		.4byte	.LASF15
 498 00b3 02       		.uleb128 0x2
 499 00b4 01       		.byte	0x1
 500 00b5 08       		.byte	0x8
 501 00b6 9D010000 		.4byte	.LASF16
 502 00ba 02       		.uleb128 0x2
 503 00bb 04       		.byte	0x4
 504 00bc 07       		.byte	0x7
 505 00bd A2010000 		.4byte	.LASF17
 506 00c1 06       		.uleb128 0x6
 507 00c2 50494400 		.ascii	"PID\000"
 508 00c6 01       		.byte	0x1
 509 00c7 16       		.byte	0x16
ARM GAS  C:\Users\JIANGL~1\AppData\Local\Temp\cc2L3u8D.s 			page 11


 510 00c8 00000000 		.4byte	.LFB63
 511 00cc 34020000 		.4byte	.LFE63-.LFB63
 512 00d0 01       		.uleb128 0x1
 513 00d1 9C       		.byte	0x9c
 514 00d2 07       		.uleb128 0x7
 515 00d3 0D010000 		.4byte	.LASF18
 516 00d7 05       		.byte	0x5
 517 00d8 5506     		.2byte	0x655
 518 00da DE000000 		.4byte	0xde
 519 00de 08       		.uleb128 0x8
 520 00df 76000000 		.4byte	0x76
 521 00e3 09       		.uleb128 0x9
 522 00e4 456B00   		.ascii	"Ek\000"
 523 00e7 01       		.byte	0x1
 524 00e8 04       		.byte	0x4
 525 00e9 99000000 		.4byte	0x99
 526 00ed 05       		.uleb128 0x5
 527 00ee 03       		.byte	0x3
 528 00ef 00000000 		.4byte	Ek
 529 00f3 0A       		.uleb128 0xa
 530 00f4 6F010000 		.4byte	.LASF19
 531 00f8 01       		.byte	0x1
 532 00f9 05       		.byte	0x5
 533 00fa 99000000 		.4byte	0x99
 534 00fe 05       		.uleb128 0x5
 535 00ff 03       		.byte	0x3
 536 0100 00000000 		.4byte	Ek_1
 537 0104 0A       		.uleb128 0xa
 538 0105 74010000 		.4byte	.LASF20
 539 0109 01       		.byte	0x1
 540 010a 06       		.byte	0x6
 541 010b 99000000 		.4byte	0x99
 542 010f 05       		.uleb128 0x5
 543 0110 03       		.byte	0x3
 544 0111 00000000 		.4byte	Ek_2
 545 0115 09       		.uleb128 0x9
 546 0116 556B00   		.ascii	"Uk\000"
 547 0119 01       		.byte	0x1
 548 011a 07       		.byte	0x7
 549 011b 99000000 		.4byte	0x99
 550 011f 05       		.uleb128 0x5
 551 0120 03       		.byte	0x3
 552 0121 00000000 		.4byte	Uk
 553 0125 09       		.uleb128 0x9
 554 0126 556B6B00 		.ascii	"Ukk\000"
 555 012a 01       		.byte	0x1
 556 012b 08       		.byte	0x8
 557 012c 99000000 		.4byte	0x99
 558 0130 05       		.uleb128 0x5
 559 0131 03       		.byte	0x3
 560 0132 00000000 		.4byte	Ukk
 561 0136 09       		.uleb128 0x9
 562 0137 4B7000   		.ascii	"Kp\000"
 563 013a 01       		.byte	0x1
 564 013b 09       		.byte	0x9
 565 013c 99000000 		.4byte	0x99
 566 0140 05       		.uleb128 0x5
ARM GAS  C:\Users\JIANGL~1\AppData\Local\Temp\cc2L3u8D.s 			page 12


 567 0141 03       		.byte	0x3
 568 0142 00000000 		.4byte	Kp
 569 0146 09       		.uleb128 0x9
 570 0147 4B6900   		.ascii	"Ki\000"
 571 014a 01       		.byte	0x1
 572 014b 0A       		.byte	0xa
 573 014c 99000000 		.4byte	0x99
 574 0150 05       		.uleb128 0x5
 575 0151 03       		.byte	0x3
 576 0152 00000000 		.4byte	Ki
 577 0156 09       		.uleb128 0x9
 578 0157 4B6400   		.ascii	"Kd\000"
 579 015a 01       		.byte	0x1
 580 015b 0B       		.byte	0xb
 581 015c 99000000 		.4byte	0x99
 582 0160 05       		.uleb128 0x5
 583 0161 03       		.byte	0x3
 584 0162 00000000 		.4byte	Kd
 585 0166 0A       		.uleb128 0xa
 586 0167 BB000000 		.4byte	.LASF21
 587 016b 01       		.byte	0x1
 588 016c 0C       		.byte	0xc
 589 016d 99000000 		.4byte	0x99
 590 0171 05       		.uleb128 0x5
 591 0172 03       		.byte	0x3
 592 0173 00000000 		.4byte	TopMotorAngleCoeff
 593 0177 0A       		.uleb128 0xa
 594 0178 8F010000 		.4byte	.LASF22
 595 017c 01       		.byte	0x1
 596 017d 0D       		.byte	0xd
 597 017e 8D000000 		.4byte	0x8d
 598 0182 05       		.uleb128 0x5
 599 0183 03       		.byte	0x3
 600 0184 00000000 		.4byte	ADC_L_balance
 601 0188 0A       		.uleb128 0xa
 602 0189 00000000 		.4byte	.LASF23
 603 018d 01       		.byte	0x1
 604 018e 0E       		.byte	0xe
 605 018f 8D000000 		.4byte	0x8d
 606 0193 05       		.uleb128 0x5
 607 0194 03       		.byte	0x3
 608 0195 00000000 		.4byte	ADC_R_balance
 609 0199 0A       		.uleb128 0xa
 610 019a 18000000 		.4byte	.LASF24
 611 019e 01       		.byte	0x1
 612 019f 0F       		.byte	0xf
 613 01a0 8D000000 		.4byte	0x8d
 614 01a4 05       		.uleb128 0x5
 615 01a5 03       		.byte	0x3
 616 01a6 00000000 		.4byte	ADC_L
 617 01aa 0A       		.uleb128 0xa
 618 01ab B5000000 		.4byte	.LASF25
 619 01af 01       		.byte	0x1
 620 01b0 10       		.byte	0x10
 621 01b1 8D000000 		.4byte	0x8d
 622 01b5 05       		.uleb128 0x5
 623 01b6 03       		.byte	0x3
ARM GAS  C:\Users\JIANGL~1\AppData\Local\Temp\cc2L3u8D.s 			page 13


 624 01b7 00000000 		.4byte	ADC_R
 625 01bb 0A       		.uleb128 0xa
 626 01bc 1A010000 		.4byte	.LASF26
 627 01c0 01       		.byte	0x1
 628 01c1 11       		.byte	0x11
 629 01c2 99000000 		.4byte	0x99
 630 01c6 05       		.uleb128 0x5
 631 01c7 03       		.byte	0x3
 632 01c8 00000000 		.4byte	range
 633 01cc 0A       		.uleb128 0xa
 634 01cd FF000000 		.4byte	.LASF27
 635 01d1 01       		.byte	0x1
 636 01d2 12       		.byte	0x12
 637 01d3 8D000000 		.4byte	0x8d
 638 01d7 05       		.uleb128 0x5
 639 01d8 03       		.byte	0x3
 640 01d9 00000000 		.4byte	speed1
 641 01dd 0A       		.uleb128 0xa
 642 01de 06010000 		.4byte	.LASF28
 643 01e2 01       		.byte	0x1
 644 01e3 13       		.byte	0x13
 645 01e4 8D000000 		.4byte	0x8d
 646 01e8 05       		.uleb128 0x5
 647 01e9 03       		.byte	0x3
 648 01ea 00000000 		.4byte	speed2
 649 01ee 0A       		.uleb128 0xa
 650 01ef 60010000 		.4byte	.LASF29
 651 01f3 01       		.byte	0x1
 652 01f4 14       		.byte	0x14
 653 01f5 81000000 		.4byte	0x81
 654 01f9 05       		.uleb128 0x5
 655 01fa 03       		.byte	0x3
 656 01fb 00000000 		.4byte	angle3
 657 01ff 00       		.byte	0
 658              		.section	.debug_abbrev,"",%progbits
 659              	.Ldebug_abbrev0:
 660 0000 01       		.uleb128 0x1
 661 0001 11       		.uleb128 0x11
 662 0002 01       		.byte	0x1
 663 0003 25       		.uleb128 0x25
 664 0004 0E       		.uleb128 0xe
 665 0005 13       		.uleb128 0x13
 666 0006 0B       		.uleb128 0xb
 667 0007 03       		.uleb128 0x3
 668 0008 0E       		.uleb128 0xe
 669 0009 1B       		.uleb128 0x1b
 670 000a 0E       		.uleb128 0xe
 671 000b 55       		.uleb128 0x55
 672 000c 17       		.uleb128 0x17
 673 000d 11       		.uleb128 0x11
 674 000e 01       		.uleb128 0x1
 675 000f 10       		.uleb128 0x10
 676 0010 17       		.uleb128 0x17
 677 0011 00       		.byte	0
 678 0012 00       		.byte	0
 679 0013 02       		.uleb128 0x2
 680 0014 24       		.uleb128 0x24
ARM GAS  C:\Users\JIANGL~1\AppData\Local\Temp\cc2L3u8D.s 			page 14


 681 0015 00       		.byte	0
 682 0016 0B       		.uleb128 0xb
 683 0017 0B       		.uleb128 0xb
 684 0018 3E       		.uleb128 0x3e
 685 0019 0B       		.uleb128 0xb
 686 001a 03       		.uleb128 0x3
 687 001b 0E       		.uleb128 0xe
 688 001c 00       		.byte	0
 689 001d 00       		.byte	0
 690 001e 03       		.uleb128 0x3
 691 001f 16       		.uleb128 0x16
 692 0020 00       		.byte	0
 693 0021 03       		.uleb128 0x3
 694 0022 0E       		.uleb128 0xe
 695 0023 3A       		.uleb128 0x3a
 696 0024 0B       		.uleb128 0xb
 697 0025 3B       		.uleb128 0x3b
 698 0026 0B       		.uleb128 0xb
 699 0027 49       		.uleb128 0x49
 700 0028 13       		.uleb128 0x13
 701 0029 00       		.byte	0
 702 002a 00       		.byte	0
 703 002b 04       		.uleb128 0x4
 704 002c 24       		.uleb128 0x24
 705 002d 00       		.byte	0
 706 002e 0B       		.uleb128 0xb
 707 002f 0B       		.uleb128 0xb
 708 0030 3E       		.uleb128 0x3e
 709 0031 0B       		.uleb128 0xb
 710 0032 03       		.uleb128 0x3
 711 0033 08       		.uleb128 0x8
 712 0034 00       		.byte	0
 713 0035 00       		.byte	0
 714 0036 05       		.uleb128 0x5
 715 0037 16       		.uleb128 0x16
 716 0038 00       		.byte	0
 717 0039 03       		.uleb128 0x3
 718 003a 0E       		.uleb128 0xe
 719 003b 3A       		.uleb128 0x3a
 720 003c 0B       		.uleb128 0xb
 721 003d 3B       		.uleb128 0x3b
 722 003e 05       		.uleb128 0x5
 723 003f 49       		.uleb128 0x49
 724 0040 13       		.uleb128 0x13
 725 0041 00       		.byte	0
 726 0042 00       		.byte	0
 727 0043 06       		.uleb128 0x6
 728 0044 2E       		.uleb128 0x2e
 729 0045 00       		.byte	0
 730 0046 3F       		.uleb128 0x3f
 731 0047 19       		.uleb128 0x19
 732 0048 03       		.uleb128 0x3
 733 0049 08       		.uleb128 0x8
 734 004a 3A       		.uleb128 0x3a
 735 004b 0B       		.uleb128 0xb
 736 004c 3B       		.uleb128 0x3b
 737 004d 0B       		.uleb128 0xb
ARM GAS  C:\Users\JIANGL~1\AppData\Local\Temp\cc2L3u8D.s 			page 15


 738 004e 11       		.uleb128 0x11
 739 004f 01       		.uleb128 0x1
 740 0050 12       		.uleb128 0x12
 741 0051 06       		.uleb128 0x6
 742 0052 40       		.uleb128 0x40
 743 0053 18       		.uleb128 0x18
 744 0054 9642     		.uleb128 0x2116
 745 0056 19       		.uleb128 0x19
 746 0057 00       		.byte	0
 747 0058 00       		.byte	0
 748 0059 07       		.uleb128 0x7
 749 005a 34       		.uleb128 0x34
 750 005b 00       		.byte	0
 751 005c 03       		.uleb128 0x3
 752 005d 0E       		.uleb128 0xe
 753 005e 3A       		.uleb128 0x3a
 754 005f 0B       		.uleb128 0xb
 755 0060 3B       		.uleb128 0x3b
 756 0061 05       		.uleb128 0x5
 757 0062 49       		.uleb128 0x49
 758 0063 13       		.uleb128 0x13
 759 0064 3F       		.uleb128 0x3f
 760 0065 19       		.uleb128 0x19
 761 0066 3C       		.uleb128 0x3c
 762 0067 19       		.uleb128 0x19
 763 0068 00       		.byte	0
 764 0069 00       		.byte	0
 765 006a 08       		.uleb128 0x8
 766 006b 35       		.uleb128 0x35
 767 006c 00       		.byte	0
 768 006d 49       		.uleb128 0x49
 769 006e 13       		.uleb128 0x13
 770 006f 00       		.byte	0
 771 0070 00       		.byte	0
 772 0071 09       		.uleb128 0x9
 773 0072 34       		.uleb128 0x34
 774 0073 00       		.byte	0
 775 0074 03       		.uleb128 0x3
 776 0075 08       		.uleb128 0x8
 777 0076 3A       		.uleb128 0x3a
 778 0077 0B       		.uleb128 0xb
 779 0078 3B       		.uleb128 0x3b
 780 0079 0B       		.uleb128 0xb
 781 007a 49       		.uleb128 0x49
 782 007b 13       		.uleb128 0x13
 783 007c 3F       		.uleb128 0x3f
 784 007d 19       		.uleb128 0x19
 785 007e 02       		.uleb128 0x2
 786 007f 18       		.uleb128 0x18
 787 0080 00       		.byte	0
 788 0081 00       		.byte	0
 789 0082 0A       		.uleb128 0xa
 790 0083 34       		.uleb128 0x34
 791 0084 00       		.byte	0
 792 0085 03       		.uleb128 0x3
 793 0086 0E       		.uleb128 0xe
 794 0087 3A       		.uleb128 0x3a
ARM GAS  C:\Users\JIANGL~1\AppData\Local\Temp\cc2L3u8D.s 			page 16


 795 0088 0B       		.uleb128 0xb
 796 0089 3B       		.uleb128 0x3b
 797 008a 0B       		.uleb128 0xb
 798 008b 49       		.uleb128 0x49
 799 008c 13       		.uleb128 0x13
 800 008d 3F       		.uleb128 0x3f
 801 008e 19       		.uleb128 0x19
 802 008f 02       		.uleb128 0x2
 803 0090 18       		.uleb128 0x18
 804 0091 00       		.byte	0
 805 0092 00       		.byte	0
 806 0093 00       		.byte	0
 807              		.section	.debug_aranges,"",%progbits
 808 0000 1C000000 		.4byte	0x1c
 809 0004 0200     		.2byte	0x2
 810 0006 00000000 		.4byte	.Ldebug_info0
 811 000a 04       		.byte	0x4
 812 000b 00       		.byte	0
 813 000c 0000     		.2byte	0
 814 000e 0000     		.2byte	0
 815 0010 00000000 		.4byte	.LFB63
 816 0014 34020000 		.4byte	.LFE63-.LFB63
 817 0018 00000000 		.4byte	0
 818 001c 00000000 		.4byte	0
 819              		.section	.debug_ranges,"",%progbits
 820              	.Ldebug_ranges0:
 821 0000 00000000 		.4byte	.LFB63
 822 0004 34020000 		.4byte	.LFE63
 823 0008 00000000 		.4byte	0
 824 000c 00000000 		.4byte	0
 825              		.section	.debug_line,"",%progbits
 826              	.Ldebug_line0:
 827 0000 86010000 		.section	.debug_str,"MS",%progbits,1
 827      02004801 
 827      00000201 
 827      FB0E0D00 
 827      01010101 
 828              	.LASF23:
 829 0000 4144435F 		.ascii	"ADC_R_balance\000"
 829      525F6261 
 829      6C616E63 
 829      6500
 830              	.LASF9:
 831 000e 5F5F696E 		.ascii	"__int32_t\000"
 831      7433325F 
 831      7400
 832              	.LASF24:
 833 0018 4144435F 		.ascii	"ADC_L\000"
 833      4C00
 834              	.LASF4:
 835 001e 6C6F6E67 		.ascii	"long int\000"
 835      20696E74 
 835      00
 836              	.LASF30:
 837 0027 474E5520 		.ascii	"GNU C 4.9.3 20150303 (release) [ARM/embedded-4_9-br"
 837      4320342E 
 837      392E3320 
ARM GAS  C:\Users\JIANGL~1\AppData\Local\Temp\cc2L3u8D.s 			page 17


 837      32303135 
 837      30333033 
 838 005a 616E6368 		.ascii	"anch revision 221220] -mcpu=cortex-m3 -mthumb -g -O"
 838      20726576 
 838      6973696F 
 838      6E203232 
 838      31323230 
 839 008d 30202D66 		.ascii	"0 -ffunction-sections -ffat-lto-objects\000"
 839      66756E63 
 839      74696F6E 
 839      2D736563 
 839      74696F6E 
 840              	.LASF25:
 841 00b5 4144435F 		.ascii	"ADC_R\000"
 841      5200
 842              	.LASF21:
 843 00bb 546F704D 		.ascii	"TopMotorAngleCoeff\000"
 843      6F746F72 
 843      416E676C 
 843      65436F65 
 843      666600
 844              	.LASF14:
 845 00ce 666C6F61 		.ascii	"float\000"
 845      7400
 846              	.LASF12:
 847 00d4 696E7431 		.ascii	"int16\000"
 847      3600
 848              	.LASF5:
 849 00da 6C6F6E67 		.ascii	"long unsigned int\000"
 849      20756E73 
 849      69676E65 
 849      6420696E 
 849      7400
 850              	.LASF3:
 851 00ec 73686F72 		.ascii	"short unsigned int\000"
 851      7420756E 
 851      7369676E 
 851      65642069 
 851      6E7400
 852              	.LASF27:
 853 00ff 73706565 		.ascii	"speed1\000"
 853      643100
 854              	.LASF28:
 855 0106 73706565 		.ascii	"speed2\000"
 855      643200
 856              	.LASF18:
 857 010d 49544D5F 		.ascii	"ITM_RxBuffer\000"
 857      52784275 
 857      66666572 
 857      00
 858              	.LASF26:
 859 011a 72616E67 		.ascii	"range\000"
 859      6500
 860              	.LASF15:
 861 0120 646F7562 		.ascii	"double\000"
 861      6C6500
 862              	.LASF11:
ARM GAS  C:\Users\JIANGL~1\AppData\Local\Temp\cc2L3u8D.s 			page 18


 863 0127 75696E74 		.ascii	"uint16\000"
 863      313600
 864              	.LASF1:
 865 012e 756E7369 		.ascii	"unsigned char\000"
 865      676E6564 
 865      20636861 
 865      7200
 866              	.LASF8:
 867 013c 756E7369 		.ascii	"unsigned int\000"
 867      676E6564 
 867      20696E74 
 867      00
 868              	.LASF7:
 869 0149 6C6F6E67 		.ascii	"long long unsigned int\000"
 869      206C6F6E 
 869      6720756E 
 869      7369676E 
 869      65642069 
 870              	.LASF29:
 871 0160 616E676C 		.ascii	"angle3\000"
 871      653300
 872              	.LASF10:
 873 0167 696E7433 		.ascii	"int32_t\000"
 873      325F7400 
 874              	.LASF19:
 875 016f 456B5F31 		.ascii	"Ek_1\000"
 875      00
 876              	.LASF20:
 877 0174 456B5F32 		.ascii	"Ek_2\000"
 877      00
 878              	.LASF31:
 879 0179 2E5C7069 		.ascii	".\\pid.c\000"
 879      642E6300 
 880              	.LASF6:
 881 0181 6C6F6E67 		.ascii	"long long int\000"
 881      206C6F6E 
 881      6720696E 
 881      7400
 882              	.LASF22:
 883 018f 4144435F 		.ascii	"ADC_L_balance\000"
 883      4C5F6261 
 883      6C616E63 
 883      6500
 884              	.LASF16:
 885 019d 63686172 		.ascii	"char\000"
 885      00
 886              	.LASF17:
 887 01a2 73697A65 		.ascii	"sizetype\000"
 887      74797065 
 887      00
 888              	.LASF2:
 889 01ab 73686F72 		.ascii	"short int\000"
 889      7420696E 
 889      7400
 890              	.LASF13:
 891 01b5 666C6F61 		.ascii	"float32\000"
 891      74333200 
ARM GAS  C:\Users\JIANGL~1\AppData\Local\Temp\cc2L3u8D.s 			page 19


 892              	.LASF32:
 893 01bd 433A5C55 		.ascii	"C:\\Users\\Jiang Liu\\Desktop\\ee\\innovation\\ADC_"
 893      73657273 
 893      5C4A6961 
 893      6E67204C 
 893      69755C44 
 894 01ea 5341525F 		.ascii	"SAR_PrISM01.cydsn\000"
 894      50724953 
 894      4D30312E 
 894      63796473 
 894      6E00
 895              	.LASF0:
 896 01fc 7369676E 		.ascii	"signed char\000"
 896      65642063 
 896      68617200 
 897              		.ident	"GCC: (GNU Tools for ARM Embedded Processors) 4.9.3 20150303 (release) [ARM/embedded-4_9-br
