#***************************************************************************

#sjplacer

#Version:            1.1

#Build Date:         Oct  1 2015 13:46:59

#File Generated:     Sep 7 2017 23:22:34

#Purpose:            

#Copyright (C) 2010-2011 by Softjin Technologies Pvt Ltd. All rights reserved.

#***************************************************************************

Executing : C:\Program Files (x86)\Cypress\PSoC Creator\3.3\PSoC Creator\bin/sjplacer.exe --proj-name 972057 --netlist-vh2 972057_p.vh2 --arch-file C:\Program Files (x86)\Cypress\PSoC Creator\3.3\PSoC Creator\dev/arch/p35_udb4x6.ark --rrg-file C:\Program Files (x86)\Cypress\PSoC Creator\3.3\PSoC Creator\dev/psoc5/psoc5lp/route_arch-rrg.cydata --irq-file C:\Program Files (x86)\Cypress\PSoC Creator\3.3\PSoC Creator\dev/psoc5/psoc5lp/irqconn.cydata --drq-file C:\Program Files (x86)\Cypress\PSoC Creator\3.3\PSoC Creator\dev/psoc5/psoc5lp/dmaconn.cydata --dsi-conn-file C:\Program Files (x86)\Cypress\PSoC Creator\3.3\PSoC Creator\dev/psoc5/psoc5lp/dsiconn.cydata --pins-file pins_100-TQFP.xml --lib-file 972057_p.lib --sdc-file 972057.sdc --io-pcf 972057.pci --outdir .

		Softjin Techologies Placer, Version 1.1

Build Date : Oct  1 2015	13:44:59

D2004: Option and Settings Summary
=============================================================
Netlist vh2 file          - 972057_p.vh2
Architecture file         - C:\Program Files (x86)\Cypress\PSoC Creator\3.3\PSoC Creator\dev/arch/p35_udb4x6.ark
Package                   - 
Defparam file             - 
SDC file                  - 972057.sdc
Output directory          - .
Timing library            - 972057_p.lib
IO Placement file         - 972057.pci

D2050: Starting reading inputs for placer
=============================================================
D2065: Reading netlist file : "972057_p.vh2"
D2065: Reading arch file : "C:\Program Files (x86)\Cypress\PSoC Creator\3.3\PSoC Creator\dev/arch/p35_udb4x6.ark"
D2051: Reading of inputs for placer completed successfully

D2053: Starting placement of the design
=============================================================

Phase 2
Phase 3

Design Statistics after Packing
    Number of Combinational MCs 	:	16
    Number of Sequential MCs    	:	26
    Number of DPs               	:	7
    Number of Controls          	:	1
    Number of Status            	:	4
    Number of SyncCells         	:	1
    Number of count7cells       	:	1

Device Utilization Summary after Packing
    Macrocells                  :	42/192
    UDBS                        :	8/24
    IOs                         :	14/72


D2088: Phase 3, elapsed time : 0.0 (sec)

Phase 4
D2088: Phase 4, elapsed time : 0.0 (sec)

Phase 5
D2088: Phase 5, elapsed time : 0.0 (sec)

Phase 6

######################################################################
Placement Timing Summary

The timing summary is based on estimated routing delays after
placement. For final timing report, please carry out the timing
analysis after routing.
======================================================================

######################################################################
                     Clock Summary 
======================================================================
Number of clocks: 13
Clock: ADC_SAR_L_theACLK    | Frequency: N/A       | Target:   1.3 MHz
Clock: ADC_SAR_L_theACLK(routed) | Frequency: N/A       | Target:   1.3 MHz
Clock: ADC_SAR_R_theACLK    | Frequency: N/A       | Target:   1.1 MHz
Clock: ADC_SAR_R_theACLK(routed) | Frequency: N/A       | Target:   1.1 MHz
Clock: CyBUS_CLK            | Frequency:  71.2 MHz | Target:  53.0 MHz
Clock: CyILO                | Frequency: N/A       | Target:   0.0 MHz
Clock: CyIMO                | Frequency: N/A       | Target:   3.0 MHz
Clock: CyMASTER_CLK         | Frequency: N/A       | Target:  53.0 MHz
Clock: CyPLL_OUT            | Frequency: N/A       | Target:  53.0 MHz
Clock: UART_1_IntClock      | Frequency:  53.6 MHz | Target:   0.9 MHz
Clock: UART_2_IntClock      | Frequency:  53.6 MHz | Target:   0.9 MHz
Clock: UART_3_IntClock      | Frequency:  50.6 MHz | Target:   0.9 MHz
Clock: UART_6_IntClock      | Frequency:  51.2 MHz | Target:   0.1 MHz

======================================================================
                     End of Clock Summary
######################################################################

D2088: Phase 6, elapsed time : 0.0 (sec)

Phase 7
######################################################################
                     Clock Summary 
======================================================================
Number of clocks: 13
Clock: ADC_SAR_L_theACLK    | Frequency: N/A       | Target:   1.3 MHz
Clock: ADC_SAR_L_theACLK(routed) | Frequency: N/A       | Target:   1.3 MHz
Clock: ADC_SAR_R_theACLK    | Frequency: N/A       | Target:   1.1 MHz
Clock: ADC_SAR_R_theACLK(routed) | Frequency: N/A       | Target:   1.1 MHz
Clock: CyBUS_CLK            | Frequency:   7.5 MHz | Target:  53.0 MHz
Clock: CyILO                | Frequency: N/A       | Target:   0.0 MHz
Clock: CyIMO                | Frequency: N/A       | Target:   3.0 MHz
Clock: CyMASTER_CLK         | Frequency: N/A       | Target:  53.0 MHz
Clock: CyPLL_OUT            | Frequency: N/A       | Target:  53.0 MHz
Clock: UART_1_IntClock      | Frequency:  53.6 MHz | Target:   0.9 MHz
Clock: UART_2_IntClock      | Frequency:  51.2 MHz | Target:   0.9 MHz
Clock: UART_3_IntClock      | Frequency:  51.4 MHz | Target:   0.9 MHz
Clock: UART_6_IntClock      | Frequency:   7.5 MHz | Target:   0.1 MHz

======================================================================
                     End of Clock Summary
######################################################################
D2088: Phase 7, elapsed time : 0.6 (sec)

Final Design Statistics
    Number of Combinational MCs 	:	16
    Number of Sequential MCs    	:	26
    Number of DPs               	:	7
    Number of Controls          	:	1
    Number of Status            	:	4
    Number of SyncCells         	:	1
    Number of count7cells       	:	1
    Number of IOs       	:	14

Device Utilization Summary
    Macrocells                  :	42/192
    IOs                         :	14/72



######################################################################
Placement Timing Summary

The timing summary is based on estimated routing delays after
placement. For final timing report, please carry out the timing
analysis after routing.
======================================================================


######################################################################
                     Clock Summary 
======================================================================
Number of clocks: 13
Clock: ADC_SAR_L_theACLK    | Frequency: N/A       | Target:   1.3 MHz
Clock: ADC_SAR_L_theACLK(routed) | Frequency: N/A       | Target:   1.3 MHz
Clock: ADC_SAR_R_theACLK    | Frequency: N/A       | Target:   1.1 MHz
Clock: ADC_SAR_R_theACLK(routed) | Frequency: N/A       | Target:   1.1 MHz
Clock: CyBUS_CLK            | Frequency:   8.2 MHz | Target:  53.0 MHz
Clock: CyILO                | Frequency: N/A       | Target:   0.0 MHz
Clock: CyIMO                | Frequency: N/A       | Target:   3.0 MHz
Clock: CyMASTER_CLK         | Frequency: N/A       | Target:  53.0 MHz
Clock: CyPLL_OUT            | Frequency: N/A       | Target:  53.0 MHz
Clock: UART_1_IntClock      | Frequency:  57.2 MHz | Target:   0.9 MHz
Clock: UART_2_IntClock      | Frequency:  57.0 MHz | Target:   0.9 MHz
Clock: UART_3_IntClock      | Frequency:  56.1 MHz | Target:   0.9 MHz
Clock: UART_6_IntClock      | Frequency:   8.2 MHz | Target:   0.1 MHz

======================================================================
                     End of Clock Summary
######################################################################

Phase 8
D2088: Phase 8, elapsed time : 0.0 (sec)

D2054: Placement of the design completed successfully

I2076: Total run-time: 1.6 sec.

