Flow report for IR_LCD_Qsys
Wed Aug 30 14:22:28 2017
Quartus II 64-Bit Version 15.0.0 Build 145 04/22/2015 SJ Full Version


---------------------
; Table of Contents ;
---------------------
  1. Legal Notice
  2. Flow Summary
  3. Flow Settings
  4. Flow Non-Default Global Settings
  5. Flow Elapsed Time
  6. Flow OS Summary
  7. Flow Log
  8. Flow Messages
  9. Flow Suppressed Messages



----------------
; Legal Notice ;
----------------
Copyright (C) 1991-2015 Altera Corporation. All rights reserved.
Your use of Altera Corporation's design tools, logic functions 
and other software and tools, and its AMPP partner logic 
functions, and any output files from any of the foregoing 
(including device programming or simulation files), and any 
associated documentation or information are expressly subject 
to the terms and conditions of the Altera Program License 
Subscription Agreement, the Altera Quartus II License Agreement,
the Altera MegaCore Function License Agreement, or other 
applicable license agreement, including, without limitation, 
that your use is for the sole purpose of programming logic 
devices manufactured by Altera and sold by Altera or its 
authorized distributors.  Please refer to the applicable 
agreement for further details.



+----------------------------------------------------------------------------------+
; Flow Summary                                                                     ;
+------------------------------------+---------------------------------------------+
; Flow Status                        ; Successful - Wed Aug 30 14:22:16 2017       ;
; Quartus II 64-Bit Version          ; 15.0.0 Build 145 04/22/2015 SJ Full Version ;
; Revision Name                      ; IR_LCD_Qsys                                 ;
; Top-level Entity Name              ; IR_LCD_Qsys                                 ;
; Family                             ; Cyclone IV E                                ;
; Device                             ; EP4CE115F29C7                               ;
; Timing Models                      ; Final                                       ;
; Total logic elements               ; 10,208 / 114,480 ( 9 % )                    ;
;     Total combinational functions  ; 7,976 / 114,480 ( 7 % )                     ;
;     Dedicated logic registers      ; 6,646 / 114,480 ( 6 % )                     ;
; Total registers                    ; 6765                                        ;
; Total pins                         ; 101 / 529 ( 19 % )                          ;
; Total virtual pins                 ; 0                                           ;
; Total memory bits                  ; 52,352 / 3,981,312 ( 1 % )                  ;
; Embedded Multiplier 9-bit elements ; 6 / 532 ( 1 % )                             ;
; Total PLLs                         ; 1 / 4 ( 25 % )                              ;
+------------------------------------+---------------------------------------------+


+-----------------------------------------+
; Flow Settings                           ;
+-------------------+---------------------+
; Option            ; Setting             ;
+-------------------+---------------------+
; Start date & time ; 08/30/2017 14:19:18 ;
; Main task         ; Compilation         ;
; Revision Name     ; IR_LCD_Qsys         ;
+-------------------+---------------------+


+-------------------------------------------------------------------------------------------------------------------------------------------+
; Flow Non-Default Global Settings                                                                                                          ;
+-------------------------------------+----------------------------------------------------------+---------------+-------------+------------+
; Assignment Name                     ; Value                                                    ; Default Value ; Entity Name ; Section Id ;
+-------------------------------------+----------------------------------------------------------+---------------+-------------+------------+
; COMPILER_SIGNATURE_ID               ; 220295156710842.150407395812788                          ; --            ; --          ; --         ;
; MAX_CORE_JUNCTION_TEMP              ; 85                                                       ; --            ; --          ; --         ;
; MIN_CORE_JUNCTION_TEMP              ; 0                                                        ; --            ; --          ; --         ;
; MISC_FILE                           ; kernel/synthesis/../kernel.cmp                           ; --            ; --          ; --         ;
; MISC_FILE                           ; kernel/synthesis/../../kernel.qsys                       ; --            ; --          ; --         ;
; MISC_FILE                           ; Pll_bb.v                                                 ; --            ; --          ; --         ;
; MISC_FILE                           ; Pll.ppf                                                  ; --            ; --          ; --         ;
; OUTPUT_IO_TIMING_FAR_END_VMEAS      ; Half Signal Swing                                        ; --            ; --          ; --         ;
; OUTPUT_IO_TIMING_FAR_END_VMEAS      ; Half Signal Swing                                        ; --            ; --          ; --         ;
; OUTPUT_IO_TIMING_NEAR_END_VMEAS     ; Half Vccio                                               ; --            ; --          ; --         ;
; OUTPUT_IO_TIMING_NEAR_END_VMEAS     ; Half Vccio                                               ; --            ; --          ; --         ;
; PARTITION_COLOR                     ; 16764057                                                 ; --            ; --          ; Top        ;
; PARTITION_FITTER_PRESERVATION_LEVEL ; PLACEMENT_AND_ROUTING                                    ; --            ; --          ; Top        ;
; PARTITION_NETLIST_TYPE              ; SOURCE                                                   ; --            ; --          ; Top        ;
; POWER_BOARD_THERMAL_MODEL           ; None (CONSERVATIVE)                                      ; --            ; --          ; --         ;
; POWER_PRESET_COOLING_SOLUTION       ; 23 MM HEAT SINK WITH 200 LFPM AIRFLOW                    ; --            ; --          ; --         ;
; SLD_FILE                            ; kernel/synthesis/kernel.regmap                           ; --            ; --          ; --         ;
; SLD_FILE                            ; kernel/synthesis/kernel.debuginfo                        ; --            ; --          ; --         ;
; SLD_INFO                            ; QSYS_NAME kernel HAS_SOPCINFO 1 GENERATION_ID 1504073683 ; --            ; kernel      ; --         ;
; SOPCINFO_FILE                       ; kernel/synthesis/../../kernel.sopcinfo                   ; --            ; --          ; --         ;
; SYNTHESIS_ONLY_QIP                  ; On                                                       ; --            ; --          ; --         ;
+-------------------------------------+----------------------------------------------------------+---------------+-------------+------------+


+-------------------------------------------------------------------------------------------------------------------------------+
; Flow Elapsed Time                                                                                                             ;
+---------------------------+--------------+-------------------------+---------------------+------------------------------------+
; Module Name               ; Elapsed Time ; Average Processors Used ; Peak Virtual Memory ; Total CPU Time (on all processors) ;
+---------------------------+--------------+-------------------------+---------------------+------------------------------------+
; Analysis & Synthesis      ; 00:01:08     ; 1.0                     ; 1056 MB             ; 00:01:42                           ;
; Fitter                    ; 00:01:32     ; 1.4                     ; 1597 MB             ; 00:02:04                           ;
; Assembler                 ; 00:00:06     ; 1.0                     ; 695 MB              ; 00:00:06                           ;
; TimeQuest Timing Analyzer ; 00:00:10     ; 1.1                     ; 945 MB              ; 00:00:10                           ;
; Total                     ; 00:02:56     ; --                      ; --                  ; 00:04:02                           ;
+---------------------------+--------------+-------------------------+---------------------+------------------------------------+


+----------------------------------------------------------------------------------------+
; Flow OS Summary                                                                        ;
+---------------------------+------------------+-----------+------------+----------------+
; Module Name               ; Machine Hostname ; OS Name   ; OS Version ; Processor type ;
+---------------------------+------------------+-----------+------------+----------------+
; Analysis & Synthesis      ; DESKTOP-6QQJNBU  ; Windows 7 ; 6.2        ; x86_64         ;
; Fitter                    ; DESKTOP-6QQJNBU  ; Windows 7 ; 6.2        ; x86_64         ;
; Assembler                 ; DESKTOP-6QQJNBU  ; Windows 7 ; 6.2        ; x86_64         ;
; TimeQuest Timing Analyzer ; DESKTOP-6QQJNBU  ; Windows 7 ; 6.2        ; x86_64         ;
+---------------------------+------------------+-----------+------------+----------------+


------------
; Flow Log ;
------------
quartus_map --read_settings_files=on --write_settings_files=off IR_LCD_Qsys -c IR_LCD_Qsys
quartus_fit --read_settings_files=off --write_settings_files=off IR_LCD_Qsys -c IR_LCD_Qsys
quartus_asm --read_settings_files=off --write_settings_files=off IR_LCD_Qsys -c IR_LCD_Qsys
quartus_sta IR_LCD_Qsys -c IR_LCD_Qsys



