16:23:34 **** Build of configuration Nios II for project C_1506 ****
make all 
Info: Building ../C_1506_bsp/
C:/altera/15.0/nios2eds/bin/gnu/H-x86_64-mingw32/bin/make --no-print-directory -C ../C_1506_bsp/
[BSP build complete]
[C_1506 build complete]
16:23:42 **** Build of configuration Nios II for project C_1506 ****
make all 
Info: Building ../C_1506_bsp/
C:/altera/15.0/nios2eds/bin/gnu/H-x86_64-mingw32/bin/make --no-print-directory -C ../C_1506_bsp/
[BSP build complete]
[C_1506 build complete]
16:24:55 **** Incremental Build of configuration Nios II for project C_1506 ****
make all 
Info: Building ../C_1506_bsp/
C:/altera/15.0/nios2eds/bin/gnu/H-x86_64-mingw32/bin/make --no-print-directory -C ../C_1506_bsp/
[BSP build complete]
[C_1506 build complete]
16:25:26 **** Build of configuration Nios II for project C_1506 ****
make all 
Info: Building ../C_1506_bsp/
C:/altera/15.0/nios2eds/bin/gnu/H-x86_64-mingw32/bin/make --no-print-directory -C ../C_1506_bsp/
[BSP build complete]
[C_1506 build complete]
16:25:40 **** Incremental Build of configuration Nios II for project C_1506 ****
make all 
Info: Building ../C_1506_bsp/
C:/altera/15.0/nios2eds/bin/gnu/H-x86_64-mingw32/bin/make --no-print-directory -C ../C_1506_bsp/
[BSP build complete]
[C_1506 build complete]
16:27:02 **** Incremental Build of configuration Nios II for project C_1506 ****
make all 
Info: Building ../C_1506_bsp/
C:/altera/15.0/nios2eds/bin/gnu/H-x86_64-mingw32/bin/make --no-print-directory -C ../C_1506_bsp/
[BSP build complete]
[C_1506 build complete]
16:29:31 **** Build of configuration Nios II for project C_1506 ****
make all 
Info: Building ../C_1506_bsp/
C:/altera/15.0/nios2eds/bin/gnu/H-x86_64-mingw32/bin/make --no-print-directory -C ../C_1506_bsp/
[BSP build complete]
[C_1506 build complete]
16:29:32 **** Incremental Build of configuration Nios II for project C_1506 ****
make all 
Info: Building ../C_1506_bsp/
C:/altera/15.0/nios2eds/bin/gnu/H-x86_64-mingw32/bin/make --no-print-directory -C ../C_1506_bsp/
[BSP build complete]
[C_1506 build complete]
16:31:02 **** Incremental Build of configuration Nios II for project C_1506 ****
make all 
Info: Building ../C_1506_bsp/
C:/altera/15.0/nios2eds/bin/gnu/H-x86_64-mingw32/bin/make --no-print-directory -C ../C_1506_bsp/
[BSP build complete]
[C_1506 build complete]
16:33:02 **** Incremental Build of configuration Nios II for project C_1506 ****
make all 
Info: Building ../C_1506_bsp/
C:/altera/15.0/nios2eds/bin/gnu/H-x86_64-mingw32/bin/make --no-print-directory -C ../C_1506_bsp/
[BSP build complete]
[C_1506 build complete]
16:33:32 **** Incremental Build of configuration Nios II for project C_1506 ****
make all 
Info: Building ../C_1506_bsp/
C:/altera/15.0/nios2eds/bin/gnu/H-x86_64-mingw32/bin/make --no-print-directory -C ../C_1506_bsp/
[BSP build complete]
[C_1506 build complete]
16:34:39 **** Incremental Build of configuration Nios II for project C_1506 ****
make all 
Info: Building ../C_1506_bsp/
C:/altera/15.0/nios2eds/bin/gnu/H-x86_64-mingw32/bin/make --no-print-directory -C ../C_1506_bsp/
[BSP build complete]
[C_1506 build complete]
16:36:10 **** Incremental Build of configuration Nios II for project C_1506 ****
make all 
Info: Building ../C_1506_bsp/
C:/altera/15.0/nios2eds/bin/gnu/H-x86_64-mingw32/bin/make --no-print-directory -C ../C_1506_bsp/
[BSP build complete]
[C_1506 build complete]
