15:32:47 **** Build of configuration Nios II for project C_1506 ****
make all 
Info: Building ../C_1506_bsp/
C:/altera/15.0/nios2eds/bin/gnu/H-x86_64-mingw32/bin/make --no-print-directory -C ../C_1506_bsp/
[BSP build complete]
Info: Compiling LCD_1506_Qsys.c to obj/default/LCD_1506_Qsys.o
nios2-elf-gcc -xc -MP -MMD -c -I../C_1506_bsp//HAL/inc -I../C_1506_bsp/ -I../C_1506_bsp//drivers/inc  -pipe -D__hal__ -DALT_NO_INSTRUCTION_EMULATION -DALT_SINGLE_THREADED    -O0 -g -Wall   -mno-hw-div -mhw-mul -mno-hw-mulx  -o obj/default/LCD_1506_Qsys.o LCD_1506_Qsys.c
In file included from LCD_1506_Qsys.h:11:0,
                 from LCD_1506_Qsys.c:7:
../C_1506_bsp/system.h:170:23: warning: initialization makes pointer from integer without a cast
 #define LCD_1506_BASE 0x10001080
                       ^
LCD_1506_Qsys.c:9:27: note: in expansion of macro 'LCD_1506_BASE'
 unsigned int *pUser_LCD = LCD_1506_BASE; //定义指针指向在Qsys中生成的LCD1602控制模块
                           ^
Info: Compiling main_1506.c to obj/default/main_1506.o
nios2-elf-gcc -xc -MP -MMD -c -I../C_1506_bsp//HAL/inc -I../C_1506_bsp/ -I../C_1506_bsp//drivers/inc  -pipe -D__hal__ -DALT_NO_INSTRUCTION_EMULATION -DALT_SINGLE_THREADED    -O0 -g -Wall   -mno-hw-div -mhw-mul -mno-hw-mulx  -o obj/default/main_1506.o main_1506.c
main_1506.c:67:5: warning: built-in function 'index' declared as non-function
 int index;
     ^
main_1506.c:69:3: warning: pointer targets in initialization differ in signedness [-Wpointer-sign]
   "1. Alma Mater   ",
   ^
main_1506.c:69:3: warning: (near initialization for 'titles[0]') [-Wpointer-sign]
main_1506.c:70:3: warning: pointer targets in initialization differ in signedness [-Wpointer-sign]
   "2. Rock and Roll",
   ^
main_1506.c:70:3: warning: (near initialization for 'titles[1]') [-Wpointer-sign]
main_1506.c:71:3: warning: pointer targets in initialization differ in signedness [-Wpointer-sign]
   "3. Rhythm Blues ",
   ^
main_1506.c:71:3: warning: (near initialization for 'titles[2]') [-Wpointer-sign]
main_1506.c:72:3: warning: pointer targets in initialization differ in signedness [-Wpointer-sign]
   "4. Classical    ",
   ^
main_1506.c:72:3: warning: (near initialization for 'titles[3]') [-Wpointer-sign]
main_1506.c:73:3: warning: pointer targets in initialization differ in signedness [-Wpointer-sign]
   "5. Rap          ",
   ^
main_1506.c:73:3: warning: (near initialization for 'titles[4]') [-Wpointer-sign]
main_1506.c:74:3: warning: pointer targets in initialization differ in signedness [-Wpointer-sign]
   "6. Jazz         ",
   ^
main_1506.c:74:3: warning: (near initialization for 'titles[5]') [-Wpointer-sign]
main_1506.c:76:1: warning: pointer targets in initialization differ in signedness [-Wpointer-sign]
 };
 ^
main_1506.c:76:1: warning: (near initialization for 'titles[6]') [-Wpointer-sign]
main_1506.c: In function 'main':
main_1506.c:144:7: warning: implicit declaration of function 'display' [-Wimplicit-function-declaration]
       display(process);
       ^
main_1506.c:84:6: warning: unused variable 'i' [-Wunused-variable]
  int i;
      ^
main_1506.c: In function 'displayTitle':
main_1506.c:221:2: warning: pointer targets in passing argument 3 of 'LCD_Disp' differ in signedness [-Wpointer-sign]
  LCD_Disp(1, 0, "                ", 16); delay();
  ^
In file included from main_1506.c:18:0:
LCD_1506_Qsys.h:22:6: note: expected 'unsigned char *' but argument is of type 'char *'
 void LCD_Disp(unsigned char Row, unsigned char position , unsigned char *pData , unsigned char len);
      ^
main_1506.c:222:2: warning: pointer targets in passing argument 3 of 'LCD_Disp' differ in signedness [-Wpointer-sign]
  LCD_Disp(1, 0, buffer, 13); delay();
  ^
In file included from main_1506.c:18:0:
LCD_1506_Qsys.h:22:6: note: expected 'unsigned char *' but argument is of type 'char *'
 void LCD_Disp(unsigned char Row, unsigned char position , unsigned char *pData , unsigned char len);
      ^
main_1506.c:223:2: warning: pointer targets in passing argument 3 of 'LCD_Disp' differ in signedness [-Wpointer-sign]
  LCD_Disp(2, 0, "                ", 16); delay();
  ^
In file included from main_1506.c:18:0:
LCD_1506_Qsys.h:22:6: note: expected 'unsigned char *' but argument is of type 'char *'
 void LCD_Disp(unsigned char Row, unsigned char position , unsigned char *pData , unsigned char len);
      ^
Info: Linking C_1506.elf
nios2-elf-g++  -T'../C_1506_bsp//linker.x' -msys-crt0='../C_1506_bsp//obj/HAL/src/crt0.o' -msys-lib=hal_bsp -L../C_1506_bsp/   -Wl,-Map=C_1506.map   -O0 -g -Wall   -mno-hw-div -mhw-mul -mno-hw-mulx  -o C_1506.elf obj/default/LCD_1506_Qsys.o obj/default/main_1506.o -lm -msys-lib=m
obj/default/main_1506.o: In function `main':
D:\Projects\ESD\tasks_1506\Quartus\IR_LCD_1506\software\C_1506/main_1506.c:144: undefined reference to `display'
collect2.exe: error: ld returned 1 exit status
make: *** [C_1506.elf] Error 1
15:33:24 **** Incremental Build of configuration Nios II for project C_1506 ****
make all 
Info: Building ../C_1506_bsp/
C:/altera/15.0/nios2eds/bin/gnu/H-x86_64-mingw32/bin/make --no-print-directory -C ../C_1506_bsp/
[BSP build complete]
Info: Compiling main_1506.c to obj/default/main_1506.o
nios2-elf-gcc -xc -MP -MMD -c -I../C_1506_bsp//HAL/inc -I../C_1506_bsp/ -I../C_1506_bsp//drivers/inc  -pipe -D__hal__ -DALT_NO_INSTRUCTION_EMULATION -DALT_SINGLE_THREADED    -O0 -g -Wall   -mno-hw-div -mhw-mul -mno-hw-mulx  -o obj/default/main_1506.o main_1506.c
main_1506.c:67:5: warning: built-in function 'index' declared as non-function
 int index;
     ^
main_1506.c:69:3: warning: pointer targets in initialization differ in signedness [-Wpointer-sign]
   "1. Alma Mater   ",
   ^
main_1506.c:69:3: warning: (near initialization for 'titles[0]') [-Wpointer-sign]
main_1506.c:70:3: warning: pointer targets in initialization differ in signedness [-Wpointer-sign]
   "2. Rock and Roll",
   ^
main_1506.c:70:3: warning: (near initialization for 'titles[1]') [-Wpointer-sign]
main_1506.c:71:3: warning: pointer targets in initialization differ in signedness [-Wpointer-sign]
   "3. Rhythm Blues ",
   ^
main_1506.c:71:3: warning: (near initialization for 'titles[2]') [-Wpointer-sign]
main_1506.c:72:3: warning: pointer targets in initialization differ in signedness [-Wpointer-sign]
   "4. Classical    ",
   ^
main_1506.c:72:3: warning: (near initialization for 'titles[3]') [-Wpointer-sign]
main_1506.c:73:3: warning: pointer targets in initialization differ in signedness [-Wpointer-sign]
   "5. Rap          ",
   ^
main_1506.c:73:3: warning: (near initialization for 'titles[4]') [-Wpointer-sign]
main_1506.c:74:3: warning: pointer targets in initialization differ in signedness [-Wpointer-sign]
   "6. Jazz         ",
   ^
main_1506.c:74:3: warning: (near initialization for 'titles[5]') [-Wpointer-sign]
main_1506.c:76:1: warning: pointer targets in initialization differ in signedness [-Wpointer-sign]
 };
 ^
main_1506.c:76:1: warning: (near initialization for 'titles[6]') [-Wpointer-sign]
main_1506.c: In function 'main':
main_1506.c:84:6: warning: unused variable 'i' [-Wunused-variable]
  int i;
      ^
main_1506.c: In function 'displayTitle':
main_1506.c:221:2: warning: pointer targets in passing argument 3 of 'LCD_Disp' differ in signedness [-Wpointer-sign]
  LCD_Disp(1, 0, "                ", 16); delay();
  ^
In file included from main_1506.c:18:0:
LCD_1506_Qsys.h:22:6: note: expected 'unsigned char *' but argument is of type 'char *'
 void LCD_Disp(unsigned char Row, unsigned char position , unsigned char *pData , unsigned char len);
      ^
main_1506.c:222:2: warning: pointer targets in passing argument 3 of 'LCD_Disp' differ in signedness [-Wpointer-sign]
  LCD_Disp(1, 0, buffer, 13); delay();
  ^
In file included from main_1506.c:18:0:
LCD_1506_Qsys.h:22:6: note: expected 'unsigned char *' but argument is of type 'char *'
 void LCD_Disp(unsigned char Row, unsigned char position , unsigned char *pData , unsigned char len);
      ^
main_1506.c:223:2: warning: pointer targets in passing argument 3 of 'LCD_Disp' differ in signedness [-Wpointer-sign]
  LCD_Disp(2, 0, "                ", 16); delay();
  ^
In file included from main_1506.c:18:0:
LCD_1506_Qsys.h:22:6: note: expected 'unsigned char *' but argument is of type 'char *'
 void LCD_Disp(unsigned char Row, unsigned char position , unsigned char *pData , unsigned char len);
      ^
Info: Linking C_1506.elf
nios2-elf-g++  -T'../C_1506_bsp//linker.x' -msys-crt0='../C_1506_bsp//obj/HAL/src/crt0.o' -msys-lib=hal_bsp -L../C_1506_bsp/   -Wl,-Map=C_1506.map   -O0 -g -Wall   -mno-hw-div -mhw-mul -mno-hw-mulx  -o C_1506.elf obj/default/LCD_1506_Qsys.o obj/default/main_1506.o -lm -msys-lib=m
nios2-elf-insert C_1506.elf --thread_model hal --cpu_name nios2_gen2 --qsys true --simulation_enabled false --id 2 --sidp 0x100016a0 --timestamp 1504073683 --stderr_dev jtag_uart --stdin_dev jtag_uart --stdout_dev jtag_uart --sopc_system_name kernel --quartus_project_dir "D:/Projects/ESD/tasks_1506/Quartus/IR_LCD_1506" --jdi D:/Projects/ESD/tasks_1506/Quartus/IR_LCD_1506/software/C_1506_bsp/../../IR_LCD_Qsys.jdi --sopcinfo D:/Projects/ESD/tasks_1506/Quartus/IR_LCD_1506/software/C_1506_bsp/../../kernel.sopcinfo
Info: (C_1506.elf) 31 KBytes program size (code + initialized data).
Info:              131034 KBytes free for stack + heap.
Info: Creating C_1506.objdump
nios2-elf-objdump --disassemble --syms --all-header --source C_1506.elf >C_1506.objdump
[C_1506 build complete]
15:33:40 **** Incremental Build of configuration Nios II for project C_1506 ****
make all 
Info: Building ../C_1506_bsp/
C:/altera/15.0/nios2eds/bin/gnu/H-x86_64-mingw32/bin/make --no-print-directory -C ../C_1506_bsp/
[BSP build complete]
Info: Compiling main_1506.c to obj/default/main_1506.o
nios2-elf-gcc -xc -MP -MMD -c -I../C_1506_bsp//HAL/inc -I../C_1506_bsp/ -I../C_1506_bsp//drivers/inc  -pipe -D__hal__ -DALT_NO_INSTRUCTION_EMULATION -DALT_SINGLE_THREADED    -O0 -g -Wall   -mno-hw-div -mhw-mul -mno-hw-mulx  -o obj/default/main_1506.o main_1506.c
main_1506.c:67:5: warning: built-in function 'index' declared as non-function
 int index;
     ^
main_1506.c:69:3: warning: pointer targets in initialization differ in signedness [-Wpointer-sign]
   "1. Alma Mater   ",
   ^
main_1506.c:69:3: warning: (near initialization for 'titles[0]') [-Wpointer-sign]
main_1506.c:70:3: warning: pointer targets in initialization differ in signedness [-Wpointer-sign]
   "2. Rock and Roll",
   ^
main_1506.c:70:3: warning: (near initialization for 'titles[1]') [-Wpointer-sign]
main_1506.c:71:3: warning: pointer targets in initialization differ in signedness [-Wpointer-sign]
   "3. Rhythm Blues ",
   ^
main_1506.c:71:3: warning: (near initialization for 'titles[2]') [-Wpointer-sign]
main_1506.c:72:3: warning: pointer targets in initialization differ in signedness [-Wpointer-sign]
   "4. Classical    ",
   ^
main_1506.c:72:3: warning: (near initialization for 'titles[3]') [-Wpointer-sign]
main_1506.c:73:3: warning: pointer targets in initialization differ in signedness [-Wpointer-sign]
   "5. Rap          ",
   ^
main_1506.c:73:3: warning: (near initialization for 'titles[4]') [-Wpointer-sign]
main_1506.c:74:3: warning: pointer targets in initialization differ in signedness [-Wpointer-sign]
   "6. Jazz         ",
   ^
main_1506.c:74:3: warning: (near initialization for 'titles[5]') [-Wpointer-sign]
main_1506.c:76:1: warning: pointer targets in initialization differ in signedness [-Wpointer-sign]
 };
 ^
main_1506.c:76:1: warning: (near initialization for 'titles[6]') [-Wpointer-sign]
main_1506.c: In function 'main':
main_1506.c:84:6: warning: unused variable 'i' [-Wunused-variable]
  int i;
      ^
main_1506.c: In function 'displayTitle':
main_1506.c:221:2: warning: pointer targets in passing argument 3 of 'LCD_Disp' differ in signedness [-Wpointer-sign]
  LCD_Disp(1, 0, "                ", 16); delay();
  ^
In file included from main_1506.c:18:0:
LCD_1506_Qsys.h:22:6: note: expected 'unsigned char *' but argument is of type 'char *'
 void LCD_Disp(unsigned char Row, unsigned char position , unsigned char *pData , unsigned char len);
      ^
main_1506.c:222:2: warning: pointer targets in passing argument 3 of 'LCD_Disp' differ in signedness [-Wpointer-sign]
  LCD_Disp(1, 0, buffer, 13); delay();
  ^
In file included from main_1506.c:18:0:
LCD_1506_Qsys.h:22:6: note: expected 'unsigned char *' but argument is of type 'char *'
 void LCD_Disp(unsigned char Row, unsigned char position , unsigned char *pData , unsigned char len);
      ^
main_1506.c:223:2: warning: pointer targets in passing argument 3 of 'LCD_Disp' differ in signedness [-Wpointer-sign]
  LCD_Disp(2, 0, "                ", 16); delay();
  ^
In file included from main_1506.c:18:0:
LCD_1506_Qsys.h:22:6: note: expected 'unsigned char *' but argument is of type 'char *'
 void LCD_Disp(unsigned char Row, unsigned char position , unsigned char *pData , unsigned char len);
      ^
Info: Linking C_1506.elf
nios2-elf-g++  -T'../C_1506_bsp//linker.x' -msys-crt0='../C_1506_bsp//obj/HAL/src/crt0.o' -msys-lib=hal_bsp -L../C_1506_bsp/   -Wl,-Map=C_1506.map   -O0 -g -Wall   -mno-hw-div -mhw-mul -mno-hw-mulx  -o C_1506.elf obj/default/LCD_1506_Qsys.o obj/default/main_1506.o -lm -msys-lib=m
nios2-elf-insert C_1506.elf --thread_model hal --cpu_name nios2_gen2 --qsys true --simulation_enabled false --id 2 --sidp 0x100016a0 --timestamp 1504073683 --stderr_dev jtag_uart --stdin_dev jtag_uart --stdout_dev jtag_uart --sopc_system_name kernel --quartus_project_dir "D:/Projects/ESD/tasks_1506/Quartus/IR_LCD_1506" --jdi D:/Projects/ESD/tasks_1506/Quartus/IR_LCD_1506/software/C_1506_bsp/../../IR_LCD_Qsys.jdi --sopcinfo D:/Projects/ESD/tasks_1506/Quartus/IR_LCD_1506/software/C_1506_bsp/../../kernel.sopcinfo
Info: (C_1506.elf) 31 KBytes program size (code + initialized data).
Info:              131034 KBytes free for stack + heap.
Info: Creating C_1506.objdump
nios2-elf-objdump --disassemble --syms --all-header --source C_1506.elf >C_1506.objdump
[C_1506 build complete]
15:34:04 **** Incremental Build of configuration Nios II for project C_1506 ****
make all 
Info: Building ../C_1506_bsp/
C:/altera/15.0/nios2eds/bin/gnu/H-x86_64-mingw32/bin/make --no-print-directory -C ../C_1506_bsp/
[BSP build complete]
Info: Compiling main_1506.c to obj/default/main_1506.o
nios2-elf-gcc -xc -MP -MMD -c -I../C_1506_bsp//HAL/inc -I../C_1506_bsp/ -I../C_1506_bsp//drivers/inc  -pipe -D__hal__ -DALT_NO_INSTRUCTION_EMULATION -DALT_SINGLE_THREADED    -O0 -g -Wall   -mno-hw-div -mhw-mul -mno-hw-mulx  -o obj/default/main_1506.o main_1506.c
main_1506.c:67:5: warning: built-in function 'index' declared as non-function
 int index;
     ^
main_1506.c:69:3: warning: pointer targets in initialization differ in signedness [-Wpointer-sign]
   "1. Alma Mater   ",
   ^
main_1506.c:69:3: warning: (near initialization for 'titles[0]') [-Wpointer-sign]
main_1506.c:70:3: warning: pointer targets in initialization differ in signedness [-Wpointer-sign]
   "2. Rock and Roll",
   ^
main_1506.c:70:3: warning: (near initialization for 'titles[1]') [-Wpointer-sign]
main_1506.c:71:3: warning: pointer targets in initialization differ in signedness [-Wpointer-sign]
   "3. Rhythm Blues ",
   ^
main_1506.c:71:3: warning: (near initialization for 'titles[2]') [-Wpointer-sign]
main_1506.c:72:3: warning: pointer targets in initialization differ in signedness [-Wpointer-sign]
   "4. Classical    ",
   ^
main_1506.c:72:3: warning: (near initialization for 'titles[3]') [-Wpointer-sign]
main_1506.c:73:3: warning: pointer targets in initialization differ in signedness [-Wpointer-sign]
   "5. Rap          ",
   ^
main_1506.c:73:3: warning: (near initialization for 'titles[4]') [-Wpointer-sign]
main_1506.c:74:3: warning: pointer targets in initialization differ in signedness [-Wpointer-sign]
   "6. Jazz         ",
   ^
main_1506.c:74:3: warning: (near initialization for 'titles[5]') [-Wpointer-sign]
main_1506.c:76:1: warning: pointer targets in initialization differ in signedness [-Wpointer-sign]
 };
 ^
main_1506.c:76:1: warning: (near initialization for 'titles[6]') [-Wpointer-sign]
main_1506.c: In function 'main':
main_1506.c:84:6: warning: unused variable 'i' [-Wunused-variable]
  int i;
      ^
main_1506.c: In function 'displayTitle':
main_1506.c:222:2: warning: pointer targets in passing argument 3 of 'LCD_Disp' differ in signedness [-Wpointer-sign]
  LCD_Disp(1, 0, "                ", 16); delay();
  ^
In file included from main_1506.c:18:0:
LCD_1506_Qsys.h:22:6: note: expected 'unsigned char *' but argument is of type 'char *'
 void LCD_Disp(unsigned char Row, unsigned char position , unsigned char *pData , unsigned char len);
      ^
main_1506.c:223:2: warning: pointer targets in passing argument 3 of 'LCD_Disp' differ in signedness [-Wpointer-sign]
  LCD_Disp(1, 0, buffer, 13); delay();
  ^
In file included from main_1506.c:18:0:
LCD_1506_Qsys.h:22:6: note: expected 'unsigned char *' but argument is of type 'char *'
 void LCD_Disp(unsigned char Row, unsigned char position , unsigned char *pData , unsigned char len);
      ^
main_1506.c:224:2: warning: pointer targets in passing argument 3 of 'LCD_Disp' differ in signedness [-Wpointer-sign]
  LCD_Disp(2, 0, "                ", 16); delay();
  ^
In file included from main_1506.c:18:0:
LCD_1506_Qsys.h:22:6: note: expected 'unsigned char *' but argument is of type 'char *'
 void LCD_Disp(unsigned char Row, unsigned char position , unsigned char *pData , unsigned char len);
      ^
Info: Linking C_1506.elf
nios2-elf-g++  -T'../C_1506_bsp//linker.x' -msys-crt0='../C_1506_bsp//obj/HAL/src/crt0.o' -msys-lib=hal_bsp -L../C_1506_bsp/   -Wl,-Map=C_1506.map   -O0 -g -Wall   -mno-hw-div -mhw-mul -mno-hw-mulx  -o C_1506.elf obj/default/LCD_1506_Qsys.o obj/default/main_1506.o -lm -msys-lib=m
nios2-elf-insert C_1506.elf --thread_model hal --cpu_name nios2_gen2 --qsys true --simulation_enabled false --id 2 --sidp 0x100016a0 --timestamp 1504073683 --stderr_dev jtag_uart --stdin_dev jtag_uart --stdout_dev jtag_uart --sopc_system_name kernel --quartus_project_dir "D:/Projects/ESD/tasks_1506/Quartus/IR_LCD_1506" --jdi D:/Projects/ESD/tasks_1506/Quartus/IR_LCD_1506/software/C_1506_bsp/../../IR_LCD_Qsys.jdi --sopcinfo D:/Projects/ESD/tasks_1506/Quartus/IR_LCD_1506/software/C_1506_bsp/../../kernel.sopcinfo
Info: (C_1506.elf) 31 KBytes program size (code + initialized data).
Info:              131034 KBytes free for stack + heap.
Info: Creating C_1506.objdump
nios2-elf-objdump --disassemble --syms --all-header --source C_1506.elf >C_1506.objdump
[C_1506 build complete]
15:35:45 **** Incremental Build of configuration Nios II for project C_1506 ****
make all 
Info: Building ../C_1506_bsp/
C:/altera/15.0/nios2eds/bin/gnu/H-x86_64-mingw32/bin/make --no-print-directory -C ../C_1506_bsp/
[BSP build complete]
Info: Compiling main_1506.c to obj/default/main_1506.o
nios2-elf-gcc -xc -MP -MMD -c -I../C_1506_bsp//HAL/inc -I../C_1506_bsp/ -I../C_1506_bsp//drivers/inc  -pipe -D__hal__ -DALT_NO_INSTRUCTION_EMULATION -DALT_SINGLE_THREADED    -O0 -g -Wall   -mno-hw-div -mhw-mul -mno-hw-mulx  -o obj/default/main_1506.o main_1506.c
main_1506.c:67:5: warning: built-in function 'index' declared as non-function
 int index;
     ^
main_1506.c:69:3: warning: pointer targets in initialization differ in signedness [-Wpointer-sign]
   "1. Alma Mater   ",
   ^
main_1506.c:69:3: warning: (near initialization for 'titles[0]') [-Wpointer-sign]
main_1506.c:70:3: warning: pointer targets in initialization differ in signedness [-Wpointer-sign]
   "2. Rock and Roll",
   ^
main_1506.c:70:3: warning: (near initialization for 'titles[1]') [-Wpointer-sign]
main_1506.c:71:3: warning: pointer targets in initialization differ in signedness [-Wpointer-sign]
   "3. Rhythm Blues ",
   ^
main_1506.c:71:3: warning: (near initialization for 'titles[2]') [-Wpointer-sign]
main_1506.c:72:3: warning: pointer targets in initialization differ in signedness [-Wpointer-sign]
   "4. Classical    ",
   ^
main_1506.c:72:3: warning: (near initialization for 'titles[3]') [-Wpointer-sign]
main_1506.c:73:3: warning: pointer targets in initialization differ in signedness [-Wpointer-sign]
   "5. Rap          ",
   ^
main_1506.c:73:3: warning: (near initialization for 'titles[4]') [-Wpointer-sign]
main_1506.c:74:3: warning: pointer targets in initialization differ in signedness [-Wpointer-sign]
   "6. Jazz         ",
   ^
main_1506.c:74:3: warning: (near initialization for 'titles[5]') [-Wpointer-sign]
main_1506.c:76:1: warning: pointer targets in initialization differ in signedness [-Wpointer-sign]
 };
 ^
main_1506.c:76:1: warning: (near initialization for 'titles[6]') [-Wpointer-sign]
main_1506.c: In function 'main':
main_1506.c:84:6: warning: unused variable 'i' [-Wunused-variable]
  int i;
      ^
main_1506.c: In function 'displayTitle':
main_1506.c:222:2: warning: pointer targets in passing argument 3 of 'LCD_Disp' differ in signedness [-Wpointer-sign]
  LCD_Disp(1, 0, "                ", 16); delay();
  ^
In file included from main_1506.c:18:0:
LCD_1506_Qsys.h:22:6: note: expected 'unsigned char *' but argument is of type 'char *'
 void LCD_Disp(unsigned char Row, unsigned char position , unsigned char *pData , unsigned char len);
      ^
main_1506.c:223:2: warning: pointer targets in passing argument 3 of 'LCD_Disp' differ in signedness [-Wpointer-sign]
  LCD_Disp(1, 0, buffer, 13); delay();
  ^
In file included from main_1506.c:18:0:
LCD_1506_Qsys.h:22:6: note: expected 'unsigned char *' but argument is of type 'char *'
 void LCD_Disp(unsigned char Row, unsigned char position , unsigned char *pData , unsigned char len);
      ^
main_1506.c:224:2: warning: pointer targets in passing argument 3 of 'LCD_Disp' differ in signedness [-Wpointer-sign]
  LCD_Disp(2, 0, "                ", 16); delay();
  ^
In file included from main_1506.c:18:0:
LCD_1506_Qsys.h:22:6: note: expected 'unsigned char *' but argument is of type 'char *'
 void LCD_Disp(unsigned char Row, unsigned char position , unsigned char *pData , unsigned char len);
      ^
Info: Linking C_1506.elf
nios2-elf-g++  -T'../C_1506_bsp//linker.x' -msys-crt0='../C_1506_bsp//obj/HAL/src/crt0.o' -msys-lib=hal_bsp -L../C_1506_bsp/   -Wl,-Map=C_1506.map   -O0 -g -Wall   -mno-hw-div -mhw-mul -mno-hw-mulx  -o C_1506.elf obj/default/LCD_1506_Qsys.o obj/default/main_1506.o -lm -msys-lib=m
nios2-elf-insert C_1506.elf --thread_model hal --cpu_name nios2_gen2 --qsys true --simulation_enabled false --id 2 --sidp 0x100016a0 --timestamp 1504073683 --stderr_dev jtag_uart --stdin_dev jtag_uart --stdout_dev jtag_uart --sopc_system_name kernel --quartus_project_dir "D:/Projects/ESD/tasks_1506/Quartus/IR_LCD_1506" --jdi D:/Projects/ESD/tasks_1506/Quartus/IR_LCD_1506/software/C_1506_bsp/../../IR_LCD_Qsys.jdi --sopcinfo D:/Projects/ESD/tasks_1506/Quartus/IR_LCD_1506/software/C_1506_bsp/../../kernel.sopcinfo
Info: (C_1506.elf) 31 KBytes program size (code + initialized data).
Info:              131034 KBytes free for stack + heap.
Info: Creating C_1506.objdump
nios2-elf-objdump --disassemble --syms --all-header --source C_1506.elf >C_1506.objdump
[C_1506 build complete]
15:36:11 **** Incremental Build of configuration Nios II for project C_1506 ****
make all 
Info: Building ../C_1506_bsp/
C:/altera/15.0/nios2eds/bin/gnu/H-x86_64-mingw32/bin/make --no-print-directory -C ../C_1506_bsp/
[BSP build complete]
Info: Compiling main_1506.c to obj/default/main_1506.o
nios2-elf-gcc -xc -MP -MMD -c -I../C_1506_bsp//HAL/inc -I../C_1506_bsp/ -I../C_1506_bsp//drivers/inc  -pipe -D__hal__ -DALT_NO_INSTRUCTION_EMULATION -DALT_SINGLE_THREADED    -O0 -g -Wall   -mno-hw-div -mhw-mul -mno-hw-mulx  -o obj/default/main_1506.o main_1506.c
main_1506.c:67:5: warning: built-in function 'index' declared as non-function
 int index;
     ^
main_1506.c:69:3: warning: pointer targets in initialization differ in signedness [-Wpointer-sign]
   "1. Alma Mater   ",
   ^
main_1506.c:69:3: warning: (near initialization for 'titles[0]') [-Wpointer-sign]
main_1506.c:70:3: warning: pointer targets in initialization differ in signedness [-Wpointer-sign]
   "2. Rock and Roll",
   ^
main_1506.c:70:3: warning: (near initialization for 'titles[1]') [-Wpointer-sign]
main_1506.c:71:3: warning: pointer targets in initialization differ in signedness [-Wpointer-sign]
   "3. Rhythm Blues ",
   ^
main_1506.c:71:3: warning: (near initialization for 'titles[2]') [-Wpointer-sign]
main_1506.c:72:3: warning: pointer targets in initialization differ in signedness [-Wpointer-sign]
   "4. Classical    ",
   ^
main_1506.c:72:3: warning: (near initialization for 'titles[3]') [-Wpointer-sign]
main_1506.c:73:3: warning: pointer targets in initialization differ in signedness [-Wpointer-sign]
   "5. Rap          ",
   ^
main_1506.c:73:3: warning: (near initialization for 'titles[4]') [-Wpointer-sign]
main_1506.c:74:3: warning: pointer targets in initialization differ in signedness [-Wpointer-sign]
   "6. Jazz         ",
   ^
main_1506.c:74:3: warning: (near initialization for 'titles[5]') [-Wpointer-sign]
main_1506.c:76:1: warning: pointer targets in initialization differ in signedness [-Wpointer-sign]
 };
 ^
main_1506.c:76:1: warning: (near initialization for 'titles[6]') [-Wpointer-sign]
main_1506.c: In function 'main':
main_1506.c:84:6: warning: unused variable 'i' [-Wunused-variable]
  int i;
      ^
main_1506.c: In function 'displayTitle':
main_1506.c:223:2: warning: pointer targets in passing argument 3 of 'LCD_Disp' differ in signedness [-Wpointer-sign]
  LCD_Disp(1, 0, "                ", 16); delay();
  ^
In file included from main_1506.c:18:0:
LCD_1506_Qsys.h:22:6: note: expected 'unsigned char *' but argument is of type 'char *'
 void LCD_Disp(unsigned char Row, unsigned char position , unsigned char *pData , unsigned char len);
      ^
main_1506.c:224:2: warning: pointer targets in passing argument 3 of 'LCD_Disp' differ in signedness [-Wpointer-sign]
  LCD_Disp(1, 0, buffer, 13); delay();
  ^
In file included from main_1506.c:18:0:
LCD_1506_Qsys.h:22:6: note: expected 'unsigned char *' but argument is of type 'char *'
 void LCD_Disp(unsigned char Row, unsigned char position , unsigned char *pData , unsigned char len);
      ^
main_1506.c:225:2: warning: pointer targets in passing argument 3 of 'LCD_Disp' differ in signedness [-Wpointer-sign]
  LCD_Disp(2, 0, "                ", 16); delay();
  ^
In file included from main_1506.c:18:0:
LCD_1506_Qsys.h:22:6: note: expected 'unsigned char *' but argument is of type 'char *'
 void LCD_Disp(unsigned char Row, unsigned char position , unsigned char *pData , unsigned char len);
      ^
Info: Linking C_1506.elf
nios2-elf-g++  -T'../C_1506_bsp//linker.x' -msys-crt0='../C_1506_bsp//obj/HAL/src/crt0.o' -msys-lib=hal_bsp -L../C_1506_bsp/   -Wl,-Map=C_1506.map   -O0 -g -Wall   -mno-hw-div -mhw-mul -mno-hw-mulx  -o C_1506.elf obj/default/LCD_1506_Qsys.o obj/default/main_1506.o -lm -msys-lib=m
nios2-elf-insert C_1506.elf --thread_model hal --cpu_name nios2_gen2 --qsys true --simulation_enabled false --id 2 --sidp 0x100016a0 --timestamp 1504073683 --stderr_dev jtag_uart --stdin_dev jtag_uart --stdout_dev jtag_uart --sopc_system_name kernel --quartus_project_dir "D:/Projects/ESD/tasks_1506/Quartus/IR_LCD_1506" --jdi D:/Projects/ESD/tasks_1506/Quartus/IR_LCD_1506/software/C_1506_bsp/../../IR_LCD_Qsys.jdi --sopcinfo D:/Projects/ESD/tasks_1506/Quartus/IR_LCD_1506/software/C_1506_bsp/../../kernel.sopcinfo
Info: (C_1506.elf) 31 KBytes program size (code + initialized data).
Info:              131034 KBytes free for stack + heap.
Info: Creating C_1506.objdump
nios2-elf-objdump --disassemble --syms --all-header --source C_1506.elf >C_1506.objdump
[C_1506 build complete]
15:39:37 **** Incremental Build of configuration Nios II for project C_1506 ****
make all 
Info: Building ../C_1506_bsp/
C:/altera/15.0/nios2eds/bin/gnu/H-x86_64-mingw32/bin/make --no-print-directory -C ../C_1506_bsp/
[BSP build complete]
Info: Compiling main_1506.c to obj/default/main_1506.o
nios2-elf-gcc -xc -MP -MMD -c -I../C_1506_bsp//HAL/inc -I../C_1506_bsp/ -I../C_1506_bsp//drivers/inc  -pipe -D__hal__ -DALT_NO_INSTRUCTION_EMULATION -DALT_SINGLE_THREADED    -O0 -g -Wall   -mno-hw-div -mhw-mul -mno-hw-mulx  -o obj/default/main_1506.o main_1506.c
main_1506.c:67:5: warning: built-in function 'index' declared as non-function
 int index;
     ^
main_1506.c:69:3: warning: pointer targets in initialization differ in signedness [-Wpointer-sign]
   "1. Alma Mater   ",
   ^
main_1506.c:69:3: warning: (near initialization for 'titles[0]') [-Wpointer-sign]
main_1506.c:70:3: warning: pointer targets in initialization differ in signedness [-Wpointer-sign]
   "2. Rock and Roll",
   ^
main_1506.c:70:3: warning: (near initialization for 'titles[1]') [-Wpointer-sign]
main_1506.c:71:3: warning: pointer targets in initialization differ in signedness [-Wpointer-sign]
   "3. Rhythm Blues ",
   ^
main_1506.c:71:3: warning: (near initialization for 'titles[2]') [-Wpointer-sign]
main_1506.c:72:3: warning: pointer targets in initialization differ in signedness [-Wpointer-sign]
   "4. Classical    ",
   ^
main_1506.c:72:3: warning: (near initialization for 'titles[3]') [-Wpointer-sign]
main_1506.c:73:3: warning: pointer targets in initialization differ in signedness [-Wpointer-sign]
   "5. Rap          ",
   ^
main_1506.c:73:3: warning: (near initialization for 'titles[4]') [-Wpointer-sign]
main_1506.c:74:3: warning: pointer targets in initialization differ in signedness [-Wpointer-sign]
   "6. Jazz         ",
   ^
main_1506.c:74:3: warning: (near initialization for 'titles[5]') [-Wpointer-sign]
main_1506.c:76:1: warning: pointer targets in initialization differ in signedness [-Wpointer-sign]
 };
 ^
main_1506.c:76:1: warning: (near initialization for 'titles[6]') [-Wpointer-sign]
main_1506.c: In function 'main':
main_1506.c:137:8: warning: implicit declaration of function 'display' [-Wimplicit-function-declaration]
        display(volume);
        ^
main_1506.c:84:6: warning: unused variable 'i' [-Wunused-variable]
  int i;
      ^
main_1506.c: In function 'displayTitle':
main_1506.c:235:2: warning: pointer targets in passing argument 3 of 'LCD_Disp' differ in signedness [-Wpointer-sign]
  LCD_Disp(1, 0, "                ", 16); delay();
  ^
In file included from main_1506.c:18:0:
LCD_1506_Qsys.h:22:6: note: expected 'unsigned char *' but argument is of type 'char *'
 void LCD_Disp(unsigned char Row, unsigned char position , unsigned char *pData , unsigned char len);
      ^
main_1506.c:236:2: warning: pointer targets in passing argument 3 of 'LCD_Disp' differ in signedness [-Wpointer-sign]
  LCD_Disp(1, 0, buffer, 13); delay();
  ^
In file included from main_1506.c:18:0:
LCD_1506_Qsys.h:22:6: note: expected 'unsigned char *' but argument is of type 'char *'
 void LCD_Disp(unsigned char Row, unsigned char position , unsigned char *pData , unsigned char len);
      ^
main_1506.c:237:2: warning: pointer targets in passing argument 3 of 'LCD_Disp' differ in signedness [-Wpointer-sign]
  LCD_Disp(2, 0, "                ", 16); delay();
  ^
In file included from main_1506.c:18:0:
LCD_1506_Qsys.h:22:6: note: expected 'unsigned char *' but argument is of type 'char *'
 void LCD_Disp(unsigned char Row, unsigned char position , unsigned char *pData , unsigned char len);
      ^
Info: Linking C_1506.elf
nios2-elf-g++  -T'../C_1506_bsp//linker.x' -msys-crt0='../C_1506_bsp//obj/HAL/src/crt0.o' -msys-lib=hal_bsp -L../C_1506_bsp/   -Wl,-Map=C_1506.map   -O0 -g -Wall   -mno-hw-div -mhw-mul -mno-hw-mulx  -o C_1506.elf obj/default/LCD_1506_Qsys.o obj/default/main_1506.o -lm -msys-lib=m
obj/default/main_1506.o: In function `main':
D:\Projects\ESD\tasks_1506\Quartus\IR_LCD_1506\software\C_1506/main_1506.c:137: undefined reference to `display'
collect2.exe: error: ld returned 1 exit status
make: *** [C_1506.elf] Error 1
15:39:49 **** Incremental Build of configuration Nios II for project C_1506 ****
make all 
Info: Building ../C_1506_bsp/
C:/altera/15.0/nios2eds/bin/gnu/H-x86_64-mingw32/bin/make --no-print-directory -C ../C_1506_bsp/
[BSP build complete]
Info: Compiling main_1506.c to obj/default/main_1506.o
nios2-elf-gcc -xc -MP -MMD -c -I../C_1506_bsp//HAL/inc -I../C_1506_bsp/ -I../C_1506_bsp//drivers/inc  -pipe -D__hal__ -DALT_NO_INSTRUCTION_EMULATION -DALT_SINGLE_THREADED    -O0 -g -Wall   -mno-hw-div -mhw-mul -mno-hw-mulx  -o obj/default/main_1506.o main_1506.c
main_1506.c:67:5: warning: built-in function 'index' declared as non-function
 int index;
     ^
main_1506.c:69:3: warning: pointer targets in initialization differ in signedness [-Wpointer-sign]
   "1. Alma Mater   ",
   ^
main_1506.c:69:3: warning: (near initialization for 'titles[0]') [-Wpointer-sign]
main_1506.c:70:3: warning: pointer targets in initialization differ in signedness [-Wpointer-sign]
   "2. Rock and Roll",
   ^
main_1506.c:70:3: warning: (near initialization for 'titles[1]') [-Wpointer-sign]
main_1506.c:71:3: warning: pointer targets in initialization differ in signedness [-Wpointer-sign]
   "3. Rhythm Blues ",
   ^
main_1506.c:71:3: warning: (near initialization for 'titles[2]') [-Wpointer-sign]
main_1506.c:72:3: warning: pointer targets in initialization differ in signedness [-Wpointer-sign]
   "4. Classical    ",
   ^
main_1506.c:72:3: warning: (near initialization for 'titles[3]') [-Wpointer-sign]
main_1506.c:73:3: warning: pointer targets in initialization differ in signedness [-Wpointer-sign]
   "5. Rap          ",
   ^
main_1506.c:73:3: warning: (near initialization for 'titles[4]') [-Wpointer-sign]
main_1506.c:74:3: warning: pointer targets in initialization differ in signedness [-Wpointer-sign]
   "6. Jazz         ",
   ^
main_1506.c:74:3: warning: (near initialization for 'titles[5]') [-Wpointer-sign]
main_1506.c:76:1: warning: pointer targets in initialization differ in signedness [-Wpointer-sign]
 };
 ^
main_1506.c:76:1: warning: (near initialization for 'titles[6]') [-Wpointer-sign]
main_1506.c: In function 'main':
main_1506.c:84:6: warning: unused variable 'i' [-Wunused-variable]
  int i;
      ^
main_1506.c: In function 'displayTitle':
main_1506.c:235:2: warning: pointer targets in passing argument 3 of 'LCD_Disp' differ in signedness [-Wpointer-sign]
  LCD_Disp(1, 0, "                ", 16); delay();
  ^
In file included from main_1506.c:18:0:
LCD_1506_Qsys.h:22:6: note: expected 'unsigned char *' but argument is of type 'char *'
 void LCD_Disp(unsigned char Row, unsigned char position , unsigned char *pData , unsigned char len);
      ^
main_1506.c:236:2: warning: pointer targets in passing argument 3 of 'LCD_Disp' differ in signedness [-Wpointer-sign]
  LCD_Disp(1, 0, buffer, 13); delay();
  ^
In file included from main_1506.c:18:0:
LCD_1506_Qsys.h:22:6: note: expected 'unsigned char *' but argument is of type 'char *'
 void LCD_Disp(unsigned char Row, unsigned char position , unsigned char *pData , unsigned char len);
      ^
main_1506.c:237:2: warning: pointer targets in passing argument 3 of 'LCD_Disp' differ in signedness [-Wpointer-sign]
  LCD_Disp(2, 0, "                ", 16); delay();
  ^
In file included from main_1506.c:18:0:
LCD_1506_Qsys.h:22:6: note: expected 'unsigned char *' but argument is of type 'char *'
 void LCD_Disp(unsigned char Row, unsigned char position , unsigned char *pData , unsigned char len);
      ^
Info: Linking C_1506.elf
nios2-elf-g++  -T'../C_1506_bsp//linker.x' -msys-crt0='../C_1506_bsp//obj/HAL/src/crt0.o' -msys-lib=hal_bsp -L../C_1506_bsp/   -Wl,-Map=C_1506.map   -O0 -g -Wall   -mno-hw-div -mhw-mul -mno-hw-mulx  -o C_1506.elf obj/default/LCD_1506_Qsys.o obj/default/main_1506.o -lm -msys-lib=m
nios2-elf-insert C_1506.elf --thread_model hal --cpu_name nios2_gen2 --qsys true --simulation_enabled false --id 2 --sidp 0x100016a0 --timestamp 1504073683 --stderr_dev jtag_uart --stdin_dev jtag_uart --stdout_dev jtag_uart --sopc_system_name kernel --quartus_project_dir "D:/Projects/ESD/tasks_1506/Quartus/IR_LCD_1506" --jdi D:/Projects/ESD/tasks_1506/Quartus/IR_LCD_1506/software/C_1506_bsp/../../IR_LCD_Qsys.jdi --sopcinfo D:/Projects/ESD/tasks_1506/Quartus/IR_LCD_1506/software/C_1506_bsp/../../kernel.sopcinfo
Info: (C_1506.elf) 31 KBytes program size (code + initialized data).
Info:              131033 KBytes free for stack + heap.
Info: Creating C_1506.objdump
nios2-elf-objdump --disassemble --syms --all-header --source C_1506.elf >C_1506.objdump
[C_1506 build complete]
15:42:02 **** Incremental Build of configuration Nios II for project C_1506 ****
make all 
Info: Building ../C_1506_bsp/
C:/altera/15.0/nios2eds/bin/gnu/H-x86_64-mingw32/bin/make --no-print-directory -C ../C_1506_bsp/
[BSP build complete]
Info: Compiling main_1506.c to obj/default/main_1506.o
nios2-elf-gcc -xc -MP -MMD -c -I../C_1506_bsp//HAL/inc -I../C_1506_bsp/ -I../C_1506_bsp//drivers/inc  -pipe -D__hal__ -DALT_NO_INSTRUCTION_EMULATION -DALT_SINGLE_THREADED    -O0 -g -Wall   -mno-hw-div -mhw-mul -mno-hw-mulx  -o obj/default/main_1506.o main_1506.c
main_1506.c:67:5: warning: built-in function 'index' declared as non-function
 int index;
     ^
main_1506.c:69:3: warning: pointer targets in initialization differ in signedness [-Wpointer-sign]
   "1. Alma Mater   ",
   ^
main_1506.c:69:3: warning: (near initialization for 'titles[0]') [-Wpointer-sign]
main_1506.c:70:3: warning: pointer targets in initialization differ in signedness [-Wpointer-sign]
   "2. Rock and Roll",
   ^
main_1506.c:70:3: warning: (near initialization for 'titles[1]') [-Wpointer-sign]
main_1506.c:71:3: warning: pointer targets in initialization differ in signedness [-Wpointer-sign]
   "3. Rhythm Blues ",
   ^
main_1506.c:71:3: warning: (near initialization for 'titles[2]') [-Wpointer-sign]
main_1506.c:72:3: warning: pointer targets in initialization differ in signedness [-Wpointer-sign]
   "4. Classical    ",
   ^
main_1506.c:72:3: warning: (near initialization for 'titles[3]') [-Wpointer-sign]
main_1506.c:73:3: warning: pointer targets in initialization differ in signedness [-Wpointer-sign]
   "5. Rap          ",
   ^
main_1506.c:73:3: warning: (near initialization for 'titles[4]') [-Wpointer-sign]
main_1506.c:74:3: warning: pointer targets in initialization differ in signedness [-Wpointer-sign]
   "6. Jazz         ",
   ^
main_1506.c:74:3: warning: (near initialization for 'titles[5]') [-Wpointer-sign]
main_1506.c:76:1: warning: pointer targets in initialization differ in signedness [-Wpointer-sign]
 };
 ^
main_1506.c:76:1: warning: (near initialization for 'titles[6]') [-Wpointer-sign]
main_1506.c: In function 'main':
main_1506.c:147:8: warning: implicit declaration of function 'displayIndex' [-Wimplicit-function-declaration]
        displayIndex(index);
        ^
main_1506.c:151:7: error: duplicate case value
       case 0x1A:
       ^
main_1506.c:145:7: error: previously used here
       case 0x1A:
       ^
main_1506.c:84:6: warning: unused variable 'i' [-Wunused-variable]
  int i;
      ^
main_1506.c: In function 'displayTitle':
main_1506.c:247:2: warning: pointer targets in passing argument 3 of 'LCD_Disp' differ in signedness [-Wpointer-sign]
  LCD_Disp(1, 0, "                ", 16); delay();
  ^
In file included from main_1506.c:18:0:
LCD_1506_Qsys.h:22:6: note: expected 'unsigned char *' but argument is of type 'char *'
 void LCD_Disp(unsigned char Row, unsigned char position , unsigned char *pData , unsigned char len);
      ^
main_1506.c:248:2: warning: pointer targets in passing argument 3 of 'LCD_Disp' differ in signedness [-Wpointer-sign]
  LCD_Disp(1, 0, buffer, 13); delay();
  ^
In file included from main_1506.c:18:0:
LCD_1506_Qsys.h:22:6: note: expected 'unsigned char *' but argument is of type 'char *'
 void LCD_Disp(unsigned char Row, unsigned char position , unsigned char *pData , unsigned char len);
      ^
main_1506.c:249:2: warning: pointer targets in passing argument 3 of 'LCD_Disp' differ in signedness [-Wpointer-sign]
  LCD_Disp(2, 0, "                ", 16); delay();
  ^
In file included from main_1506.c:18:0:
LCD_1506_Qsys.h:22:6: note: expected 'unsigned char *' but argument is of type 'char *'
 void LCD_Disp(unsigned char Row, unsigned char position , unsigned char *pData , unsigned char len);
      ^
make: *** [obj/default/main_1506.o] Error 1
15:42:16 **** Incremental Build of configuration Nios II for project C_1506 ****
make all 
Info: Building ../C_1506_bsp/
C:/altera/15.0/nios2eds/bin/gnu/H-x86_64-mingw32/bin/make --no-print-directory -C ../C_1506_bsp/
[BSP build complete]
Info: Compiling main_1506.c to obj/default/main_1506.o
nios2-elf-gcc -xc -MP -MMD -c -I../C_1506_bsp//HAL/inc -I../C_1506_bsp/ -I../C_1506_bsp//drivers/inc  -pipe -D__hal__ -DALT_NO_INSTRUCTION_EMULATION -DALT_SINGLE_THREADED    -O0 -g -Wall   -mno-hw-div -mhw-mul -mno-hw-mulx  -o obj/default/main_1506.o main_1506.c
main_1506.c:67:5: warning: built-in function 'index' declared as non-function
 int index;
     ^
main_1506.c:69:3: warning: pointer targets in initialization differ in signedness [-Wpointer-sign]
   "1. Alma Mater   ",
   ^
main_1506.c:69:3: warning: (near initialization for 'titles[0]') [-Wpointer-sign]
main_1506.c:70:3: warning: pointer targets in initialization differ in signedness [-Wpointer-sign]
   "2. Rock and Roll",
   ^
main_1506.c:70:3: warning: (near initialization for 'titles[1]') [-Wpointer-sign]
main_1506.c:71:3: warning: pointer targets in initialization differ in signedness [-Wpointer-sign]
   "3. Rhythm Blues ",
   ^
main_1506.c:71:3: warning: (near initialization for 'titles[2]') [-Wpointer-sign]
main_1506.c:72:3: warning: pointer targets in initialization differ in signedness [-Wpointer-sign]
   "4. Classical    ",
   ^
main_1506.c:72:3: warning: (near initialization for 'titles[3]') [-Wpointer-sign]
main_1506.c:73:3: warning: pointer targets in initialization differ in signedness [-Wpointer-sign]
   "5. Rap          ",
   ^
main_1506.c:73:3: warning: (near initialization for 'titles[4]') [-Wpointer-sign]
main_1506.c:74:3: warning: pointer targets in initialization differ in signedness [-Wpointer-sign]
   "6. Jazz         ",
   ^
main_1506.c:74:3: warning: (near initialization for 'titles[5]') [-Wpointer-sign]
main_1506.c:76:1: warning: pointer targets in initialization differ in signedness [-Wpointer-sign]
 };
 ^
main_1506.c:76:1: warning: (near initialization for 'titles[6]') [-Wpointer-sign]
main_1506.c: In function 'main':
main_1506.c:147:8: warning: implicit declaration of function 'displayIndex' [-Wimplicit-function-declaration]
        displayIndex(index);
        ^
main_1506.c:84:6: warning: unused variable 'i' [-Wunused-variable]
  int i;
      ^
main_1506.c: In function 'displayTitle':
main_1506.c:247:2: warning: pointer targets in passing argument 3 of 'LCD_Disp' differ in signedness [-Wpointer-sign]
  LCD_Disp(1, 0, "                ", 16); delay();
  ^
In file included from main_1506.c:18:0:
LCD_1506_Qsys.h:22:6: note: expected 'unsigned char *' but argument is of type 'char *'
 void LCD_Disp(unsigned char Row, unsigned char position , unsigned char *pData , unsigned char len);
      ^
main_1506.c:248:2: warning: pointer targets in passing argument 3 of 'LCD_Disp' differ in signedness [-Wpointer-sign]
  LCD_Disp(1, 0, buffer, 13); delay();
  ^
In file included from main_1506.c:18:0:
LCD_1506_Qsys.h:22:6: note: expected 'unsigned char *' but argument is of type 'char *'
 void LCD_Disp(unsigned char Row, unsigned char position , unsigned char *pData , unsigned char len);
      ^
main_1506.c:249:2: warning: pointer targets in passing argument 3 of 'LCD_Disp' differ in signedness [-Wpointer-sign]
  LCD_Disp(2, 0, "                ", 16); delay();
  ^
In file included from main_1506.c:18:0:
LCD_1506_Qsys.h:22:6: note: expected 'unsigned char *' but argument is of type 'char *'
 void LCD_Disp(unsigned char Row, unsigned char position , unsigned char *pData , unsigned char len);
      ^
Info: Linking C_1506.elf
nios2-elf-g++  -T'../C_1506_bsp//linker.x' -msys-crt0='../C_1506_bsp//obj/HAL/src/crt0.o' -msys-lib=hal_bsp -L../C_1506_bsp/   -Wl,-Map=C_1506.map   -O0 -g -Wall   -mno-hw-div -mhw-mul -mno-hw-mulx  -o C_1506.elf obj/default/LCD_1506_Qsys.o obj/default/main_1506.o -lm -msys-lib=m
obj/default/main_1506.o: In function `main':
D:\Projects\ESD\tasks_1506\Quartus\IR_LCD_1506\software\C_1506/main_1506.c:147: undefined reference to `displayIndex'
D:\Projects\ESD\tasks_1506\Quartus\IR_LCD_1506\software\C_1506/main_1506.c:153: undefined reference to `displayIndex'
collect2.exe: error: ld returned 1 exit status
make: *** [C_1506.elf] Error 1
15:42:30 **** Incremental Build of configuration Nios II for project C_1506 ****
make all 
Info: Building ../C_1506_bsp/
C:/altera/15.0/nios2eds/bin/gnu/H-x86_64-mingw32/bin/make --no-print-directory -C ../C_1506_bsp/
[BSP build complete]
Info: Compiling main_1506.c to obj/default/main_1506.o
nios2-elf-gcc -xc -MP -MMD -c -I../C_1506_bsp//HAL/inc -I../C_1506_bsp/ -I../C_1506_bsp//drivers/inc  -pipe -D__hal__ -DALT_NO_INSTRUCTION_EMULATION -DALT_SINGLE_THREADED    -O0 -g -Wall   -mno-hw-div -mhw-mul -mno-hw-mulx  -o obj/default/main_1506.o main_1506.c
main_1506.c:67:5: warning: built-in function 'index' declared as non-function
 int index;
     ^
main_1506.c:69:3: warning: pointer targets in initialization differ in signedness [-Wpointer-sign]
   "1. Alma Mater   ",
   ^
main_1506.c:69:3: warning: (near initialization for 'titles[0]') [-Wpointer-sign]
main_1506.c:70:3: warning: pointer targets in initialization differ in signedness [-Wpointer-sign]
   "2. Rock and Roll",
   ^
main_1506.c:70:3: warning: (near initialization for 'titles[1]') [-Wpointer-sign]
main_1506.c:71:3: warning: pointer targets in initialization differ in signedness [-Wpointer-sign]
   "3. Rhythm Blues ",
   ^
main_1506.c:71:3: warning: (near initialization for 'titles[2]') [-Wpointer-sign]
main_1506.c:72:3: warning: pointer targets in initialization differ in signedness [-Wpointer-sign]
   "4. Classical    ",
   ^
main_1506.c:72:3: warning: (near initialization for 'titles[3]') [-Wpointer-sign]
main_1506.c:73:3: warning: pointer targets in initialization differ in signedness [-Wpointer-sign]
   "5. Rap          ",
   ^
main_1506.c:73:3: warning: (near initialization for 'titles[4]') [-Wpointer-sign]
main_1506.c:74:3: warning: pointer targets in initialization differ in signedness [-Wpointer-sign]
   "6. Jazz         ",
   ^
main_1506.c:74:3: warning: (near initialization for 'titles[5]') [-Wpointer-sign]
main_1506.c:76:1: warning: pointer targets in initialization differ in signedness [-Wpointer-sign]
 };
 ^
main_1506.c:76:1: warning: (near initialization for 'titles[6]') [-Wpointer-sign]
main_1506.c: In function 'main':
main_1506.c:84:6: warning: unused variable 'i' [-Wunused-variable]
  int i;
      ^
main_1506.c: In function 'displayTitle':
main_1506.c:247:2: warning: pointer targets in passing argument 3 of 'LCD_Disp' differ in signedness [-Wpointer-sign]
  LCD_Disp(1, 0, "                ", 16); delay();
  ^
In file included from main_1506.c:18:0:
LCD_1506_Qsys.h:22:6: note: expected 'unsigned char *' but argument is of type 'char *'
 void LCD_Disp(unsigned char Row, unsigned char position , unsigned char *pData , unsigned char len);
      ^
main_1506.c:248:2: warning: pointer targets in passing argument 3 of 'LCD_Disp' differ in signedness [-Wpointer-sign]
  LCD_Disp(1, 0, buffer, 13); delay();
  ^
In file included from main_1506.c:18:0:
LCD_1506_Qsys.h:22:6: note: expected 'unsigned char *' but argument is of type 'char *'
 void LCD_Disp(unsigned char Row, unsigned char position , unsigned char *pData , unsigned char len);
      ^
main_1506.c:249:2: warning: pointer targets in passing argument 3 of 'LCD_Disp' differ in signedness [-Wpointer-sign]
  LCD_Disp(2, 0, "                ", 16); delay();
  ^
In file included from main_1506.c:18:0:
LCD_1506_Qsys.h:22:6: note: expected 'unsigned char *' but argument is of type 'char *'
 void LCD_Disp(unsigned char Row, unsigned char position , unsigned char *pData , unsigned char len);
      ^
Info: Linking C_1506.elf
nios2-elf-g++  -T'../C_1506_bsp//linker.x' -msys-crt0='../C_1506_bsp//obj/HAL/src/crt0.o' -msys-lib=hal_bsp -L../C_1506_bsp/   -Wl,-Map=C_1506.map   -O0 -g -Wall   -mno-hw-div -mhw-mul -mno-hw-mulx  -o C_1506.elf obj/default/LCD_1506_Qsys.o obj/default/main_1506.o -lm -msys-lib=m
nios2-elf-insert C_1506.elf --thread_model hal --cpu_name nios2_gen2 --qsys true --simulation_enabled false --id 2 --sidp 0x100016a0 --timestamp 1504073683 --stderr_dev jtag_uart --stdin_dev jtag_uart --stdout_dev jtag_uart --sopc_system_name kernel --quartus_project_dir "D:/Projects/ESD/tasks_1506/Quartus/IR_LCD_1506" --jdi D:/Projects/ESD/tasks_1506/Quartus/IR_LCD_1506/software/C_1506_bsp/../../IR_LCD_Qsys.jdi --sopcinfo D:/Projects/ESD/tasks_1506/Quartus/IR_LCD_1506/software/C_1506_bsp/../../kernel.sopcinfo
Info: (C_1506.elf) 31 KBytes program size (code + initialized data).
Info:              131033 KBytes free for stack + heap.
Info: Creating C_1506.objdump
nios2-elf-objdump --disassemble --syms --all-header --source C_1506.elf >C_1506.objdump
[C_1506 build complete]
15:44:12 **** Incremental Build of configuration Nios II for project C_1506 ****
make all 
Info: Building ../C_1506_bsp/
C:/altera/15.0/nios2eds/bin/gnu/H-x86_64-mingw32/bin/make --no-print-directory -C ../C_1506_bsp/
[BSP build complete]
Info: Compiling main_1506.c to obj/default/main_1506.o
nios2-elf-gcc -xc -MP -MMD -c -I../C_1506_bsp//HAL/inc -I../C_1506_bsp/ -I../C_1506_bsp//drivers/inc  -pipe -D__hal__ -DALT_NO_INSTRUCTION_EMULATION -DALT_SINGLE_THREADED    -O0 -g -Wall   -mno-hw-div -mhw-mul -mno-hw-mulx  -o obj/default/main_1506.o main_1506.c
main_1506.c:67:5: warning: built-in function 'index' declared as non-function
 int index;
     ^
main_1506.c:69:3: warning: pointer targets in initialization differ in signedness [-Wpointer-sign]
   "1. Alma Mater   ",
   ^
main_1506.c:69:3: warning: (near initialization for 'titles[0]') [-Wpointer-sign]
main_1506.c:70:3: warning: pointer targets in initialization differ in signedness [-Wpointer-sign]
   "2. Rock and Roll",
   ^
main_1506.c:70:3: warning: (near initialization for 'titles[1]') [-Wpointer-sign]
main_1506.c:71:3: warning: pointer targets in initialization differ in signedness [-Wpointer-sign]
   "3. Rhythm Blues ",
   ^
main_1506.c:71:3: warning: (near initialization for 'titles[2]') [-Wpointer-sign]
main_1506.c:72:3: warning: pointer targets in initialization differ in signedness [-Wpointer-sign]
   "4. Classical    ",
   ^
main_1506.c:72:3: warning: (near initialization for 'titles[3]') [-Wpointer-sign]
main_1506.c:73:3: warning: pointer targets in initialization differ in signedness [-Wpointer-sign]
   "5. Rap          ",
   ^
main_1506.c:73:3: warning: (near initialization for 'titles[4]') [-Wpointer-sign]
main_1506.c:74:3: warning: pointer targets in initialization differ in signedness [-Wpointer-sign]
   "6. Jazz         ",
   ^
main_1506.c:74:3: warning: (near initialization for 'titles[5]') [-Wpointer-sign]
main_1506.c:76:1: warning: pointer targets in initialization differ in signedness [-Wpointer-sign]
 };
 ^
main_1506.c:76:1: warning: (near initialization for 'titles[6]') [-Wpointer-sign]
main_1506.c: In function 'main':
main_1506.c:84:6: warning: unused variable 'i' [-Wunused-variable]
  int i;
      ^
main_1506.c: In function 'displayTitle':
main_1506.c:267:2: warning: pointer targets in passing argument 3 of 'LCD_Disp' differ in signedness [-Wpointer-sign]
  LCD_Disp(1, 0, "                ", 16); delay();
  ^
In file included from main_1506.c:18:0:
LCD_1506_Qsys.h:22:6: note: expected 'unsigned char *' but argument is of type 'char *'
 void LCD_Disp(unsigned char Row, unsigned char position , unsigned char *pData , unsigned char len);
      ^
main_1506.c:268:2: warning: pointer targets in passing argument 3 of 'LCD_Disp' differ in signedness [-Wpointer-sign]
  LCD_Disp(1, 0, buffer, 13); delay();
  ^
In file included from main_1506.c:18:0:
LCD_1506_Qsys.h:22:6: note: expected 'unsigned char *' but argument is of type 'char *'
 void LCD_Disp(unsigned char Row, unsigned char position , unsigned char *pData , unsigned char len);
      ^
main_1506.c:269:2: warning: pointer targets in passing argument 3 of 'LCD_Disp' differ in signedness [-Wpointer-sign]
  LCD_Disp(2, 0, "                ", 16); delay();
  ^
In file included from main_1506.c:18:0:
LCD_1506_Qsys.h:22:6: note: expected 'unsigned char *' but argument is of type 'char *'
 void LCD_Disp(unsigned char Row, unsigned char position , unsigned char *pData , unsigned char len);
      ^
Info: Linking C_1506.elf
nios2-elf-g++  -T'../C_1506_bsp//linker.x' -msys-crt0='../C_1506_bsp//obj/HAL/src/crt0.o' -msys-lib=hal_bsp -L../C_1506_bsp/   -Wl,-Map=C_1506.map   -O0 -g -Wall   -mno-hw-div -mhw-mul -mno-hw-mulx  -o C_1506.elf obj/default/LCD_1506_Qsys.o obj/default/main_1506.o -lm -msys-lib=m
nios2-elf-insert C_1506.elf --thread_model hal --cpu_name nios2_gen2 --qsys true --simulation_enabled false --id 2 --sidp 0x100016a0 --timestamp 1504073683 --stderr_dev jtag_uart --stdin_dev jtag_uart --stdout_dev jtag_uart --sopc_system_name kernel --quartus_project_dir "D:/Projects/ESD/tasks_1506/Quartus/IR_LCD_1506" --jdi D:/Projects/ESD/tasks_1506/Quartus/IR_LCD_1506/software/C_1506_bsp/../../IR_LCD_Qsys.jdi --sopcinfo D:/Projects/ESD/tasks_1506/Quartus/IR_LCD_1506/software/C_1506_bsp/../../kernel.sopcinfo
Info: (C_1506.elf) 31 KBytes program size (code + initialized data).
Info:              131033 KBytes free for stack + heap.
Info: Creating C_1506.objdump
nios2-elf-objdump --disassemble --syms --all-header --source C_1506.elf >C_1506.objdump
[C_1506 build complete]
15:48:12 **** Incremental Build of configuration Nios II for project C_1506 ****
make all 
Info: Building ../C_1506_bsp/
C:/altera/15.0/nios2eds/bin/gnu/H-x86_64-mingw32/bin/make --no-print-directory -C ../C_1506_bsp/
[BSP build complete]
Info: Compiling main_1506.c to obj/default/main_1506.o
nios2-elf-gcc -xc -MP -MMD -c -I../C_1506_bsp//HAL/inc -I../C_1506_bsp/ -I../C_1506_bsp//drivers/inc  -pipe -D__hal__ -DALT_NO_INSTRUCTION_EMULATION -DALT_SINGLE_THREADED    -O0 -g -Wall   -mno-hw-div -mhw-mul -mno-hw-mulx  -o obj/default/main_1506.o main_1506.c
main_1506.c:67:5: warning: built-in function 'index' declared as non-function
 int index;
     ^
main_1506.c:71:3: warning: pointer targets in initialization differ in signedness [-Wpointer-sign]
   "1. Alma Mater   ",
   ^
main_1506.c:71:3: warning: (near initialization for 'titles[0]') [-Wpointer-sign]
main_1506.c:72:3: warning: pointer targets in initialization differ in signedness [-Wpointer-sign]
   "2. Rock and Roll",
   ^
main_1506.c:72:3: warning: (near initialization for 'titles[1]') [-Wpointer-sign]
main_1506.c:73:3: warning: pointer targets in initialization differ in signedness [-Wpointer-sign]
   "3. Rhythm Blues ",
   ^
main_1506.c:73:3: warning: (near initialization for 'titles[2]') [-Wpointer-sign]
main_1506.c:74:3: warning: pointer targets in initialization differ in signedness [-Wpointer-sign]
   "4. Classical    ",
   ^
main_1506.c:74:3: warning: (near initialization for 'titles[3]') [-Wpointer-sign]
main_1506.c:75:3: warning: pointer targets in initialization differ in signedness [-Wpointer-sign]
   "5. Rap          ",
   ^
main_1506.c:75:3: warning: (near initialization for 'titles[4]') [-Wpointer-sign]
main_1506.c:76:3: warning: pointer targets in initialization differ in signedness [-Wpointer-sign]
   "6. Jazz         ",
   ^
main_1506.c:76:3: warning: (near initialization for 'titles[5]') [-Wpointer-sign]
main_1506.c:78:1: warning: pointer targets in initialization differ in signedness [-Wpointer-sign]
 };
 ^
main_1506.c:78:1: warning: (near initialization for 'titles[6]') [-Wpointer-sign]
main_1506.c: In function 'main':
main_1506.c:87:6: warning: unused variable 'i' [-Wunused-variable]
  int i;
      ^
main_1506.c: In function 'displayTitle':
main_1506.c:278:2: warning: pointer targets in passing argument 3 of 'LCD_Disp' differ in signedness [-Wpointer-sign]
  LCD_Disp(1, 0, "                ", 16); delay();
  ^
In file included from main_1506.c:18:0:
LCD_1506_Qsys.h:22:6: note: expected 'unsigned char *' but argument is of type 'char *'
 void LCD_Disp(unsigned char Row, unsigned char position , unsigned char *pData , unsigned char len);
      ^
main_1506.c:279:2: warning: pointer targets in passing argument 3 of 'LCD_Disp' differ in signedness [-Wpointer-sign]
  LCD_Disp(1, 0, buffer, 13); delay();
  ^
In file included from main_1506.c:18:0:
LCD_1506_Qsys.h:22:6: note: expected 'unsigned char *' but argument is of type 'char *'
 void LCD_Disp(unsigned char Row, unsigned char position , unsigned char *pData , unsigned char len);
      ^
main_1506.c:280:2: warning: pointer targets in passing argument 3 of 'LCD_Disp' differ in signedness [-Wpointer-sign]
  LCD_Disp(2, 0, "                ", 16); delay();
  ^
In file included from main_1506.c:18:0:
LCD_1506_Qsys.h:22:6: note: expected 'unsigned char *' but argument is of type 'char *'
 void LCD_Disp(unsigned char Row, unsigned char position , unsigned char *pData , unsigned char len);
      ^
Info: Linking C_1506.elf
nios2-elf-g++  -T'../C_1506_bsp//linker.x' -msys-crt0='../C_1506_bsp//obj/HAL/src/crt0.o' -msys-lib=hal_bsp -L../C_1506_bsp/   -Wl,-Map=C_1506.map   -O0 -g -Wall   -mno-hw-div -mhw-mul -mno-hw-mulx  -o C_1506.elf obj/default/LCD_1506_Qsys.o obj/default/main_1506.o -lm -msys-lib=m
nios2-elf-insert C_1506.elf --thread_model hal --cpu_name nios2_gen2 --qsys true --simulation_enabled false --id 2 --sidp 0x100016a0 --timestamp 1504073683 --stderr_dev jtag_uart --stdin_dev jtag_uart --stdout_dev jtag_uart --sopc_system_name kernel --quartus_project_dir "D:/Projects/ESD/tasks_1506/Quartus/IR_LCD_1506" --jdi D:/Projects/ESD/tasks_1506/Quartus/IR_LCD_1506/software/C_1506_bsp/../../IR_LCD_Qsys.jdi --sopcinfo D:/Projects/ESD/tasks_1506/Quartus/IR_LCD_1506/software/C_1506_bsp/../../kernel.sopcinfo
Info: (C_1506.elf) 31 KBytes program size (code + initialized data).
Info:              131033 KBytes free for stack + heap.
Info: Creating C_1506.objdump
nios2-elf-objdump --disassemble --syms --all-header --source C_1506.elf >C_1506.objdump
[C_1506 build complete]
15:51:28 **** Incremental Build of configuration Nios II for project C_1506 ****
make all 
Info: Building ../C_1506_bsp/
C:/altera/15.0/nios2eds/bin/gnu/H-x86_64-mingw32/bin/make --no-print-directory -C ../C_1506_bsp/
[BSP build complete]
Info: Compiling main_1506.c to obj/default/main_1506.o
nios2-elf-gcc -xc -MP -MMD -c -I../C_1506_bsp//HAL/inc -I../C_1506_bsp/ -I../C_1506_bsp//drivers/inc  -pipe -D__hal__ -DALT_NO_INSTRUCTION_EMULATION -DALT_SINGLE_THREADED    -O0 -g -Wall   -mno-hw-div -mhw-mul -mno-hw-mulx  -o obj/default/main_1506.o main_1506.c
main_1506.c:67:5: warning: built-in function 'index' declared as non-function
 int index;
     ^
main_1506.c:73:3: warning: pointer targets in initialization differ in signedness [-Wpointer-sign]
   "1. Alma Mater   ",
   ^
main_1506.c:73:3: warning: (near initialization for 'titles[0]') [-Wpointer-sign]
main_1506.c:74:3: warning: pointer targets in initialization differ in signedness [-Wpointer-sign]
   "2. Rock and Roll",
   ^
main_1506.c:74:3: warning: (near initialization for 'titles[1]') [-Wpointer-sign]
main_1506.c:75:3: warning: pointer targets in initialization differ in signedness [-Wpointer-sign]
   "3. Rhythm Blues ",
   ^
main_1506.c:75:3: warning: (near initialization for 'titles[2]') [-Wpointer-sign]
main_1506.c:76:3: warning: pointer targets in initialization differ in signedness [-Wpointer-sign]
   "4. Classical    ",
   ^
main_1506.c:76:3: warning: (near initialization for 'titles[3]') [-Wpointer-sign]
main_1506.c:77:3: warning: pointer targets in initialization differ in signedness [-Wpointer-sign]
   "5. Rap          ",
   ^
main_1506.c:77:3: warning: (near initialization for 'titles[4]') [-Wpointer-sign]
main_1506.c:78:3: warning: pointer targets in initialization differ in signedness [-Wpointer-sign]
   "6. Jazz         ",
   ^
main_1506.c:78:3: warning: (near initialization for 'titles[5]') [-Wpointer-sign]
main_1506.c:80:1: warning: pointer targets in initialization differ in signedness [-Wpointer-sign]
 };
 ^
main_1506.c:80:1: warning: (near initialization for 'titles[6]') [-Wpointer-sign]
main_1506.c: In function 'main':
main_1506.c:89:6: warning: unused variable 'i' [-Wunused-variable]
  int i;
      ^
main_1506.c: In function 'displayTitle':
main_1506.c:289:2: warning: pointer targets in passing argument 3 of 'LCD_Disp' differ in signedness [-Wpointer-sign]
  LCD_Disp(1, 0, "                ", 16); delay();
  ^
In file included from main_1506.c:18:0:
LCD_1506_Qsys.h:22:6: note: expected 'unsigned char *' but argument is of type 'char *'
 void LCD_Disp(unsigned char Row, unsigned char position , unsigned char *pData , unsigned char len);
      ^
main_1506.c:290:2: warning: pointer targets in passing argument 3 of 'LCD_Disp' differ in signedness [-Wpointer-sign]
  LCD_Disp(1, 0, buffer, 13); delay();
  ^
In file included from main_1506.c:18:0:
LCD_1506_Qsys.h:22:6: note: expected 'unsigned char *' but argument is of type 'char *'
 void LCD_Disp(unsigned char Row, unsigned char position , unsigned char *pData , unsigned char len);
      ^
main_1506.c:291:2: warning: pointer targets in passing argument 3 of 'LCD_Disp' differ in signedness [-Wpointer-sign]
  LCD_Disp(2, 0, "                ", 16); delay();
  ^
In file included from main_1506.c:18:0:
LCD_1506_Qsys.h:22:6: note: expected 'unsigned char *' but argument is of type 'char *'
 void LCD_Disp(unsigned char Row, unsigned char position , unsigned char *pData , unsigned char len);
      ^
Info: Linking C_1506.elf
nios2-elf-g++  -T'../C_1506_bsp//linker.x' -msys-crt0='../C_1506_bsp//obj/HAL/src/crt0.o' -msys-lib=hal_bsp -L../C_1506_bsp/   -Wl,-Map=C_1506.map   -O0 -g -Wall   -mno-hw-div -mhw-mul -mno-hw-mulx  -o C_1506.elf obj/default/LCD_1506_Qsys.o obj/default/main_1506.o -lm -msys-lib=m
nios2-elf-insert C_1506.elf --thread_model hal --cpu_name nios2_gen2 --qsys true --simulation_enabled false --id 2 --sidp 0x100016a0 --timestamp 1504073683 --stderr_dev jtag_uart --stdin_dev jtag_uart --stdout_dev jtag_uart --sopc_system_name kernel --quartus_project_dir "D:/Projects/ESD/tasks_1506/Quartus/IR_LCD_1506" --jdi D:/Projects/ESD/tasks_1506/Quartus/IR_LCD_1506/software/C_1506_bsp/../../IR_LCD_Qsys.jdi --sopcinfo D:/Projects/ESD/tasks_1506/Quartus/IR_LCD_1506/software/C_1506_bsp/../../kernel.sopcinfo
Info: (C_1506.elf) 31 KBytes program size (code + initialized data).
Info:              131033 KBytes free for stack + heap.
Info: Creating C_1506.objdump
nios2-elf-objdump --disassemble --syms --all-header --source C_1506.elf >C_1506.objdump
[C_1506 build complete]
