ARM GAS  C:\Users\kingi\AppData\Local\Temp\ccoaHWyR.s 			page 1


   1              		.syntax unified
   2              		.cpu cortex-m3
   3              		.fpu softvfp
   4              		.eabi_attribute 20, 1
   5              		.eabi_attribute 21, 1
   6              		.eabi_attribute 23, 3
   7              		.eabi_attribute 24, 1
   8              		.eabi_attribute 25, 1
   9              		.eabi_attribute 26, 1
  10              		.eabi_attribute 30, 6
  11              		.eabi_attribute 34, 1
  12              		.eabi_attribute 18, 4
  13              		.thumb
  14              		.file	"CapSense_PM.c"
  15              		.text
  16              	.Ltext0:
  17              		.cfi_sections	.debug_frame
  18              		.global	CapSense_backup
  19              		.bss
  20              		.align	2
  21              		.type	CapSense_backup, %object
  22              		.size	CapSense_backup, 2
  23              	CapSense_backup:
  24 0000 0000     		.space	2
  25 0002 0000     		.section	.text.CapSense_SaveConfig,"ax",%progbits
  26              		.align	2
  27              		.global	CapSense_SaveConfig
  28              		.thumb
  29              		.thumb_func
  30              		.type	CapSense_SaveConfig, %function
  31              	CapSense_SaveConfig:
  32              	.LFB0:
  33              		.file 1 ".\\Generated_Source\\PSoC5\\CapSense_PM.c"
   1:.\Generated_Source\PSoC5/CapSense_PM.c **** /*******************************************************************************
   2:.\Generated_Source\PSoC5/CapSense_PM.c **** * File Name: CapSense_PM.c
   3:.\Generated_Source\PSoC5/CapSense_PM.c **** * Version 3.40
   4:.\Generated_Source\PSoC5/CapSense_PM.c **** *
   5:.\Generated_Source\PSoC5/CapSense_PM.c **** * Description:
   6:.\Generated_Source\PSoC5/CapSense_PM.c **** *  This file provides Sleep APIs for CapSense CSD Component.
   7:.\Generated_Source\PSoC5/CapSense_PM.c **** *
   8:.\Generated_Source\PSoC5/CapSense_PM.c **** * Note:
   9:.\Generated_Source\PSoC5/CapSense_PM.c **** *
  10:.\Generated_Source\PSoC5/CapSense_PM.c **** ********************************************************************************
  11:.\Generated_Source\PSoC5/CapSense_PM.c **** * Copyright 2008-2013, Cypress Semiconductor Corporation.  All rights reserved.
  12:.\Generated_Source\PSoC5/CapSense_PM.c **** * You may use this file only in accordance with the license, terms, conditions, 
  13:.\Generated_Source\PSoC5/CapSense_PM.c **** * disclaimers, and limitations in the end user license agreement accompanying 
  14:.\Generated_Source\PSoC5/CapSense_PM.c **** * the software package with which this file was provided.
  15:.\Generated_Source\PSoC5/CapSense_PM.c **** *******************************************************************************/
  16:.\Generated_Source\PSoC5/CapSense_PM.c **** 
  17:.\Generated_Source\PSoC5/CapSense_PM.c **** #include "CapSense.h"
  18:.\Generated_Source\PSoC5/CapSense_PM.c **** 
  19:.\Generated_Source\PSoC5/CapSense_PM.c **** CapSense_BACKUP_STRUCT CapSense_backup =
  20:.\Generated_Source\PSoC5/CapSense_PM.c **** {   
  21:.\Generated_Source\PSoC5/CapSense_PM.c ****     0x00u, /* enableState; */
  22:.\Generated_Source\PSoC5/CapSense_PM.c ****     
  23:.\Generated_Source\PSoC5/CapSense_PM.c **** };
  24:.\Generated_Source\PSoC5/CapSense_PM.c **** 
ARM GAS  C:\Users\kingi\AppData\Local\Temp\ccoaHWyR.s 			page 2


  25:.\Generated_Source\PSoC5/CapSense_PM.c **** 
  26:.\Generated_Source\PSoC5/CapSense_PM.c **** /*******************************************************************************
  27:.\Generated_Source\PSoC5/CapSense_PM.c **** * Function Name: CapSense_SaveConfig
  28:.\Generated_Source\PSoC5/CapSense_PM.c **** ********************************************************************************
  29:.\Generated_Source\PSoC5/CapSense_PM.c **** *
  30:.\Generated_Source\PSoC5/CapSense_PM.c **** * Summary:
  31:.\Generated_Source\PSoC5/CapSense_PM.c **** *  Saves customer configuration of CapSense none-retention registers. Resets 
  32:.\Generated_Source\PSoC5/CapSense_PM.c **** *  all sensors to an inactive state.
  33:.\Generated_Source\PSoC5/CapSense_PM.c **** *
  34:.\Generated_Source\PSoC5/CapSense_PM.c **** * Parameters:
  35:.\Generated_Source\PSoC5/CapSense_PM.c **** *  None
  36:.\Generated_Source\PSoC5/CapSense_PM.c **** *
  37:.\Generated_Source\PSoC5/CapSense_PM.c **** * Return:
  38:.\Generated_Source\PSoC5/CapSense_PM.c **** *  None
  39:.\Generated_Source\PSoC5/CapSense_PM.c **** *
  40:.\Generated_Source\PSoC5/CapSense_PM.c **** * Global Variables:
  41:.\Generated_Source\PSoC5/CapSense_PM.c **** *  CapSense_backup - used to save component state before enter sleep 
  42:.\Generated_Source\PSoC5/CapSense_PM.c **** *  mode and none-retention registers.
  43:.\Generated_Source\PSoC5/CapSense_PM.c **** *
  44:.\Generated_Source\PSoC5/CapSense_PM.c **** * Reentrant:
  45:.\Generated_Source\PSoC5/CapSense_PM.c **** *  Yes.
  46:.\Generated_Source\PSoC5/CapSense_PM.c **** *
  47:.\Generated_Source\PSoC5/CapSense_PM.c **** *******************************************************************************/
  48:.\Generated_Source\PSoC5/CapSense_PM.c **** void CapSense_SaveConfig(void) 
  49:.\Generated_Source\PSoC5/CapSense_PM.c **** {    
  34              		.loc 1 49 0
  35              		.cfi_startproc
  36              		@ args = 0, pretend = 0, frame = 0
  37              		@ frame_needed = 1, uses_anonymous_args = 0
  38 0000 80B5     		push	{r7, lr}
  39              		.cfi_def_cfa_offset 8
  40              		.cfi_offset 7, -8
  41              		.cfi_offset 14, -4
  42 0002 00AF     		add	r7, sp, #0
  43              		.cfi_def_cfa_register 7
  50:.\Generated_Source\PSoC5/CapSense_PM.c **** 
  51:.\Generated_Source\PSoC5/CapSense_PM.c ****     /* Set CONTROL_REG */
  52:.\Generated_Source\PSoC5/CapSense_PM.c ****     CapSense_backup.ctrlReg = CapSense_CONTROL_REG;
  44              		.loc 1 52 0
  45 0004 034B     		ldr	r3, .L2
  46 0006 1B78     		ldrb	r3, [r3]
  47 0008 DAB2     		uxtb	r2, r3
  48 000a 034B     		ldr	r3, .L2+4
  49 000c 5A70     		strb	r2, [r3, #1]
  53:.\Generated_Source\PSoC5/CapSense_PM.c **** 
  54:.\Generated_Source\PSoC5/CapSense_PM.c ****     /* Clear all sensors */
  55:.\Generated_Source\PSoC5/CapSense_PM.c ****     CapSense_ClearSensors();
  50              		.loc 1 55 0
  51 000e FFF7FEFF 		bl	CapSense_ClearSensors
  56:.\Generated_Source\PSoC5/CapSense_PM.c ****     
  57:.\Generated_Source\PSoC5/CapSense_PM.c ****     /* The pins disable is customer concern: Cmod and Rb */
  58:.\Generated_Source\PSoC5/CapSense_PM.c **** }
  52              		.loc 1 58 0
  53 0012 80BD     		pop	{r7, pc}
  54              	.L3:
  55              		.align	2
  56              	.L2:
ARM GAS  C:\Users\kingi\AppData\Local\Temp\ccoaHWyR.s 			page 3


  57 0014 7B650040 		.word	1073767803
  58 0018 00000000 		.word	CapSense_backup
  59              		.cfi_endproc
  60              	.LFE0:
  61              		.size	CapSense_SaveConfig, .-CapSense_SaveConfig
  62              		.section	.text.CapSense_Sleep,"ax",%progbits
  63              		.align	2
  64              		.global	CapSense_Sleep
  65              		.thumb
  66              		.thumb_func
  67              		.type	CapSense_Sleep, %function
  68              	CapSense_Sleep:
  69              	.LFB1:
  59:.\Generated_Source\PSoC5/CapSense_PM.c **** 
  60:.\Generated_Source\PSoC5/CapSense_PM.c **** 
  61:.\Generated_Source\PSoC5/CapSense_PM.c **** /*******************************************************************************
  62:.\Generated_Source\PSoC5/CapSense_PM.c **** * Function Name: CapSense_Sleep
  63:.\Generated_Source\PSoC5/CapSense_PM.c **** ********************************************************************************
  64:.\Generated_Source\PSoC5/CapSense_PM.c **** *
  65:.\Generated_Source\PSoC5/CapSense_PM.c **** * Summary:
  66:.\Generated_Source\PSoC5/CapSense_PM.c **** *  Disables Active mode power template bits for number of component used within 
  67:.\Generated_Source\PSoC5/CapSense_PM.c **** *  CapSense. Calls CapSense_SaveConfig() function to save customer 
  68:.\Generated_Source\PSoC5/CapSense_PM.c **** *  configuration of CapSense none-retention registers and resets all sensors 
  69:.\Generated_Source\PSoC5/CapSense_PM.c **** *  to an inactive state.
  70:.\Generated_Source\PSoC5/CapSense_PM.c **** *
  71:.\Generated_Source\PSoC5/CapSense_PM.c **** * Parameters:
  72:.\Generated_Source\PSoC5/CapSense_PM.c **** *  None
  73:.\Generated_Source\PSoC5/CapSense_PM.c **** *
  74:.\Generated_Source\PSoC5/CapSense_PM.c **** * Return:
  75:.\Generated_Source\PSoC5/CapSense_PM.c **** *  None
  76:.\Generated_Source\PSoC5/CapSense_PM.c **** *
  77:.\Generated_Source\PSoC5/CapSense_PM.c **** * Global Variables:
  78:.\Generated_Source\PSoC5/CapSense_PM.c **** *  CapSense_backup - used to save component state before enter sleep 
  79:.\Generated_Source\PSoC5/CapSense_PM.c **** *  mode and none-retention registers.
  80:.\Generated_Source\PSoC5/CapSense_PM.c **** *
  81:.\Generated_Source\PSoC5/CapSense_PM.c **** * Reentrant:
  82:.\Generated_Source\PSoC5/CapSense_PM.c **** *  No
  83:.\Generated_Source\PSoC5/CapSense_PM.c **** *
  84:.\Generated_Source\PSoC5/CapSense_PM.c **** *******************************************************************************/
  85:.\Generated_Source\PSoC5/CapSense_PM.c **** void CapSense_Sleep(void) 
  86:.\Generated_Source\PSoC5/CapSense_PM.c **** {
  70              		.loc 1 86 0
  71              		.cfi_startproc
  72              		@ args = 0, pretend = 0, frame = 0
  73              		@ frame_needed = 1, uses_anonymous_args = 0
  74 0000 80B5     		push	{r7, lr}
  75              		.cfi_def_cfa_offset 8
  76              		.cfi_offset 7, -8
  77              		.cfi_offset 14, -4
  78 0002 00AF     		add	r7, sp, #0
  79              		.cfi_def_cfa_register 7
  87:.\Generated_Source\PSoC5/CapSense_PM.c ****     /* Check and save enable state */
  88:.\Generated_Source\PSoC5/CapSense_PM.c ****     if(CapSense_IS_CAPSENSE_ENABLE(CapSense_CONTROL_REG))
  80              		.loc 1 88 0
  81 0004 094B     		ldr	r3, .L7
  82 0006 1B78     		ldrb	r3, [r3]
  83 0008 DBB2     		uxtb	r3, r3
ARM GAS  C:\Users\kingi\AppData\Local\Temp\ccoaHWyR.s 			page 4


  84 000a DBB2     		uxtb	r3, r3
  85 000c 5BB2     		sxtb	r3, r3
  86 000e 002B     		cmp	r3, #0
  87 0010 05DA     		bge	.L5
  89:.\Generated_Source\PSoC5/CapSense_PM.c ****     {
  90:.\Generated_Source\PSoC5/CapSense_PM.c ****         CapSense_backup.enableState = 1u;
  88              		.loc 1 90 0
  89 0012 074B     		ldr	r3, .L7+4
  90 0014 0122     		movs	r2, #1
  91 0016 1A70     		strb	r2, [r3]
  91:.\Generated_Source\PSoC5/CapSense_PM.c ****         CapSense_Stop();
  92              		.loc 1 91 0
  93 0018 FFF7FEFF 		bl	CapSense_Stop
  94 001c 02E0     		b	.L6
  95              	.L5:
  92:.\Generated_Source\PSoC5/CapSense_PM.c ****     }
  93:.\Generated_Source\PSoC5/CapSense_PM.c ****     else
  94:.\Generated_Source\PSoC5/CapSense_PM.c ****     {
  95:.\Generated_Source\PSoC5/CapSense_PM.c ****         CapSense_backup.enableState = 0u;
  96              		.loc 1 95 0
  97 001e 044B     		ldr	r3, .L7+4
  98 0020 0022     		movs	r2, #0
  99 0022 1A70     		strb	r2, [r3]
 100              	.L6:
  96:.\Generated_Source\PSoC5/CapSense_PM.c ****     }
  97:.\Generated_Source\PSoC5/CapSense_PM.c ****     
  98:.\Generated_Source\PSoC5/CapSense_PM.c ****     CapSense_SaveConfig();
 101              		.loc 1 98 0
 102 0024 FFF7FEFF 		bl	CapSense_SaveConfig
  99:.\Generated_Source\PSoC5/CapSense_PM.c **** }
 103              		.loc 1 99 0
 104 0028 80BD     		pop	{r7, pc}
 105              	.L8:
 106 002a 00BF     		.align	2
 107              	.L7:
 108 002c 7B650040 		.word	1073767803
 109 0030 00000000 		.word	CapSense_backup
 110              		.cfi_endproc
 111              	.LFE1:
 112              		.size	CapSense_Sleep, .-CapSense_Sleep
 113              		.section	.text.CapSense_RestoreConfig,"ax",%progbits
 114              		.align	2
 115              		.global	CapSense_RestoreConfig
 116              		.thumb
 117              		.thumb_func
 118              		.type	CapSense_RestoreConfig, %function
 119              	CapSense_RestoreConfig:
 120              	.LFB2:
 100:.\Generated_Source\PSoC5/CapSense_PM.c **** 
 101:.\Generated_Source\PSoC5/CapSense_PM.c **** 
 102:.\Generated_Source\PSoC5/CapSense_PM.c **** /*******************************************************************************
 103:.\Generated_Source\PSoC5/CapSense_PM.c **** * Function Name: CapSense_RestoreConfig
 104:.\Generated_Source\PSoC5/CapSense_PM.c **** ********************************************************************************
 105:.\Generated_Source\PSoC5/CapSense_PM.c **** *
 106:.\Generated_Source\PSoC5/CapSense_PM.c **** * Summary:
 107:.\Generated_Source\PSoC5/CapSense_PM.c **** *  Restores CapSense configuration and non-retention register values.
 108:.\Generated_Source\PSoC5/CapSense_PM.c **** *
ARM GAS  C:\Users\kingi\AppData\Local\Temp\ccoaHWyR.s 			page 5


 109:.\Generated_Source\PSoC5/CapSense_PM.c **** * Parameters:
 110:.\Generated_Source\PSoC5/CapSense_PM.c **** *  None
 111:.\Generated_Source\PSoC5/CapSense_PM.c **** *
 112:.\Generated_Source\PSoC5/CapSense_PM.c **** * Return:
 113:.\Generated_Source\PSoC5/CapSense_PM.c **** *  None
 114:.\Generated_Source\PSoC5/CapSense_PM.c **** *
 115:.\Generated_Source\PSoC5/CapSense_PM.c **** * Side Effects:
 116:.\Generated_Source\PSoC5/CapSense_PM.c **** *  Must be called only after CapSense_SaveConfig() routine. Otherwise 
 117:.\Generated_Source\PSoC5/CapSense_PM.c **** *  the component configuration will be overwritten with its initial setting.  
 118:.\Generated_Source\PSoC5/CapSense_PM.c **** *
 119:.\Generated_Source\PSoC5/CapSense_PM.c **** * Global Variables:
 120:.\Generated_Source\PSoC5/CapSense_PM.c **** *  CapSense_backup - used to save component state before enter sleep 
 121:.\Generated_Source\PSoC5/CapSense_PM.c **** *  mode and none-retention registers.
 122:.\Generated_Source\PSoC5/CapSense_PM.c **** *
 123:.\Generated_Source\PSoC5/CapSense_PM.c **** *******************************************************************************/
 124:.\Generated_Source\PSoC5/CapSense_PM.c **** void CapSense_RestoreConfig(void) 
 125:.\Generated_Source\PSoC5/CapSense_PM.c **** {       
 121              		.loc 1 125 0
 122              		.cfi_startproc
 123              		@ args = 0, pretend = 0, frame = 0
 124              		@ frame_needed = 1, uses_anonymous_args = 0
 125              		@ link register save eliminated.
 126 0000 80B4     		push	{r7}
 127              		.cfi_def_cfa_offset 4
 128              		.cfi_offset 7, -4
 129 0002 00AF     		add	r7, sp, #0
 130              		.cfi_def_cfa_register 7
 126:.\Generated_Source\PSoC5/CapSense_PM.c ****     /* Set PRS */
 127:.\Generated_Source\PSoC5/CapSense_PM.c ****     #if (CapSense_PRS_OPTIONS == CapSense_PRS_8BITS)        
 128:.\Generated_Source\PSoC5/CapSense_PM.c ****         /* Write FIFO with seed */
 129:.\Generated_Source\PSoC5/CapSense_PM.c ****         CapSense_SEED_COPY_REG = CapSense_MEASURE_FULL_RANGE_LOW;               /* F0 register */
 131              		.loc 1 129 0
 132 0004 0D4B     		ldr	r3, .L10
 133 0006 FF22     		movs	r2, #255
 134 0008 1A70     		strb	r2, [r3]
 130:.\Generated_Source\PSoC5/CapSense_PM.c ****     
 131:.\Generated_Source\PSoC5/CapSense_PM.c ****     #elif (CapSense_PRS_OPTIONS == CapSense_PRS_16BITS)
 132:.\Generated_Source\PSoC5/CapSense_PM.c ****         /* Write FIFO with seed */
 133:.\Generated_Source\PSoC5/CapSense_PM.c ****         CY_SET_REG16(CapSense_SEED_COPY_PTR, CapSense_MEASURE_FULL_RANGE);      /* F0 register */
 134:.\Generated_Source\PSoC5/CapSense_PM.c ****                 
 135:.\Generated_Source\PSoC5/CapSense_PM.c ****     #elif (CapSense_PRS_OPTIONS == CapSense_PRS_16BITS_4X)
 136:.\Generated_Source\PSoC5/CapSense_PM.c ****         
 137:.\Generated_Source\PSoC5/CapSense_PM.c ****         /* Write FIFO with seed */
 138:.\Generated_Source\PSoC5/CapSense_PM.c ****         CapSense_SEED_COPY_A__F1_REG = CapSense_MEASURE_FULL_RANGE_LOW;         /* F0 register */
 139:.\Generated_Source\PSoC5/CapSense_PM.c ****         CapSense_SEED_COPY_A__F0_REG =CapSense_MEASURE_FULL_RANGE_LOW;          /* F1 register */
 140:.\Generated_Source\PSoC5/CapSense_PM.c ****         
 141:.\Generated_Source\PSoC5/CapSense_PM.c ****     #else
 142:.\Generated_Source\PSoC5/CapSense_PM.c ****         /* Do nothing = config without PRS */
 143:.\Generated_Source\PSoC5/CapSense_PM.c ****     #endif  /* (CapSense_PRS_OPTIONS == CapSense_PRS_8BITS) */
 144:.\Generated_Source\PSoC5/CapSense_PM.c ****     
 145:.\Generated_Source\PSoC5/CapSense_PM.c ****     /* Set the Measure */
 146:.\Generated_Source\PSoC5/CapSense_PM.c ****     #if (CapSense_IMPLEMENTATION_CH0 == CapSense_MEASURE_IMPLEMENTATION_FF)
 147:.\Generated_Source\PSoC5/CapSense_PM.c ****         /* Window PWM  - FF Timer register are retention */
 148:.\Generated_Source\PSoC5/CapSense_PM.c ****         /* Raw Counter - FF Timer register are retention */
 149:.\Generated_Source\PSoC5/CapSense_PM.c ****     #else
 150:.\Generated_Source\PSoC5/CapSense_PM.c ****         
 151:.\Generated_Source\PSoC5/CapSense_PM.c ****         /* Window PWM */
ARM GAS  C:\Users\kingi\AppData\Local\Temp\ccoaHWyR.s 			page 6


 152:.\Generated_Source\PSoC5/CapSense_PM.c ****         CapSense_PWM_CH0_PERIOD_LO_REG    = CapSense_MEASURE_FULL_RANGE_LOW;        /* F0 register 
 135              		.loc 1 152 0
 136 000a 0D4B     		ldr	r3, .L10+4
 137 000c FF22     		movs	r2, #255
 138 000e 1A70     		strb	r2, [r3]
 153:.\Generated_Source\PSoC5/CapSense_PM.c ****         
 154:.\Generated_Source\PSoC5/CapSense_PM.c ****         /* Raw Counter */
 155:.\Generated_Source\PSoC5/CapSense_PM.c ****         CapSense_RAW_CH0_PERIOD_HI_REG    = CapSense_MEASURE_FULL_RANGE_LOW;        /* F1 register 
 139              		.loc 1 155 0
 140 0010 0C4B     		ldr	r3, .L10+8
 141 0012 FF22     		movs	r2, #255
 142 0014 1A70     		strb	r2, [r3]
 156:.\Generated_Source\PSoC5/CapSense_PM.c ****         CapSense_RAW_CH0_PERIOD_LO_REG    = CapSense_MEASURE_FULL_RANGE_LOW;        /* F0 register 
 143              		.loc 1 156 0
 144 0016 0C4B     		ldr	r3, .L10+12
 145 0018 FF22     		movs	r2, #255
 146 001a 1A70     		strb	r2, [r3]
 157:.\Generated_Source\PSoC5/CapSense_PM.c ****     
 158:.\Generated_Source\PSoC5/CapSense_PM.c ****     #endif  /* (CapSense_IMPLEMENTATION_CH0 == CapSense_MEASURE_IMPLEMENTATION_FF) */ 
 159:.\Generated_Source\PSoC5/CapSense_PM.c ****     
 160:.\Generated_Source\PSoC5/CapSense_PM.c ****     #if (CapSense_DESIGN_TYPE == CapSense_TWO_CHANNELS_DESIGN)
 161:.\Generated_Source\PSoC5/CapSense_PM.c ****         #if (CapSense_IMPLEMENTATION_CH1 == CapSense_MEASURE_IMPLEMENTATION_FF)
 162:.\Generated_Source\PSoC5/CapSense_PM.c ****             /* Window PWM  - FF Timer register are retention */
 163:.\Generated_Source\PSoC5/CapSense_PM.c ****             /* Raw Counter - FF Timer register are retention */
 164:.\Generated_Source\PSoC5/CapSense_PM.c ****         #else
 165:.\Generated_Source\PSoC5/CapSense_PM.c ****             
 166:.\Generated_Source\PSoC5/CapSense_PM.c ****             /* Window PWM */
 167:.\Generated_Source\PSoC5/CapSense_PM.c ****             CapSense_PWM_CH1_PERIOD_LO_REG    = CapSense_MEASURE_FULL_RANGE_LOW;       /* F0 regist
 168:.\Generated_Source\PSoC5/CapSense_PM.c ****             
 169:.\Generated_Source\PSoC5/CapSense_PM.c ****             /* Raw Counter */
 170:.\Generated_Source\PSoC5/CapSense_PM.c ****             CapSense_RAW_CH1_PERIOD_HI_REG    = CapSense_MEASURE_FULL_RANGE_LOW;       /* F1 regist
 171:.\Generated_Source\PSoC5/CapSense_PM.c ****             CapSense_RAW_CH1_PERIOD_LO_REG    = CapSense_MEASURE_FULL_RANGE_LOW;       /* F0 regist
 172:.\Generated_Source\PSoC5/CapSense_PM.c ****             
 173:.\Generated_Source\PSoC5/CapSense_PM.c ****         #endif  /* (CapSense_IMPLEMENTATION_CH1 == CapSense_MEASURE_IMPLEMENTATION_FF) */
 174:.\Generated_Source\PSoC5/CapSense_PM.c ****     
 175:.\Generated_Source\PSoC5/CapSense_PM.c ****     #endif  /* (CapSense_DESIGN_TYPE == TWO_CHANNELS_DESIGN)*/
 176:.\Generated_Source\PSoC5/CapSense_PM.c **** 
 177:.\Generated_Source\PSoC5/CapSense_PM.c ****     /* Set CONTROL_REG */
 178:.\Generated_Source\PSoC5/CapSense_PM.c ****     CapSense_CONTROL_REG = CapSense_backup.ctrlReg;
 147              		.loc 1 178 0
 148 001c 0B4B     		ldr	r3, .L10+16
 149 001e 0C4A     		ldr	r2, .L10+20
 150 0020 5278     		ldrb	r2, [r2, #1]	@ zero_extendqisi2
 151 0022 1A70     		strb	r2, [r3]
 179:.\Generated_Source\PSoC5/CapSense_PM.c **** 
 180:.\Generated_Source\PSoC5/CapSense_PM.c ****     /* Enable window generation */
 181:.\Generated_Source\PSoC5/CapSense_PM.c ****     #if (CapSense_DESIGN_TYPE == CapSense_ONE_CHANNEL_DESIGN)
 182:.\Generated_Source\PSoC5/CapSense_PM.c ****         CapSense_CONTROL_REG |= CapSense_CTRL_WINDOW_EN__CH0;
 152              		.loc 1 182 0
 153 0024 094A     		ldr	r2, .L10+16
 154 0026 094B     		ldr	r3, .L10+16
 155 0028 1B78     		ldrb	r3, [r3]
 156 002a DBB2     		uxtb	r3, r3
 157 002c 43F00403 		orr	r3, r3, #4
 158 0030 DBB2     		uxtb	r3, r3
 159 0032 1370     		strb	r3, [r2]
 183:.\Generated_Source\PSoC5/CapSense_PM.c ****     #elif (CapSense_DESIGN_TYPE == CapSense_TWO_CHANNELS_DESIGN) 
ARM GAS  C:\Users\kingi\AppData\Local\Temp\ccoaHWyR.s 			page 7


 184:.\Generated_Source\PSoC5/CapSense_PM.c ****         CapSense_CONTROL_REG |= (CapSense_CTRL_WINDOW_EN__CH0 | CapSense_CTRL_WINDOW_EN__CH1); 
 185:.\Generated_Source\PSoC5/CapSense_PM.c ****     #endif  /* CapSense_DESIGN_TYPE */
 186:.\Generated_Source\PSoC5/CapSense_PM.c ****  
 187:.\Generated_Source\PSoC5/CapSense_PM.c ****     /* The pins enable are customer concern: Cmod and Rb */
 188:.\Generated_Source\PSoC5/CapSense_PM.c ****  }
 160              		.loc 1 188 0
 161 0034 BD46     		mov	sp, r7
 162              		.cfi_def_cfa_register 13
 163              		@ sp needed
 164 0036 5DF8047B 		ldr	r7, [sp], #4
 165              		.cfi_restore 7
 166              		.cfi_def_cfa_offset 0
 167 003a 7047     		bx	lr
 168              	.L11:
 169              		.align	2
 170              	.L10:
 171 003c 4B650040 		.word	1073767755
 172 0040 49640040 		.word	1073767497
 173 0044 58640040 		.word	1073767512
 174 0048 48640040 		.word	1073767496
 175 004c 7B650040 		.word	1073767803
 176 0050 00000000 		.word	CapSense_backup
 177              		.cfi_endproc
 178              	.LFE2:
 179              		.size	CapSense_RestoreConfig, .-CapSense_RestoreConfig
 180              		.section	.text.CapSense_Wakeup,"ax",%progbits
 181              		.align	2
 182              		.global	CapSense_Wakeup
 183              		.thumb
 184              		.thumb_func
 185              		.type	CapSense_Wakeup, %function
 186              	CapSense_Wakeup:
 187              	.LFB3:
 189:.\Generated_Source\PSoC5/CapSense_PM.c ****  
 190:.\Generated_Source\PSoC5/CapSense_PM.c **** 
 191:.\Generated_Source\PSoC5/CapSense_PM.c **** /*******************************************************************************
 192:.\Generated_Source\PSoC5/CapSense_PM.c **** * Function Name: CapSense_Wakeup
 193:.\Generated_Source\PSoC5/CapSense_PM.c **** ********************************************************************************
 194:.\Generated_Source\PSoC5/CapSense_PM.c **** *
 195:.\Generated_Source\PSoC5/CapSense_PM.c **** * Summary:
 196:.\Generated_Source\PSoC5/CapSense_PM.c **** *  Restores CapSense configuration and non-retention register values. 
 197:.\Generated_Source\PSoC5/CapSense_PM.c **** *  Restores enabled state of component by setting Active mode power template 
 198:.\Generated_Source\PSoC5/CapSense_PM.c **** *  bits for number of component used within CapSense.
 199:.\Generated_Source\PSoC5/CapSense_PM.c **** *
 200:.\Generated_Source\PSoC5/CapSense_PM.c **** * Parameters:
 201:.\Generated_Source\PSoC5/CapSense_PM.c **** *  None
 202:.\Generated_Source\PSoC5/CapSense_PM.c **** *
 203:.\Generated_Source\PSoC5/CapSense_PM.c **** * Return:
 204:.\Generated_Source\PSoC5/CapSense_PM.c **** *  None
 205:.\Generated_Source\PSoC5/CapSense_PM.c **** *
 206:.\Generated_Source\PSoC5/CapSense_PM.c **** * Global Variables:
 207:.\Generated_Source\PSoC5/CapSense_PM.c **** *  CapSense_backup - used to save component state before enter sleep 
 208:.\Generated_Source\PSoC5/CapSense_PM.c **** *  mode and none-retention registers.
 209:.\Generated_Source\PSoC5/CapSense_PM.c **** *
 210:.\Generated_Source\PSoC5/CapSense_PM.c **** *******************************************************************************/
 211:.\Generated_Source\PSoC5/CapSense_PM.c **** void CapSense_Wakeup(void) 
 212:.\Generated_Source\PSoC5/CapSense_PM.c **** {
ARM GAS  C:\Users\kingi\AppData\Local\Temp\ccoaHWyR.s 			page 8


 188              		.loc 1 212 0
 189              		.cfi_startproc
 190              		@ args = 0, pretend = 0, frame = 0
 191              		@ frame_needed = 1, uses_anonymous_args = 0
 192 0000 80B5     		push	{r7, lr}
 193              		.cfi_def_cfa_offset 8
 194              		.cfi_offset 7, -8
 195              		.cfi_offset 14, -4
 196 0002 00AF     		add	r7, sp, #0
 197              		.cfi_def_cfa_register 7
 213:.\Generated_Source\PSoC5/CapSense_PM.c ****     CapSense_RestoreConfig();
 198              		.loc 1 213 0
 199 0004 FFF7FEFF 		bl	CapSense_RestoreConfig
 214:.\Generated_Source\PSoC5/CapSense_PM.c ****     
 215:.\Generated_Source\PSoC5/CapSense_PM.c ****     /* Restore CapSense Enable state */
 216:.\Generated_Source\PSoC5/CapSense_PM.c ****     if (CapSense_backup.enableState != 0u)
 200              		.loc 1 216 0
 201 0008 034B     		ldr	r3, .L14
 202 000a 1B78     		ldrb	r3, [r3]	@ zero_extendqisi2
 203 000c 002B     		cmp	r3, #0
 204 000e 01D0     		beq	.L12
 217:.\Generated_Source\PSoC5/CapSense_PM.c ****     {
 218:.\Generated_Source\PSoC5/CapSense_PM.c ****         CapSense_Enable();
 205              		.loc 1 218 0
 206 0010 FFF7FEFF 		bl	CapSense_Enable
 207              	.L12:
 219:.\Generated_Source\PSoC5/CapSense_PM.c ****     }
 220:.\Generated_Source\PSoC5/CapSense_PM.c **** }
 208              		.loc 1 220 0
 209 0014 80BD     		pop	{r7, pc}
 210              	.L15:
 211 0016 00BF     		.align	2
 212              	.L14:
 213 0018 00000000 		.word	CapSense_backup
 214              		.cfi_endproc
 215              	.LFE3:
 216              		.size	CapSense_Wakeup, .-CapSense_Wakeup
 217              		.text
 218              	.Letext0:
 219              		.file 2 ".\\Generated_Source\\PSoC5\\cytypes.h"
 220              		.file 3 ".\\Generated_Source\\PSoC5\\CapSense.h"
 221              		.section	.debug_info,"",%progbits
 222              	.Ldebug_info0:
 223 0000 22010000 		.4byte	0x122
 224 0004 0400     		.2byte	0x4
 225 0006 00000000 		.4byte	.Ldebug_abbrev0
 226 000a 04       		.byte	0x4
 227 000b 01       		.uleb128 0x1
 228 000c B6000000 		.4byte	.LASF22
 229 0010 01       		.byte	0x1
 230 0011 B3010000 		.4byte	.LASF23
 231 0015 64010000 		.4byte	.LASF24
 232 0019 00000000 		.4byte	.Ldebug_ranges0+0
 233 001d 00000000 		.4byte	0
 234 0021 00000000 		.4byte	.Ldebug_line0
 235 0025 02       		.uleb128 0x2
 236 0026 01       		.byte	0x1
ARM GAS  C:\Users\kingi\AppData\Local\Temp\ccoaHWyR.s 			page 9


 237 0027 06       		.byte	0x6
 238 0028 A7010000 		.4byte	.LASF0
 239 002c 02       		.uleb128 0x2
 240 002d 01       		.byte	0x1
 241 002e 08       		.byte	0x8
 242 002f 8F000000 		.4byte	.LASF1
 243 0033 02       		.uleb128 0x2
 244 0034 02       		.byte	0x2
 245 0035 05       		.byte	0x5
 246 0036 E0010000 		.4byte	.LASF2
 247 003a 02       		.uleb128 0x2
 248 003b 02       		.byte	0x2
 249 003c 07       		.byte	0x7
 250 003d 94010000 		.4byte	.LASF3
 251 0041 02       		.uleb128 0x2
 252 0042 04       		.byte	0x4
 253 0043 05       		.byte	0x5
 254 0044 4B010000 		.4byte	.LASF4
 255 0048 02       		.uleb128 0x2
 256 0049 04       		.byte	0x4
 257 004a 07       		.byte	0x7
 258 004b 4F000000 		.4byte	.LASF5
 259 004f 02       		.uleb128 0x2
 260 0050 08       		.byte	0x8
 261 0051 05       		.byte	0x5
 262 0052 00000000 		.4byte	.LASF6
 263 0056 02       		.uleb128 0x2
 264 0057 08       		.byte	0x8
 265 0058 07       		.byte	0x7
 266 0059 61000000 		.4byte	.LASF7
 267 005d 03       		.uleb128 0x3
 268 005e 04       		.byte	0x4
 269 005f 05       		.byte	0x5
 270 0060 696E7400 		.ascii	"int\000"
 271 0064 02       		.uleb128 0x2
 272 0065 04       		.byte	0x4
 273 0066 07       		.byte	0x7
 274 0067 EF010000 		.4byte	.LASF8
 275 006b 04       		.uleb128 0x4
 276 006c 49000000 		.4byte	.LASF12
 277 0070 02       		.byte	0x2
 278 0071 3801     		.2byte	0x138
 279 0073 2C000000 		.4byte	0x2c
 280 0077 02       		.uleb128 0x2
 281 0078 04       		.byte	0x4
 282 0079 04       		.byte	0x4
 283 007a DA010000 		.4byte	.LASF9
 284 007e 02       		.uleb128 0x2
 285 007f 08       		.byte	0x8
 286 0080 04       		.byte	0x4
 287 0081 44010000 		.4byte	.LASF10
 288 0085 02       		.uleb128 0x2
 289 0086 01       		.byte	0x1
 290 0087 08       		.byte	0x8
 291 0088 9D000000 		.4byte	.LASF11
 292 008c 04       		.uleb128 0x4
 293 008d EA010000 		.4byte	.LASF13
ARM GAS  C:\Users\kingi\AppData\Local\Temp\ccoaHWyR.s 			page 10


 294 0091 02       		.byte	0x2
 295 0092 E201     		.2byte	0x1e2
 296 0094 98000000 		.4byte	0x98
 297 0098 05       		.uleb128 0x5
 298 0099 6B000000 		.4byte	0x6b
 299 009d 02       		.uleb128 0x2
 300 009e 04       		.byte	0x4
 301 009f 07       		.byte	0x7
 302 00a0 FC010000 		.4byte	.LASF14
 303 00a4 06       		.uleb128 0x6
 304 00a5 02       		.byte	0x2
 305 00a6 03       		.byte	0x3
 306 00a7 84       		.byte	0x84
 307 00a8 C5000000 		.4byte	0xc5
 308 00ac 07       		.uleb128 0x7
 309 00ad 0E000000 		.4byte	.LASF15
 310 00b1 03       		.byte	0x3
 311 00b2 86       		.byte	0x86
 312 00b3 6B000000 		.4byte	0x6b
 313 00b7 00       		.byte	0
 314 00b8 07       		.uleb128 0x7
 315 00b9 41000000 		.4byte	.LASF16
 316 00bd 03       		.byte	0x3
 317 00be 89       		.byte	0x89
 318 00bf 6B000000 		.4byte	0x6b
 319 00c3 01       		.byte	0x1
 320 00c4 00       		.byte	0
 321 00c5 08       		.uleb128 0x8
 322 00c6 2A000000 		.4byte	.LASF17
 323 00ca 03       		.byte	0x3
 324 00cb 8A       		.byte	0x8a
 325 00cc A4000000 		.4byte	0xa4
 326 00d0 09       		.uleb128 0x9
 327 00d1 A2000000 		.4byte	.LASF18
 328 00d5 01       		.byte	0x1
 329 00d6 30       		.byte	0x30
 330 00d7 00000000 		.4byte	.LFB0
 331 00db 1C000000 		.4byte	.LFE0-.LFB0
 332 00df 01       		.uleb128 0x1
 333 00e0 9C       		.byte	0x9c
 334 00e1 09       		.uleb128 0x9
 335 00e2 05020000 		.4byte	.LASF19
 336 00e6 01       		.byte	0x1
 337 00e7 55       		.byte	0x55
 338 00e8 00000000 		.4byte	.LFB1
 339 00ec 34000000 		.4byte	.LFE1-.LFB1
 340 00f0 01       		.uleb128 0x1
 341 00f1 9C       		.byte	0x9c
 342 00f2 0A       		.uleb128 0xa
 343 00f3 78000000 		.4byte	.LASF20
 344 00f7 01       		.byte	0x1
 345 00f8 7C       		.byte	0x7c
 346 00f9 00000000 		.4byte	.LFB2
 347 00fd 54000000 		.4byte	.LFE2-.LFB2
 348 0101 01       		.uleb128 0x1
 349 0102 9C       		.byte	0x9c
 350 0103 09       		.uleb128 0x9
ARM GAS  C:\Users\kingi\AppData\Local\Temp\ccoaHWyR.s 			page 11


 351 0104 1A000000 		.4byte	.LASF21
 352 0108 01       		.byte	0x1
 353 0109 D3       		.byte	0xd3
 354 010a 00000000 		.4byte	.LFB3
 355 010e 1C000000 		.4byte	.LFE3-.LFB3
 356 0112 01       		.uleb128 0x1
 357 0113 9C       		.byte	0x9c
 358 0114 0B       		.uleb128 0xb
 359 0115 54010000 		.4byte	.LASF25
 360 0119 01       		.byte	0x1
 361 011a 13       		.byte	0x13
 362 011b C5000000 		.4byte	0xc5
 363 011f 05       		.uleb128 0x5
 364 0120 03       		.byte	0x3
 365 0121 00000000 		.4byte	CapSense_backup
 366 0125 00       		.byte	0
 367              		.section	.debug_abbrev,"",%progbits
 368              	.Ldebug_abbrev0:
 369 0000 01       		.uleb128 0x1
 370 0001 11       		.uleb128 0x11
 371 0002 01       		.byte	0x1
 372 0003 25       		.uleb128 0x25
 373 0004 0E       		.uleb128 0xe
 374 0005 13       		.uleb128 0x13
 375 0006 0B       		.uleb128 0xb
 376 0007 03       		.uleb128 0x3
 377 0008 0E       		.uleb128 0xe
 378 0009 1B       		.uleb128 0x1b
 379 000a 0E       		.uleb128 0xe
 380 000b 55       		.uleb128 0x55
 381 000c 17       		.uleb128 0x17
 382 000d 11       		.uleb128 0x11
 383 000e 01       		.uleb128 0x1
 384 000f 10       		.uleb128 0x10
 385 0010 17       		.uleb128 0x17
 386 0011 00       		.byte	0
 387 0012 00       		.byte	0
 388 0013 02       		.uleb128 0x2
 389 0014 24       		.uleb128 0x24
 390 0015 00       		.byte	0
 391 0016 0B       		.uleb128 0xb
 392 0017 0B       		.uleb128 0xb
 393 0018 3E       		.uleb128 0x3e
 394 0019 0B       		.uleb128 0xb
 395 001a 03       		.uleb128 0x3
 396 001b 0E       		.uleb128 0xe
 397 001c 00       		.byte	0
 398 001d 00       		.byte	0
 399 001e 03       		.uleb128 0x3
 400 001f 24       		.uleb128 0x24
 401 0020 00       		.byte	0
 402 0021 0B       		.uleb128 0xb
 403 0022 0B       		.uleb128 0xb
 404 0023 3E       		.uleb128 0x3e
 405 0024 0B       		.uleb128 0xb
 406 0025 03       		.uleb128 0x3
 407 0026 08       		.uleb128 0x8
ARM GAS  C:\Users\kingi\AppData\Local\Temp\ccoaHWyR.s 			page 12


 408 0027 00       		.byte	0
 409 0028 00       		.byte	0
 410 0029 04       		.uleb128 0x4
 411 002a 16       		.uleb128 0x16
 412 002b 00       		.byte	0
 413 002c 03       		.uleb128 0x3
 414 002d 0E       		.uleb128 0xe
 415 002e 3A       		.uleb128 0x3a
 416 002f 0B       		.uleb128 0xb
 417 0030 3B       		.uleb128 0x3b
 418 0031 05       		.uleb128 0x5
 419 0032 49       		.uleb128 0x49
 420 0033 13       		.uleb128 0x13
 421 0034 00       		.byte	0
 422 0035 00       		.byte	0
 423 0036 05       		.uleb128 0x5
 424 0037 35       		.uleb128 0x35
 425 0038 00       		.byte	0
 426 0039 49       		.uleb128 0x49
 427 003a 13       		.uleb128 0x13
 428 003b 00       		.byte	0
 429 003c 00       		.byte	0
 430 003d 06       		.uleb128 0x6
 431 003e 13       		.uleb128 0x13
 432 003f 01       		.byte	0x1
 433 0040 0B       		.uleb128 0xb
 434 0041 0B       		.uleb128 0xb
 435 0042 3A       		.uleb128 0x3a
 436 0043 0B       		.uleb128 0xb
 437 0044 3B       		.uleb128 0x3b
 438 0045 0B       		.uleb128 0xb
 439 0046 01       		.uleb128 0x1
 440 0047 13       		.uleb128 0x13
 441 0048 00       		.byte	0
 442 0049 00       		.byte	0
 443 004a 07       		.uleb128 0x7
 444 004b 0D       		.uleb128 0xd
 445 004c 00       		.byte	0
 446 004d 03       		.uleb128 0x3
 447 004e 0E       		.uleb128 0xe
 448 004f 3A       		.uleb128 0x3a
 449 0050 0B       		.uleb128 0xb
 450 0051 3B       		.uleb128 0x3b
 451 0052 0B       		.uleb128 0xb
 452 0053 49       		.uleb128 0x49
 453 0054 13       		.uleb128 0x13
 454 0055 38       		.uleb128 0x38
 455 0056 0B       		.uleb128 0xb
 456 0057 00       		.byte	0
 457 0058 00       		.byte	0
 458 0059 08       		.uleb128 0x8
 459 005a 16       		.uleb128 0x16
 460 005b 00       		.byte	0
 461 005c 03       		.uleb128 0x3
 462 005d 0E       		.uleb128 0xe
 463 005e 3A       		.uleb128 0x3a
 464 005f 0B       		.uleb128 0xb
ARM GAS  C:\Users\kingi\AppData\Local\Temp\ccoaHWyR.s 			page 13


 465 0060 3B       		.uleb128 0x3b
 466 0061 0B       		.uleb128 0xb
 467 0062 49       		.uleb128 0x49
 468 0063 13       		.uleb128 0x13
 469 0064 00       		.byte	0
 470 0065 00       		.byte	0
 471 0066 09       		.uleb128 0x9
 472 0067 2E       		.uleb128 0x2e
 473 0068 00       		.byte	0
 474 0069 3F       		.uleb128 0x3f
 475 006a 19       		.uleb128 0x19
 476 006b 03       		.uleb128 0x3
 477 006c 0E       		.uleb128 0xe
 478 006d 3A       		.uleb128 0x3a
 479 006e 0B       		.uleb128 0xb
 480 006f 3B       		.uleb128 0x3b
 481 0070 0B       		.uleb128 0xb
 482 0071 27       		.uleb128 0x27
 483 0072 19       		.uleb128 0x19
 484 0073 11       		.uleb128 0x11
 485 0074 01       		.uleb128 0x1
 486 0075 12       		.uleb128 0x12
 487 0076 06       		.uleb128 0x6
 488 0077 40       		.uleb128 0x40
 489 0078 18       		.uleb128 0x18
 490 0079 9642     		.uleb128 0x2116
 491 007b 19       		.uleb128 0x19
 492 007c 00       		.byte	0
 493 007d 00       		.byte	0
 494 007e 0A       		.uleb128 0xa
 495 007f 2E       		.uleb128 0x2e
 496 0080 00       		.byte	0
 497 0081 3F       		.uleb128 0x3f
 498 0082 19       		.uleb128 0x19
 499 0083 03       		.uleb128 0x3
 500 0084 0E       		.uleb128 0xe
 501 0085 3A       		.uleb128 0x3a
 502 0086 0B       		.uleb128 0xb
 503 0087 3B       		.uleb128 0x3b
 504 0088 0B       		.uleb128 0xb
 505 0089 27       		.uleb128 0x27
 506 008a 19       		.uleb128 0x19
 507 008b 11       		.uleb128 0x11
 508 008c 01       		.uleb128 0x1
 509 008d 12       		.uleb128 0x12
 510 008e 06       		.uleb128 0x6
 511 008f 40       		.uleb128 0x40
 512 0090 18       		.uleb128 0x18
 513 0091 9742     		.uleb128 0x2117
 514 0093 19       		.uleb128 0x19
 515 0094 00       		.byte	0
 516 0095 00       		.byte	0
 517 0096 0B       		.uleb128 0xb
 518 0097 34       		.uleb128 0x34
 519 0098 00       		.byte	0
 520 0099 03       		.uleb128 0x3
 521 009a 0E       		.uleb128 0xe
ARM GAS  C:\Users\kingi\AppData\Local\Temp\ccoaHWyR.s 			page 14


 522 009b 3A       		.uleb128 0x3a
 523 009c 0B       		.uleb128 0xb
 524 009d 3B       		.uleb128 0x3b
 525 009e 0B       		.uleb128 0xb
 526 009f 49       		.uleb128 0x49
 527 00a0 13       		.uleb128 0x13
 528 00a1 3F       		.uleb128 0x3f
 529 00a2 19       		.uleb128 0x19
 530 00a3 02       		.uleb128 0x2
 531 00a4 18       		.uleb128 0x18
 532 00a5 00       		.byte	0
 533 00a6 00       		.byte	0
 534 00a7 00       		.byte	0
 535              		.section	.debug_aranges,"",%progbits
 536 0000 34000000 		.4byte	0x34
 537 0004 0200     		.2byte	0x2
 538 0006 00000000 		.4byte	.Ldebug_info0
 539 000a 04       		.byte	0x4
 540 000b 00       		.byte	0
 541 000c 0000     		.2byte	0
 542 000e 0000     		.2byte	0
 543 0010 00000000 		.4byte	.LFB0
 544 0014 1C000000 		.4byte	.LFE0-.LFB0
 545 0018 00000000 		.4byte	.LFB1
 546 001c 34000000 		.4byte	.LFE1-.LFB1
 547 0020 00000000 		.4byte	.LFB2
 548 0024 54000000 		.4byte	.LFE2-.LFB2
 549 0028 00000000 		.4byte	.LFB3
 550 002c 1C000000 		.4byte	.LFE3-.LFB3
 551 0030 00000000 		.4byte	0
 552 0034 00000000 		.4byte	0
 553              		.section	.debug_ranges,"",%progbits
 554              	.Ldebug_ranges0:
 555 0000 00000000 		.4byte	.LFB0
 556 0004 1C000000 		.4byte	.LFE0
 557 0008 00000000 		.4byte	.LFB1
 558 000c 34000000 		.4byte	.LFE1
 559 0010 00000000 		.4byte	.LFB2
 560 0014 54000000 		.4byte	.LFE2
 561 0018 00000000 		.4byte	.LFB3
 562 001c 1C000000 		.4byte	.LFE3
 563 0020 00000000 		.4byte	0
 564 0024 00000000 		.4byte	0
 565              		.section	.debug_line,"",%progbits
 566              	.Ldebug_line0:
 567 0000 B5000000 		.section	.debug_str,"MS",%progbits,1
 567      02005800 
 567      00000201 
 567      FB0E0D00 
 567      01010101 
 568              	.LASF6:
 569 0000 6C6F6E67 		.ascii	"long long int\000"
 569      206C6F6E 
 569      6720696E 
 569      7400
 570              	.LASF15:
 571 000e 656E6162 		.ascii	"enableState\000"
ARM GAS  C:\Users\kingi\AppData\Local\Temp\ccoaHWyR.s 			page 15


 571      6C655374 
 571      61746500 
 572              	.LASF21:
 573 001a 43617053 		.ascii	"CapSense_Wakeup\000"
 573      656E7365 
 573      5F57616B 
 573      65757000 
 574              	.LASF17:
 575 002a 43617053 		.ascii	"CapSense_BACKUP_STRUCT\000"
 575      656E7365 
 575      5F424143 
 575      4B55505F 
 575      53545255 
 576              	.LASF16:
 577 0041 6374726C 		.ascii	"ctrlReg\000"
 577      52656700 
 578              	.LASF12:
 579 0049 75696E74 		.ascii	"uint8\000"
 579      3800
 580              	.LASF5:
 581 004f 6C6F6E67 		.ascii	"long unsigned int\000"
 581      20756E73 
 581      69676E65 
 581      6420696E 
 581      7400
 582              	.LASF7:
 583 0061 6C6F6E67 		.ascii	"long long unsigned int\000"
 583      206C6F6E 
 583      6720756E 
 583      7369676E 
 583      65642069 
 584              	.LASF20:
 585 0078 43617053 		.ascii	"CapSense_RestoreConfig\000"
 585      656E7365 
 585      5F526573 
 585      746F7265 
 585      436F6E66 
 586              	.LASF1:
 587 008f 756E7369 		.ascii	"unsigned char\000"
 587      676E6564 
 587      20636861 
 587      7200
 588              	.LASF11:
 589 009d 63686172 		.ascii	"char\000"
 589      00
 590              	.LASF18:
 591 00a2 43617053 		.ascii	"CapSense_SaveConfig\000"
 591      656E7365 
 591      5F536176 
 591      65436F6E 
 591      66696700 
 592              	.LASF22:
 593 00b6 474E5520 		.ascii	"GNU C 4.9.3 20150303 (release) [ARM/embedded-4_9-br"
 593      4320342E 
 593      392E3320 
 593      32303135 
 593      30333033 
ARM GAS  C:\Users\kingi\AppData\Local\Temp\ccoaHWyR.s 			page 16


 594 00e9 616E6368 		.ascii	"anch revision 221220] -mcpu=cortex-m3 -mthumb -g -O"
 594      20726576 
 594      6973696F 
 594      6E203232 
 594      31323230 
 595 011c 30202D66 		.ascii	"0 -ffunction-sections -ffat-lto-objects\000"
 595      66756E63 
 595      74696F6E 
 595      2D736563 
 595      74696F6E 
 596              	.LASF10:
 597 0144 646F7562 		.ascii	"double\000"
 597      6C6500
 598              	.LASF4:
 599 014b 6C6F6E67 		.ascii	"long int\000"
 599      20696E74 
 599      00
 600              	.LASF25:
 601 0154 43617053 		.ascii	"CapSense_backup\000"
 601      656E7365 
 601      5F626163 
 601      6B757000 
 602              	.LASF24:
 603 0164 443A5C50 		.ascii	"D:\\Projects\\ESD\\PSoC\\Workspace\\light_1506.cyds"
 603      726F6A65 
 603      6374735C 
 603      4553445C 
 603      50536F43 
 604 0192 6E00     		.ascii	"n\000"
 605              	.LASF3:
 606 0194 73686F72 		.ascii	"short unsigned int\000"
 606      7420756E 
 606      7369676E 
 606      65642069 
 606      6E7400
 607              	.LASF0:
 608 01a7 7369676E 		.ascii	"signed char\000"
 608      65642063 
 608      68617200 
 609              	.LASF23:
 610 01b3 2E5C4765 		.ascii	".\\Generated_Source\\PSoC5\\CapSense_PM.c\000"
 610      6E657261 
 610      7465645F 
 610      536F7572 
 610      63655C50 
 611              	.LASF9:
 612 01da 666C6F61 		.ascii	"float\000"
 612      7400
 613              	.LASF2:
 614 01e0 73686F72 		.ascii	"short int\000"
 614      7420696E 
 614      7400
 615              	.LASF13:
 616 01ea 72656738 		.ascii	"reg8\000"
 616      00
 617              	.LASF8:
 618 01ef 756E7369 		.ascii	"unsigned int\000"
ARM GAS  C:\Users\kingi\AppData\Local\Temp\ccoaHWyR.s 			page 17


 618      676E6564 
 618      20696E74 
 618      00
 619              	.LASF14:
 620 01fc 73697A65 		.ascii	"sizetype\000"
 620      74797065 
 620      00
 621              	.LASF19:
 622 0205 43617053 		.ascii	"CapSense_Sleep\000"
 622      656E7365 
 622      5F536C65 
 622      657000
 623              		.ident	"GCC: (GNU Tools for ARM Embedded Processors) 4.9.3 20150303 (release) [ARM/embedded-4_9-br
