ARM GAS  C:\Users\kingi\AppData\Local\Temp\ccitkjDo.s 			page 1


   1              		.syntax unified
   2              		.cpu cortex-m3
   3              		.fpu softvfp
   4              		.eabi_attribute 20, 1
   5              		.eabi_attribute 21, 1
   6              		.eabi_attribute 23, 3
   7              		.eabi_attribute 24, 1
   8              		.eabi_attribute 25, 1
   9              		.eabi_attribute 26, 1
  10              		.eabi_attribute 30, 6
  11              		.eabi_attribute 34, 1
  12              		.eabi_attribute 18, 4
  13              		.thumb
  14              		.file	"ServoMotor.c"
  15              		.text
  16              	.Ltext0:
  17              		.cfi_sections	.debug_frame
  18              		.section	.text.SetServoPosition,"ax",%progbits
  19              		.align	2
  20              		.global	SetServoPosition
  21              		.thumb
  22              		.thumb_func
  23              		.type	SetServoPosition, %function
  24              	SetServoPosition:
  25              	.LFB63:
  26              		.file 1 ".\\ServoMotor.c"
   1:.\ServoMotor.c **** // author: Fan JIN
   2:.\ServoMotor.c **** 
   3:.\ServoMotor.c **** #include "ServoMotor.h"
   4:.\ServoMotor.c **** #include "stdio.h"
   5:.\ServoMotor.c **** 
   6:.\ServoMotor.c **** void SetServoPosition(uint8 id, uint16 position, uint16 speed)
   7:.\ServoMotor.c **** {
  27              		.loc 1 7 0
  28              		.cfi_startproc
  29              		@ args = 0, pretend = 0, frame = 16
  30              		@ frame_needed = 1, uses_anonymous_args = 0
  31 0000 80B5     		push	{r7, lr}
  32              		.cfi_def_cfa_offset 8
  33              		.cfi_offset 7, -8
  34              		.cfi_offset 14, -4
  35 0002 84B0     		sub	sp, sp, #16
  36              		.cfi_def_cfa_offset 24
  37 0004 00AF     		add	r7, sp, #0
  38              		.cfi_def_cfa_register 7
  39 0006 0346     		mov	r3, r0
  40 0008 FB71     		strb	r3, [r7, #7]
  41 000a 0B46     		mov	r3, r1	@ movhi
  42 000c BB80     		strh	r3, [r7, #4]	@ movhi
  43 000e 1346     		mov	r3, r2	@ movhi
  44 0010 7B80     		strh	r3, [r7, #2]	@ movhi
   8:.\ServoMotor.c ****     // position ranges from 0x0000 to 0x03ff
   9:.\ServoMotor.c ****     
  10:.\ServoMotor.c ****     uint8 checksum;
  11:.\ServoMotor.c ****     checksum = ID + 0x07 + 0x03 + 0x1e + (position & 0xFF) + (position >> 8) + (speed & 0xff) + (sp
  45              		.loc 1 11 0
  46 0012 BB88     		ldrh	r3, [r7, #4]	@ movhi
ARM GAS  C:\Users\kingi\AppData\Local\Temp\ccitkjDo.s 			page 2


  47 0014 DAB2     		uxtb	r2, r3
  48 0016 BB88     		ldrh	r3, [r7, #4]
  49 0018 1B0A     		lsrs	r3, r3, #8
  50 001a 9BB2     		uxth	r3, r3
  51 001c DBB2     		uxtb	r3, r3
  52 001e 1344     		add	r3, r3, r2
  53 0020 DAB2     		uxtb	r2, r3
  54 0022 7B88     		ldrh	r3, [r7, #2]	@ movhi
  55 0024 DBB2     		uxtb	r3, r3
  56 0026 1344     		add	r3, r3, r2
  57 0028 DAB2     		uxtb	r2, r3
  58 002a 7B88     		ldrh	r3, [r7, #2]
  59 002c 1B0A     		lsrs	r3, r3, #8
  60 002e 9BB2     		uxth	r3, r3
  61 0030 DBB2     		uxtb	r3, r3
  62 0032 1344     		add	r3, r3, r2
  63 0034 DBB2     		uxtb	r3, r3
  64 0036 2633     		adds	r3, r3, #38
  65 0038 FB73     		strb	r3, [r7, #15]
  12:.\ServoMotor.c ****     checksum ^= 0xFF;
  66              		.loc 1 12 0
  67 003a FB7B     		ldrb	r3, [r7, #15]
  68 003c DB43     		mvns	r3, r3
  69 003e FB73     		strb	r3, [r7, #15]
  13:.\ServoMotor.c ****     
  14:.\ServoMotor.c ****     if (id == _TOP)
  70              		.loc 1 14 0
  71 0040 FB79     		ldrb	r3, [r7, #7]	@ zero_extendqisi2
  72 0042 002B     		cmp	r3, #0
  73 0044 30D1     		bne	.L1
  15:.\ServoMotor.c ****     {
  16:.\ServoMotor.c ****         UART_1_PutChar(0xff);
  74              		.loc 1 16 0
  75 0046 FF20     		movs	r0, #255
  76 0048 FFF7FEFF 		bl	UART_1_PutChar
  17:.\ServoMotor.c ****         UART_1_PutChar(0xff);
  77              		.loc 1 17 0
  78 004c FF20     		movs	r0, #255
  79 004e FFF7FEFF 		bl	UART_1_PutChar
  18:.\ServoMotor.c ****         UART_1_PutChar(ID);
  80              		.loc 1 18 0
  81 0052 FE20     		movs	r0, #254
  82 0054 FFF7FEFF 		bl	UART_1_PutChar
  19:.\ServoMotor.c ****         UART_1_PutChar(0x07);
  83              		.loc 1 19 0
  84 0058 0720     		movs	r0, #7
  85 005a FFF7FEFF 		bl	UART_1_PutChar
  20:.\ServoMotor.c ****         UART_1_PutChar(0x03);
  86              		.loc 1 20 0
  87 005e 0320     		movs	r0, #3
  88 0060 FFF7FEFF 		bl	UART_1_PutChar
  21:.\ServoMotor.c ****         UART_1_PutChar(0x1e);
  89              		.loc 1 21 0
  90 0064 1E20     		movs	r0, #30
  91 0066 FFF7FEFF 		bl	UART_1_PutChar
  22:.\ServoMotor.c ****         UART_1_PutChar(position & 0xFF);
  92              		.loc 1 22 0
ARM GAS  C:\Users\kingi\AppData\Local\Temp\ccitkjDo.s 			page 3


  93 006a BB88     		ldrh	r3, [r7, #4]	@ movhi
  94 006c DBB2     		uxtb	r3, r3
  95 006e 1846     		mov	r0, r3
  96 0070 FFF7FEFF 		bl	UART_1_PutChar
  23:.\ServoMotor.c ****         UART_1_PutChar(position >> 8);
  97              		.loc 1 23 0
  98 0074 BB88     		ldrh	r3, [r7, #4]
  99 0076 1B0A     		lsrs	r3, r3, #8
 100 0078 9BB2     		uxth	r3, r3
 101 007a DBB2     		uxtb	r3, r3
 102 007c 1846     		mov	r0, r3
 103 007e FFF7FEFF 		bl	UART_1_PutChar
  24:.\ServoMotor.c ****         UART_1_PutChar(speed & 0xff);
 104              		.loc 1 24 0
 105 0082 7B88     		ldrh	r3, [r7, #2]	@ movhi
 106 0084 DBB2     		uxtb	r3, r3
 107 0086 1846     		mov	r0, r3
 108 0088 FFF7FEFF 		bl	UART_1_PutChar
  25:.\ServoMotor.c ****         UART_1_PutChar(speed >> 8);
 109              		.loc 1 25 0
 110 008c 7B88     		ldrh	r3, [r7, #2]
 111 008e 1B0A     		lsrs	r3, r3, #8
 112 0090 9BB2     		uxth	r3, r3
 113 0092 DBB2     		uxtb	r3, r3
 114 0094 1846     		mov	r0, r3
 115 0096 FFF7FEFF 		bl	UART_1_PutChar
  26:.\ServoMotor.c ****         UART_1_PutChar(checksum);
 116              		.loc 1 26 0
 117 009a FB7B     		ldrb	r3, [r7, #15]	@ zero_extendqisi2
 118 009c 1846     		mov	r0, r3
 119 009e FFF7FEFF 		bl	UART_1_PutChar
  27:.\ServoMotor.c ****         CyDelay(2);
 120              		.loc 1 27 0
 121 00a2 0220     		movs	r0, #2
 122 00a4 FFF7FEFF 		bl	CyDelay
 123              	.L1:
  28:.\ServoMotor.c ****     }
  29:.\ServoMotor.c **** }
 124              		.loc 1 29 0
 125 00a8 1037     		adds	r7, r7, #16
 126              		.cfi_def_cfa_offset 8
 127 00aa BD46     		mov	sp, r7
 128              		.cfi_def_cfa_register 13
 129              		@ sp needed
 130 00ac 80BD     		pop	{r7, pc}
 131              		.cfi_endproc
 132              	.LFE63:
 133              		.size	SetServoPosition, .-SetServoPosition
 134 00ae 00BF     		.section	.text.SetServoMode,"ax",%progbits
 135              		.align	2
 136              		.global	SetServoMode
 137              		.thumb
 138              		.thumb_func
 139              		.type	SetServoMode, %function
 140              	SetServoMode:
 141              	.LFB64:
  30:.\ServoMotor.c **** 
ARM GAS  C:\Users\kingi\AppData\Local\Temp\ccitkjDo.s 			page 4


  31:.\ServoMotor.c **** void SetServoMode(uint8 id)
  32:.\ServoMotor.c **** {
 142              		.loc 1 32 0
 143              		.cfi_startproc
 144              		@ args = 0, pretend = 0, frame = 16
 145              		@ frame_needed = 1, uses_anonymous_args = 0
 146 0000 80B5     		push	{r7, lr}
 147              		.cfi_def_cfa_offset 8
 148              		.cfi_offset 7, -8
 149              		.cfi_offset 14, -4
 150 0002 84B0     		sub	sp, sp, #16
 151              		.cfi_def_cfa_offset 24
 152 0004 00AF     		add	r7, sp, #0
 153              		.cfi_def_cfa_register 7
 154 0006 0346     		mov	r3, r0
 155 0008 FB71     		strb	r3, [r7, #7]
  33:.\ServoMotor.c ****     uint8 checksum;
  34:.\ServoMotor.c ****     
  35:.\ServoMotor.c ****     checksum = ID + 0x07 + 0x03 + 0x06 + 0x00 + 0xff + 0x03 + 0x00;
 156              		.loc 1 35 0
 157 000a 1023     		movs	r3, #16
 158 000c FB73     		strb	r3, [r7, #15]
  36:.\ServoMotor.c ****     checksum ^= 0xFF;
 159              		.loc 1 36 0
 160 000e FB7B     		ldrb	r3, [r7, #15]
 161 0010 DB43     		mvns	r3, r3
 162 0012 FB73     		strb	r3, [r7, #15]
  37:.\ServoMotor.c ****     
  38:.\ServoMotor.c ****     if (id == _TOP)
 163              		.loc 1 38 0
 164 0014 FB79     		ldrb	r3, [r7, #7]	@ zero_extendqisi2
 165 0016 002B     		cmp	r3, #0
 166 0018 21D1     		bne	.L4
  39:.\ServoMotor.c ****     {
  40:.\ServoMotor.c ****         UART_1_PutChar(0xff);
 167              		.loc 1 40 0
 168 001a FF20     		movs	r0, #255
 169 001c FFF7FEFF 		bl	UART_1_PutChar
  41:.\ServoMotor.c ****         UART_1_PutChar(0xff);
 170              		.loc 1 41 0
 171 0020 FF20     		movs	r0, #255
 172 0022 FFF7FEFF 		bl	UART_1_PutChar
  42:.\ServoMotor.c ****         UART_1_PutChar(ID);
 173              		.loc 1 42 0
 174 0026 FE20     		movs	r0, #254
 175 0028 FFF7FEFF 		bl	UART_1_PutChar
  43:.\ServoMotor.c ****         UART_1_PutChar(0x07);
 176              		.loc 1 43 0
 177 002c 0720     		movs	r0, #7
 178 002e FFF7FEFF 		bl	UART_1_PutChar
  44:.\ServoMotor.c ****         UART_1_PutChar(0x03);
 179              		.loc 1 44 0
 180 0032 0320     		movs	r0, #3
 181 0034 FFF7FEFF 		bl	UART_1_PutChar
  45:.\ServoMotor.c ****         UART_1_PutChar(0x06);
 182              		.loc 1 45 0
 183 0038 0620     		movs	r0, #6
ARM GAS  C:\Users\kingi\AppData\Local\Temp\ccitkjDo.s 			page 5


 184 003a FFF7FEFF 		bl	UART_1_PutChar
  46:.\ServoMotor.c ****         UART_1_PutChar(0x00);
 185              		.loc 1 46 0
 186 003e 0020     		movs	r0, #0
 187 0040 FFF7FEFF 		bl	UART_1_PutChar
  47:.\ServoMotor.c ****         UART_1_PutChar(0x00);
 188              		.loc 1 47 0
 189 0044 0020     		movs	r0, #0
 190 0046 FFF7FEFF 		bl	UART_1_PutChar
  48:.\ServoMotor.c ****         UART_1_PutChar(0xff);
 191              		.loc 1 48 0
 192 004a FF20     		movs	r0, #255
 193 004c FFF7FEFF 		bl	UART_1_PutChar
  49:.\ServoMotor.c ****         UART_1_PutChar(0x03);
 194              		.loc 1 49 0
 195 0050 0320     		movs	r0, #3
 196 0052 FFF7FEFF 		bl	UART_1_PutChar
  50:.\ServoMotor.c ****         UART_1_PutChar(checksum);
 197              		.loc 1 50 0
 198 0056 FB7B     		ldrb	r3, [r7, #15]	@ zero_extendqisi2
 199 0058 1846     		mov	r0, r3
 200 005a FFF7FEFF 		bl	UART_1_PutChar
 201              	.L4:
  51:.\ServoMotor.c ****     }
  52:.\ServoMotor.c ****     
  53:.\ServoMotor.c ****     CyDelay(2);
 202              		.loc 1 53 0
 203 005e 0220     		movs	r0, #2
 204 0060 FFF7FEFF 		bl	CyDelay
  54:.\ServoMotor.c ****     
  55:.\ServoMotor.c **** }
 205              		.loc 1 55 0
 206 0064 1037     		adds	r7, r7, #16
 207              		.cfi_def_cfa_offset 8
 208 0066 BD46     		mov	sp, r7
 209              		.cfi_def_cfa_register 13
 210              		@ sp needed
 211 0068 80BD     		pop	{r7, pc}
 212              		.cfi_endproc
 213              	.LFE64:
 214              		.size	SetServoMode, .-SetServoMode
 215 006a 00BF     		.section	.text.SetMotorMode,"ax",%progbits
 216              		.align	2
 217              		.global	SetMotorMode
 218              		.thumb
 219              		.thumb_func
 220              		.type	SetMotorMode, %function
 221              	SetMotorMode:
 222              	.LFB65:
  56:.\ServoMotor.c **** 
  57:.\ServoMotor.c **** void SetMotorMode(uint8 id)
  58:.\ServoMotor.c **** {
 223              		.loc 1 58 0
 224              		.cfi_startproc
 225              		@ args = 0, pretend = 0, frame = 16
 226              		@ frame_needed = 1, uses_anonymous_args = 0
 227 0000 80B5     		push	{r7, lr}
ARM GAS  C:\Users\kingi\AppData\Local\Temp\ccitkjDo.s 			page 6


 228              		.cfi_def_cfa_offset 8
 229              		.cfi_offset 7, -8
 230              		.cfi_offset 14, -4
 231 0002 84B0     		sub	sp, sp, #16
 232              		.cfi_def_cfa_offset 24
 233 0004 00AF     		add	r7, sp, #0
 234              		.cfi_def_cfa_register 7
 235 0006 0346     		mov	r3, r0
 236 0008 FB71     		strb	r3, [r7, #7]
  59:.\ServoMotor.c ****     uint8 checksum;
  60:.\ServoMotor.c ****     
  61:.\ServoMotor.c ****     checksum = ID + 0x07 + 0x03 + 0x06 + 0x00 + 0x00 + 0x00 + 0x00;
 237              		.loc 1 61 0
 238 000a 0E23     		movs	r3, #14
 239 000c FB73     		strb	r3, [r7, #15]
  62:.\ServoMotor.c ****     checksum ^= 0xFF;
 240              		.loc 1 62 0
 241 000e FB7B     		ldrb	r3, [r7, #15]
 242 0010 DB43     		mvns	r3, r3
 243 0012 FB73     		strb	r3, [r7, #15]
  63:.\ServoMotor.c ****     
  64:.\ServoMotor.c ****     if (id == _LEFT)
 244              		.loc 1 64 0
 245 0014 FB79     		ldrb	r3, [r7, #7]	@ zero_extendqisi2
 246 0016 012B     		cmp	r3, #1
 247 0018 21D1     		bne	.L6
  65:.\ServoMotor.c ****     {
  66:.\ServoMotor.c ****         UART_2_PutChar(0xff);
 248              		.loc 1 66 0
 249 001a FF20     		movs	r0, #255
 250 001c FFF7FEFF 		bl	UART_2_PutChar
  67:.\ServoMotor.c ****         UART_2_PutChar(0xff);
 251              		.loc 1 67 0
 252 0020 FF20     		movs	r0, #255
 253 0022 FFF7FEFF 		bl	UART_2_PutChar
  68:.\ServoMotor.c ****         UART_2_PutChar(ID);
 254              		.loc 1 68 0
 255 0026 FE20     		movs	r0, #254
 256 0028 FFF7FEFF 		bl	UART_2_PutChar
  69:.\ServoMotor.c ****         UART_2_PutChar(0x07);
 257              		.loc 1 69 0
 258 002c 0720     		movs	r0, #7
 259 002e FFF7FEFF 		bl	UART_2_PutChar
  70:.\ServoMotor.c ****         UART_2_PutChar(0x03);
 260              		.loc 1 70 0
 261 0032 0320     		movs	r0, #3
 262 0034 FFF7FEFF 		bl	UART_2_PutChar
  71:.\ServoMotor.c ****         UART_2_PutChar(0x06);
 263              		.loc 1 71 0
 264 0038 0620     		movs	r0, #6
 265 003a FFF7FEFF 		bl	UART_2_PutChar
  72:.\ServoMotor.c ****         UART_2_PutChar(0x00);
 266              		.loc 1 72 0
 267 003e 0020     		movs	r0, #0
 268 0040 FFF7FEFF 		bl	UART_2_PutChar
  73:.\ServoMotor.c ****         UART_2_PutChar(0x00);
 269              		.loc 1 73 0
ARM GAS  C:\Users\kingi\AppData\Local\Temp\ccitkjDo.s 			page 7


 270 0044 0020     		movs	r0, #0
 271 0046 FFF7FEFF 		bl	UART_2_PutChar
  74:.\ServoMotor.c ****         UART_2_PutChar(0x00);
 272              		.loc 1 74 0
 273 004a 0020     		movs	r0, #0
 274 004c FFF7FEFF 		bl	UART_2_PutChar
  75:.\ServoMotor.c ****         UART_2_PutChar(0x00);
 275              		.loc 1 75 0
 276 0050 0020     		movs	r0, #0
 277 0052 FFF7FEFF 		bl	UART_2_PutChar
  76:.\ServoMotor.c ****         UART_2_PutChar(checksum);
 278              		.loc 1 76 0
 279 0056 FB7B     		ldrb	r3, [r7, #15]	@ zero_extendqisi2
 280 0058 1846     		mov	r0, r3
 281 005a FFF7FEFF 		bl	UART_2_PutChar
 282              	.L6:
  77:.\ServoMotor.c ****     }
  78:.\ServoMotor.c ****         
  79:.\ServoMotor.c ****     if (id == _RIGHT)
 283              		.loc 1 79 0
 284 005e FB79     		ldrb	r3, [r7, #7]	@ zero_extendqisi2
 285 0060 022B     		cmp	r3, #2
 286 0062 21D1     		bne	.L7
  80:.\ServoMotor.c ****     {
  81:.\ServoMotor.c ****         UART_3_PutChar(0xff);
 287              		.loc 1 81 0
 288 0064 FF20     		movs	r0, #255
 289 0066 FFF7FEFF 		bl	UART_3_PutChar
  82:.\ServoMotor.c ****         UART_3_PutChar(0xff);
 290              		.loc 1 82 0
 291 006a FF20     		movs	r0, #255
 292 006c FFF7FEFF 		bl	UART_3_PutChar
  83:.\ServoMotor.c ****         UART_3_PutChar(ID);
 293              		.loc 1 83 0
 294 0070 FE20     		movs	r0, #254
 295 0072 FFF7FEFF 		bl	UART_3_PutChar
  84:.\ServoMotor.c ****         UART_3_PutChar(0x07);
 296              		.loc 1 84 0
 297 0076 0720     		movs	r0, #7
 298 0078 FFF7FEFF 		bl	UART_3_PutChar
  85:.\ServoMotor.c ****         UART_3_PutChar(0x03);
 299              		.loc 1 85 0
 300 007c 0320     		movs	r0, #3
 301 007e FFF7FEFF 		bl	UART_3_PutChar
  86:.\ServoMotor.c ****         UART_3_PutChar(0x06);
 302              		.loc 1 86 0
 303 0082 0620     		movs	r0, #6
 304 0084 FFF7FEFF 		bl	UART_3_PutChar
  87:.\ServoMotor.c ****         UART_3_PutChar(0x00);
 305              		.loc 1 87 0
 306 0088 0020     		movs	r0, #0
 307 008a FFF7FEFF 		bl	UART_3_PutChar
  88:.\ServoMotor.c ****         UART_3_PutChar(0x00);
 308              		.loc 1 88 0
 309 008e 0020     		movs	r0, #0
 310 0090 FFF7FEFF 		bl	UART_3_PutChar
  89:.\ServoMotor.c ****         UART_3_PutChar(0x00);
ARM GAS  C:\Users\kingi\AppData\Local\Temp\ccitkjDo.s 			page 8


 311              		.loc 1 89 0
 312 0094 0020     		movs	r0, #0
 313 0096 FFF7FEFF 		bl	UART_3_PutChar
  90:.\ServoMotor.c ****         UART_3_PutChar(0x00);
 314              		.loc 1 90 0
 315 009a 0020     		movs	r0, #0
 316 009c FFF7FEFF 		bl	UART_3_PutChar
  91:.\ServoMotor.c ****         UART_3_PutChar(checksum);
 317              		.loc 1 91 0
 318 00a0 FB7B     		ldrb	r3, [r7, #15]	@ zero_extendqisi2
 319 00a2 1846     		mov	r0, r3
 320 00a4 FFF7FEFF 		bl	UART_3_PutChar
 321              	.L7:
  92:.\ServoMotor.c ****     }
  93:.\ServoMotor.c ****     
  94:.\ServoMotor.c ****     CyDelay(2);
 322              		.loc 1 94 0
 323 00a8 0220     		movs	r0, #2
 324 00aa FFF7FEFF 		bl	CyDelay
  95:.\ServoMotor.c ****     
  96:.\ServoMotor.c **** }
 325              		.loc 1 96 0
 326 00ae 1037     		adds	r7, r7, #16
 327              		.cfi_def_cfa_offset 8
 328 00b0 BD46     		mov	sp, r7
 329              		.cfi_def_cfa_register 13
 330              		@ sp needed
 331 00b2 80BD     		pop	{r7, pc}
 332              		.cfi_endproc
 333              	.LFE65:
 334              		.size	SetMotorMode, .-SetMotorMode
 335              		.section	.text.SetMotorSpeed,"ax",%progbits
 336              		.align	2
 337              		.global	SetMotorSpeed
 338              		.thumb
 339              		.thumb_func
 340              		.type	SetMotorSpeed, %function
 341              	SetMotorSpeed:
 342              	.LFB66:
  97:.\ServoMotor.c **** 
  98:.\ServoMotor.c **** void SetMotorSpeed(uint8 id, int16 speed, uint8 acceleration)
  99:.\ServoMotor.c **** {
 343              		.loc 1 99 0
 344              		.cfi_startproc
 345              		@ args = 0, pretend = 0, frame = 16
 346              		@ frame_needed = 1, uses_anonymous_args = 0
 347 0000 80B5     		push	{r7, lr}
 348              		.cfi_def_cfa_offset 8
 349              		.cfi_offset 7, -8
 350              		.cfi_offset 14, -4
 351 0002 84B0     		sub	sp, sp, #16
 352              		.cfi_def_cfa_offset 24
 353 0004 00AF     		add	r7, sp, #0
 354              		.cfi_def_cfa_register 7
 355 0006 0346     		mov	r3, r0
 356 0008 FB71     		strb	r3, [r7, #7]
 357 000a 0B46     		mov	r3, r1	@ movhi
ARM GAS  C:\Users\kingi\AppData\Local\Temp\ccitkjDo.s 			page 9


 358 000c BB80     		strh	r3, [r7, #4]	@ movhi
 359 000e 1346     		mov	r3, r2
 360 0010 BB71     		strb	r3, [r7, #6]
 100:.\ServoMotor.c ****     // speed ranges from -1023 to 1023
 101:.\ServoMotor.c ****     
 102:.\ServoMotor.c ****     if (speed > 1023)
 361              		.loc 1 102 0
 362 0012 B7F90430 		ldrsh	r3, [r7, #4]
 363 0016 B3F5806F 		cmp	r3, #1024
 364 001a 02DB     		blt	.L9
 103:.\ServoMotor.c ****         speed = 1023;
 365              		.loc 1 103 0
 366 001c 40F2FF33 		movw	r3, #1023
 367 0020 BB80     		strh	r3, [r7, #4]	@ movhi
 368              	.L9:
 104:.\ServoMotor.c ****     
 105:.\ServoMotor.c ****     if (speed < -1023)
 369              		.loc 1 105 0
 370 0022 B7F90430 		ldrsh	r3, [r7, #4]
 371 0026 13F5806F 		cmn	r3, #1024
 372 002a 02DC     		bgt	.L10
 106:.\ServoMotor.c ****         speed = -1023;
 373              		.loc 1 106 0
 374 002c 4FF60143 		movw	r3, #64513
 375 0030 BB80     		strh	r3, [r7, #4]	@ movhi
 376              	.L10:
 107:.\ServoMotor.c ****     
 108:.\ServoMotor.c ****     if (speed < 0)
 377              		.loc 1 108 0
 378 0032 B7F90430 		ldrsh	r3, [r7, #4]
 379 0036 002B     		cmp	r3, #0
 380 0038 07DA     		bge	.L11
 109:.\ServoMotor.c ****     {
 110:.\ServoMotor.c ****         speed = -speed;
 381              		.loc 1 110 0
 382 003a BB88     		ldrh	r3, [r7, #4]
 383 003c 5B42     		negs	r3, r3
 384 003e 9BB2     		uxth	r3, r3
 385 0040 BB80     		strh	r3, [r7, #4]	@ movhi
 111:.\ServoMotor.c ****         speed |= 0x0400;
 386              		.loc 1 111 0
 387 0042 BB88     		ldrh	r3, [r7, #4]	@ movhi
 388 0044 43F48063 		orr	r3, r3, #1024
 389 0048 BB80     		strh	r3, [r7, #4]	@ movhi
 390              	.L11:
 112:.\ServoMotor.c ****     }
 113:.\ServoMotor.c ****     
 114:.\ServoMotor.c ****     
 115:.\ServoMotor.c ****     uint8 checksum;
 116:.\ServoMotor.c ****     
 117:.\ServoMotor.c ****     if (id == _LEFT)
 391              		.loc 1 117 0
 392 004a FB79     		ldrb	r3, [r7, #7]	@ zero_extendqisi2
 393 004c 012B     		cmp	r3, #1
 394 004e 3AD1     		bne	.L12
 118:.\ServoMotor.c ****     {
 119:.\ServoMotor.c ****         checksum = ID + 0x06 + 0x03 + 0x20 + (speed & 0xff) + (speed >> 8) + acceleration;
ARM GAS  C:\Users\kingi\AppData\Local\Temp\ccitkjDo.s 			page 10


 395              		.loc 1 119 0
 396 0050 BB88     		ldrh	r3, [r7, #4]	@ movhi
 397 0052 DAB2     		uxtb	r2, r3
 398 0054 B7F90430 		ldrsh	r3, [r7, #4]
 399 0058 1B12     		asrs	r3, r3, #8
 400 005a 9BB2     		uxth	r3, r3
 401 005c DBB2     		uxtb	r3, r3
 402 005e 1344     		add	r3, r3, r2
 403 0060 DAB2     		uxtb	r2, r3
 404 0062 BB79     		ldrb	r3, [r7, #6]
 405 0064 1344     		add	r3, r3, r2
 406 0066 DBB2     		uxtb	r3, r3
 407 0068 2733     		adds	r3, r3, #39
 408 006a FB73     		strb	r3, [r7, #15]
 120:.\ServoMotor.c ****         checksum ^= 0xff;
 409              		.loc 1 120 0
 410 006c FB7B     		ldrb	r3, [r7, #15]
 411 006e DB43     		mvns	r3, r3
 412 0070 FB73     		strb	r3, [r7, #15]
 121:.\ServoMotor.c ****         
 122:.\ServoMotor.c ****         UART_2_PutChar(0xff);
 413              		.loc 1 122 0
 414 0072 FF20     		movs	r0, #255
 415 0074 FFF7FEFF 		bl	UART_2_PutChar
 123:.\ServoMotor.c ****         UART_2_PutChar(0xff);
 416              		.loc 1 123 0
 417 0078 FF20     		movs	r0, #255
 418 007a FFF7FEFF 		bl	UART_2_PutChar
 124:.\ServoMotor.c ****         UART_2_PutChar(ID);
 419              		.loc 1 124 0
 420 007e FE20     		movs	r0, #254
 421 0080 FFF7FEFF 		bl	UART_2_PutChar
 125:.\ServoMotor.c ****         UART_2_PutChar(0x06);
 422              		.loc 1 125 0
 423 0084 0620     		movs	r0, #6
 424 0086 FFF7FEFF 		bl	UART_2_PutChar
 126:.\ServoMotor.c ****         UART_2_PutChar(0x03);
 425              		.loc 1 126 0
 426 008a 0320     		movs	r0, #3
 427 008c FFF7FEFF 		bl	UART_2_PutChar
 127:.\ServoMotor.c ****         UART_2_PutChar(0x20);
 428              		.loc 1 127 0
 429 0090 2020     		movs	r0, #32
 430 0092 FFF7FEFF 		bl	UART_2_PutChar
 128:.\ServoMotor.c ****         UART_2_PutChar(speed & 0xff);
 431              		.loc 1 128 0
 432 0096 BB88     		ldrh	r3, [r7, #4]	@ movhi
 433 0098 DBB2     		uxtb	r3, r3
 434 009a 1846     		mov	r0, r3
 435 009c FFF7FEFF 		bl	UART_2_PutChar
 129:.\ServoMotor.c ****         UART_2_PutChar(speed >> 8);
 436              		.loc 1 129 0
 437 00a0 B7F90430 		ldrsh	r3, [r7, #4]
 438 00a4 1B12     		asrs	r3, r3, #8
 439 00a6 9BB2     		uxth	r3, r3
 440 00a8 DBB2     		uxtb	r3, r3
 441 00aa 1846     		mov	r0, r3
ARM GAS  C:\Users\kingi\AppData\Local\Temp\ccitkjDo.s 			page 11


 442 00ac FFF7FEFF 		bl	UART_2_PutChar
 130:.\ServoMotor.c ****         UART_2_PutChar(acceleration);
 443              		.loc 1 130 0
 444 00b0 BB79     		ldrb	r3, [r7, #6]	@ zero_extendqisi2
 445 00b2 1846     		mov	r0, r3
 446 00b4 FFF7FEFF 		bl	UART_2_PutChar
 131:.\ServoMotor.c ****         UART_2_PutChar(checksum);
 447              		.loc 1 131 0
 448 00b8 FB7B     		ldrb	r3, [r7, #15]	@ zero_extendqisi2
 449 00ba 1846     		mov	r0, r3
 450 00bc FFF7FEFF 		bl	UART_2_PutChar
 132:.\ServoMotor.c ****         
 133:.\ServoMotor.c ****         CyDelay(2);
 451              		.loc 1 133 0
 452 00c0 0220     		movs	r0, #2
 453 00c2 FFF7FEFF 		bl	CyDelay
 454              	.L12:
 134:.\ServoMotor.c ****     }
 135:.\ServoMotor.c ****     
 136:.\ServoMotor.c ****     if (id == _RIGHT)
 455              		.loc 1 136 0
 456 00c6 FB79     		ldrb	r3, [r7, #7]	@ zero_extendqisi2
 457 00c8 022B     		cmp	r3, #2
 458 00ca 3AD1     		bne	.L8
 137:.\ServoMotor.c ****     {
 138:.\ServoMotor.c ****         checksum = ID + 0x06 + 0x03 + 0x20 + (speed & 0xff) + (speed >> 8) + acceleration;
 459              		.loc 1 138 0
 460 00cc BB88     		ldrh	r3, [r7, #4]	@ movhi
 461 00ce DAB2     		uxtb	r2, r3
 462 00d0 B7F90430 		ldrsh	r3, [r7, #4]
 463 00d4 1B12     		asrs	r3, r3, #8
 464 00d6 9BB2     		uxth	r3, r3
 465 00d8 DBB2     		uxtb	r3, r3
 466 00da 1344     		add	r3, r3, r2
 467 00dc DAB2     		uxtb	r2, r3
 468 00de BB79     		ldrb	r3, [r7, #6]
 469 00e0 1344     		add	r3, r3, r2
 470 00e2 DBB2     		uxtb	r3, r3
 471 00e4 2733     		adds	r3, r3, #39
 472 00e6 FB73     		strb	r3, [r7, #15]
 139:.\ServoMotor.c ****         checksum ^= 0xff;
 473              		.loc 1 139 0
 474 00e8 FB7B     		ldrb	r3, [r7, #15]
 475 00ea DB43     		mvns	r3, r3
 476 00ec FB73     		strb	r3, [r7, #15]
 140:.\ServoMotor.c ****         
 141:.\ServoMotor.c ****         UART_3_PutChar(0xff);
 477              		.loc 1 141 0
 478 00ee FF20     		movs	r0, #255
 479 00f0 FFF7FEFF 		bl	UART_3_PutChar
 142:.\ServoMotor.c ****         UART_3_PutChar(0xff);
 480              		.loc 1 142 0
 481 00f4 FF20     		movs	r0, #255
 482 00f6 FFF7FEFF 		bl	UART_3_PutChar
 143:.\ServoMotor.c ****         UART_3_PutChar(ID);
 483              		.loc 1 143 0
 484 00fa FE20     		movs	r0, #254
ARM GAS  C:\Users\kingi\AppData\Local\Temp\ccitkjDo.s 			page 12


 485 00fc FFF7FEFF 		bl	UART_3_PutChar
 144:.\ServoMotor.c ****         UART_3_PutChar(0x06);
 486              		.loc 1 144 0
 487 0100 0620     		movs	r0, #6
 488 0102 FFF7FEFF 		bl	UART_3_PutChar
 145:.\ServoMotor.c ****         UART_3_PutChar(0x03);
 489              		.loc 1 145 0
 490 0106 0320     		movs	r0, #3
 491 0108 FFF7FEFF 		bl	UART_3_PutChar
 146:.\ServoMotor.c ****         UART_3_PutChar(0x20);
 492              		.loc 1 146 0
 493 010c 2020     		movs	r0, #32
 494 010e FFF7FEFF 		bl	UART_3_PutChar
 147:.\ServoMotor.c ****         UART_3_PutChar(speed & 0xff);
 495              		.loc 1 147 0
 496 0112 BB88     		ldrh	r3, [r7, #4]	@ movhi
 497 0114 DBB2     		uxtb	r3, r3
 498 0116 1846     		mov	r0, r3
 499 0118 FFF7FEFF 		bl	UART_3_PutChar
 148:.\ServoMotor.c ****         UART_3_PutChar(speed >> 8);
 500              		.loc 1 148 0
 501 011c B7F90430 		ldrsh	r3, [r7, #4]
 502 0120 1B12     		asrs	r3, r3, #8
 503 0122 9BB2     		uxth	r3, r3
 504 0124 DBB2     		uxtb	r3, r3
 505 0126 1846     		mov	r0, r3
 506 0128 FFF7FEFF 		bl	UART_3_PutChar
 149:.\ServoMotor.c ****         UART_3_PutChar(acceleration);
 507              		.loc 1 149 0
 508 012c BB79     		ldrb	r3, [r7, #6]	@ zero_extendqisi2
 509 012e 1846     		mov	r0, r3
 510 0130 FFF7FEFF 		bl	UART_3_PutChar
 150:.\ServoMotor.c ****         UART_3_PutChar(checksum);
 511              		.loc 1 150 0
 512 0134 FB7B     		ldrb	r3, [r7, #15]	@ zero_extendqisi2
 513 0136 1846     		mov	r0, r3
 514 0138 FFF7FEFF 		bl	UART_3_PutChar
 151:.\ServoMotor.c ****         
 152:.\ServoMotor.c ****         CyDelay(2);
 515              		.loc 1 152 0
 516 013c 0220     		movs	r0, #2
 517 013e FFF7FEFF 		bl	CyDelay
 518              	.L8:
 153:.\ServoMotor.c ****     }
 154:.\ServoMotor.c **** }
 519              		.loc 1 154 0
 520 0142 1037     		adds	r7, r7, #16
 521              		.cfi_def_cfa_offset 8
 522 0144 BD46     		mov	sp, r7
 523              		.cfi_def_cfa_register 13
 524              		@ sp needed
 525 0146 80BD     		pop	{r7, pc}
 526              		.cfi_endproc
 527              	.LFE66:
 528              		.size	SetMotorSpeed, .-SetMotorSpeed
 529              		.section	.text.GetMotorSpeed,"ax",%progbits
 530              		.align	2
ARM GAS  C:\Users\kingi\AppData\Local\Temp\ccitkjDo.s 			page 13


 531              		.global	GetMotorSpeed
 532              		.thumb
 533              		.thumb_func
 534              		.type	GetMotorSpeed, %function
 535              	GetMotorSpeed:
 536              	.LFB67:
 155:.\ServoMotor.c **** 
 156:.\ServoMotor.c **** void GetMotorSpeed(uint8 id, int16 *speed)
 157:.\ServoMotor.c **** {
 537              		.loc 1 157 0
 538              		.cfi_startproc
 539              		@ args = 0, pretend = 0, frame = 16
 540              		@ frame_needed = 1, uses_anonymous_args = 0
 541 0000 80B5     		push	{r7, lr}
 542              		.cfi_def_cfa_offset 8
 543              		.cfi_offset 7, -8
 544              		.cfi_offset 14, -4
 545 0002 84B0     		sub	sp, sp, #16
 546              		.cfi_def_cfa_offset 24
 547 0004 00AF     		add	r7, sp, #0
 548              		.cfi_def_cfa_register 7
 549 0006 0346     		mov	r3, r0
 550 0008 3960     		str	r1, [r7]
 551 000a FB71     		strb	r3, [r7, #7]
 158:.\ServoMotor.c ****     uint8 checksum;
 159:.\ServoMotor.c ****     uint8 low;
 160:.\ServoMotor.c ****     uint8 high;
 161:.\ServoMotor.c ****     uint16 temp;
 162:.\ServoMotor.c ****     
 163:.\ServoMotor.c ****     if (id == _LEFT)
 552              		.loc 1 163 0
 553 000c FB79     		ldrb	r3, [r7, #7]	@ zero_extendqisi2
 554 000e 012B     		cmp	r3, #1
 555 0010 49D1     		bne	.L15
 164:.\ServoMotor.c ****     {
 165:.\ServoMotor.c ****         checksum = ID + 0x04 + 0x02 + 0x26 + 0x02;
 556              		.loc 1 165 0
 557 0012 2C23     		movs	r3, #44
 558 0014 FB73     		strb	r3, [r7, #15]
 166:.\ServoMotor.c ****         checksum ^= 0xff;
 559              		.loc 1 166 0
 560 0016 FB7B     		ldrb	r3, [r7, #15]
 561 0018 DB43     		mvns	r3, r3
 562 001a FB73     		strb	r3, [r7, #15]
 167:.\ServoMotor.c ****         
 168:.\ServoMotor.c ****         UART_2_PutChar(0xff);
 563              		.loc 1 168 0
 564 001c FF20     		movs	r0, #255
 565 001e FFF7FEFF 		bl	UART_2_PutChar
 169:.\ServoMotor.c ****         UART_2_PutChar(0xff);
 566              		.loc 1 169 0
 567 0022 FF20     		movs	r0, #255
 568 0024 FFF7FEFF 		bl	UART_2_PutChar
 170:.\ServoMotor.c ****         UART_2_PutChar(ID);
 569              		.loc 1 170 0
 570 0028 FE20     		movs	r0, #254
 571 002a FFF7FEFF 		bl	UART_2_PutChar
ARM GAS  C:\Users\kingi\AppData\Local\Temp\ccitkjDo.s 			page 14


 171:.\ServoMotor.c ****         UART_2_PutChar(0x04);
 572              		.loc 1 171 0
 573 002e 0420     		movs	r0, #4
 574 0030 FFF7FEFF 		bl	UART_2_PutChar
 172:.\ServoMotor.c ****         UART_2_PutChar(0x02);
 575              		.loc 1 172 0
 576 0034 0220     		movs	r0, #2
 577 0036 FFF7FEFF 		bl	UART_2_PutChar
 173:.\ServoMotor.c ****         UART_2_PutChar(0x26);
 578              		.loc 1 173 0
 579 003a 2620     		movs	r0, #38
 580 003c FFF7FEFF 		bl	UART_2_PutChar
 174:.\ServoMotor.c ****         UART_2_PutChar(0x02);
 581              		.loc 1 174 0
 582 0040 0220     		movs	r0, #2
 583 0042 FFF7FEFF 		bl	UART_2_PutChar
 175:.\ServoMotor.c ****         UART_2_PutChar(checksum);
 584              		.loc 1 175 0
 585 0046 FB7B     		ldrb	r3, [r7, #15]	@ zero_extendqisi2
 586 0048 1846     		mov	r0, r3
 587 004a FFF7FEFF 		bl	UART_2_PutChar
 176:.\ServoMotor.c ****         
 177:.\ServoMotor.c ****         UART_2_GetChar();
 588              		.loc 1 177 0
 589 004e FFF7FEFF 		bl	UART_2_GetChar
 178:.\ServoMotor.c ****         UART_2_GetChar();
 590              		.loc 1 178 0
 591 0052 FFF7FEFF 		bl	UART_2_GetChar
 179:.\ServoMotor.c ****         UART_2_GetChar();
 592              		.loc 1 179 0
 593 0056 FFF7FEFF 		bl	UART_2_GetChar
 180:.\ServoMotor.c ****         UART_2_GetChar();
 594              		.loc 1 180 0
 595 005a FFF7FEFF 		bl	UART_2_GetChar
 181:.\ServoMotor.c ****         UART_2_GetChar();
 596              		.loc 1 181 0
 597 005e FFF7FEFF 		bl	UART_2_GetChar
 182:.\ServoMotor.c ****         low = UART_2_GetChar();
 598              		.loc 1 182 0
 599 0062 FFF7FEFF 		bl	UART_2_GetChar
 600 0066 0346     		mov	r3, r0
 601 0068 BB73     		strb	r3, [r7, #14]
 183:.\ServoMotor.c ****         high = UART_2_GetChar();
 602              		.loc 1 183 0
 603 006a FFF7FEFF 		bl	UART_2_GetChar
 604 006e 0346     		mov	r3, r0
 605 0070 7B73     		strb	r3, [r7, #13]
 184:.\ServoMotor.c ****         UART_2_GetChar();
 606              		.loc 1 184 0
 607 0072 FFF7FEFF 		bl	UART_2_GetChar
 185:.\ServoMotor.c ****         
 186:.\ServoMotor.c ****         temp = (((uint16)high) << 8) | (uint16)low;
 608              		.loc 1 186 0
 609 0076 7B7B     		ldrb	r3, [r7, #13]	@ zero_extendqisi2
 610 0078 1B02     		lsls	r3, r3, #8
 611 007a 9AB2     		uxth	r2, r3
 612 007c BB7B     		ldrb	r3, [r7, #14]	@ zero_extendqisi2
ARM GAS  C:\Users\kingi\AppData\Local\Temp\ccitkjDo.s 			page 15


 613 007e 9BB2     		uxth	r3, r3
 614 0080 1343     		orrs	r3, r3, r2
 615 0082 9BB2     		uxth	r3, r3
 616 0084 7B81     		strh	r3, [r7, #10]	@ movhi
 187:.\ServoMotor.c ****         
 188:.\ServoMotor.c ****         if (temp & 0x0400)
 617              		.loc 1 188 0
 618 0086 7B89     		ldrh	r3, [r7, #10]
 619 0088 03F48063 		and	r3, r3, #1024
 620 008c 002B     		cmp	r3, #0
 621 008e 07D0     		beq	.L16
 189:.\ServoMotor.c ****         {
 190:.\ServoMotor.c ****             temp &= 0xfbff;
 622              		.loc 1 190 0
 623 0090 7B89     		ldrh	r3, [r7, #10]	@ movhi
 624 0092 23F48063 		bic	r3, r3, #1024
 625 0096 7B81     		strh	r3, [r7, #10]	@ movhi
 191:.\ServoMotor.c ****             *speed = ((int16)temp);
 626              		.loc 1 191 0
 627 0098 7A89     		ldrh	r2, [r7, #10]
 628 009a 3B68     		ldr	r3, [r7]
 629 009c 1A80     		strh	r2, [r3]	@ movhi
 630 009e 02E0     		b	.L15
 631              	.L16:
 192:.\ServoMotor.c ****         }
 193:.\ServoMotor.c ****         else
 194:.\ServoMotor.c ****         {
 195:.\ServoMotor.c ****             *speed = ((int16)temp);
 632              		.loc 1 195 0
 633 00a0 7A89     		ldrh	r2, [r7, #10]
 634 00a2 3B68     		ldr	r3, [r7]
 635 00a4 1A80     		strh	r2, [r3]	@ movhi
 636              	.L15:
 196:.\ServoMotor.c ****         }
 197:.\ServoMotor.c ****         
 198:.\ServoMotor.c ****     }
 199:.\ServoMotor.c ****     
 200:.\ServoMotor.c ****     if (id == _RIGHT)
 637              		.loc 1 200 0
 638 00a6 FB79     		ldrb	r3, [r7, #7]	@ zero_extendqisi2
 639 00a8 022B     		cmp	r3, #2
 640 00aa 49D1     		bne	.L14
 201:.\ServoMotor.c ****     {
 202:.\ServoMotor.c ****         checksum = ID + 0x04 + 0x02 + 0x26 + 0x02;
 641              		.loc 1 202 0
 642 00ac 2C23     		movs	r3, #44
 643 00ae FB73     		strb	r3, [r7, #15]
 203:.\ServoMotor.c ****         checksum ^= 0xff;
 644              		.loc 1 203 0
 645 00b0 FB7B     		ldrb	r3, [r7, #15]
 646 00b2 DB43     		mvns	r3, r3
 647 00b4 FB73     		strb	r3, [r7, #15]
 204:.\ServoMotor.c ****         
 205:.\ServoMotor.c ****         UART_3_PutChar(0xff);
 648              		.loc 1 205 0
 649 00b6 FF20     		movs	r0, #255
 650 00b8 FFF7FEFF 		bl	UART_3_PutChar
ARM GAS  C:\Users\kingi\AppData\Local\Temp\ccitkjDo.s 			page 16


 206:.\ServoMotor.c ****         UART_3_PutChar(0xff);
 651              		.loc 1 206 0
 652 00bc FF20     		movs	r0, #255
 653 00be FFF7FEFF 		bl	UART_3_PutChar
 207:.\ServoMotor.c ****         UART_3_PutChar(ID);
 654              		.loc 1 207 0
 655 00c2 FE20     		movs	r0, #254
 656 00c4 FFF7FEFF 		bl	UART_3_PutChar
 208:.\ServoMotor.c ****         UART_3_PutChar(0x04);
 657              		.loc 1 208 0
 658 00c8 0420     		movs	r0, #4
 659 00ca FFF7FEFF 		bl	UART_3_PutChar
 209:.\ServoMotor.c ****         UART_3_PutChar(0x02);
 660              		.loc 1 209 0
 661 00ce 0220     		movs	r0, #2
 662 00d0 FFF7FEFF 		bl	UART_3_PutChar
 210:.\ServoMotor.c ****         UART_3_PutChar(0x26);
 663              		.loc 1 210 0
 664 00d4 2620     		movs	r0, #38
 665 00d6 FFF7FEFF 		bl	UART_3_PutChar
 211:.\ServoMotor.c ****         UART_3_PutChar(0x02);
 666              		.loc 1 211 0
 667 00da 0220     		movs	r0, #2
 668 00dc FFF7FEFF 		bl	UART_3_PutChar
 212:.\ServoMotor.c ****         UART_3_PutChar(checksum);
 669              		.loc 1 212 0
 670 00e0 FB7B     		ldrb	r3, [r7, #15]	@ zero_extendqisi2
 671 00e2 1846     		mov	r0, r3
 672 00e4 FFF7FEFF 		bl	UART_3_PutChar
 213:.\ServoMotor.c ****         
 214:.\ServoMotor.c ****         UART_3_GetChar();
 673              		.loc 1 214 0
 674 00e8 FFF7FEFF 		bl	UART_3_GetChar
 215:.\ServoMotor.c ****         UART_3_GetChar();
 675              		.loc 1 215 0
 676 00ec FFF7FEFF 		bl	UART_3_GetChar
 216:.\ServoMotor.c ****         UART_3_GetChar();
 677              		.loc 1 216 0
 678 00f0 FFF7FEFF 		bl	UART_3_GetChar
 217:.\ServoMotor.c ****         UART_3_GetChar();
 679              		.loc 1 217 0
 680 00f4 FFF7FEFF 		bl	UART_3_GetChar
 218:.\ServoMotor.c ****         UART_3_GetChar();
 681              		.loc 1 218 0
 682 00f8 FFF7FEFF 		bl	UART_3_GetChar
 219:.\ServoMotor.c ****         low = UART_3_GetChar();
 683              		.loc 1 219 0
 684 00fc FFF7FEFF 		bl	UART_3_GetChar
 685 0100 0346     		mov	r3, r0
 686 0102 BB73     		strb	r3, [r7, #14]
 220:.\ServoMotor.c ****         high = UART_3_GetChar();
 687              		.loc 1 220 0
 688 0104 FFF7FEFF 		bl	UART_3_GetChar
 689 0108 0346     		mov	r3, r0
 690 010a 7B73     		strb	r3, [r7, #13]
 221:.\ServoMotor.c ****         UART_3_GetChar();
 691              		.loc 1 221 0
ARM GAS  C:\Users\kingi\AppData\Local\Temp\ccitkjDo.s 			page 17


 692 010c FFF7FEFF 		bl	UART_3_GetChar
 222:.\ServoMotor.c ****         
 223:.\ServoMotor.c ****         temp = (((uint16)high) << 8) | (uint16)low;
 693              		.loc 1 223 0
 694 0110 7B7B     		ldrb	r3, [r7, #13]	@ zero_extendqisi2
 695 0112 1B02     		lsls	r3, r3, #8
 696 0114 9AB2     		uxth	r2, r3
 697 0116 BB7B     		ldrb	r3, [r7, #14]	@ zero_extendqisi2
 698 0118 9BB2     		uxth	r3, r3
 699 011a 1343     		orrs	r3, r3, r2
 700 011c 9BB2     		uxth	r3, r3
 701 011e 7B81     		strh	r3, [r7, #10]	@ movhi
 224:.\ServoMotor.c ****         
 225:.\ServoMotor.c ****         if (temp & 0x0400)
 702              		.loc 1 225 0
 703 0120 7B89     		ldrh	r3, [r7, #10]
 704 0122 03F48063 		and	r3, r3, #1024
 705 0126 002B     		cmp	r3, #0
 706 0128 07D0     		beq	.L18
 226:.\ServoMotor.c ****         {
 227:.\ServoMotor.c ****             temp &= 0xfbff;
 707              		.loc 1 227 0
 708 012a 7B89     		ldrh	r3, [r7, #10]	@ movhi
 709 012c 23F48063 		bic	r3, r3, #1024
 710 0130 7B81     		strh	r3, [r7, #10]	@ movhi
 228:.\ServoMotor.c ****             *speed = ((int16)temp);
 711              		.loc 1 228 0
 712 0132 7A89     		ldrh	r2, [r7, #10]
 713 0134 3B68     		ldr	r3, [r7]
 714 0136 1A80     		strh	r2, [r3]	@ movhi
 715 0138 02E0     		b	.L14
 716              	.L18:
 229:.\ServoMotor.c ****         }
 230:.\ServoMotor.c ****         else
 231:.\ServoMotor.c ****         {
 232:.\ServoMotor.c ****             *speed = ((int16)temp);
 717              		.loc 1 232 0
 718 013a 7A89     		ldrh	r2, [r7, #10]
 719 013c 3B68     		ldr	r3, [r7]
 720 013e 1A80     		strh	r2, [r3]	@ movhi
 721              	.L14:
 233:.\ServoMotor.c ****         }
 234:.\ServoMotor.c ****         
 235:.\ServoMotor.c ****     }
 236:.\ServoMotor.c ****     
 237:.\ServoMotor.c **** }
 722              		.loc 1 237 0
 723 0140 1037     		adds	r7, r7, #16
 724              		.cfi_def_cfa_offset 8
 725 0142 BD46     		mov	sp, r7
 726              		.cfi_def_cfa_register 13
 727              		@ sp needed
 728 0144 80BD     		pop	{r7, pc}
 729              		.cfi_endproc
 730              	.LFE67:
 731              		.size	GetMotorSpeed, .-GetMotorSpeed
 732 0146 00BF     		.section	.text.GetServoPosition,"ax",%progbits
ARM GAS  C:\Users\kingi\AppData\Local\Temp\ccitkjDo.s 			page 18


 733              		.align	2
 734              		.global	GetServoPosition
 735              		.thumb
 736              		.thumb_func
 737              		.type	GetServoPosition, %function
 738              	GetServoPosition:
 739              	.LFB68:
 238:.\ServoMotor.c **** 
 239:.\ServoMotor.c **** void GetServoPosition(uint8 id, uint16 *position)
 240:.\ServoMotor.c **** {
 740              		.loc 1 240 0
 741              		.cfi_startproc
 742              		@ args = 0, pretend = 0, frame = 16
 743              		@ frame_needed = 1, uses_anonymous_args = 0
 744 0000 80B5     		push	{r7, lr}
 745              		.cfi_def_cfa_offset 8
 746              		.cfi_offset 7, -8
 747              		.cfi_offset 14, -4
 748 0002 84B0     		sub	sp, sp, #16
 749              		.cfi_def_cfa_offset 24
 750 0004 00AF     		add	r7, sp, #0
 751              		.cfi_def_cfa_register 7
 752 0006 0346     		mov	r3, r0
 753 0008 3960     		str	r1, [r7]
 754 000a FB71     		strb	r3, [r7, #7]
 241:.\ServoMotor.c ****     uint8 checksum;
 242:.\ServoMotor.c ****     uint8 low;
 243:.\ServoMotor.c ****     uint8 high;
 244:.\ServoMotor.c ****     uint16 temp;
 245:.\ServoMotor.c ****     
 246:.\ServoMotor.c ****     if (id == _TOP)
 755              		.loc 1 246 0
 756 000c FB79     		ldrb	r3, [r7, #7]	@ zero_extendqisi2
 757 000e 002B     		cmp	r3, #0
 758 0010 3CD1     		bne	.L19
 247:.\ServoMotor.c ****     {
 248:.\ServoMotor.c ****         checksum = ID + 0x04 + 0x02 + 0x24 + 0x02;
 759              		.loc 1 248 0
 760 0012 2A23     		movs	r3, #42
 761 0014 FB73     		strb	r3, [r7, #15]
 249:.\ServoMotor.c ****         checksum ^= 0xff;
 762              		.loc 1 249 0
 763 0016 FB7B     		ldrb	r3, [r7, #15]
 764 0018 DB43     		mvns	r3, r3
 765 001a FB73     		strb	r3, [r7, #15]
 250:.\ServoMotor.c ****         
 251:.\ServoMotor.c ****         UART_1_PutChar(0xff);
 766              		.loc 1 251 0
 767 001c FF20     		movs	r0, #255
 768 001e FFF7FEFF 		bl	UART_1_PutChar
 252:.\ServoMotor.c ****         UART_1_PutChar(0xff);
 769              		.loc 1 252 0
 770 0022 FF20     		movs	r0, #255
 771 0024 FFF7FEFF 		bl	UART_1_PutChar
 253:.\ServoMotor.c ****         UART_1_PutChar(ID);
 772              		.loc 1 253 0
 773 0028 FE20     		movs	r0, #254
ARM GAS  C:\Users\kingi\AppData\Local\Temp\ccitkjDo.s 			page 19


 774 002a FFF7FEFF 		bl	UART_1_PutChar
 254:.\ServoMotor.c ****         UART_1_PutChar(0x04);
 775              		.loc 1 254 0
 776 002e 0420     		movs	r0, #4
 777 0030 FFF7FEFF 		bl	UART_1_PutChar
 255:.\ServoMotor.c ****         UART_1_PutChar(0x02);
 778              		.loc 1 255 0
 779 0034 0220     		movs	r0, #2
 780 0036 FFF7FEFF 		bl	UART_1_PutChar
 256:.\ServoMotor.c ****         UART_1_PutChar(0x24);
 781              		.loc 1 256 0
 782 003a 2420     		movs	r0, #36
 783 003c FFF7FEFF 		bl	UART_1_PutChar
 257:.\ServoMotor.c ****         UART_1_PutChar(0x02);
 784              		.loc 1 257 0
 785 0040 0220     		movs	r0, #2
 786 0042 FFF7FEFF 		bl	UART_1_PutChar
 258:.\ServoMotor.c ****         UART_1_PutChar(checksum);
 787              		.loc 1 258 0
 788 0046 FB7B     		ldrb	r3, [r7, #15]	@ zero_extendqisi2
 789 0048 1846     		mov	r0, r3
 790 004a FFF7FEFF 		bl	UART_1_PutChar
 259:.\ServoMotor.c ****         
 260:.\ServoMotor.c ****         UART_1_GetChar();
 791              		.loc 1 260 0
 792 004e FFF7FEFF 		bl	UART_1_GetChar
 261:.\ServoMotor.c ****         UART_1_GetChar();
 793              		.loc 1 261 0
 794 0052 FFF7FEFF 		bl	UART_1_GetChar
 262:.\ServoMotor.c ****         UART_1_GetChar();
 795              		.loc 1 262 0
 796 0056 FFF7FEFF 		bl	UART_1_GetChar
 263:.\ServoMotor.c ****         UART_1_GetChar();
 797              		.loc 1 263 0
 798 005a FFF7FEFF 		bl	UART_1_GetChar
 264:.\ServoMotor.c ****         UART_1_GetChar();
 799              		.loc 1 264 0
 800 005e FFF7FEFF 		bl	UART_1_GetChar
 265:.\ServoMotor.c ****         low = UART_1_GetChar();
 801              		.loc 1 265 0
 802 0062 FFF7FEFF 		bl	UART_1_GetChar
 803 0066 0346     		mov	r3, r0
 804 0068 BB73     		strb	r3, [r7, #14]
 266:.\ServoMotor.c ****         high = UART_1_GetChar();
 805              		.loc 1 266 0
 806 006a FFF7FEFF 		bl	UART_1_GetChar
 807 006e 0346     		mov	r3, r0
 808 0070 7B73     		strb	r3, [r7, #13]
 267:.\ServoMotor.c ****         UART_1_GetChar();
 809              		.loc 1 267 0
 810 0072 FFF7FEFF 		bl	UART_1_GetChar
 268:.\ServoMotor.c ****         
 269:.\ServoMotor.c ****         temp = (((uint16)high) << 8) | (uint16)low;
 811              		.loc 1 269 0
 812 0076 7B7B     		ldrb	r3, [r7, #13]	@ zero_extendqisi2
 813 0078 1B02     		lsls	r3, r3, #8
 814 007a 9AB2     		uxth	r2, r3
ARM GAS  C:\Users\kingi\AppData\Local\Temp\ccitkjDo.s 			page 20


 815 007c BB7B     		ldrb	r3, [r7, #14]	@ zero_extendqisi2
 816 007e 9BB2     		uxth	r3, r3
 817 0080 1343     		orrs	r3, r3, r2
 818 0082 9BB2     		uxth	r3, r3
 819 0084 7B81     		strh	r3, [r7, #10]	@ movhi
 270:.\ServoMotor.c ****         *position = temp;
 820              		.loc 1 270 0
 821 0086 3B68     		ldr	r3, [r7]
 822 0088 7A89     		ldrh	r2, [r7, #10]	@ movhi
 823 008a 1A80     		strh	r2, [r3]	@ movhi
 824              	.L19:
 271:.\ServoMotor.c ****         
 272:.\ServoMotor.c ****     }
 273:.\ServoMotor.c ****     
 274:.\ServoMotor.c **** }...
 825              		.loc 1 274 0
 826 008c 1037     		adds	r7, r7, #16
 827              		.cfi_def_cfa_offset 8
 828 008e BD46     		mov	sp, r7
 829              		.cfi_def_cfa_register 13
 830              		@ sp needed
 831 0090 80BD     		pop	{r7, pc}
 832              		.cfi_endproc
 833              	.LFE68:
 834              		.size	GetServoPosition, .-GetServoPosition
 835 0092 00BF     		.text
 836              	.Letext0:
 837              		.file 2 "c:\\program files (x86)\\cypress\\psoc creator\\3.3\\psoc creator\\import\\gnu\\arm\\4.9.
 838              		.file 3 "c:\\program files (x86)\\cypress\\psoc creator\\3.3\\psoc creator\\import\\gnu\\arm\\4.9.
 839              		.file 4 "Generated_Source\\PSoC5/cytypes.h"
 840              		.file 5 "Generated_Source\\PSoC5/core_cm3.h"
 841              		.section	.debug_info,"",%progbits
 842              	.Ldebug_info0:
 843 0000 A9020000 		.4byte	0x2a9
 844 0004 0400     		.2byte	0x4
 845 0006 00000000 		.4byte	.Ldebug_abbrev0
 846 000a 04       		.byte	0x4
 847 000b 01       		.uleb128 0x1
 848 000c 1D000000 		.4byte	.LASF30
 849 0010 01       		.byte	0x1
 850 0011 AD010000 		.4byte	.LASF31
 851 0015 BC010000 		.4byte	.LASF32
 852 0019 00000000 		.4byte	.Ldebug_ranges0+0
 853 001d 00000000 		.4byte	0
 854 0021 00000000 		.4byte	.Ldebug_line0
 855 0025 02       		.uleb128 0x2
 856 0026 01       		.byte	0x1
 857 0027 06       		.byte	0x6
 858 0028 08020000 		.4byte	.LASF0
 859 002c 02       		.uleb128 0x2
 860 002d 01       		.byte	0x1
 861 002e 08       		.byte	0x8
 862 002f C2000000 		.4byte	.LASF1
 863 0033 02       		.uleb128 0x2
 864 0034 02       		.byte	0x2
 865 0035 05       		.byte	0x5
 866 0036 14010000 		.4byte	.LASF2
ARM GAS  C:\Users\kingi\AppData\Local\Temp\ccitkjDo.s 			page 21


 867 003a 02       		.uleb128 0x2
 868 003b 02       		.byte	0x2
 869 003c 07       		.byte	0x7
 870 003d ED000000 		.4byte	.LASF3
 871 0041 03       		.uleb128 0x3
 872 0042 13000000 		.4byte	.LASF9
 873 0046 02       		.byte	0x2
 874 0047 3F       		.byte	0x3f
 875 0048 4C000000 		.4byte	0x4c
 876 004c 02       		.uleb128 0x2
 877 004d 04       		.byte	0x4
 878 004e 05       		.byte	0x5
 879 004f FF010000 		.4byte	.LASF4
 880 0053 02       		.uleb128 0x2
 881 0054 04       		.byte	0x4
 882 0055 07       		.byte	0x7
 883 0056 D6000000 		.4byte	.LASF5
 884 005a 02       		.uleb128 0x2
 885 005b 08       		.byte	0x8
 886 005c 05       		.byte	0x5
 887 005d 9A010000 		.4byte	.LASF6
 888 0061 02       		.uleb128 0x2
 889 0062 08       		.byte	0x8
 890 0063 07       		.byte	0x7
 891 0064 48010000 		.4byte	.LASF7
 892 0068 04       		.uleb128 0x4
 893 0069 04       		.byte	0x4
 894 006a 05       		.byte	0x5
 895 006b 696E7400 		.ascii	"int\000"
 896 006f 02       		.uleb128 0x2
 897 0070 04       		.byte	0x4
 898 0071 07       		.byte	0x7
 899 0072 2E010000 		.4byte	.LASF8
 900 0076 03       		.uleb128 0x3
 901 0077 AB000000 		.4byte	.LASF10
 902 007b 03       		.byte	0x3
 903 007c 2C       		.byte	0x2c
 904 007d 41000000 		.4byte	0x41
 905 0081 05       		.uleb128 0x5
 906 0082 E8010000 		.4byte	.LASF11
 907 0086 04       		.byte	0x4
 908 0087 3801     		.2byte	0x138
 909 0089 2C000000 		.4byte	0x2c
 910 008d 05       		.uleb128 0x5
 911 008e 1E010000 		.4byte	.LASF12
 912 0092 04       		.byte	0x4
 913 0093 3901     		.2byte	0x139
 914 0095 3A000000 		.4byte	0x3a
 915 0099 05       		.uleb128 0x5
 916 009a D0000000 		.4byte	.LASF13
 917 009e 04       		.byte	0x4
 918 009f 3C01     		.2byte	0x13c
 919 00a1 33000000 		.4byte	0x33
 920 00a5 02       		.uleb128 0x2
 921 00a6 04       		.byte	0x4
 922 00a7 04       		.byte	0x4
 923 00a8 B3000000 		.4byte	.LASF14
ARM GAS  C:\Users\kingi\AppData\Local\Temp\ccitkjDo.s 			page 22


 924 00ac 02       		.uleb128 0x2
 925 00ad 08       		.byte	0x8
 926 00ae 04       		.byte	0x4
 927 00af 0D010000 		.4byte	.LASF15
 928 00b3 02       		.uleb128 0x2
 929 00b4 01       		.byte	0x1
 930 00b5 08       		.byte	0x8
 931 00b6 A8010000 		.4byte	.LASF16
 932 00ba 02       		.uleb128 0x2
 933 00bb 04       		.byte	0x4
 934 00bc 07       		.byte	0x7
 935 00bd 72010000 		.4byte	.LASF17
 936 00c1 06       		.uleb128 0x6
 937 00c2 89010000 		.4byte	.LASF20
 938 00c6 01       		.byte	0x1
 939 00c7 06       		.byte	0x6
 940 00c8 00000000 		.4byte	.LFB63
 941 00cc AE000000 		.4byte	.LFE63-.LFB63
 942 00d0 01       		.uleb128 0x1
 943 00d1 9C       		.byte	0x9c
 944 00d2 0E010000 		.4byte	0x10e
 945 00d6 07       		.uleb128 0x7
 946 00d7 696400   		.ascii	"id\000"
 947 00da 01       		.byte	0x1
 948 00db 06       		.byte	0x6
 949 00dc 81000000 		.4byte	0x81
 950 00e0 02       		.uleb128 0x2
 951 00e1 91       		.byte	0x91
 952 00e2 6F       		.sleb128 -17
 953 00e3 08       		.uleb128 0x8
 954 00e4 25010000 		.4byte	.LASF18
 955 00e8 01       		.byte	0x1
 956 00e9 06       		.byte	0x6
 957 00ea 8D000000 		.4byte	0x8d
 958 00ee 02       		.uleb128 0x2
 959 00ef 91       		.byte	0x91
 960 00f0 6C       		.sleb128 -20
 961 00f1 08       		.uleb128 0x8
 962 00f2 6C010000 		.4byte	.LASF19
 963 00f6 01       		.byte	0x1
 964 00f7 06       		.byte	0x6
 965 00f8 8D000000 		.4byte	0x8d
 966 00fc 02       		.uleb128 0x2
 967 00fd 91       		.byte	0x91
 968 00fe 6A       		.sleb128 -22
 969 00ff 09       		.uleb128 0x9
 970 0100 B9000000 		.4byte	.LASF22
 971 0104 01       		.byte	0x1
 972 0105 0A       		.byte	0xa
 973 0106 81000000 		.4byte	0x81
 974 010a 02       		.uleb128 0x2
 975 010b 91       		.byte	0x91
 976 010c 77       		.sleb128 -9
 977 010d 00       		.byte	0
 978 010e 06       		.uleb128 0x6
 979 010f 3B010000 		.4byte	.LASF21
 980 0113 01       		.byte	0x1
ARM GAS  C:\Users\kingi\AppData\Local\Temp\ccitkjDo.s 			page 23


 981 0114 1F       		.byte	0x1f
 982 0115 00000000 		.4byte	.LFB64
 983 0119 6A000000 		.4byte	.LFE64-.LFB64
 984 011d 01       		.uleb128 0x1
 985 011e 9C       		.byte	0x9c
 986 011f 3F010000 		.4byte	0x13f
 987 0123 07       		.uleb128 0x7
 988 0124 696400   		.ascii	"id\000"
 989 0127 01       		.byte	0x1
 990 0128 1F       		.byte	0x1f
 991 0129 81000000 		.4byte	0x81
 992 012d 02       		.uleb128 0x2
 993 012e 91       		.byte	0x91
 994 012f 6F       		.sleb128 -17
 995 0130 09       		.uleb128 0x9
 996 0131 B9000000 		.4byte	.LASF22
 997 0135 01       		.byte	0x1
 998 0136 21       		.byte	0x21
 999 0137 81000000 		.4byte	0x81
 1000 013b 02       		.uleb128 0x2
 1001 013c 91       		.byte	0x91
 1002 013d 77       		.sleb128 -9
 1003 013e 00       		.byte	0
 1004 013f 06       		.uleb128 0x6
 1005 0140 14020000 		.4byte	.LASF23
 1006 0144 01       		.byte	0x1
 1007 0145 39       		.byte	0x39
 1008 0146 00000000 		.4byte	.LFB65
 1009 014a B4000000 		.4byte	.LFE65-.LFB65
 1010 014e 01       		.uleb128 0x1
 1011 014f 9C       		.byte	0x9c
 1012 0150 70010000 		.4byte	0x170
 1013 0154 07       		.uleb128 0x7
 1014 0155 696400   		.ascii	"id\000"
 1015 0158 01       		.byte	0x1
 1016 0159 39       		.byte	0x39
 1017 015a 81000000 		.4byte	0x81
 1018 015e 02       		.uleb128 0x2
 1019 015f 91       		.byte	0x91
 1020 0160 6F       		.sleb128 -17
 1021 0161 09       		.uleb128 0x9
 1022 0162 B9000000 		.4byte	.LASF22
 1023 0166 01       		.byte	0x1
 1024 0167 3B       		.byte	0x3b
 1025 0168 81000000 		.4byte	0x81
 1026 016c 02       		.uleb128 0x2
 1027 016d 91       		.byte	0x91
 1028 016e 77       		.sleb128 -9
 1029 016f 00       		.byte	0
 1030 0170 06       		.uleb128 0x6
 1031 0171 7B010000 		.4byte	.LASF24
 1032 0175 01       		.byte	0x1
 1033 0176 62       		.byte	0x62
 1034 0177 00000000 		.4byte	.LFB66
 1035 017b 48010000 		.4byte	.LFE66-.LFB66
 1036 017f 01       		.uleb128 0x1
 1037 0180 9C       		.byte	0x9c
ARM GAS  C:\Users\kingi\AppData\Local\Temp\ccitkjDo.s 			page 24


 1038 0181 BD010000 		.4byte	0x1bd
 1039 0185 07       		.uleb128 0x7
 1040 0186 696400   		.ascii	"id\000"
 1041 0189 01       		.byte	0x1
 1042 018a 62       		.byte	0x62
 1043 018b 81000000 		.4byte	0x81
 1044 018f 02       		.uleb128 0x2
 1045 0190 91       		.byte	0x91
 1046 0191 6F       		.sleb128 -17
 1047 0192 08       		.uleb128 0x8
 1048 0193 6C010000 		.4byte	.LASF19
 1049 0197 01       		.byte	0x1
 1050 0198 62       		.byte	0x62
 1051 0199 99000000 		.4byte	0x99
 1052 019d 02       		.uleb128 0x2
 1053 019e 91       		.byte	0x91
 1054 019f 6C       		.sleb128 -20
 1055 01a0 08       		.uleb128 0x8
 1056 01a1 5F010000 		.4byte	.LASF25
 1057 01a5 01       		.byte	0x1
 1058 01a6 62       		.byte	0x62
 1059 01a7 81000000 		.4byte	0x81
 1060 01ab 02       		.uleb128 0x2
 1061 01ac 91       		.byte	0x91
 1062 01ad 6E       		.sleb128 -18
 1063 01ae 09       		.uleb128 0x9
 1064 01af B9000000 		.4byte	.LASF22
 1065 01b3 01       		.byte	0x1
 1066 01b4 73       		.byte	0x73
 1067 01b5 81000000 		.4byte	0x81
 1068 01b9 02       		.uleb128 0x2
 1069 01ba 91       		.byte	0x91
 1070 01bb 77       		.sleb128 -9
 1071 01bc 00       		.byte	0
 1072 01bd 06       		.uleb128 0x6
 1073 01be 00000000 		.4byte	.LASF26
 1074 01c2 01       		.byte	0x1
 1075 01c3 9C       		.byte	0x9c
 1076 01c4 00000000 		.4byte	.LFB67
 1077 01c8 46010000 		.4byte	.LFE67-.LFB67
 1078 01cc 01       		.uleb128 0x1
 1079 01cd 9C       		.byte	0x9c
 1080 01ce 26020000 		.4byte	0x226
 1081 01d2 07       		.uleb128 0x7
 1082 01d3 696400   		.ascii	"id\000"
 1083 01d6 01       		.byte	0x1
 1084 01d7 9C       		.byte	0x9c
 1085 01d8 81000000 		.4byte	0x81
 1086 01dc 02       		.uleb128 0x2
 1087 01dd 91       		.byte	0x91
 1088 01de 6F       		.sleb128 -17
 1089 01df 08       		.uleb128 0x8
 1090 01e0 6C010000 		.4byte	.LASF19
 1091 01e4 01       		.byte	0x1
 1092 01e5 9C       		.byte	0x9c
 1093 01e6 26020000 		.4byte	0x226
 1094 01ea 02       		.uleb128 0x2
ARM GAS  C:\Users\kingi\AppData\Local\Temp\ccitkjDo.s 			page 25


 1095 01eb 91       		.byte	0x91
 1096 01ec 68       		.sleb128 -24
 1097 01ed 09       		.uleb128 0x9
 1098 01ee B9000000 		.4byte	.LASF22
 1099 01f2 01       		.byte	0x1
 1100 01f3 9E       		.byte	0x9e
 1101 01f4 81000000 		.4byte	0x81
 1102 01f8 02       		.uleb128 0x2
 1103 01f9 91       		.byte	0x91
 1104 01fa 77       		.sleb128 -9
 1105 01fb 0A       		.uleb128 0xa
 1106 01fc 6C6F7700 		.ascii	"low\000"
 1107 0200 01       		.byte	0x1
 1108 0201 9F       		.byte	0x9f
 1109 0202 81000000 		.4byte	0x81
 1110 0206 02       		.uleb128 0x2
 1111 0207 91       		.byte	0x91
 1112 0208 76       		.sleb128 -10
 1113 0209 09       		.uleb128 0x9
 1114 020a 0E000000 		.4byte	.LASF27
 1115 020e 01       		.byte	0x1
 1116 020f A0       		.byte	0xa0
 1117 0210 81000000 		.4byte	0x81
 1118 0214 02       		.uleb128 0x2
 1119 0215 91       		.byte	0x91
 1120 0216 75       		.sleb128 -11
 1121 0217 09       		.uleb128 0x9
 1122 0218 E8000000 		.4byte	.LASF28
 1123 021c 01       		.byte	0x1
 1124 021d A1       		.byte	0xa1
 1125 021e 8D000000 		.4byte	0x8d
 1126 0222 02       		.uleb128 0x2
 1127 0223 91       		.byte	0x91
 1128 0224 72       		.sleb128 -14
 1129 0225 00       		.byte	0
 1130 0226 0B       		.uleb128 0xb
 1131 0227 04       		.byte	0x4
 1132 0228 99000000 		.4byte	0x99
 1133 022c 06       		.uleb128 0x6
 1134 022d EE010000 		.4byte	.LASF29
 1135 0231 01       		.byte	0x1
 1136 0232 EF       		.byte	0xef
 1137 0233 00000000 		.4byte	.LFB68
 1138 0237 92000000 		.4byte	.LFE68-.LFB68
 1139 023b 01       		.uleb128 0x1
 1140 023c 9C       		.byte	0x9c
 1141 023d 95020000 		.4byte	0x295
 1142 0241 07       		.uleb128 0x7
 1143 0242 696400   		.ascii	"id\000"
 1144 0245 01       		.byte	0x1
 1145 0246 EF       		.byte	0xef
 1146 0247 81000000 		.4byte	0x81
 1147 024b 02       		.uleb128 0x2
 1148 024c 91       		.byte	0x91
 1149 024d 6F       		.sleb128 -17
 1150 024e 08       		.uleb128 0x8
 1151 024f 25010000 		.4byte	.LASF18
ARM GAS  C:\Users\kingi\AppData\Local\Temp\ccitkjDo.s 			page 26


 1152 0253 01       		.byte	0x1
 1153 0254 EF       		.byte	0xef
 1154 0255 95020000 		.4byte	0x295
 1155 0259 02       		.uleb128 0x2
 1156 025a 91       		.byte	0x91
 1157 025b 68       		.sleb128 -24
 1158 025c 09       		.uleb128 0x9
 1159 025d B9000000 		.4byte	.LASF22
 1160 0261 01       		.byte	0x1
 1161 0262 F1       		.byte	0xf1
 1162 0263 81000000 		.4byte	0x81
 1163 0267 02       		.uleb128 0x2
 1164 0268 91       		.byte	0x91
 1165 0269 77       		.sleb128 -9
 1166 026a 0A       		.uleb128 0xa
 1167 026b 6C6F7700 		.ascii	"low\000"
 1168 026f 01       		.byte	0x1
 1169 0270 F2       		.byte	0xf2
 1170 0271 81000000 		.4byte	0x81
 1171 0275 02       		.uleb128 0x2
 1172 0276 91       		.byte	0x91
 1173 0277 76       		.sleb128 -10
 1174 0278 09       		.uleb128 0x9
 1175 0279 0E000000 		.4byte	.LASF27
 1176 027d 01       		.byte	0x1
 1177 027e F3       		.byte	0xf3
 1178 027f 81000000 		.4byte	0x81
 1179 0283 02       		.uleb128 0x2
 1180 0284 91       		.byte	0x91
 1181 0285 75       		.sleb128 -11
 1182 0286 09       		.uleb128 0x9
 1183 0287 E8000000 		.4byte	.LASF28
 1184 028b 01       		.byte	0x1
 1185 028c F4       		.byte	0xf4
 1186 028d 8D000000 		.4byte	0x8d
 1187 0291 02       		.uleb128 0x2
 1188 0292 91       		.byte	0x91
 1189 0293 72       		.sleb128 -14
 1190 0294 00       		.byte	0
 1191 0295 0B       		.uleb128 0xb
 1192 0296 04       		.byte	0x4
 1193 0297 8D000000 		.4byte	0x8d
 1194 029b 0C       		.uleb128 0xc
 1195 029c 00010000 		.4byte	.LASF33
 1196 02a0 05       		.byte	0x5
 1197 02a1 5506     		.2byte	0x655
 1198 02a3 A7020000 		.4byte	0x2a7
 1199 02a7 0D       		.uleb128 0xd
 1200 02a8 76000000 		.4byte	0x76
 1201 02ac 00       		.byte	0
 1202              		.section	.debug_abbrev,"",%progbits
 1203              	.Ldebug_abbrev0:
 1204 0000 01       		.uleb128 0x1
 1205 0001 11       		.uleb128 0x11
 1206 0002 01       		.byte	0x1
 1207 0003 25       		.uleb128 0x25
 1208 0004 0E       		.uleb128 0xe
ARM GAS  C:\Users\kingi\AppData\Local\Temp\ccitkjDo.s 			page 27


 1209 0005 13       		.uleb128 0x13
 1210 0006 0B       		.uleb128 0xb
 1211 0007 03       		.uleb128 0x3
 1212 0008 0E       		.uleb128 0xe
 1213 0009 1B       		.uleb128 0x1b
 1214 000a 0E       		.uleb128 0xe
 1215 000b 55       		.uleb128 0x55
 1216 000c 17       		.uleb128 0x17
 1217 000d 11       		.uleb128 0x11
 1218 000e 01       		.uleb128 0x1
 1219 000f 10       		.uleb128 0x10
 1220 0010 17       		.uleb128 0x17
 1221 0011 00       		.byte	0
 1222 0012 00       		.byte	0
 1223 0013 02       		.uleb128 0x2
 1224 0014 24       		.uleb128 0x24
 1225 0015 00       		.byte	0
 1226 0016 0B       		.uleb128 0xb
 1227 0017 0B       		.uleb128 0xb
 1228 0018 3E       		.uleb128 0x3e
 1229 0019 0B       		.uleb128 0xb
 1230 001a 03       		.uleb128 0x3
 1231 001b 0E       		.uleb128 0xe
 1232 001c 00       		.byte	0
 1233 001d 00       		.byte	0
 1234 001e 03       		.uleb128 0x3
 1235 001f 16       		.uleb128 0x16
 1236 0020 00       		.byte	0
 1237 0021 03       		.uleb128 0x3
 1238 0022 0E       		.uleb128 0xe
 1239 0023 3A       		.uleb128 0x3a
 1240 0024 0B       		.uleb128 0xb
 1241 0025 3B       		.uleb128 0x3b
 1242 0026 0B       		.uleb128 0xb
 1243 0027 49       		.uleb128 0x49
 1244 0028 13       		.uleb128 0x13
 1245 0029 00       		.byte	0
 1246 002a 00       		.byte	0
 1247 002b 04       		.uleb128 0x4
 1248 002c 24       		.uleb128 0x24
 1249 002d 00       		.byte	0
 1250 002e 0B       		.uleb128 0xb
 1251 002f 0B       		.uleb128 0xb
 1252 0030 3E       		.uleb128 0x3e
 1253 0031 0B       		.uleb128 0xb
 1254 0032 03       		.uleb128 0x3
 1255 0033 08       		.uleb128 0x8
 1256 0034 00       		.byte	0
 1257 0035 00       		.byte	0
 1258 0036 05       		.uleb128 0x5
 1259 0037 16       		.uleb128 0x16
 1260 0038 00       		.byte	0
 1261 0039 03       		.uleb128 0x3
 1262 003a 0E       		.uleb128 0xe
 1263 003b 3A       		.uleb128 0x3a
 1264 003c 0B       		.uleb128 0xb
 1265 003d 3B       		.uleb128 0x3b
ARM GAS  C:\Users\kingi\AppData\Local\Temp\ccitkjDo.s 			page 28


 1266 003e 05       		.uleb128 0x5
 1267 003f 49       		.uleb128 0x49
 1268 0040 13       		.uleb128 0x13
 1269 0041 00       		.byte	0
 1270 0042 00       		.byte	0
 1271 0043 06       		.uleb128 0x6
 1272 0044 2E       		.uleb128 0x2e
 1273 0045 01       		.byte	0x1
 1274 0046 3F       		.uleb128 0x3f
 1275 0047 19       		.uleb128 0x19
 1276 0048 03       		.uleb128 0x3
 1277 0049 0E       		.uleb128 0xe
 1278 004a 3A       		.uleb128 0x3a
 1279 004b 0B       		.uleb128 0xb
 1280 004c 3B       		.uleb128 0x3b
 1281 004d 0B       		.uleb128 0xb
 1282 004e 27       		.uleb128 0x27
 1283 004f 19       		.uleb128 0x19
 1284 0050 11       		.uleb128 0x11
 1285 0051 01       		.uleb128 0x1
 1286 0052 12       		.uleb128 0x12
 1287 0053 06       		.uleb128 0x6
 1288 0054 40       		.uleb128 0x40
 1289 0055 18       		.uleb128 0x18
 1290 0056 9642     		.uleb128 0x2116
 1291 0058 19       		.uleb128 0x19
 1292 0059 01       		.uleb128 0x1
 1293 005a 13       		.uleb128 0x13
 1294 005b 00       		.byte	0
 1295 005c 00       		.byte	0
 1296 005d 07       		.uleb128 0x7
 1297 005e 05       		.uleb128 0x5
 1298 005f 00       		.byte	0
 1299 0060 03       		.uleb128 0x3
 1300 0061 08       		.uleb128 0x8
 1301 0062 3A       		.uleb128 0x3a
 1302 0063 0B       		.uleb128 0xb
 1303 0064 3B       		.uleb128 0x3b
 1304 0065 0B       		.uleb128 0xb
 1305 0066 49       		.uleb128 0x49
 1306 0067 13       		.uleb128 0x13
 1307 0068 02       		.uleb128 0x2
 1308 0069 18       		.uleb128 0x18
 1309 006a 00       		.byte	0
 1310 006b 00       		.byte	0
 1311 006c 08       		.uleb128 0x8
 1312 006d 05       		.uleb128 0x5
 1313 006e 00       		.byte	0
 1314 006f 03       		.uleb128 0x3
 1315 0070 0E       		.uleb128 0xe
 1316 0071 3A       		.uleb128 0x3a
 1317 0072 0B       		.uleb128 0xb
 1318 0073 3B       		.uleb128 0x3b
 1319 0074 0B       		.uleb128 0xb
 1320 0075 49       		.uleb128 0x49
 1321 0076 13       		.uleb128 0x13
 1322 0077 02       		.uleb128 0x2
ARM GAS  C:\Users\kingi\AppData\Local\Temp\ccitkjDo.s 			page 29


 1323 0078 18       		.uleb128 0x18
 1324 0079 00       		.byte	0
 1325 007a 00       		.byte	0
 1326 007b 09       		.uleb128 0x9
 1327 007c 34       		.uleb128 0x34
 1328 007d 00       		.byte	0
 1329 007e 03       		.uleb128 0x3
 1330 007f 0E       		.uleb128 0xe
 1331 0080 3A       		.uleb128 0x3a
 1332 0081 0B       		.uleb128 0xb
 1333 0082 3B       		.uleb128 0x3b
 1334 0083 0B       		.uleb128 0xb
 1335 0084 49       		.uleb128 0x49
 1336 0085 13       		.uleb128 0x13
 1337 0086 02       		.uleb128 0x2
 1338 0087 18       		.uleb128 0x18
 1339 0088 00       		.byte	0
 1340 0089 00       		.byte	0
 1341 008a 0A       		.uleb128 0xa
 1342 008b 34       		.uleb128 0x34
 1343 008c 00       		.byte	0
 1344 008d 03       		.uleb128 0x3
 1345 008e 08       		.uleb128 0x8
 1346 008f 3A       		.uleb128 0x3a
 1347 0090 0B       		.uleb128 0xb
 1348 0091 3B       		.uleb128 0x3b
 1349 0092 0B       		.uleb128 0xb
 1350 0093 49       		.uleb128 0x49
 1351 0094 13       		.uleb128 0x13
 1352 0095 02       		.uleb128 0x2
 1353 0096 18       		.uleb128 0x18
 1354 0097 00       		.byte	0
 1355 0098 00       		.byte	0
 1356 0099 0B       		.uleb128 0xb
 1357 009a 0F       		.uleb128 0xf
 1358 009b 00       		.byte	0
 1359 009c 0B       		.uleb128 0xb
 1360 009d 0B       		.uleb128 0xb
 1361 009e 49       		.uleb128 0x49
 1362 009f 13       		.uleb128 0x13
 1363 00a0 00       		.byte	0
 1364 00a1 00       		.byte	0
 1365 00a2 0C       		.uleb128 0xc
 1366 00a3 34       		.uleb128 0x34
 1367 00a4 00       		.byte	0
 1368 00a5 03       		.uleb128 0x3
 1369 00a6 0E       		.uleb128 0xe
 1370 00a7 3A       		.uleb128 0x3a
 1371 00a8 0B       		.uleb128 0xb
 1372 00a9 3B       		.uleb128 0x3b
 1373 00aa 05       		.uleb128 0x5
 1374 00ab 49       		.uleb128 0x49
 1375 00ac 13       		.uleb128 0x13
 1376 00ad 3F       		.uleb128 0x3f
 1377 00ae 19       		.uleb128 0x19
 1378 00af 3C       		.uleb128 0x3c
 1379 00b0 19       		.uleb128 0x19
ARM GAS  C:\Users\kingi\AppData\Local\Temp\ccitkjDo.s 			page 30


 1380 00b1 00       		.byte	0
 1381 00b2 00       		.byte	0
 1382 00b3 0D       		.uleb128 0xd
 1383 00b4 35       		.uleb128 0x35
 1384 00b5 00       		.byte	0
 1385 00b6 49       		.uleb128 0x49
 1386 00b7 13       		.uleb128 0x13
 1387 00b8 00       		.byte	0
 1388 00b9 00       		.byte	0
 1389 00ba 00       		.byte	0
 1390              		.section	.debug_aranges,"",%progbits
 1391 0000 44000000 		.4byte	0x44
 1392 0004 0200     		.2byte	0x2
 1393 0006 00000000 		.4byte	.Ldebug_info0
 1394 000a 04       		.byte	0x4
 1395 000b 00       		.byte	0
 1396 000c 0000     		.2byte	0
 1397 000e 0000     		.2byte	0
 1398 0010 00000000 		.4byte	.LFB63
 1399 0014 AE000000 		.4byte	.LFE63-.LFB63
 1400 0018 00000000 		.4byte	.LFB64
 1401 001c 6A000000 		.4byte	.LFE64-.LFB64
 1402 0020 00000000 		.4byte	.LFB65
 1403 0024 B4000000 		.4byte	.LFE65-.LFB65
 1404 0028 00000000 		.4byte	.LFB66
 1405 002c 48010000 		.4byte	.LFE66-.LFB66
 1406 0030 00000000 		.4byte	.LFB67
 1407 0034 46010000 		.4byte	.LFE67-.LFB67
 1408 0038 00000000 		.4byte	.LFB68
 1409 003c 92000000 		.4byte	.LFE68-.LFB68
 1410 0040 00000000 		.4byte	0
 1411 0044 00000000 		.4byte	0
 1412              		.section	.debug_ranges,"",%progbits
 1413              	.Ldebug_ranges0:
 1414 0000 00000000 		.4byte	.LFB63
 1415 0004 AE000000 		.4byte	.LFE63
 1416 0008 00000000 		.4byte	.LFB64
 1417 000c 6A000000 		.4byte	.LFE64
 1418 0010 00000000 		.4byte	.LFB65
 1419 0014 B4000000 		.4byte	.LFE65
 1420 0018 00000000 		.4byte	.LFB66
 1421 001c 48010000 		.4byte	.LFE66
 1422 0020 00000000 		.4byte	.LFB67
 1423 0024 46010000 		.4byte	.LFE67
 1424 0028 00000000 		.4byte	.LFB68
 1425 002c 92000000 		.4byte	.LFE68
 1426 0030 00000000 		.4byte	0
 1427 0034 00000000 		.4byte	0
 1428              		.section	.debug_line,"",%progbits
 1429              	.Ldebug_line0:
 1430 0000 58020000 		.section	.debug_str,"MS",%progbits,1
 1430      02004F01 
 1430      00000201 
 1430      FB0E0D00 
 1430      01010101 
 1431              	.LASF26:
 1432 0000 4765744D 		.ascii	"GetMotorSpeed\000"
ARM GAS  C:\Users\kingi\AppData\Local\Temp\ccitkjDo.s 			page 31


 1432      6F746F72 
 1432      53706565 
 1432      6400
 1433              	.LASF27:
 1434 000e 68696768 		.ascii	"high\000"
 1434      00
 1435              	.LASF9:
 1436 0013 5F5F696E 		.ascii	"__int32_t\000"
 1436      7433325F 
 1436      7400
 1437              	.LASF30:
 1438 001d 474E5520 		.ascii	"GNU C 4.9.3 20150303 (release) [ARM/embedded-4_9-br"
 1438      4320342E 
 1438      392E3320 
 1438      32303135 
 1438      30333033 
 1439 0050 616E6368 		.ascii	"anch revision 221220] -mcpu=cortex-m3 -mthumb -g -O"
 1439      20726576 
 1439      6973696F 
 1439      6E203232 
 1439      31323230 
 1440 0083 30202D66 		.ascii	"0 -ffunction-sections -ffat-lto-objects\000"
 1440      66756E63 
 1440      74696F6E 
 1440      2D736563 
 1440      74696F6E 
 1441              	.LASF10:
 1442 00ab 696E7433 		.ascii	"int32_t\000"
 1442      325F7400 
 1443              	.LASF14:
 1444 00b3 666C6F61 		.ascii	"float\000"
 1444      7400
 1445              	.LASF22:
 1446 00b9 63686563 		.ascii	"checksum\000"
 1446      6B73756D 
 1446      00
 1447              	.LASF1:
 1448 00c2 756E7369 		.ascii	"unsigned char\000"
 1448      676E6564 
 1448      20636861 
 1448      7200
 1449              	.LASF13:
 1450 00d0 696E7431 		.ascii	"int16\000"
 1450      3600
 1451              	.LASF5:
 1452 00d6 6C6F6E67 		.ascii	"long unsigned int\000"
 1452      20756E73 
 1452      69676E65 
 1452      6420696E 
 1452      7400
 1453              	.LASF28:
 1454 00e8 74656D70 		.ascii	"temp\000"
 1454      00
 1455              	.LASF3:
 1456 00ed 73686F72 		.ascii	"short unsigned int\000"
 1456      7420756E 
 1456      7369676E 
ARM GAS  C:\Users\kingi\AppData\Local\Temp\ccitkjDo.s 			page 32


 1456      65642069 
 1456      6E7400
 1457              	.LASF33:
 1458 0100 49544D5F 		.ascii	"ITM_RxBuffer\000"
 1458      52784275 
 1458      66666572 
 1458      00
 1459              	.LASF15:
 1460 010d 646F7562 		.ascii	"double\000"
 1460      6C6500
 1461              	.LASF2:
 1462 0114 73686F72 		.ascii	"short int\000"
 1462      7420696E 
 1462      7400
 1463              	.LASF12:
 1464 011e 75696E74 		.ascii	"uint16\000"
 1464      313600
 1465              	.LASF18:
 1466 0125 706F7369 		.ascii	"position\000"
 1466      74696F6E 
 1466      00
 1467              	.LASF8:
 1468 012e 756E7369 		.ascii	"unsigned int\000"
 1468      676E6564 
 1468      20696E74 
 1468      00
 1469              	.LASF21:
 1470 013b 53657453 		.ascii	"SetServoMode\000"
 1470      6572766F 
 1470      4D6F6465 
 1470      00
 1471              	.LASF7:
 1472 0148 6C6F6E67 		.ascii	"long long unsigned int\000"
 1472      206C6F6E 
 1472      6720756E 
 1472      7369676E 
 1472      65642069 
 1473              	.LASF25:
 1474 015f 61636365 		.ascii	"acceleration\000"
 1474      6C657261 
 1474      74696F6E 
 1474      00
 1475              	.LASF19:
 1476 016c 73706565 		.ascii	"speed\000"
 1476      6400
 1477              	.LASF17:
 1478 0172 73697A65 		.ascii	"sizetype\000"
 1478      74797065 
 1478      00
 1479              	.LASF24:
 1480 017b 5365744D 		.ascii	"SetMotorSpeed\000"
 1480      6F746F72 
 1480      53706565 
 1480      6400
 1481              	.LASF20:
 1482 0189 53657453 		.ascii	"SetServoPosition\000"
 1482      6572766F 
ARM GAS  C:\Users\kingi\AppData\Local\Temp\ccitkjDo.s 			page 33


 1482      506F7369 
 1482      74696F6E 
 1482      00
 1483              	.LASF6:
 1484 019a 6C6F6E67 		.ascii	"long long int\000"
 1484      206C6F6E 
 1484      6720696E 
 1484      7400
 1485              	.LASF16:
 1486 01a8 63686172 		.ascii	"char\000"
 1486      00
 1487              	.LASF31:
 1488 01ad 2E5C5365 		.ascii	".\\ServoMotor.c\000"
 1488      72766F4D 
 1488      6F746F72 
 1488      2E6300
 1489              	.LASF32:
 1490 01bc 443A5C50 		.ascii	"D:\\Projects\\ESD\\Servo\\Workspace\\Servo.cydsn\000"
 1490      726F6A65 
 1490      6374735C 
 1490      4553445C 
 1490      53657276 
 1491              	.LASF11:
 1492 01e8 75696E74 		.ascii	"uint8\000"
 1492      3800
 1493              	.LASF29:
 1494 01ee 47657453 		.ascii	"GetServoPosition\000"
 1494      6572766F 
 1494      506F7369 
 1494      74696F6E 
 1494      00
 1495              	.LASF4:
 1496 01ff 6C6F6E67 		.ascii	"long int\000"
 1496      20696E74 
 1496      00
 1497              	.LASF0:
 1498 0208 7369676E 		.ascii	"signed char\000"
 1498      65642063 
 1498      68617200 
 1499              	.LASF23:
 1500 0214 5365744D 		.ascii	"SetMotorMode\000"
 1500      6F746F72 
 1500      4D6F6465 
 1500      00
 1501              		.ident	"GCC: (GNU Tools for ARM Embedded Processors) 4.9.3 20150303 (release) [ARM/embedded-4_9-br
